<?xml version="1.0" encoding="utf-8"?>
<TestRun id="a15d3911-af45-482f-b949-35bd508b96cf" name="brunocapuano@CPC-bruno-U7R9O 2026-04-23 07:06:39" runUser="NORTHAMERICA\brunocapuano" xmlns="http://microsoft.com/schemas/VisualStudio/TeamTest/2010">
  <Times creation="2026-04-23T07:06:39.9495335-04:00" queuing="2026-04-23T07:06:39.9495338-04:00" start="2026-04-23T07:06:37.4413312-04:00" finish="2026-04-23T07:07:06.3198006-04:00" />
  <TestSettings name="default" id="b49fb9ca-1984-46c8-9bfe-22b8a773110e">
    <Deployment runDeploymentRoot="brunocapuano_CPC-bruno-U7R9O_2026-04-23_07_06_39" />
  </TestSettings>
  <Results>
    <UnitTestResult executionId="48953a86-146a-4874-9e1e-0890b43e7dc0" testId="e69ec014-416b-5331-c2e7-6ebf2d0c9828" testName="OpenClawNet.IntegrationTests.ChatApiTests.PostChat_ReturnsContentFromFakeModel" computerName="CPC-bruno-U7R9O" duration="00:00:00.0149072" startTime="2026-04-23T07:06:41.9457000-04:00" endTime="2026-04-23T07:06:41.9609174-04:00" testType="13cdc9d9-ddb5-4fa4-a97d-d965ccfc6d4b" outcome="Passed" testListId="8c84fa94-04c1-424b-9868-57a2d4851a1d" relativeResultsDirectory="48953a86-146a-4874-9e1e-0890b43e7dc0" />
    <UnitTestResult executionId="433ad810-39f6-413d-84c4-743adb21b243" testId="e396d07b-96d8-34b9-f712-752b1e4ba127" testName="OpenClawNet.IntegrationTests.AgentProfilesBulkDeleteTests.BulkDelete_NoBody_Returns400" computerName="CPC-bruno-U7R9O" duration="00:00:00.0037043" startTime="2026-04-23T07:06:41.7309738-04:00" endTime="2026-04-23T07:06:41.7313058-04:00" testType="13cdc9d9-ddb5-4fa4-a97d-d965ccfc6d4b" outcome="Passed" testListId="8c84fa94-04c1-424b-9868-57a2d4851a1d" relativeResultsDirectory="433ad810-39f6-413d-84c4-743adb21b243" />
    <UnitTestResult executionId="6ab21a2b-a009-4839-9483-6492e0818f6a" testId="63f0c776-193d-3ae7-6867-565d0e7cb16e" testName="OpenClawNet.IntegrationTests.ToolApprovalEndpointTests.PostApproval_Denied_ResolvesPendingRequestAsDenied" computerName="CPC-bruno-U7R9O" duration="00:00:00.0102667" startTime="2026-04-23T07:06:41.5891214-04:00" endTime="2026-04-23T07:06:41.5997786-04:00" testType="13cdc9d9-ddb5-4fa4-a97d-d965ccfc6d4b" outcome="Passed" testListId="8c84fa94-04c1-424b-9868-57a2d4851a1d" relativeResultsDirectory="6ab21a2b-a009-4839-9483-6492e0818f6a" />
    <UnitTestResult executionId="26d50474-d3c8-456d-bd8d-484b26d26763" testId="13bf637f-c8b3-df12-9bce-e3645dc0bf7b" testName="OpenClawNet.IntegrationTests.SessionsApiTests.GetSession_ReturnsSession_WhenExists" computerName="CPC-bruno-U7R9O" duration="00:00:00.0048649" startTime="2026-04-23T07:06:41.8102173-04:00" endTime="2026-04-23T07:06:41.8153373-04:00" testType="13cdc9d9-ddb5-4fa4-a97d-d965ccfc6d4b" outcome="Passed" testListId="8c84fa94-04c1-424b-9868-57a2d4851a1d" relativeResultsDirectory="26d50474-d3c8-456d-bd8d-484b26d26763" />
    <UnitTestResult executionId="89163f3e-4786-4aaa-8c9c-1ffc0bb8931f" testId="dfb03537-a988-21c2-a05b-7a5c187eb994" testName="OpenClawNet.IntegrationTests.SessionsApiTests.UpdateTitle_ChangesSessionTitle" computerName="CPC-bruno-U7R9O" duration="00:00:00.0859758" startTime="2026-04-23T07:06:41.7000492-04:00" endTime="2026-04-23T07:06:41.7863019-04:00" testType="13cdc9d9-ddb5-4fa4-a97d-d965ccfc6d4b" outcome="Passed" testListId="8c84fa94-04c1-424b-9868-57a2d4851a1d" relativeResultsDirectory="89163f3e-4786-4aaa-8c9c-1ffc0bb8931f" />
    <UnitTestResult executionId="56ab88ac-fa4a-40f7-ae91-fe2b3e462954" testId="7aaef6a2-3888-daad-657a-360565663d1f" testName="OpenClawNet.IntegrationTests.Demos.JobTemplatesE2ETests.ListTemplates_ReturnsAllFiveBuiltInTemplates" computerName="CPC-bruno-U7R9O" duration="00:00:00.0418020" startTime="2026-04-23T07:06:41.6977596-04:00" endTime="2026-04-23T07:06:41.7407653-04:00" testType="13cdc9d9-ddb5-4fa4-a97d-d965ccfc6d4b" outcome="Passed" testListId="8c84fa94-04c1-424b-9868-57a2d4851a1d" relativeResultsDirectory="56ab88ac-fa4a-40f7-ae91-fe2b3e462954" />
    <UnitTestResult executionId="29799633-b73d-449d-94c8-5b135136cee3" testId="6085dd71-c6f9-f612-7627-0bd18ebed5d6" testName="OpenClawNet.IntegrationTests.HealthTests.Health_ReturnsHealthyStatus" computerName="CPC-bruno-U7R9O" duration="00:00:00.0205478" startTime="2026-04-23T07:06:41.5800208-04:00" endTime="2026-04-23T07:06:41.6008448-04:00" testType="13cdc9d9-ddb5-4fa4-a97d-d965ccfc6d4b" outcome="Passed" testListId="8c84fa94-04c1-424b-9868-57a2d4851a1d" relativeResultsDirectory="29799633-b73d-449d-94c8-5b135136cee3" />
    <UnitTestResult executionId="2510c8b4-0976-47db-9f14-f9449afa892d" testId="6bfbc607-530d-ec8a-edb2-cd30d30f89cf" testName="OpenClawNet.IntegrationTests.ChatHubToolCallStreamTests.StreamChat_WithToolCalls_EmitsToolStartEvent" computerName="CPC-bruno-U7R9O" duration="00:00:00.0068954" startTime="2026-04-23T07:06:58.1299683-04:00" endTime="2026-04-23T07:07:02.2166861-04:00" testType="13cdc9d9-ddb5-4fa4-a97d-d965ccfc6d4b" outcome="Passed" testListId="8c84fa94-04c1-424b-9868-57a2d4851a1d" relativeResultsDirectory="2510c8b4-0976-47db-9f14-f9449afa892d" />
    <UnitTestResult executionId="244f34fa-6124-4f2b-9b6a-fbd375b529bf" testId="eb716411-1d03-02dc-b664-321d544ccd7a" testName="OpenClawNet.IntegrationTests.Demos.JobTemplatesE2ETests.GetEvents_UnknownRun_Returns404" computerName="CPC-bruno-U7R9O" duration="00:00:00.0184262" startTime="2026-04-23T07:06:41.6568039-04:00" endTime="2026-04-23T07:06:41.6755999-04:00" testType="13cdc9d9-ddb5-4fa4-a97d-d965ccfc6d4b" outcome="Passed" testListId="8c84fa94-04c1-424b-9868-57a2d4851a1d" relativeResultsDirectory="244f34fa-6124-4f2b-9b6a-fbd375b529bf" />
    <UnitTestResult executionId="c81decc8-45e5-4722-9d18-7817149a5bbf" testId="7d42a40d-4388-0be0-5c23-a0d5a76424fc" testName="OpenClawNet.IntegrationTests.McpServerEndpointsTests.GetSuggestions_ReturnsEntries" computerName="CPC-bruno-U7R9O" duration="00:00:03.3310583" startTime="2026-04-23T07:06:38.4218236-04:00" endTime="2026-04-23T07:06:41.7310393-04:00" testType="13cdc9d9-ddb5-4fa4-a97d-d965ccfc6d4b" outcome="Passed" testListId="8c84fa94-04c1-424b-9868-57a2d4851a1d" relativeResultsDirectory="c81decc8-45e5-4722-9d18-7817149a5bbf" />
    <UnitTestResult executionId="97ce09e4-c4ea-42ea-9335-28863e2b75ba" testId="94df0669-234e-42d9-ef32-78ef1cfea9d4" testName="OpenClawNet.IntegrationTests.ChatHubStreamTests.StreamChat_WithThreeArgs_DoesNotThrowArgumentCountError" computerName="CPC-bruno-U7R9O" duration="00:00:00.0078987" startTime="2026-04-23T07:06:49.9551517-04:00" endTime="2026-04-23T07:06:54.0424746-04:00" testType="13cdc9d9-ddb5-4fa4-a97d-d965ccfc6d4b" outcome="Passed" testListId="8c84fa94-04c1-424b-9868-57a2d4851a1d" relativeResultsDirectory="97ce09e4-c4ea-42ea-9335-28863e2b75ba" />
    <UnitTestResult executionId="46d35740-7363-441a-88c9-f99dc096da56" testId="bf8189d3-9137-364a-b649-9ef91fe4b399" testName="OpenClawNet.IntegrationTests.ChatHubToolCallStreamTests.StreamChat_WithToolCalls_EndsWithCompleteOrError" computerName="CPC-bruno-U7R9O" duration="00:00:00.0071553" startTime="2026-04-23T07:06:45.8731217-04:00" endTime="2026-04-23T07:06:49.9544562-04:00" testType="13cdc9d9-ddb5-4fa4-a97d-d965ccfc6d4b" outcome="Passed" testListId="8c84fa94-04c1-424b-9868-57a2d4851a1d" relativeResultsDirectory="46d35740-7363-441a-88c9-f99dc096da56" />
    <UnitTestResult executionId="1ba01fe4-ed6f-4445-9c0a-950084808b15" testId="60874868-baf1-8cea-f6f9-f5de453285ef" testName="OpenClawNet.IntegrationTests.Demos.JobTemplatesE2ETests.PostingTemplateDefaultJob_CreatesScheduledJob(templateId: &quot;github-issue-triage&quot;)" computerName="CPC-bruno-U7R9O" duration="00:00:00.0052712" startTime="2026-04-23T07:06:41.6435292-04:00" endTime="2026-04-23T07:06:41.6436302-04:00" testType="13cdc9d9-ddb5-4fa4-a97d-d965ccfc6d4b" outcome="Passed" testListId="8c84fa94-04c1-424b-9868-57a2d4851a1d" relativeResultsDirectory="1ba01fe4-ed6f-4445-9c0a-950084808b15" />
    <UnitTestResult executionId="7bc44ab7-b27e-4cf3-ac2d-d859e1edcce8" testId="e2561f93-3d89-e23a-d954-d5998302ae75" testName="OpenClawNet.IntegrationTests.ChatHubStreamTests.StreamChat_ReturnsContentEvents_FromFakeModel" computerName="CPC-bruno-U7R9O" duration="00:00:00.0075065" startTime="2026-04-23T07:06:45.8731627-04:00" endTime="2026-04-23T07:06:49.9550488-04:00" testType="13cdc9d9-ddb5-4fa4-a97d-d965ccfc6d4b" outcome="Passed" testListId="8c84fa94-04c1-424b-9868-57a2d4851a1d" relativeResultsDirectory="7bc44ab7-b27e-4cf3-ac2d-d859e1edcce8" />
    <UnitTestResult executionId="f6d69850-aae2-44fb-80fd-d1b7c4ee5978" testId="a24be6f8-6c47-e9fe-4b55-9d651bca30a5" testName="OpenClawNet.IntegrationTests.Demos.JobTemplatesE2ETests.PostingTemplateDefaultJob_CreatesScheduledJob(templateId: &quot;research-and-archive&quot;)" computerName="CPC-bruno-U7R9O" duration="00:00:00.0037758" startTime="2026-04-23T07:06:41.6523222-04:00" endTime="2026-04-23T07:06:41.6564837-04:00" testType="13cdc9d9-ddb5-4fa4-a97d-d965ccfc6d4b" outcome="Passed" testListId="8c84fa94-04c1-424b-9868-57a2d4851a1d" relativeResultsDirectory="f6d69850-aae2-44fb-80fd-d1b7c4ee5978" />
    <UnitTestResult executionId="bdf4ce95-bd26-461c-9e08-8388d473c3f8" testId="23047fa9-6b49-36e2-4379-cf1c54c376ea" testName="OpenClawNet.IntegrationTests.ChatHubContractTests.StreamChat_HubMethod_HasExactlyThreeParameters" computerName="CPC-bruno-U7R9O" duration="00:00:00.0022417" startTime="2026-04-23T07:06:38.4687233-04:00" endTime="2026-04-23T07:06:38.4688034-04:00" testType="13cdc9d9-ddb5-4fa4-a97d-d965ccfc6d4b" outcome="Passed" testListId="8c84fa94-04c1-424b-9868-57a2d4851a1d" relativeResultsDirectory="bdf4ce95-bd26-461c-9e08-8388d473c3f8" />
    <UnitTestResult executionId="66cc096d-a344-4f60-9d06-af566e225717" testId="34e8d35b-93c2-399c-f0d3-8e4f6f9b8171" testName="OpenClawNet.IntegrationTests.ChatApiTests.PostChat_ReturnsOk_WithContent" computerName="CPC-bruno-U7R9O" duration="00:00:00.0118549" startTime="2026-04-23T07:06:41.9332763-04:00" endTime="2026-04-23T07:06:41.9453617-04:00" testType="13cdc9d9-ddb5-4fa4-a97d-d965ccfc6d4b" outcome="Passed" testListId="8c84fa94-04c1-424b-9868-57a2d4851a1d" relativeResultsDirectory="66cc096d-a344-4f60-9d06-af566e225717" />
    <UnitTestResult executionId="78be4117-95ea-4812-b712-4f75b0cb9d26" testId="a85a5f2c-cc66-c4e0-9ea6-b5bd49d3c977" testName="OpenClawNet.IntegrationTests.McpServerEndpointsTests.GetServers_ReturnsBundledBuiltins" computerName="CPC-bruno-U7R9O" duration="00:00:00.0476582" startTime="2026-04-23T07:06:41.7312501-04:00" endTime="2026-04-23T07:06:41.7753683-04:00" testType="13cdc9d9-ddb5-4fa4-a97d-d965ccfc6d4b" outcome="Passed" testListId="8c84fa94-04c1-424b-9868-57a2d4851a1d" relativeResultsDirectory="78be4117-95ea-4812-b712-4f75b0cb9d26" />
    <UnitTestResult executionId="236a29c9-1c84-4bfe-8b51-ab7e0383dd97" testId="15274f1f-5c34-1f1a-80d9-a0feb3fd4c65" testName="OpenClawNet.IntegrationTests.Demos.JobTemplatesE2ETests.GetTemplate_ById_ReturnsTemplate(templateId: &quot;github-issue-triage&quot;)" computerName="CPC-bruno-U7R9O" duration="00:00:00.0025450" startTime="2026-04-23T07:06:41.6847083-04:00" endTime="2026-04-23T07:06:41.6875731-04:00" testType="13cdc9d9-ddb5-4fa4-a97d-d965ccfc6d4b" outcome="Passed" testListId="8c84fa94-04c1-424b-9868-57a2d4851a1d" relativeResultsDirectory="236a29c9-1c84-4bfe-8b51-ab7e0383dd97" />
    <UnitTestResult executionId="27e501bd-1084-478d-b066-0b8152102349" testId="4d52bdf1-d813-e63c-edbc-6c72ed297efb" testName="OpenClawNet.IntegrationTests.SessionsApiTests.ListSessions_IncludesCreatedSessions" computerName="CPC-bruno-U7R9O" duration="00:00:00.0319692" startTime="2026-04-23T07:06:41.6674425-04:00" endTime="2026-04-23T07:06:41.6997075-04:00" testType="13cdc9d9-ddb5-4fa4-a97d-d965ccfc6d4b" outcome="Passed" testListId="8c84fa94-04c1-424b-9868-57a2d4851a1d" relativeResultsDirectory="27e501bd-1084-478d-b066-0b8152102349" />
    <UnitTestResult executionId="57595fef-232e-4392-83d4-4155b4601675" testId="2622c9ab-d881-f20d-a04f-a56fcced5822" testName="OpenClawNet.IntegrationTests.McpServerEndpointsTests.FullCrudFlow_CreateListUpdateDelete" computerName="CPC-bruno-U7R9O" duration="00:00:00.0567479" startTime="2026-04-23T07:06:41.7756601-04:00" endTime="2026-04-23T07:06:41.8327548-04:00" testType="13cdc9d9-ddb5-4fa4-a97d-d965ccfc6d4b" outcome="Passed" testListId="8c84fa94-04c1-424b-9868-57a2d4851a1d" relativeResultsDirectory="57595fef-232e-4392-83d4-4155b4601675" />
    <UnitTestResult executionId="006eef12-6372-4dd0-ae4b-81287d3767de" testId="2dbf106c-414f-0f6f-d49a-66214fcefd2d" testName="OpenClawNet.IntegrationTests.Demos.JobTemplatesE2ETests.GetTemplate_ById_ReturnsTemplate(templateId: &quot;research-and-archive&quot;)" computerName="CPC-bruno-U7R9O" duration="00:00:00.0037574" startTime="2026-04-23T07:06:41.6801829-04:00" endTime="2026-04-23T07:06:41.6844023-04:00" testType="13cdc9d9-ddb5-4fa4-a97d-d965ccfc6d4b" outcome="Passed" testListId="8c84fa94-04c1-424b-9868-57a2d4851a1d" relativeResultsDirectory="006eef12-6372-4dd0-ae4b-81287d3767de" />
    <UnitTestResult executionId="eb44a58f-08f1-4991-afd1-8e477f293327" testId="1a4b6387-4854-8a87-7c42-707ccb85963a" testName="OpenClawNet.IntegrationTests.SessionsApiTests.CreateSession_NoTitle_ReturnsCreated_WithDefaultTitle" computerName="CPC-bruno-U7R9O" duration="00:00:00.0053234" startTime="2026-04-23T07:06:41.7945732-04:00" endTime="2026-04-23T07:06:41.8002678-04:00" testType="13cdc9d9-ddb5-4fa4-a97d-d965ccfc6d4b" outcome="Passed" testListId="8c84fa94-04c1-424b-9868-57a2d4851a1d" relativeResultsDirectory="eb44a58f-08f1-4991-afd1-8e477f293327" />
    <UnitTestResult executionId="a2aa6d2e-228d-4714-8c20-a39d3fa1454c" testId="0413bd58-0195-0bd2-266f-62caaea483f0" testName="OpenClawNet.IntegrationTests.ToolApprovalEndpointTests.PostApproval_Approved_ResolvesPendingRequest" computerName="CPC-bruno-U7R9O" duration="00:00:03.1934283" startTime="2026-04-23T07:06:38.4206340-04:00" endTime="2026-04-23T07:06:41.5886827-04:00" testType="13cdc9d9-ddb5-4fa4-a97d-d965ccfc6d4b" outcome="Passed" testListId="8c84fa94-04c1-424b-9868-57a2d4851a1d" relativeResultsDirectory="a2aa6d2e-228d-4714-8c20-a39d3fa1454c" />
    <UnitTestResult executionId="27ce9534-81cb-4503-8450-f7b8d1619756" testId="9231f83a-c26e-4e6e-4868-a5e88a7dfe3b" testName="OpenClawNet.IntegrationTests.McpAvailableToolsEndpointTests.AvailableTools_ReturnsBundledServerGroups" computerName="CPC-bruno-U7R9O" duration="00:00:03.2371132" startTime="2026-04-23T07:06:38.4182443-04:00" endTime="2026-04-23T07:06:41.6430783-04:00" testType="13cdc9d9-ddb5-4fa4-a97d-d965ccfc6d4b" outcome="Passed" testListId="8c84fa94-04c1-424b-9868-57a2d4851a1d" relativeResultsDirectory="27ce9534-81cb-4503-8450-f7b8d1619756" />
    <UnitTestResult executionId="bd1bf481-21f7-4f0f-ad30-c7560c60597c" testId="fb0a61c7-91bc-ae95-754a-7aeade696375" testName="OpenClawNet.IntegrationTests.HealthTests.Health_ReturnsOk" computerName="CPC-bruno-U7R9O" duration="00:00:00.0040213" startTime="2026-04-23T07:06:41.6085723-04:00" endTime="2026-04-23T07:06:41.6131697-04:00" testType="13cdc9d9-ddb5-4fa4-a97d-d965ccfc6d4b" outcome="Passed" testListId="8c84fa94-04c1-424b-9868-57a2d4851a1d" relativeResultsDirectory="bd1bf481-21f7-4f0f-ad30-c7560c60597c" />
    <UnitTestResult executionId="e08d28d3-68fd-4cd5-86f0-2c4f267a7b5d" testId="868a53dd-c355-2d8c-73b3-c783b01dd971" testName="OpenClawNet.IntegrationTests.InProcessMcpHostE2ETests.BundledWebServer_StartsAndExposesFetchToolThroughProvider" computerName="CPC-bruno-U7R9O" duration="00:00:02.3941110" startTime="2026-04-23T07:06:38.4205079-04:00" endTime="2026-04-23T07:06:40.7968490-04:00" testType="13cdc9d9-ddb5-4fa4-a97d-d965ccfc6d4b" outcome="Passed" testListId="8c84fa94-04c1-424b-9868-57a2d4851a1d" relativeResultsDirectory="e08d28d3-68fd-4cd5-86f0-2c4f267a7b5d" />
    <UnitTestResult executionId="ce2b700c-5e6c-4bb4-b186-9c26af2d173e" testId="fb0cf6ae-076f-22f3-d8e1-24965c06e5d4" testName="OpenClawNet.IntegrationTests.ChatApiTests.PostChat_AutoCreatesSession_WhenSessionIdUnknown" computerName="CPC-bruno-U7R9O" duration="00:00:00.0177578" startTime="2026-04-23T07:06:41.9147692-04:00" endTime="2026-04-23T07:06:41.9328468-04:00" testType="13cdc9d9-ddb5-4fa4-a97d-d965ccfc6d4b" outcome="Passed" testListId="8c84fa94-04c1-424b-9868-57a2d4851a1d" relativeResultsDirectory="ce2b700c-5e6c-4bb4-b186-9c26af2d173e" />
    <UnitTestResult executionId="dcf0c360-8f38-456a-a968-0c514e706ce3" testId="4813b244-bae2-c6b1-4b88-d57c788dcf08" testName="OpenClawNet.IntegrationTests.Demos.JobTemplatesE2ETests.GetTemplate_ById_ReturnsTemplate(templateId: &quot;image-batch-resize&quot;)" computerName="CPC-bruno-U7R9O" duration="00:00:00.0018300" startTime="2026-04-23T07:06:41.6924023-04:00" endTime="2026-04-23T07:06:41.6946930-04:00" testType="13cdc9d9-ddb5-4fa4-a97d-d965ccfc6d4b" outcome="Passed" testListId="8c84fa94-04c1-424b-9868-57a2d4851a1d" relativeResultsDirectory="dcf0c360-8f38-456a-a968-0c514e706ce3" />
    <UnitTestResult executionId="fb800432-b4ef-458f-b71e-04f4c71ce4ea" testId="ea5a2034-0cd5-9da8-f731-7cba2661bbd6" testName="OpenClawNet.IntegrationTests.ChatHubToolCallStreamTests.StreamChat_WithToolCalls_ResponseIsNotEmpty" computerName="CPC-bruno-U7R9O" duration="00:00:00.0058570" startTime="2026-04-23T07:06:54.0430857-04:00" endTime="2026-04-23T07:06:58.1294732-04:00" testType="13cdc9d9-ddb5-4fa4-a97d-d965ccfc6d4b" outcome="Passed" testListId="8c84fa94-04c1-424b-9868-57a2d4851a1d" relativeResultsDirectory="fb800432-b4ef-458f-b71e-04f4c71ce4ea" />
    <UnitTestResult executionId="f514fb54-a6d0-4141-bb77-b3925ef52fd1" testId="3d44e01e-7cec-12a6-f72f-25e484db5747" testName="OpenClawNet.IntegrationTests.ToolApprovalCronJobTests.CronJob_WithRequiringProfile_FailsFast" computerName="CPC-bruno-U7R9O" duration="00:00:03.1249648" startTime="2026-04-23T07:06:38.4207207-04:00" endTime="2026-04-23T07:06:41.5207452-04:00" testType="13cdc9d9-ddb5-4fa4-a97d-d965ccfc6d4b" outcome="Passed" testListId="8c84fa94-04c1-424b-9868-57a2d4851a1d" relativeResultsDirectory="f514fb54-a6d0-4141-bb77-b3925ef52fd1" />
    <UnitTestResult executionId="a6475be0-2de0-449e-89e6-6211e8fae73f" testId="d28b1fd7-b813-e551-328a-b8777783a8c1" testName="OpenClawNet.IntegrationTests.ChatHubStreamTests.StreamChat_CompleteEvent_IsAlwaysLastEvent" computerName="CPC-bruno-U7R9O" duration="00:00:00.0490224" startTime="2026-04-23T07:06:38.4218588-04:00" endTime="2026-04-23T07:06:45.8718967-04:00" testType="13cdc9d9-ddb5-4fa4-a97d-d965ccfc6d4b" outcome="Passed" testListId="8c84fa94-04c1-424b-9868-57a2d4851a1d" relativeResultsDirectory="a6475be0-2de0-449e-89e6-6211e8fae73f" />
    <UnitTestResult executionId="a6679e4e-2d37-48af-9e1c-b700fd293833" testId="b5a9d528-97d0-65b2-f7ee-2e04f3c4e3e5" testName="OpenClawNet.IntegrationTests.SessionsApiTests.DeleteSession_MakesSessionUnreachable" computerName="CPC-bruno-U7R9O" duration="00:00:00.0058169" startTime="2026-04-23T07:06:41.8016749-04:00" endTime="2026-04-23T07:06:41.8065605-04:00" testType="13cdc9d9-ddb5-4fa4-a97d-d965ccfc6d4b" outcome="Passed" testListId="8c84fa94-04c1-424b-9868-57a2d4851a1d" relativeResultsDirectory="a6679e4e-2d37-48af-9e1c-b700fd293833" />
    <UnitTestResult executionId="5c7c68bc-93fa-4735-be69-d6c2bbad347a" testId="b1676cc4-640b-17d5-0e66-ebe9216c1ac6" testName="OpenClawNet.IntegrationTests.Demos.JobTemplatesE2ETests.PostingTemplateDefaultJob_CreatesScheduledJob(templateId: &quot;text-to-speech-snippet&quot;)" computerName="CPC-bruno-U7R9O" duration="00:00:03.2402527" startTime="2026-04-23T07:06:38.4206074-04:00" endTime="2026-04-23T07:06:41.6433146-04:00" testType="13cdc9d9-ddb5-4fa4-a97d-d965ccfc6d4b" outcome="Passed" testListId="8c84fa94-04c1-424b-9868-57a2d4851a1d" relativeResultsDirectory="5c7c68bc-93fa-4735-be69-d6c2bbad347a" />
    <UnitTestResult executionId="73fb15c7-29aa-41d0-8aa1-be1019045be4" testId="f3e0935e-2cff-b7cb-b224-de09d4d1811e" testName="OpenClawNet.IntegrationTests.HealthTests.Version_ReturnsOk" computerName="CPC-bruno-U7R9O" duration="00:00:00.0066776" startTime="2026-04-23T07:06:41.6010596-04:00" endTime="2026-04-23T07:06:41.6082493-04:00" testType="13cdc9d9-ddb5-4fa4-a97d-d965ccfc6d4b" outcome="Passed" testListId="8c84fa94-04c1-424b-9868-57a2d4851a1d" relativeResultsDirectory="73fb15c7-29aa-41d0-8aa1-be1019045be4" />
    <UnitTestResult executionId="09142619-5ed1-4d0c-baac-df1ddb001f8e" testId="72d9d230-e2fa-73b3-34b9-83ed6e9a7404" testName="OpenClawNet.IntegrationTests.Demos.JobTemplatesE2ETests.PostingTemplateDefaultJob_CreatesScheduledJob(templateId: &quot;image-batch-resize&quot;)" computerName="CPC-bruno-U7R9O" duration="00:00:00.0040890" startTime="2026-04-23T07:06:41.6438366-04:00" endTime="2026-04-23T07:06:41.6475458-04:00" testType="13cdc9d9-ddb5-4fa4-a97d-d965ccfc6d4b" outcome="Passed" testListId="8c84fa94-04c1-424b-9868-57a2d4851a1d" relativeResultsDirectory="09142619-5ed1-4d0c-baac-df1ddb001f8e" />
    <UnitTestResult executionId="a656facb-5512-4ce4-a189-31be460a036f" testId="2130c063-6db2-c14c-adce-ec46b2c9dbb7" testName="OpenClawNet.IntegrationTests.Demos.JobTemplatesE2ETests.GetTemplate_UnknownId_Returns404" computerName="CPC-bruno-U7R9O" duration="00:00:00.0037424" startTime="2026-04-23T07:06:41.6774961-04:00" endTime="2026-04-23T07:06:41.6799478-04:00" testType="13cdc9d9-ddb5-4fa4-a97d-d965ccfc6d4b" outcome="Passed" testListId="8c84fa94-04c1-424b-9868-57a2d4851a1d" relativeResultsDirectory="a656facb-5512-4ce4-a189-31be460a036f" />
    <UnitTestResult executionId="ec3b7d7c-df83-46f8-8a7b-8d74c68757b9" testId="3f1899e2-e77d-98c3-6ca0-df8704d17e05" testName="OpenClawNet.IntegrationTests.AgentProfilesBulkDeleteTests.BulkDelete_DeletesNonDefault_AndSkipsDefaultAndMissing" computerName="CPC-bruno-U7R9O" duration="00:00:03.3333502" startTime="2026-04-23T07:06:38.4205822-04:00" endTime="2026-04-23T07:06:41.7246624-04:00" testType="13cdc9d9-ddb5-4fa4-a97d-d965ccfc6d4b" outcome="Passed" testListId="8c84fa94-04c1-424b-9868-57a2d4851a1d" relativeResultsDirectory="ec3b7d7c-df83-46f8-8a7b-8d74c68757b9" />
    <UnitTestResult executionId="e524eb44-1080-4dc4-a37c-4b623ca0a007" testId="53ae3654-5c1c-1393-b1aa-ae155e830e86" testName="OpenClawNet.IntegrationTests.SessionsApiTests.CreateSession_ReturnsCreated" computerName="CPC-bruno-U7R9O" duration="00:00:00.0036314" startTime="2026-04-23T07:06:41.7904022-04:00" endTime="2026-04-23T07:06:41.7943360-04:00" testType="13cdc9d9-ddb5-4fa4-a97d-d965ccfc6d4b" outcome="Passed" testListId="8c84fa94-04c1-424b-9868-57a2d4851a1d" relativeResultsDirectory="e524eb44-1080-4dc4-a37c-4b623ca0a007" />
    <UnitTestResult executionId="f18f6413-8e75-49f0-878d-aa63cce5081d" testId="3d05dafc-69c7-645e-934d-0686081047a2" testName="OpenClawNet.IntegrationTests.Demos.JobTemplatesE2ETests.GetTemplate_ById_ReturnsTemplate(templateId: &quot;text-to-speech-snippet&quot;)" computerName="CPC-bruno-U7R9O" duration="00:00:00.0021659" startTime="2026-04-23T07:06:41.6948871-04:00" endTime="2026-04-23T07:06:41.6974411-04:00" testType="13cdc9d9-ddb5-4fa4-a97d-d965ccfc6d4b" outcome="Passed" testListId="8c84fa94-04c1-424b-9868-57a2d4851a1d" relativeResultsDirectory="f18f6413-8e75-49f0-878d-aa63cce5081d" />
    <UnitTestResult executionId="8e146ecd-ad80-4055-aa9b-dc5e0990c1dd" testId="76d32dc7-f225-8804-66bc-b29000d89f3e" testName="OpenClawNet.IntegrationTests.SessionsApiTests.ListSessions_ReturnsOk_WhenEmpty" computerName="CPC-bruno-U7R9O" duration="00:00:00.0033394" startTime="2026-04-23T07:06:41.7865533-04:00" endTime="2026-04-23T07:06:41.7901761-04:00" testType="13cdc9d9-ddb5-4fa4-a97d-d965ccfc6d4b" outcome="Passed" testListId="8c84fa94-04c1-424b-9868-57a2d4851a1d" relativeResultsDirectory="8e146ecd-ad80-4055-aa9b-dc5e0990c1dd" />
    <UnitTestResult executionId="3d029809-775d-4e96-b855-801eda934de1" testId="abcb4e95-4b38-d115-a0ed-26a1c81eaf64" testName="OpenClawNet.IntegrationTests.Demos.JobTemplatesE2ETests.PostingTemplateDefaultJob_CreatesScheduledJob(templateId: &quot;watched-folder-summarizer&quot;)" computerName="CPC-bruno-U7R9O" duration="00:00:00.0037617" startTime="2026-04-23T07:06:41.6477641-04:00" endTime="2026-04-23T07:06:41.6520362-04:00" testType="13cdc9d9-ddb5-4fa4-a97d-d965ccfc6d4b" outcome="Passed" testListId="8c84fa94-04c1-424b-9868-57a2d4851a1d" relativeResultsDirectory="3d029809-775d-4e96-b855-801eda934de1" />
    <UnitTestResult executionId="45d4df95-4c6c-47e8-b062-c609f80f2129" testId="3ef4c0ae-ace1-db02-3099-f0b0b8cbecf4" testName="OpenClawNet.IntegrationTests.Demos.JobTemplatesE2ETests.GetTemplate_ById_ReturnsTemplate(templateId: &quot;watched-folder-summarizer&quot;)" computerName="CPC-bruno-U7R9O" duration="00:00:00.0041285" startTime="2026-04-23T07:06:41.6877655-04:00" endTime="2026-04-23T07:06:41.6922359-04:00" testType="13cdc9d9-ddb5-4fa4-a97d-d965ccfc6d4b" outcome="Passed" testListId="8c84fa94-04c1-424b-9868-57a2d4851a1d" relativeResultsDirectory="45d4df95-4c6c-47e8-b062-c609f80f2129" />
    <UnitTestResult executionId="71202d45-5b3c-44ab-b5cf-6b25cd7d67ab" testId="70855f99-ae08-dc59-002e-d5ee7098d2a8" testName="OpenClawNet.IntegrationTests.SessionsApiTests.DeleteSession_ReturnsNoContent" computerName="CPC-bruno-U7R9O" duration="00:00:03.2716994" startTime="2026-04-23T07:06:38.4206592-04:00" endTime="2026-04-23T07:06:41.6670929-04:00" testType="13cdc9d9-ddb5-4fa4-a97d-d965ccfc6d4b" outcome="Passed" testListId="8c84fa94-04c1-424b-9868-57a2d4851a1d" relativeResultsDirectory="71202d45-5b3c-44ab-b5cf-6b25cd7d67ab" />
    <UnitTestResult executionId="8ff740c9-2f3d-4d03-a244-b71637b9309a" testId="1509f632-70f2-66c2-e3bc-79efc123ebc6" testName="OpenClawNet.IntegrationTests.Demos.WatchedFolderSummarizerLiveE2ETests.WatchedFolderTemplate_AcceptedByGateway_AndJobIsExecutable" computerName="CPC-bruno-U7R9O" duration="00:00:00.0010000" startTime="2026-04-23T07:06:38.4219333-04:00" endTime="2026-04-23T07:06:41.6340895-04:00" testType="13cdc9d9-ddb5-4fa4-a97d-d965ccfc6d4b" outcome="NotExecuted" testListId="8c84fa94-04c1-424b-9868-57a2d4851a1d" relativeResultsDirectory="8ff740c9-2f3d-4d03-a244-b71637b9309a">
      <Output>
        <ErrorInfo>
          <Message>Live demo execution skipped. Set OPENCLAWNET_LIVE_DEMOS=1 and run aspire+Ollama, then run with --filter "Category=Live" to exercise the full demo against a real model.</Message>
        </ErrorInfo>
      </Output>
    </UnitTestResult>
    <UnitTestResult executionId="db668b26-4012-48f6-aca1-4f5984b6670c" testId="bb7e8ff4-0682-004b-face-c0980e86323a" testName="OpenClawNet.IntegrationTests.ChatHubToolCallStreamTests.StreamChat_WithToolCalls_EmitsToolCompleteEvent" computerName="CPC-bruno-U7R9O" duration="00:00:00.0076984" startTime="2026-04-23T07:06:49.9550051-04:00" endTime="2026-04-23T07:06:54.0425987-04:00" testType="13cdc9d9-ddb5-4fa4-a97d-d965ccfc6d4b" outcome="Passed" testListId="8c84fa94-04c1-424b-9868-57a2d4851a1d" relativeResultsDirectory="db668b26-4012-48f6-aca1-4f5984b6670c" />
    <UnitTestResult executionId="47ad4e12-a7c9-4521-8b4b-f76daa40df7e" testId="d56e279b-a99e-4723-a40d-5bea8b15591f" testName="OpenClawNet.IntegrationTests.SessionsApiTests.GetSession_Returns404_WhenNotFound" computerName="CPC-bruno-U7R9O" duration="00:00:00.0028384" startTime="2026-04-23T07:06:41.8067630-04:00" endTime="2026-04-23T07:06:41.8100144-04:00" testType="13cdc9d9-ddb5-4fa4-a97d-d965ccfc6d4b" outcome="Passed" testListId="8c84fa94-04c1-424b-9868-57a2d4851a1d" relativeResultsDirectory="47ad4e12-a7c9-4521-8b4b-f76daa40df7e" />
    <UnitTestResult executionId="295490e4-03f5-4210-a528-731e5ce5a829" testId="115c518c-616d-acfc-4a1e-7760d5a6f870" testName="OpenClawNet.IntegrationTests.HealthTests.Version_ReturnsExpectedFields" computerName="CPC-bruno-U7R9O" duration="00:00:03.1831982" startTime="2026-04-23T07:06:38.4206802-04:00" endTime="2026-04-23T07:06:41.5795947-04:00" testType="13cdc9d9-ddb5-4fa4-a97d-d965ccfc6d4b" outcome="Passed" testListId="8c84fa94-04c1-424b-9868-57a2d4851a1d" relativeResultsDirectory="295490e4-03f5-4210-a528-731e5ce5a829" />
    <UnitTestResult executionId="f151f5f0-f14a-4ec6-8a03-2d051e16ab9e" testId="9beffc52-6f2c-3059-0703-cf951d46e627" testName="OpenClawNet.IntegrationTests.ToolApprovalEndpointTests.PostApproval_EmptyRequestId_Returns400" computerName="CPC-bruno-U7R9O" duration="00:00:00.0048175" startTime="2026-04-23T07:06:41.6148663-04:00" endTime="2026-04-23T07:06:41.6213859-04:00" testType="13cdc9d9-ddb5-4fa4-a97d-d965ccfc6d4b" outcome="Passed" testListId="8c84fa94-04c1-424b-9868-57a2d4851a1d" relativeResultsDirectory="f151f5f0-f14a-4ec6-8a03-2d051e16ab9e" />
    <UnitTestResult executionId="604c0cd4-127a-49c4-b5df-59a73e143ea9" testId="c34180cc-745b-a0b8-059d-a7922eea5dba" testName="OpenClawNet.IntegrationTests.ChatHubContractTests.StreamChat_ThirdParameter_IsNullableString" computerName="CPC-bruno-U7R9O" duration="00:00:00.0537865" startTime="2026-04-23T07:06:38.4218996-04:00" endTime="2026-04-23T07:06:38.4528726-04:00" testType="13cdc9d9-ddb5-4fa4-a97d-d965ccfc6d4b" outcome="Passed" testListId="8c84fa94-04c1-424b-9868-57a2d4851a1d" relativeResultsDirectory="604c0cd4-127a-49c4-b5df-59a73e143ea9" />
    <UnitTestResult executionId="75410f0e-0fa9-4269-85b7-7662f8201355" testId="82a0973d-0217-a1ef-f8ca-ede03842c59c" testName="OpenClawNet.IntegrationTests.ChatApiTests.PostChat_StoresMessagesInHistory" computerName="CPC-bruno-U7R9O" duration="00:00:03.5232231" startTime="2026-04-23T07:06:38.4218802-04:00" endTime="2026-04-23T07:06:41.9144778-04:00" testType="13cdc9d9-ddb5-4fa4-a97d-d965ccfc6d4b" outcome="Passed" testListId="8c84fa94-04c1-424b-9868-57a2d4851a1d" relativeResultsDirectory="75410f0e-0fa9-4269-85b7-7662f8201355" />
    <UnitTestResult executionId="5a27aeff-bd4d-430c-8025-eb88f5ab5238" testId="24cccb21-b956-ea58-9f0a-8ec5670b914d" testName="OpenClawNet.IntegrationTests.ChatHubToolCallStreamTests.StreamChat_WithToolCalls_ToolStartBeforeToolComplete" computerName="CPC-bruno-U7R9O" duration="00:00:00.0532721" startTime="2026-04-23T07:06:38.4207007-04:00" endTime="2026-04-23T07:06:45.8708229-04:00" testType="13cdc9d9-ddb5-4fa4-a97d-d965ccfc6d4b" outcome="Passed" testListId="8c84fa94-04c1-424b-9868-57a2d4851a1d" relativeResultsDirectory="5a27aeff-bd4d-430c-8025-eb88f5ab5238" />
    <UnitTestResult executionId="03366b20-163c-4e21-8c14-e22d356a7a59" testId="baaf534a-2c3f-5779-585b-23a165f1024f" testName="OpenClawNet.IntegrationTests.ToolApprovalEndpointTests.PostApproval_UnknownRequestId_Returns404" computerName="CPC-bruno-U7R9O" duration="00:00:00.0141191" startTime="2026-04-23T07:06:41.6002090-04:00" endTime="2026-04-23T07:06:41.6146102-04:00" testType="13cdc9d9-ddb5-4fa4-a97d-d965ccfc6d4b" outcome="Passed" testListId="8c84fa94-04c1-424b-9868-57a2d4851a1d" relativeResultsDirectory="03366b20-163c-4e21-8c14-e22d356a7a59" />
    <UnitTestResult executionId="54a776b9-d2df-4883-8cd3-297d840d63db" testId="d95b8f33-a776-4480-1204-ae838114599c" testName="OpenClawNet.IntegrationTests.McpServerEndpointsTests.RegistrySearch_WithStubbedClient_ReturnsNormalizedResults" computerName="CPC-bruno-U7R9O" duration="00:00:04.4031732" startTime="2026-04-23T07:06:41.8330881-04:00" endTime="2026-04-23T07:06:46.2365462-04:00" testType="13cdc9d9-ddb5-4fa4-a97d-d965ccfc6d4b" outcome="Passed" testListId="8c84fa94-04c1-424b-9868-57a2d4851a1d" relativeResultsDirectory="54a776b9-d2df-4883-8cd3-297d840d63db" />
  </Results>
  <TestDefinitions>
    <UnitTest name="OpenClawNet.IntegrationTests.ChatHubContractTests.StreamChat_HubMethod_HasExactlyThreeParameters" storage="c:\src\openclawnet-plan\tests\openclawnet.integrationtests\bin\debug\net10.0\openclawnet.integrationtests.dll" id="23047fa9-6b49-36e2-4379-cf1c54c376ea">
      <Execution id="bdf4ce95-bd26-461c-9e08-8388d473c3f8" />
      <TestMethod codeBase="C:\src\openclawnet-plan\tests\OpenClawNet.IntegrationTests\bin\Debug\net10.0\OpenClawNet.IntegrationTests.dll" adapterTypeName="executor://xunit/VsTestRunner3/netcore/" className="OpenClawNet.IntegrationTests.ChatHubContractTests" name="StreamChat_HubMethod_HasExactlyThreeParameters" />
    </UnitTest>
    <UnitTest name="OpenClawNet.IntegrationTests.ChatApiTests.PostChat_ReturnsOk_WithContent" storage="c:\src\openclawnet-plan\tests\openclawnet.integrationtests\bin\debug\net10.0\openclawnet.integrationtests.dll" id="34e8d35b-93c2-399c-f0d3-8e4f6f9b8171">
      <Execution id="66cc096d-a344-4f60-9d06-af566e225717" />
      <TestMethod codeBase="C:\src\openclawnet-plan\tests\OpenClawNet.IntegrationTests\bin\Debug\net10.0\OpenClawNet.IntegrationTests.dll" adapterTypeName="executor://xunit/VsTestRunner3/netcore/" className="OpenClawNet.IntegrationTests.ChatApiTests" name="PostChat_ReturnsOk_WithContent" />
    </UnitTest>
    <UnitTest name="OpenClawNet.IntegrationTests.HealthTests.Version_ReturnsExpectedFields" storage="c:\src\openclawnet-plan\tests\openclawnet.integrationtests\bin\debug\net10.0\openclawnet.integrationtests.dll" id="115c518c-616d-acfc-4a1e-7760d5a6f870">
      <Execution id="295490e4-03f5-4210-a528-731e5ce5a829" />
      <TestMethod codeBase="C:\src\openclawnet-plan\tests\OpenClawNet.IntegrationTests\bin\Debug\net10.0\OpenClawNet.IntegrationTests.dll" adapterTypeName="executor://xunit/VsTestRunner3/netcore/" className="OpenClawNet.IntegrationTests.HealthTests" name="Version_ReturnsExpectedFields" />
    </UnitTest>
    <UnitTest name="OpenClawNet.IntegrationTests.ChatApiTests.PostChat_AutoCreatesSession_WhenSessionIdUnknown" storage="c:\src\openclawnet-plan\tests\openclawnet.integrationtests\bin\debug\net10.0\openclawnet.integrationtests.dll" id="fb0cf6ae-076f-22f3-d8e1-24965c06e5d4">
      <Execution id="ce2b700c-5e6c-4bb4-b186-9c26af2d173e" />
      <TestMethod codeBase="C:\src\openclawnet-plan\tests\OpenClawNet.IntegrationTests\bin\Debug\net10.0\OpenClawNet.IntegrationTests.dll" adapterTypeName="executor://xunit/VsTestRunner3/netcore/" className="OpenClawNet.IntegrationTests.ChatApiTests" name="PostChat_AutoCreatesSession_WhenSessionIdUnknown" />
    </UnitTest>
    <UnitTest name="OpenClawNet.IntegrationTests.Demos.JobTemplatesE2ETests.GetEvents_UnknownRun_Returns404" storage="c:\src\openclawnet-plan\tests\openclawnet.integrationtests\bin\debug\net10.0\openclawnet.integrationtests.dll" id="eb716411-1d03-02dc-b664-321d544ccd7a">
      <Execution id="244f34fa-6124-4f2b-9b6a-fbd375b529bf" />
      <TestMethod codeBase="C:\src\openclawnet-plan\tests\OpenClawNet.IntegrationTests\bin\Debug\net10.0\OpenClawNet.IntegrationTests.dll" adapterTypeName="executor://xunit/VsTestRunner3/netcore/" className="OpenClawNet.IntegrationTests.Demos.JobTemplatesE2ETests" name="GetEvents_UnknownRun_Returns404" />
    </UnitTest>
    <UnitTest name="OpenClawNet.IntegrationTests.ChatHubToolCallStreamTests.StreamChat_WithToolCalls_EmitsToolCompleteEvent" storage="c:\src\openclawnet-plan\tests\openclawnet.integrationtests\bin\debug\net10.0\openclawnet.integrationtests.dll" id="bb7e8ff4-0682-004b-face-c0980e86323a">
      <Execution id="db668b26-4012-48f6-aca1-4f5984b6670c" />
      <TestMethod codeBase="C:\src\openclawnet-plan\tests\OpenClawNet.IntegrationTests\bin\Debug\net10.0\OpenClawNet.IntegrationTests.dll" adapterTypeName="executor://xunit/VsTestRunner3/netcore/" className="OpenClawNet.IntegrationTests.ChatHubToolCallStreamTests" name="StreamChat_WithToolCalls_EmitsToolCompleteEvent" />
    </UnitTest>
    <UnitTest name="OpenClawNet.IntegrationTests.HealthTests.Version_ReturnsOk" storage="c:\src\openclawnet-plan\tests\openclawnet.integrationtests\bin\debug\net10.0\openclawnet.integrationtests.dll" id="f3e0935e-2cff-b7cb-b224-de09d4d1811e">
      <Execution id="73fb15c7-29aa-41d0-8aa1-be1019045be4" />
      <TestMethod codeBase="C:\src\openclawnet-plan\tests\OpenClawNet.IntegrationTests\bin\Debug\net10.0\OpenClawNet.IntegrationTests.dll" adapterTypeName="executor://xunit/VsTestRunner3/netcore/" className="OpenClawNet.IntegrationTests.HealthTests" name="Version_ReturnsOk" />
    </UnitTest>
    <UnitTest name="OpenClawNet.IntegrationTests.Demos.JobTemplatesE2ETests.GetTemplate_ById_ReturnsTemplate(templateId: &quot;text-to-speech-snippet&quot;)" storage="c:\src\openclawnet-plan\tests\openclawnet.integrationtests\bin\debug\net10.0\openclawnet.integrationtests.dll" id="3d05dafc-69c7-645e-934d-0686081047a2">
      <Execution id="f18f6413-8e75-49f0-878d-aa63cce5081d" />
      <TestMethod codeBase="C:\src\openclawnet-plan\tests\OpenClawNet.IntegrationTests\bin\Debug\net10.0\OpenClawNet.IntegrationTests.dll" adapterTypeName="executor://xunit/VsTestRunner3/netcore/" className="OpenClawNet.IntegrationTests.Demos.JobTemplatesE2ETests" name="GetTemplate_ById_ReturnsTemplate" />
    </UnitTest>
    <UnitTest name="OpenClawNet.IntegrationTests.ChatHubContractTests.StreamChat_ThirdParameter_IsNullableString" storage="c:\src\openclawnet-plan\tests\openclawnet.integrationtests\bin\debug\net10.0\openclawnet.integrationtests.dll" id="c34180cc-745b-a0b8-059d-a7922eea5dba">
      <Execution id="604c0cd4-127a-49c4-b5df-59a73e143ea9" />
      <TestMethod codeBase="C:\src\openclawnet-plan\tests\OpenClawNet.IntegrationTests\bin\Debug\net10.0\OpenClawNet.IntegrationTests.dll" adapterTypeName="executor://xunit/VsTestRunner3/netcore/" className="OpenClawNet.IntegrationTests.ChatHubContractTests" name="StreamChat_ThirdParameter_IsNullableString" />
    </UnitTest>
    <UnitTest name="OpenClawNet.IntegrationTests.Demos.JobTemplatesE2ETests.GetTemplate_ById_ReturnsTemplate(templateId: &quot;watched-folder-summarizer&quot;)" storage="c:\src\openclawnet-plan\tests\openclawnet.integrationtests\bin\debug\net10.0\openclawnet.integrationtests.dll" id="3ef4c0ae-ace1-db02-3099-f0b0b8cbecf4">
      <Execution id="45d4df95-4c6c-47e8-b062-c609f80f2129" />
      <TestMethod codeBase="C:\src\openclawnet-plan\tests\OpenClawNet.IntegrationTests\bin\Debug\net10.0\OpenClawNet.IntegrationTests.dll" adapterTypeName="executor://xunit/VsTestRunner3/netcore/" className="OpenClawNet.IntegrationTests.Demos.JobTemplatesE2ETests" name="GetTemplate_ById_ReturnsTemplate" />
    </UnitTest>
    <UnitTest name="OpenClawNet.IntegrationTests.Demos.JobTemplatesE2ETests.GetTemplate_ById_ReturnsTemplate(templateId: &quot;image-batch-resize&quot;)" storage="c:\src\openclawnet-plan\tests\openclawnet.integrationtests\bin\debug\net10.0\openclawnet.integrationtests.dll" id="4813b244-bae2-c6b1-4b88-d57c788dcf08">
      <Execution id="dcf0c360-8f38-456a-a968-0c514e706ce3" />
      <TestMethod codeBase="C:\src\openclawnet-plan\tests\OpenClawNet.IntegrationTests\bin\Debug\net10.0\OpenClawNet.IntegrationTests.dll" adapterTypeName="executor://xunit/VsTestRunner3/netcore/" className="OpenClawNet.IntegrationTests.Demos.JobTemplatesE2ETests" name="GetTemplate_ById_ReturnsTemplate" />
    </UnitTest>
    <UnitTest name="OpenClawNet.IntegrationTests.Demos.JobTemplatesE2ETests.GetTemplate_ById_ReturnsTemplate(templateId: &quot;research-and-archive&quot;)" storage="c:\src\openclawnet-plan\tests\openclawnet.integrationtests\bin\debug\net10.0\openclawnet.integrationtests.dll" id="2dbf106c-414f-0f6f-d49a-66214fcefd2d">
      <Execution id="006eef12-6372-4dd0-ae4b-81287d3767de" />
      <TestMethod codeBase="C:\src\openclawnet-plan\tests\OpenClawNet.IntegrationTests\bin\Debug\net10.0\OpenClawNet.IntegrationTests.dll" adapterTypeName="executor://xunit/VsTestRunner3/netcore/" className="OpenClawNet.IntegrationTests.Demos.JobTemplatesE2ETests" name="GetTemplate_ById_ReturnsTemplate" />
    </UnitTest>
    <UnitTest name="OpenClawNet.IntegrationTests.AgentProfilesBulkDeleteTests.BulkDelete_DeletesNonDefault_AndSkipsDefaultAndMissing" storage="c:\src\openclawnet-plan\tests\openclawnet.integrationtests\bin\debug\net10.0\openclawnet.integrationtests.dll" id="3f1899e2-e77d-98c3-6ca0-df8704d17e05">
      <Execution id="ec3b7d7c-df83-46f8-8a7b-8d74c68757b9" />
      <TestMethod codeBase="C:\src\openclawnet-plan\tests\OpenClawNet.IntegrationTests\bin\Debug\net10.0\OpenClawNet.IntegrationTests.dll" adapterTypeName="executor://xunit/VsTestRunner3/netcore/" className="OpenClawNet.IntegrationTests.AgentProfilesBulkDeleteTests" name="BulkDelete_DeletesNonDefault_AndSkipsDefaultAndMissing" />
    </UnitTest>
    <UnitTest name="OpenClawNet.IntegrationTests.McpServerEndpointsTests.FullCrudFlow_CreateListUpdateDelete" storage="c:\src\openclawnet-plan\tests\openclawnet.integrationtests\bin\debug\net10.0\openclawnet.integrationtests.dll" id="2622c9ab-d881-f20d-a04f-a56fcced5822">
      <Execution id="57595fef-232e-4392-83d4-4155b4601675" />
      <TestMethod codeBase="C:\src\openclawnet-plan\tests\OpenClawNet.IntegrationTests\bin\Debug\net10.0\OpenClawNet.IntegrationTests.dll" adapterTypeName="executor://xunit/VsTestRunner3/netcore/" className="OpenClawNet.IntegrationTests.McpServerEndpointsTests" name="FullCrudFlow_CreateListUpdateDelete" />
    </UnitTest>
    <UnitTest name="OpenClawNet.IntegrationTests.ChatApiTests.PostChat_ReturnsContentFromFakeModel" storage="c:\src\openclawnet-plan\tests\openclawnet.integrationtests\bin\debug\net10.0\openclawnet.integrationtests.dll" id="e69ec014-416b-5331-c2e7-6ebf2d0c9828">
      <Execution id="48953a86-146a-4874-9e1e-0890b43e7dc0" />
      <TestMethod codeBase="C:\src\openclawnet-plan\tests\OpenClawNet.IntegrationTests\bin\Debug\net10.0\OpenClawNet.IntegrationTests.dll" adapterTypeName="executor://xunit/VsTestRunner3/netcore/" className="OpenClawNet.IntegrationTests.ChatApiTests" name="PostChat_ReturnsContentFromFakeModel" />
    </UnitTest>
    <UnitTest name="OpenClawNet.IntegrationTests.SessionsApiTests.ListSessions_IncludesCreatedSessions" storage="c:\src\openclawnet-plan\tests\openclawnet.integrationtests\bin\debug\net10.0\openclawnet.integrationtests.dll" id="4d52bdf1-d813-e63c-edbc-6c72ed297efb">
      <Execution id="27e501bd-1084-478d-b066-0b8152102349" />
      <TestMethod codeBase="C:\src\openclawnet-plan\tests\OpenClawNet.IntegrationTests\bin\Debug\net10.0\OpenClawNet.IntegrationTests.dll" adapterTypeName="executor://xunit/VsTestRunner3/netcore/" className="OpenClawNet.IntegrationTests.SessionsApiTests" name="ListSessions_IncludesCreatedSessions" />
    </UnitTest>
    <UnitTest name="OpenClawNet.IntegrationTests.ChatHubStreamTests.StreamChat_WithThreeArgs_DoesNotThrowArgumentCountError" storage="c:\src\openclawnet-plan\tests\openclawnet.integrationtests\bin\debug\net10.0\openclawnet.integrationtests.dll" id="94df0669-234e-42d9-ef32-78ef1cfea9d4">
      <Execution id="97ce09e4-c4ea-42ea-9335-28863e2b75ba" />
      <TestMethod codeBase="C:\src\openclawnet-plan\tests\OpenClawNet.IntegrationTests\bin\Debug\net10.0\OpenClawNet.IntegrationTests.dll" adapterTypeName="executor://xunit/VsTestRunner3/netcore/" className="OpenClawNet.IntegrationTests.ChatHubStreamTests" name="StreamChat_WithThreeArgs_DoesNotThrowArgumentCountError" />
    </UnitTest>
    <UnitTest name="OpenClawNet.IntegrationTests.Demos.WatchedFolderSummarizerLiveE2ETests.WatchedFolderTemplate_AcceptedByGateway_AndJobIsExecutable" storage="c:\src\openclawnet-plan\tests\openclawnet.integrationtests\bin\debug\net10.0\openclawnet.integrationtests.dll" id="1509f632-70f2-66c2-e3bc-79efc123ebc6">
      <Execution id="8ff740c9-2f3d-4d03-a244-b71637b9309a" />
      <TestMethod codeBase="C:\src\openclawnet-plan\tests\OpenClawNet.IntegrationTests\bin\Debug\net10.0\OpenClawNet.IntegrationTests.dll" adapterTypeName="executor://xunit/VsTestRunner3/netcore/" className="OpenClawNet.IntegrationTests.Demos.WatchedFolderSummarizerLiveE2ETests" name="WatchedFolderTemplate_AcceptedByGateway_AndJobIsExecutable" />
    </UnitTest>
    <UnitTest name="OpenClawNet.IntegrationTests.ToolApprovalEndpointTests.PostApproval_UnknownRequestId_Returns404" storage="c:\src\openclawnet-plan\tests\openclawnet.integrationtests\bin\debug\net10.0\openclawnet.integrationtests.dll" id="baaf534a-2c3f-5779-585b-23a165f1024f">
      <Execution id="03366b20-163c-4e21-8c14-e22d356a7a59" />
      <TestMethod codeBase="C:\src\openclawnet-plan\tests\OpenClawNet.IntegrationTests\bin\Debug\net10.0\OpenClawNet.IntegrationTests.dll" adapterTypeName="executor://xunit/VsTestRunner3/netcore/" className="OpenClawNet.IntegrationTests.ToolApprovalEndpointTests" name="PostApproval_UnknownRequestId_Returns404" />
    </UnitTest>
    <UnitTest name="OpenClawNet.IntegrationTests.ChatHubStreamTests.StreamChat_ReturnsContentEvents_FromFakeModel" storage="c:\src\openclawnet-plan\tests\openclawnet.integrationtests\bin\debug\net10.0\openclawnet.integrationtests.dll" id="e2561f93-3d89-e23a-d954-d5998302ae75">
      <Execution id="7bc44ab7-b27e-4cf3-ac2d-d859e1edcce8" />
      <TestMethod codeBase="C:\src\openclawnet-plan\tests\OpenClawNet.IntegrationTests\bin\Debug\net10.0\OpenClawNet.IntegrationTests.dll" adapterTypeName="executor://xunit/VsTestRunner3/netcore/" className="OpenClawNet.IntegrationTests.ChatHubStreamTests" name="StreamChat_ReturnsContentEvents_FromFakeModel" />
    </UnitTest>
    <UnitTest name="OpenClawNet.IntegrationTests.Demos.JobTemplatesE2ETests.PostingTemplateDefaultJob_CreatesScheduledJob(templateId: &quot;image-batch-resize&quot;)" storage="c:\src\openclawnet-plan\tests\openclawnet.integrationtests\bin\debug\net10.0\openclawnet.integrationtests.dll" id="72d9d230-e2fa-73b3-34b9-83ed6e9a7404">
      <Execution id="09142619-5ed1-4d0c-baac-df1ddb001f8e" />
      <TestMethod codeBase="C:\src\openclawnet-plan\tests\OpenClawNet.IntegrationTests\bin\Debug\net10.0\OpenClawNet.IntegrationTests.dll" adapterTypeName="executor://xunit/VsTestRunner3/netcore/" className="OpenClawNet.IntegrationTests.Demos.JobTemplatesE2ETests" name="PostingTemplateDefaultJob_CreatesScheduledJob" />
    </UnitTest>
    <UnitTest name="OpenClawNet.IntegrationTests.Demos.JobTemplatesE2ETests.GetTemplate_UnknownId_Returns404" storage="c:\src\openclawnet-plan\tests\openclawnet.integrationtests\bin\debug\net10.0\openclawnet.integrationtests.dll" id="2130c063-6db2-c14c-adce-ec46b2c9dbb7">
      <Execution id="a656facb-5512-4ce4-a189-31be460a036f" />
      <TestMethod codeBase="C:\src\openclawnet-plan\tests\OpenClawNet.IntegrationTests\bin\Debug\net10.0\OpenClawNet.IntegrationTests.dll" adapterTypeName="executor://xunit/VsTestRunner3/netcore/" className="OpenClawNet.IntegrationTests.Demos.JobTemplatesE2ETests" name="GetTemplate_UnknownId_Returns404" />
    </UnitTest>
    <UnitTest name="OpenClawNet.IntegrationTests.ChatHubToolCallStreamTests.StreamChat_WithToolCalls_ResponseIsNotEmpty" storage="c:\src\openclawnet-plan\tests\openclawnet.integrationtests\bin\debug\net10.0\openclawnet.integrationtests.dll" id="ea5a2034-0cd5-9da8-f731-7cba2661bbd6">
      <Execution id="fb800432-b4ef-458f-b71e-04f4c71ce4ea" />
      <TestMethod codeBase="C:\src\openclawnet-plan\tests\OpenClawNet.IntegrationTests\bin\Debug\net10.0\OpenClawNet.IntegrationTests.dll" adapterTypeName="executor://xunit/VsTestRunner3/netcore/" className="OpenClawNet.IntegrationTests.ChatHubToolCallStreamTests" name="StreamChat_WithToolCalls_ResponseIsNotEmpty" />
    </UnitTest>
    <UnitTest name="OpenClawNet.IntegrationTests.SessionsApiTests.CreateSession_NoTitle_ReturnsCreated_WithDefaultTitle" storage="c:\src\openclawnet-plan\tests\openclawnet.integrationtests\bin\debug\net10.0\openclawnet.integrationtests.dll" id="1a4b6387-4854-8a87-7c42-707ccb85963a">
      <Execution id="eb44a58f-08f1-4991-afd1-8e477f293327" />
      <TestMethod codeBase="C:\src\openclawnet-plan\tests\OpenClawNet.IntegrationTests\bin\Debug\net10.0\OpenClawNet.IntegrationTests.dll" adapterTypeName="executor://xunit/VsTestRunner3/netcore/" className="OpenClawNet.IntegrationTests.SessionsApiTests" name="CreateSession_NoTitle_ReturnsCreated_WithDefaultTitle" />
    </UnitTest>
    <UnitTest name="OpenClawNet.IntegrationTests.SessionsApiTests.GetSession_ReturnsSession_WhenExists" storage="c:\src\openclawnet-plan\tests\openclawnet.integrationtests\bin\debug\net10.0\openclawnet.integrationtests.dll" id="13bf637f-c8b3-df12-9bce-e3645dc0bf7b">
      <Execution id="26d50474-d3c8-456d-bd8d-484b26d26763" />
      <TestMethod codeBase="C:\src\openclawnet-plan\tests\OpenClawNet.IntegrationTests\bin\Debug\net10.0\OpenClawNet.IntegrationTests.dll" adapterTypeName="executor://xunit/VsTestRunner3/netcore/" className="OpenClawNet.IntegrationTests.SessionsApiTests" name="GetSession_ReturnsSession_WhenExists" />
    </UnitTest>
    <UnitTest name="OpenClawNet.IntegrationTests.ToolApprovalEndpointTests.PostApproval_EmptyRequestId_Returns400" storage="c:\src\openclawnet-plan\tests\openclawnet.integrationtests\bin\debug\net10.0\openclawnet.integrationtests.dll" id="9beffc52-6f2c-3059-0703-cf951d46e627">
      <Execution id="f151f5f0-f14a-4ec6-8a03-2d051e16ab9e" />
      <TestMethod codeBase="C:\src\openclawnet-plan\tests\OpenClawNet.IntegrationTests\bin\Debug\net10.0\OpenClawNet.IntegrationTests.dll" adapterTypeName="executor://xunit/VsTestRunner3/netcore/" className="OpenClawNet.IntegrationTests.ToolApprovalEndpointTests" name="PostApproval_EmptyRequestId_Returns400" />
    </UnitTest>
    <UnitTest name="OpenClawNet.IntegrationTests.InProcessMcpHostE2ETests.BundledWebServer_StartsAndExposesFetchToolThroughProvider" storage="c:\src\openclawnet-plan\tests\openclawnet.integrationtests\bin\debug\net10.0\openclawnet.integrationtests.dll" id="868a53dd-c355-2d8c-73b3-c783b01dd971">
      <Execution id="e08d28d3-68fd-4cd5-86f0-2c4f267a7b5d" />
      <TestMethod codeBase="C:\src\openclawnet-plan\tests\OpenClawNet.IntegrationTests\bin\Debug\net10.0\OpenClawNet.IntegrationTests.dll" adapterTypeName="executor://xunit/VsTestRunner3/netcore/" className="OpenClawNet.IntegrationTests.InProcessMcpHostE2ETests" name="BundledWebServer_StartsAndExposesFetchToolThroughProvider" />
    </UnitTest>
    <UnitTest name="OpenClawNet.IntegrationTests.Demos.JobTemplatesE2ETests.PostingTemplateDefaultJob_CreatesScheduledJob(templateId: &quot;github-issue-triage&quot;)" storage="c:\src\openclawnet-plan\tests\openclawnet.integrationtests\bin\debug\net10.0\openclawnet.integrationtests.dll" id="60874868-baf1-8cea-f6f9-f5de453285ef">
      <Execution id="1ba01fe4-ed6f-4445-9c0a-950084808b15" />
      <TestMethod codeBase="C:\src\openclawnet-plan\tests\OpenClawNet.IntegrationTests\bin\Debug\net10.0\OpenClawNet.IntegrationTests.dll" adapterTypeName="executor://xunit/VsTestRunner3/netcore/" className="OpenClawNet.IntegrationTests.Demos.JobTemplatesE2ETests" name="PostingTemplateDefaultJob_CreatesScheduledJob" />
    </UnitTest>
    <UnitTest name="OpenClawNet.IntegrationTests.McpAvailableToolsEndpointTests.AvailableTools_ReturnsBundledServerGroups" storage="c:\src\openclawnet-plan\tests\openclawnet.integrationtests\bin\debug\net10.0\openclawnet.integrationtests.dll" id="9231f83a-c26e-4e6e-4868-a5e88a7dfe3b">
      <Execution id="27ce9534-81cb-4503-8450-f7b8d1619756" />
      <TestMethod codeBase="C:\src\openclawnet-plan\tests\OpenClawNet.IntegrationTests\bin\Debug\net10.0\OpenClawNet.IntegrationTests.dll" adapterTypeName="executor://xunit/VsTestRunner3/netcore/" className="OpenClawNet.IntegrationTests.McpAvailableToolsEndpointTests" name="AvailableTools_ReturnsBundledServerGroups" />
    </UnitTest>
    <UnitTest name="OpenClawNet.IntegrationTests.ChatApiTests.PostChat_StoresMessagesInHistory" storage="c:\src\openclawnet-plan\tests\openclawnet.integrationtests\bin\debug\net10.0\openclawnet.integrationtests.dll" id="82a0973d-0217-a1ef-f8ca-ede03842c59c">
      <Execution id="75410f0e-0fa9-4269-85b7-7662f8201355" />
      <TestMethod codeBase="C:\src\openclawnet-plan\tests\OpenClawNet.IntegrationTests\bin\Debug\net10.0\OpenClawNet.IntegrationTests.dll" adapterTypeName="executor://xunit/VsTestRunner3/netcore/" className="OpenClawNet.IntegrationTests.ChatApiTests" name="PostChat_StoresMessagesInHistory" />
    </UnitTest>
    <UnitTest name="OpenClawNet.IntegrationTests.ToolApprovalEndpointTests.PostApproval_Denied_ResolvesPendingRequestAsDenied" storage="c:\src\openclawnet-plan\tests\openclawnet.integrationtests\bin\debug\net10.0\openclawnet.integrationtests.dll" id="63f0c776-193d-3ae7-6867-565d0e7cb16e">
      <Execution id="6ab21a2b-a009-4839-9483-6492e0818f6a" />
      <TestMethod codeBase="C:\src\openclawnet-plan\tests\OpenClawNet.IntegrationTests\bin\Debug\net10.0\OpenClawNet.IntegrationTests.dll" adapterTypeName="executor://xunit/VsTestRunner3/netcore/" className="OpenClawNet.IntegrationTests.ToolApprovalEndpointTests" name="PostApproval_Denied_ResolvesPendingRequestAsDenied" />
    </UnitTest>
    <UnitTest name="OpenClawNet.IntegrationTests.AgentProfilesBulkDeleteTests.BulkDelete_NoBody_Returns400" storage="c:\src\openclawnet-plan\tests\openclawnet.integrationtests\bin\debug\net10.0\openclawnet.integrationtests.dll" id="e396d07b-96d8-34b9-f712-752b1e4ba127">
      <Execution id="433ad810-39f6-413d-84c4-743adb21b243" />
      <TestMethod codeBase="C:\src\openclawnet-plan\tests\OpenClawNet.IntegrationTests\bin\Debug\net10.0\OpenClawNet.IntegrationTests.dll" adapterTypeName="executor://xunit/VsTestRunner3/netcore/" className="OpenClawNet.IntegrationTests.AgentProfilesBulkDeleteTests" name="BulkDelete_NoBody_Returns400" />
    </UnitTest>
    <UnitTest name="OpenClawNet.IntegrationTests.SessionsApiTests.CreateSession_ReturnsCreated" storage="c:\src\openclawnet-plan\tests\openclawnet.integrationtests\bin\debug\net10.0\openclawnet.integrationtests.dll" id="53ae3654-5c1c-1393-b1aa-ae155e830e86">
      <Execution id="e524eb44-1080-4dc4-a37c-4b623ca0a007" />
      <TestMethod codeBase="C:\src\openclawnet-plan\tests\OpenClawNet.IntegrationTests\bin\Debug\net10.0\OpenClawNet.IntegrationTests.dll" adapterTypeName="executor://xunit/VsTestRunner3/netcore/" className="OpenClawNet.IntegrationTests.SessionsApiTests" name="CreateSession_ReturnsCreated" />
    </UnitTest>
    <UnitTest name="OpenClawNet.IntegrationTests.Demos.JobTemplatesE2ETests.ListTemplates_ReturnsAllFiveBuiltInTemplates" storage="c:\src\openclawnet-plan\tests\openclawnet.integrationtests\bin\debug\net10.0\openclawnet.integrationtests.dll" id="7aaef6a2-3888-daad-657a-360565663d1f">
      <Execution id="56ab88ac-fa4a-40f7-ae91-fe2b3e462954" />
      <TestMethod codeBase="C:\src\openclawnet-plan\tests\OpenClawNet.IntegrationTests\bin\Debug\net10.0\OpenClawNet.IntegrationTests.dll" adapterTypeName="executor://xunit/VsTestRunner3/netcore/" className="OpenClawNet.IntegrationTests.Demos.JobTemplatesE2ETests" name="ListTemplates_ReturnsAllFiveBuiltInTemplates" />
    </UnitTest>
    <UnitTest name="OpenClawNet.IntegrationTests.ChatHubToolCallStreamTests.StreamChat_WithToolCalls_ToolStartBeforeToolComplete" storage="c:\src\openclawnet-plan\tests\openclawnet.integrationtests\bin\debug\net10.0\openclawnet.integrationtests.dll" id="24cccb21-b956-ea58-9f0a-8ec5670b914d">
      <Execution id="5a27aeff-bd4d-430c-8025-eb88f5ab5238" />
      <TestMethod codeBase="C:\src\openclawnet-plan\tests\OpenClawNet.IntegrationTests\bin\Debug\net10.0\OpenClawNet.IntegrationTests.dll" adapterTypeName="executor://xunit/VsTestRunner3/netcore/" className="OpenClawNet.IntegrationTests.ChatHubToolCallStreamTests" name="StreamChat_WithToolCalls_ToolStartBeforeToolComplete" />
    </UnitTest>
    <UnitTest name="OpenClawNet.IntegrationTests.McpServerEndpointsTests.RegistrySearch_WithStubbedClient_ReturnsNormalizedResults" storage="c:\src\openclawnet-plan\tests\openclawnet.integrationtests\bin\debug\net10.0\openclawnet.integrationtests.dll" id="d95b8f33-a776-4480-1204-ae838114599c">
      <Execution id="54a776b9-d2df-4883-8cd3-297d840d63db" />
      <TestMethod codeBase="C:\src\openclawnet-plan\tests\OpenClawNet.IntegrationTests\bin\Debug\net10.0\OpenClawNet.IntegrationTests.dll" adapterTypeName="executor://xunit/VsTestRunner3/netcore/" className="OpenClawNet.IntegrationTests.McpServerEndpointsTests" name="RegistrySearch_WithStubbedClient_ReturnsNormalizedResults" />
    </UnitTest>
    <UnitTest name="OpenClawNet.IntegrationTests.Demos.JobTemplatesE2ETests.PostingTemplateDefaultJob_CreatesScheduledJob(templateId: &quot;text-to-speech-snippet&quot;)" storage="c:\src\openclawnet-plan\tests\openclawnet.integrationtests\bin\debug\net10.0\openclawnet.integrationtests.dll" id="b1676cc4-640b-17d5-0e66-ebe9216c1ac6">
      <Execution id="5c7c68bc-93fa-4735-be69-d6c2bbad347a" />
      <TestMethod codeBase="C:\src\openclawnet-plan\tests\OpenClawNet.IntegrationTests\bin\Debug\net10.0\OpenClawNet.IntegrationTests.dll" adapterTypeName="executor://xunit/VsTestRunner3/netcore/" className="OpenClawNet.IntegrationTests.Demos.JobTemplatesE2ETests" name="PostingTemplateDefaultJob_CreatesScheduledJob" />
    </UnitTest>
    <UnitTest name="OpenClawNet.IntegrationTests.McpServerEndpointsTests.GetSuggestions_ReturnsEntries" storage="c:\src\openclawnet-plan\tests\openclawnet.integrationtests\bin\debug\net10.0\openclawnet.integrationtests.dll" id="7d42a40d-4388-0be0-5c23-a0d5a76424fc">
      <Execution id="c81decc8-45e5-4722-9d18-7817149a5bbf" />
      <TestMethod codeBase="C:\src\openclawnet-plan\tests\OpenClawNet.IntegrationTests\bin\Debug\net10.0\OpenClawNet.IntegrationTests.dll" adapterTypeName="executor://xunit/VsTestRunner3/netcore/" className="OpenClawNet.IntegrationTests.McpServerEndpointsTests" name="GetSuggestions_ReturnsEntries" />
    </UnitTest>
    <UnitTest name="OpenClawNet.IntegrationTests.Demos.JobTemplatesE2ETests.PostingTemplateDefaultJob_CreatesScheduledJob(templateId: &quot;research-and-archive&quot;)" storage="c:\src\openclawnet-plan\tests\openclawnet.integrationtests\bin\debug\net10.0\openclawnet.integrationtests.dll" id="a24be6f8-6c47-e9fe-4b55-9d651bca30a5">
      <Execution id="f6d69850-aae2-44fb-80fd-d1b7c4ee5978" />
      <TestMethod codeBase="C:\src\openclawnet-plan\tests\OpenClawNet.IntegrationTests\bin\Debug\net10.0\OpenClawNet.IntegrationTests.dll" adapterTypeName="executor://xunit/VsTestRunner3/netcore/" className="OpenClawNet.IntegrationTests.Demos.JobTemplatesE2ETests" name="PostingTemplateDefaultJob_CreatesScheduledJob" />
    </UnitTest>
    <UnitTest name="OpenClawNet.IntegrationTests.ToolApprovalEndpointTests.PostApproval_Approved_ResolvesPendingRequest" storage="c:\src\openclawnet-plan\tests\openclawnet.integrationtests\bin\debug\net10.0\openclawnet.integrationtests.dll" id="0413bd58-0195-0bd2-266f-62caaea483f0">
      <Execution id="a2aa6d2e-228d-4714-8c20-a39d3fa1454c" />
      <TestMethod codeBase="C:\src\openclawnet-plan\tests\OpenClawNet.IntegrationTests\bin\Debug\net10.0\OpenClawNet.IntegrationTests.dll" adapterTypeName="executor://xunit/VsTestRunner3/netcore/" className="OpenClawNet.IntegrationTests.ToolApprovalEndpointTests" name="PostApproval_Approved_ResolvesPendingRequest" />
    </UnitTest>
    <UnitTest name="OpenClawNet.IntegrationTests.HealthTests.Health_ReturnsHealthyStatus" storage="c:\src\openclawnet-plan\tests\openclawnet.integrationtests\bin\debug\net10.0\openclawnet.integrationtests.dll" id="6085dd71-c6f9-f612-7627-0bd18ebed5d6">
      <Execution id="29799633-b73d-449d-94c8-5b135136cee3" />
      <TestMethod codeBase="C:\src\openclawnet-plan\tests\OpenClawNet.IntegrationTests\bin\Debug\net10.0\OpenClawNet.IntegrationTests.dll" adapterTypeName="executor://xunit/VsTestRunner3/netcore/" className="OpenClawNet.IntegrationTests.HealthTests" name="Health_ReturnsHealthyStatus" />
    </UnitTest>
    <UnitTest name="OpenClawNet.IntegrationTests.HealthTests.Health_ReturnsOk" storage="c:\src\openclawnet-plan\tests\openclawnet.integrationtests\bin\debug\net10.0\openclawnet.integrationtests.dll" id="fb0a61c7-91bc-ae95-754a-7aeade696375">
      <Execution id="bd1bf481-21f7-4f0f-ad30-c7560c60597c" />
      <TestMethod codeBase="C:\src\openclawnet-plan\tests\OpenClawNet.IntegrationTests\bin\Debug\net10.0\OpenClawNet.IntegrationTests.dll" adapterTypeName="executor://xunit/VsTestRunner3/netcore/" className="OpenClawNet.IntegrationTests.HealthTests" name="Health_ReturnsOk" />
    </UnitTest>
    <UnitTest name="OpenClawNet.IntegrationTests.ChatHubToolCallStreamTests.StreamChat_WithToolCalls_EmitsToolStartEvent" storage="c:\src\openclawnet-plan\tests\openclawnet.integrationtests\bin\debug\net10.0\openclawnet.integrationtests.dll" id="6bfbc607-530d-ec8a-edb2-cd30d30f89cf">
      <Execution id="2510c8b4-0976-47db-9f14-f9449afa892d" />
      <TestMethod codeBase="C:\src\openclawnet-plan\tests\OpenClawNet.IntegrationTests\bin\Debug\net10.0\OpenClawNet.IntegrationTests.dll" adapterTypeName="executor://xunit/VsTestRunner3/netcore/" className="OpenClawNet.IntegrationTests.ChatHubToolCallStreamTests" name="StreamChat_WithToolCalls_EmitsToolStartEvent" />
    </UnitTest>
    <UnitTest name="OpenClawNet.IntegrationTests.Demos.JobTemplatesE2ETests.PostingTemplateDefaultJob_CreatesScheduledJob(templateId: &quot;watched-folder-summarizer&quot;)" storage="c:\src\openclawnet-plan\tests\openclawnet.integrationtests\bin\debug\net10.0\openclawnet.integrationtests.dll" id="abcb4e95-4b38-d115-a0ed-26a1c81eaf64">
      <Execution id="3d029809-775d-4e96-b855-801eda934de1" />
      <TestMethod codeBase="C:\src\openclawnet-plan\tests\OpenClawNet.IntegrationTests\bin\Debug\net10.0\OpenClawNet.IntegrationTests.dll" adapterTypeName="executor://xunit/VsTestRunner3/netcore/" className="OpenClawNet.IntegrationTests.Demos.JobTemplatesE2ETests" name="PostingTemplateDefaultJob_CreatesScheduledJob" />
    </UnitTest>
    <UnitTest name="OpenClawNet.IntegrationTests.SessionsApiTests.UpdateTitle_ChangesSessionTitle" storage="c:\src\openclawnet-plan\tests\openclawnet.integrationtests\bin\debug\net10.0\openclawnet.integrationtests.dll" id="dfb03537-a988-21c2-a05b-7a5c187eb994">
      <Execution id="89163f3e-4786-4aaa-8c9c-1ffc0bb8931f" />
      <TestMethod codeBase="C:\src\openclawnet-plan\tests\OpenClawNet.IntegrationTests\bin\Debug\net10.0\OpenClawNet.IntegrationTests.dll" adapterTypeName="executor://xunit/VsTestRunner3/netcore/" className="OpenClawNet.IntegrationTests.SessionsApiTests" name="UpdateTitle_ChangesSessionTitle" />
    </UnitTest>
    <UnitTest name="OpenClawNet.IntegrationTests.McpServerEndpointsTests.GetServers_ReturnsBundledBuiltins" storage="c:\src\openclawnet-plan\tests\openclawnet.integrationtests\bin\debug\net10.0\openclawnet.integrationtests.dll" id="a85a5f2c-cc66-c4e0-9ea6-b5bd49d3c977">
      <Execution id="78be4117-95ea-4812-b712-4f75b0cb9d26" />
      <TestMethod codeBase="C:\src\openclawnet-plan\tests\OpenClawNet.IntegrationTests\bin\Debug\net10.0\OpenClawNet.IntegrationTests.dll" adapterTypeName="executor://xunit/VsTestRunner3/netcore/" className="OpenClawNet.IntegrationTests.McpServerEndpointsTests" name="GetServers_ReturnsBundledBuiltins" />
    </UnitTest>
    <UnitTest name="OpenClawNet.IntegrationTests.SessionsApiTests.ListSessions_ReturnsOk_WhenEmpty" storage="c:\src\openclawnet-plan\tests\openclawnet.integrationtests\bin\debug\net10.0\openclawnet.integrationtests.dll" id="76d32dc7-f225-8804-66bc-b29000d89f3e">
      <Execution id="8e146ecd-ad80-4055-aa9b-dc5e0990c1dd" />
      <TestMethod codeBase="C:\src\openclawnet-plan\tests\OpenClawNet.IntegrationTests\bin\Debug\net10.0\OpenClawNet.IntegrationTests.dll" adapterTypeName="executor://xunit/VsTestRunner3/netcore/" className="OpenClawNet.IntegrationTests.SessionsApiTests" name="ListSessions_ReturnsOk_WhenEmpty" />
    </UnitTest>
    <UnitTest name="OpenClawNet.IntegrationTests.SessionsApiTests.DeleteSession_ReturnsNoContent" storage="c:\src\openclawnet-plan\tests\openclawnet.integrationtests\bin\debug\net10.0\openclawnet.integrationtests.dll" id="70855f99-ae08-dc59-002e-d5ee7098d2a8">
      <Execution id="71202d45-5b3c-44ab-b5cf-6b25cd7d67ab" />
      <TestMethod codeBase="C:\src\openclawnet-plan\tests\OpenClawNet.IntegrationTests\bin\Debug\net10.0\OpenClawNet.IntegrationTests.dll" adapterTypeName="executor://xunit/VsTestRunner3/netcore/" className="OpenClawNet.IntegrationTests.SessionsApiTests" name="DeleteSession_ReturnsNoContent" />
    </UnitTest>
    <UnitTest name="OpenClawNet.IntegrationTests.ChatHubStreamTests.StreamChat_CompleteEvent_IsAlwaysLastEvent" storage="c:\src\openclawnet-plan\tests\openclawnet.integrationtests\bin\debug\net10.0\openclawnet.integrationtests.dll" id="d28b1fd7-b813-e551-328a-b8777783a8c1">
      <Execution id="a6475be0-2de0-449e-89e6-6211e8fae73f" />
      <TestMethod codeBase="C:\src\openclawnet-plan\tests\OpenClawNet.IntegrationTests\bin\Debug\net10.0\OpenClawNet.IntegrationTests.dll" adapterTypeName="executor://xunit/VsTestRunner3/netcore/" className="OpenClawNet.IntegrationTests.ChatHubStreamTests" name="StreamChat_CompleteEvent_IsAlwaysLastEvent" />
    </UnitTest>
    <UnitTest name="OpenClawNet.IntegrationTests.ChatHubToolCallStreamTests.StreamChat_WithToolCalls_EndsWithCompleteOrError" storage="c:\src\openclawnet-plan\tests\openclawnet.integrationtests\bin\debug\net10.0\openclawnet.integrationtests.dll" id="bf8189d3-9137-364a-b649-9ef91fe4b399">
      <Execution id="46d35740-7363-441a-88c9-f99dc096da56" />
      <TestMethod codeBase="C:\src\openclawnet-plan\tests\OpenClawNet.IntegrationTests\bin\Debug\net10.0\OpenClawNet.IntegrationTests.dll" adapterTypeName="executor://xunit/VsTestRunner3/netcore/" className="OpenClawNet.IntegrationTests.ChatHubToolCallStreamTests" name="StreamChat_WithToolCalls_EndsWithCompleteOrError" />
    </UnitTest>
    <UnitTest name="OpenClawNet.IntegrationTests.ToolApprovalCronJobTests.CronJob_WithRequiringProfile_FailsFast" storage="c:\src\openclawnet-plan\tests\openclawnet.integrationtests\bin\debug\net10.0\openclawnet.integrationtests.dll" id="3d44e01e-7cec-12a6-f72f-25e484db5747">
      <Execution id="f514fb54-a6d0-4141-bb77-b3925ef52fd1" />
      <TestMethod codeBase="C:\src\openclawnet-plan\tests\OpenClawNet.IntegrationTests\bin\Debug\net10.0\OpenClawNet.IntegrationTests.dll" adapterTypeName="executor://xunit/VsTestRunner3/netcore/" className="OpenClawNet.IntegrationTests.ToolApprovalCronJobTests" name="CronJob_WithRequiringProfile_FailsFast" />
    </UnitTest>
    <UnitTest name="OpenClawNet.IntegrationTests.Demos.JobTemplatesE2ETests.GetTemplate_ById_ReturnsTemplate(templateId: &quot;github-issue-triage&quot;)" storage="c:\src\openclawnet-plan\tests\openclawnet.integrationtests\bin\debug\net10.0\openclawnet.integrationtests.dll" id="15274f1f-5c34-1f1a-80d9-a0feb3fd4c65">
      <Execution id="236a29c9-1c84-4bfe-8b51-ab7e0383dd97" />
      <TestMethod codeBase="C:\src\openclawnet-plan\tests\OpenClawNet.IntegrationTests\bin\Debug\net10.0\OpenClawNet.IntegrationTests.dll" adapterTypeName="executor://xunit/VsTestRunner3/netcore/" className="OpenClawNet.IntegrationTests.Demos.JobTemplatesE2ETests" name="GetTemplate_ById_ReturnsTemplate" />
    </UnitTest>
    <UnitTest name="OpenClawNet.IntegrationTests.SessionsApiTests.DeleteSession_MakesSessionUnreachable" storage="c:\src\openclawnet-plan\tests\openclawnet.integrationtests\bin\debug\net10.0\openclawnet.integrationtests.dll" id="b5a9d528-97d0-65b2-f7ee-2e04f3c4e3e5">
      <Execution id="a6679e4e-2d37-48af-9e1c-b700fd293833" />
      <TestMethod codeBase="C:\src\openclawnet-plan\tests\OpenClawNet.IntegrationTests\bin\Debug\net10.0\OpenClawNet.IntegrationTests.dll" adapterTypeName="executor://xunit/VsTestRunner3/netcore/" className="OpenClawNet.IntegrationTests.SessionsApiTests" name="DeleteSession_MakesSessionUnreachable" />
    </UnitTest>
    <UnitTest name="OpenClawNet.IntegrationTests.SessionsApiTests.GetSession_Returns404_WhenNotFound" storage="c:\src\openclawnet-plan\tests\openclawnet.integrationtests\bin\debug\net10.0\openclawnet.integrationtests.dll" id="d56e279b-a99e-4723-a40d-5bea8b15591f">
      <Execution id="47ad4e12-a7c9-4521-8b4b-f76daa40df7e" />
      <TestMethod codeBase="C:\src\openclawnet-plan\tests\OpenClawNet.IntegrationTests\bin\Debug\net10.0\OpenClawNet.IntegrationTests.dll" adapterTypeName="executor://xunit/VsTestRunner3/netcore/" className="OpenClawNet.IntegrationTests.SessionsApiTests" name="GetSession_Returns404_WhenNotFound" />
    </UnitTest>
  </TestDefinitions>
  <TestEntries>
    <TestEntry testId="e69ec014-416b-5331-c2e7-6ebf2d0c9828" executionId="48953a86-146a-4874-9e1e-0890b43e7dc0" testListId="8c84fa94-04c1-424b-9868-57a2d4851a1d" />
    <TestEntry testId="e396d07b-96d8-34b9-f712-752b1e4ba127" executionId="433ad810-39f6-413d-84c4-743adb21b243" testListId="8c84fa94-04c1-424b-9868-57a2d4851a1d" />
    <TestEntry testId="63f0c776-193d-3ae7-6867-565d0e7cb16e" executionId="6ab21a2b-a009-4839-9483-6492e0818f6a" testListId="8c84fa94-04c1-424b-9868-57a2d4851a1d" />
    <TestEntry testId="13bf637f-c8b3-df12-9bce-e3645dc0bf7b" executionId="26d50474-d3c8-456d-bd8d-484b26d26763" testListId="8c84fa94-04c1-424b-9868-57a2d4851a1d" />
    <TestEntry testId="dfb03537-a988-21c2-a05b-7a5c187eb994" executionId="89163f3e-4786-4aaa-8c9c-1ffc0bb8931f" testListId="8c84fa94-04c1-424b-9868-57a2d4851a1d" />
    <TestEntry testId="7aaef6a2-3888-daad-657a-360565663d1f" executionId="56ab88ac-fa4a-40f7-ae91-fe2b3e462954" testListId="8c84fa94-04c1-424b-9868-57a2d4851a1d" />
    <TestEntry testId="6085dd71-c6f9-f612-7627-0bd18ebed5d6" executionId="29799633-b73d-449d-94c8-5b135136cee3" testListId="8c84fa94-04c1-424b-9868-57a2d4851a1d" />
    <TestEntry testId="6bfbc607-530d-ec8a-edb2-cd30d30f89cf" executionId="2510c8b4-0976-47db-9f14-f9449afa892d" testListId="8c84fa94-04c1-424b-9868-57a2d4851a1d" />
    <TestEntry testId="eb716411-1d03-02dc-b664-321d544ccd7a" executionId="244f34fa-6124-4f2b-9b6a-fbd375b529bf" testListId="8c84fa94-04c1-424b-9868-57a2d4851a1d" />
    <TestEntry testId="7d42a40d-4388-0be0-5c23-a0d5a76424fc" executionId="c81decc8-45e5-4722-9d18-7817149a5bbf" testListId="8c84fa94-04c1-424b-9868-57a2d4851a1d" />
    <TestEntry testId="94df0669-234e-42d9-ef32-78ef1cfea9d4" executionId="97ce09e4-c4ea-42ea-9335-28863e2b75ba" testListId="8c84fa94-04c1-424b-9868-57a2d4851a1d" />
    <TestEntry testId="bf8189d3-9137-364a-b649-9ef91fe4b399" executionId="46d35740-7363-441a-88c9-f99dc096da56" testListId="8c84fa94-04c1-424b-9868-57a2d4851a1d" />
    <TestEntry testId="60874868-baf1-8cea-f6f9-f5de453285ef" executionId="1ba01fe4-ed6f-4445-9c0a-950084808b15" testListId="8c84fa94-04c1-424b-9868-57a2d4851a1d" />
    <TestEntry testId="e2561f93-3d89-e23a-d954-d5998302ae75" executionId="7bc44ab7-b27e-4cf3-ac2d-d859e1edcce8" testListId="8c84fa94-04c1-424b-9868-57a2d4851a1d" />
    <TestEntry testId="a24be6f8-6c47-e9fe-4b55-9d651bca30a5" executionId="f6d69850-aae2-44fb-80fd-d1b7c4ee5978" testListId="8c84fa94-04c1-424b-9868-57a2d4851a1d" />
    <TestEntry testId="23047fa9-6b49-36e2-4379-cf1c54c376ea" executionId="bdf4ce95-bd26-461c-9e08-8388d473c3f8" testListId="8c84fa94-04c1-424b-9868-57a2d4851a1d" />
    <TestEntry testId="34e8d35b-93c2-399c-f0d3-8e4f6f9b8171" executionId="66cc096d-a344-4f60-9d06-af566e225717" testListId="8c84fa94-04c1-424b-9868-57a2d4851a1d" />
    <TestEntry testId="a85a5f2c-cc66-c4e0-9ea6-b5bd49d3c977" executionId="78be4117-95ea-4812-b712-4f75b0cb9d26" testListId="8c84fa94-04c1-424b-9868-57a2d4851a1d" />
    <TestEntry testId="15274f1f-5c34-1f1a-80d9-a0feb3fd4c65" executionId="236a29c9-1c84-4bfe-8b51-ab7e0383dd97" testListId="8c84fa94-04c1-424b-9868-57a2d4851a1d" />
    <TestEntry testId="4d52bdf1-d813-e63c-edbc-6c72ed297efb" executionId="27e501bd-1084-478d-b066-0b8152102349" testListId="8c84fa94-04c1-424b-9868-57a2d4851a1d" />
    <TestEntry testId="2622c9ab-d881-f20d-a04f-a56fcced5822" executionId="57595fef-232e-4392-83d4-4155b4601675" testListId="8c84fa94-04c1-424b-9868-57a2d4851a1d" />
    <TestEntry testId="2dbf106c-414f-0f6f-d49a-66214fcefd2d" executionId="006eef12-6372-4dd0-ae4b-81287d3767de" testListId="8c84fa94-04c1-424b-9868-57a2d4851a1d" />
    <TestEntry testId="1a4b6387-4854-8a87-7c42-707ccb85963a" executionId="eb44a58f-08f1-4991-afd1-8e477f293327" testListId="8c84fa94-04c1-424b-9868-57a2d4851a1d" />
    <TestEntry testId="0413bd58-0195-0bd2-266f-62caaea483f0" executionId="a2aa6d2e-228d-4714-8c20-a39d3fa1454c" testListId="8c84fa94-04c1-424b-9868-57a2d4851a1d" />
    <TestEntry testId="9231f83a-c26e-4e6e-4868-a5e88a7dfe3b" executionId="27ce9534-81cb-4503-8450-f7b8d1619756" testListId="8c84fa94-04c1-424b-9868-57a2d4851a1d" />
    <TestEntry testId="fb0a61c7-91bc-ae95-754a-7aeade696375" executionId="bd1bf481-21f7-4f0f-ad30-c7560c60597c" testListId="8c84fa94-04c1-424b-9868-57a2d4851a1d" />
    <TestEntry testId="868a53dd-c355-2d8c-73b3-c783b01dd971" executionId="e08d28d3-68fd-4cd5-86f0-2c4f267a7b5d" testListId="8c84fa94-04c1-424b-9868-57a2d4851a1d" />
    <TestEntry testId="fb0cf6ae-076f-22f3-d8e1-24965c06e5d4" executionId="ce2b700c-5e6c-4bb4-b186-9c26af2d173e" testListId="8c84fa94-04c1-424b-9868-57a2d4851a1d" />
    <TestEntry testId="4813b244-bae2-c6b1-4b88-d57c788dcf08" executionId="dcf0c360-8f38-456a-a968-0c514e706ce3" testListId="8c84fa94-04c1-424b-9868-57a2d4851a1d" />
    <TestEntry testId="ea5a2034-0cd5-9da8-f731-7cba2661bbd6" executionId="fb800432-b4ef-458f-b71e-04f4c71ce4ea" testListId="8c84fa94-04c1-424b-9868-57a2d4851a1d" />
    <TestEntry testId="3d44e01e-7cec-12a6-f72f-25e484db5747" executionId="f514fb54-a6d0-4141-bb77-b3925ef52fd1" testListId="8c84fa94-04c1-424b-9868-57a2d4851a1d" />
    <TestEntry testId="d28b1fd7-b813-e551-328a-b8777783a8c1" executionId="a6475be0-2de0-449e-89e6-6211e8fae73f" testListId="8c84fa94-04c1-424b-9868-57a2d4851a1d" />
    <TestEntry testId="b5a9d528-97d0-65b2-f7ee-2e04f3c4e3e5" executionId="a6679e4e-2d37-48af-9e1c-b700fd293833" testListId="8c84fa94-04c1-424b-9868-57a2d4851a1d" />
    <TestEntry testId="b1676cc4-640b-17d5-0e66-ebe9216c1ac6" executionId="5c7c68bc-93fa-4735-be69-d6c2bbad347a" testListId="8c84fa94-04c1-424b-9868-57a2d4851a1d" />
    <TestEntry testId="f3e0935e-2cff-b7cb-b224-de09d4d1811e" executionId="73fb15c7-29aa-41d0-8aa1-be1019045be4" testListId="8c84fa94-04c1-424b-9868-57a2d4851a1d" />
    <TestEntry testId="72d9d230-e2fa-73b3-34b9-83ed6e9a7404" executionId="09142619-5ed1-4d0c-baac-df1ddb001f8e" testListId="8c84fa94-04c1-424b-9868-57a2d4851a1d" />
    <TestEntry testId="2130c063-6db2-c14c-adce-ec46b2c9dbb7" executionId="a656facb-5512-4ce4-a189-31be460a036f" testListId="8c84fa94-04c1-424b-9868-57a2d4851a1d" />
    <TestEntry testId="3f1899e2-e77d-98c3-6ca0-df8704d17e05" executionId="ec3b7d7c-df83-46f8-8a7b-8d74c68757b9" testListId="8c84fa94-04c1-424b-9868-57a2d4851a1d" />
    <TestEntry testId="53ae3654-5c1c-1393-b1aa-ae155e830e86" executionId="e524eb44-1080-4dc4-a37c-4b623ca0a007" testListId="8c84fa94-04c1-424b-9868-57a2d4851a1d" />
    <TestEntry testId="3d05dafc-69c7-645e-934d-0686081047a2" executionId="f18f6413-8e75-49f0-878d-aa63cce5081d" testListId="8c84fa94-04c1-424b-9868-57a2d4851a1d" />
    <TestEntry testId="76d32dc7-f225-8804-66bc-b29000d89f3e" executionId="8e146ecd-ad80-4055-aa9b-dc5e0990c1dd" testListId="8c84fa94-04c1-424b-9868-57a2d4851a1d" />
    <TestEntry testId="abcb4e95-4b38-d115-a0ed-26a1c81eaf64" executionId="3d029809-775d-4e96-b855-801eda934de1" testListId="8c84fa94-04c1-424b-9868-57a2d4851a1d" />
    <TestEntry testId="3ef4c0ae-ace1-db02-3099-f0b0b8cbecf4" executionId="45d4df95-4c6c-47e8-b062-c609f80f2129" testListId="8c84fa94-04c1-424b-9868-57a2d4851a1d" />
    <TestEntry testId="70855f99-ae08-dc59-002e-d5ee7098d2a8" executionId="71202d45-5b3c-44ab-b5cf-6b25cd7d67ab" testListId="8c84fa94-04c1-424b-9868-57a2d4851a1d" />
    <TestEntry testId="1509f632-70f2-66c2-e3bc-79efc123ebc6" executionId="8ff740c9-2f3d-4d03-a244-b71637b9309a" testListId="8c84fa94-04c1-424b-9868-57a2d4851a1d" />
    <TestEntry testId="bb7e8ff4-0682-004b-face-c0980e86323a" executionId="db668b26-4012-48f6-aca1-4f5984b6670c" testListId="8c84fa94-04c1-424b-9868-57a2d4851a1d" />
    <TestEntry testId="d56e279b-a99e-4723-a40d-5bea8b15591f" executionId="47ad4e12-a7c9-4521-8b4b-f76daa40df7e" testListId="8c84fa94-04c1-424b-9868-57a2d4851a1d" />
    <TestEntry testId="115c518c-616d-acfc-4a1e-7760d5a6f870" executionId="295490e4-03f5-4210-a528-731e5ce5a829" testListId="8c84fa94-04c1-424b-9868-57a2d4851a1d" />
    <TestEntry testId="9beffc52-6f2c-3059-0703-cf951d46e627" executionId="f151f5f0-f14a-4ec6-8a03-2d051e16ab9e" testListId="8c84fa94-04c1-424b-9868-57a2d4851a1d" />
    <TestEntry testId="c34180cc-745b-a0b8-059d-a7922eea5dba" executionId="604c0cd4-127a-49c4-b5df-59a73e143ea9" testListId="8c84fa94-04c1-424b-9868-57a2d4851a1d" />
    <TestEntry testId="82a0973d-0217-a1ef-f8ca-ede03842c59c" executionId="75410f0e-0fa9-4269-85b7-7662f8201355" testListId="8c84fa94-04c1-424b-9868-57a2d4851a1d" />
    <TestEntry testId="24cccb21-b956-ea58-9f0a-8ec5670b914d" executionId="5a27aeff-bd4d-430c-8025-eb88f5ab5238" testListId="8c84fa94-04c1-424b-9868-57a2d4851a1d" />
    <TestEntry testId="baaf534a-2c3f-5779-585b-23a165f1024f" executionId="03366b20-163c-4e21-8c14-e22d356a7a59" testListId="8c84fa94-04c1-424b-9868-57a2d4851a1d" />
    <TestEntry testId="d95b8f33-a776-4480-1204-ae838114599c" executionId="54a776b9-d2df-4883-8cd3-297d840d63db" testListId="8c84fa94-04c1-424b-9868-57a2d4851a1d" />
  </TestEntries>
  <TestLists>
    <TestList name="Results Not in a List" id="8c84fa94-04c1-424b-9868-57a2d4851a1d" />
    <TestList name="All Loaded Results" id="19431567-8539-422a-85d7-44ee4e166bda" />
  </TestLists>
  <ResultSummary outcome="Completed">
    <Counters total="54" executed="53" passed="53" failed="0" error="0" timeout="0" aborted="0" inconclusive="0" passedButRunAborted="0" notRunnable="0" notExecuted="0" disconnected="0" warning="0" completed="0" inProgress="0" pending="0" />
    <Output>
      <StdOut>[xUnit.net 00:00:00.00] xUnit.net VSTest Adapter v3.1.5+1b188a7b0a (64-bit .NET 10.0.6)&#xD;
[xUnit.net 00:00:00.15]   Discovering: OpenClawNet.IntegrationTests&#xD;
[xUnit.net 00:00:00.23]   Discovered:  OpenClawNet.IntegrationTests&#xD;
[xUnit.net 00:00:00.27]   Starting:    OpenClawNet.IntegrationTests&#xD;
     Warning:&#xD;
     The component "Fluent Assertions" is governed by the rules defined in the Xceed License Agreement and&#xD;
     the Xceed Fluent Assertions Community License. You may use Fluent Assertions free of charge for&#xD;
     non-commercial use only. An active subscription is required to use Fluent Assertions for commercial use.&#xD;
     Please contact Xceed Sales mailto:sales@xceed.com to acquire a subscription at a very low cost.&#xD;
     A paid commercial license supports the development and continued increasing support of&#xD;
     Fluent Assertions users under both commercial and community licenses. Help us&#xD;
     keep Fluent Assertions at the forefront of unit testing.&#xD;
     For more information, visit https://xceed.com/products/unit-testing/fluent-assertions/&#xD;
info: OpenClawNet.Tools.FileSystem.FileSystemTool[0]&#xD;
      FileSystem workspace root: C:\src\openclawnet-plan&#xD;
info: OpenClawNet.Tools.FileSystem.FileSystemTool[0]&#xD;
      FileSystem workspace root: C:\src\openclawnet-plan&#xD;
info: OpenClawNet.Tools.FileSystem.FileSystemTool[0]&#xD;
      FileSystem workspace root: C:\src\openclawnet-plan&#xD;
info: OpenClawNet.Tools.FileSystem.FileSystemTool[0]&#xD;
      FileSystem workspace root: C:\src\openclawnet-plan&#xD;
info: OpenClawNet.Tools.FileSystem.FileSystemTool[0]&#xD;
      FileSystem workspace root: C:\src\openclawnet-plan&#xD;
info: OpenClawNet.Tools.FileSystem.FileSystemTool[0]&#xD;
      FileSystem workspace root: C:\src\openclawnet-plan&#xD;
info: OpenClawNet.Tools.FileSystem.FileSystemTool[0]&#xD;
      FileSystem workspace root: C:\src\openclawnet-plan&#xD;
info: OpenClawNet.Tools.FileSystem.FileSystemTool[0]&#xD;
      FileSystem workspace root: C:\src\openclawnet-plan&#xD;
info: OpenClawNet.Tools.FileSystem.FileSystemTool[0]&#xD;
      FileSystem workspace root: C:\src\openclawnet-plan&#xD;
info: OpenClawNet.Tools.FileSystem.FileSystemTool[0]&#xD;
      FileSystem workspace root: C:\src\openclawnet-plan&#xD;
info: OpenClawNet.Tools.FileSystem.FileSystemTool[0]&#xD;
      FileSystem workspace root: C:\src\openclawnet-plan&#xD;
info: OpenClawNet.Tools.FileSystem.FileSystemTool[0]&#xD;
      FileSystem workspace root: C:\src\openclawnet-plan&#xD;
info: ModelContextProtocol.Server.McpServer[570385771]&#xD;
      Server (web 1.0.0) method 'initialize' request handler called.&#xD;
info: ModelContextProtocol.Server.McpServer[570385771]&#xD;
      Server (web 1.0.0) method 'initialize' request handler called.&#xD;
info: ModelContextProtocol.Server.McpServer[570385771]&#xD;
      Server (web 1.0.0) method 'initialize' request handler called.&#xD;
info: ModelContextProtocol.Server.McpServer[570385771]&#xD;
[...]
info: OpenClawNet.Mcp.Core.BundledMcpStartupService[0]&#xD;
      Started bundled MCP server 'web' with 1 tool(s).&#xD;
info: OpenClawNet.Mcp.Core.BundledMcpStartupService[0]&#xD;
      Started bundled MCP server 'shell' with 1 tool(s).&#xD;
info: OpenClawNet.Mcp.Core.BundledMcpStartupService[0]&#xD;
      Started bundled MCP server 'browser' with 5 tool(s).&#xD;
info: OpenClawNet.Mcp.Core.BundledMcpStartupService[0]&#xD;
      Started bundled MCP server 'filesystem' with 4 tool(s).&#xD;
info: Microsoft.Agents.AI.ChatClientAgent[2113764234]&#xD;
      [RunAsync] Agent c93eda17ef9f4180ae5ff36e0ab42f55/UnnamedAgent Invoked client OpenClawNet.Agent.ModelClientChatClientAdapter with message count: 2.&#xD;
info: OpenClawNet.Gateway.Services.ProviderResolver[0]&#xD;
      Resolved provider 'ollama-default' \u001a definition 'ollama-default' (type=ollama)&#xD;
info: OpenClawNet.Gateway.Services.RuntimeModelSettings[0]&#xD;
      Model provider changed to ollama&#xD;
info: OpenClawNet.Agent.AgentOrchestrator[0]&#xD;
      Processing agent request: SessionId=b0e53dd6-37bb-40ea-882e-11ebcb37b169, Provider=ollama&#xD;
info: Microsoft.Agents.AI.ChatClientAgent[2113764234]&#xD;
      [RunAsync] Agent 8108883258544f7a9162ae7c70860081/UnnamedAgent Invoked client OpenClawNet.Agent.ModelClientChatClientAdapter with message count: 4.&#xD;
info: OpenClawNet.Gateway.Services.ProviderResolver[0]&#xD;
      Resolved provider 'ollama-default' \u001a definition 'ollama-default' (type=ollama)&#xD;
info: OpenClawNet.Gateway.Services.RuntimeModelSettings[0]&#xD;
      Model provider changed to ollama&#xD;
info: OpenClawNet.Agent.AgentOrchestrator[0]&#xD;
      Processing agent request: SessionId=a0bd1ddf-b6b9-4bba-993f-29a9af4ad2c7, Provider=ollama&#xD;
info: Microsoft.Agents.AI.ChatClientAgent[2113764234]&#xD;
      [RunAsync] Agent c56ebe6207f84fd68d17594f0c5952f3/UnnamedAgent Invoked client OpenClawNet.Agent.ModelClientChatClientAdapter with message count: 2.&#xD;
info: OpenClawNet.Gateway.Services.ProviderResolver[0]&#xD;
      Resolved provider 'ollama-default' \u001a definition 'ollama-default' (type=ollama)&#xD;
info: OpenClawNet.Gateway.Services.RuntimeModelSettings[0]&#xD;
      Model provider changed to ollama&#xD;
info: OpenClawNet.Agent.AgentOrchestrator[0]&#xD;
      Processing agent request: SessionId=68e0797a-874e-4899-bffe-79b8b650ffa8, Provider=ollama&#xD;
info: Microsoft.Agents.AI.ChatClientAgent[2113764234]&#xD;
      [RunAsync] Agent 80d16c0ca42c4cb3b93a909480d7d5be/UnnamedAgent Invoked client OpenClawNet.Agent.ModelClientChatClientAdapter with message count: 2.&#xD;
info: OpenClawNet.Gateway.Services.ProviderResolver[0]&#xD;
      Resolved provider 'ollama-default' \u001a definition 'ollama-default' (type=ollama)&#xD;
info: OpenClawNet.Gateway.Services.RuntimeModelSettings[0]&#xD;
      Model provider changed to ollama&#xD;
info: OpenClawNet.Agent.AgentOrchestrator[0]&#xD;
      Processing agent request: SessionId=c0579e38-ac51-4e7f-8e2e-9ea2a91a90ae, Provider=ollama&#xD;
info: Microsoft.Agents.AI.ChatClientAgent[2113764234]&#xD;
      [RunAsync] Agent 9c745b6ad7e74c84ac271ef347db8a3a/UnnamedAgent Invoked client OpenClawNet.Agent.ModelClientChatClientAdapter with message count: 2.&#xD;
info: Microsoft.Hosting.Lifetime[0]&#xD;
      Application is shutting down...&#xD;
info: Microsoft.Hosting.Lifetime[0]&#xD;
      Application started. Press Ctrl+C to shut down.&#xD;
info: Microsoft.Hosting.Lifetime[0]&#xD;
      Hosting environment: Testing&#xD;
info: Microsoft.Hosting.Lifetime[0]&#xD;
      Content root path: C:\src\openclawnet-plan\src\OpenClawNet.Gateway&#xD;
info: Microsoft.Hosting.Lifetime[0]&#xD;
      Application is shutting down...&#xD;
info: OpenClawNet.Mcp.Core.InProcessMcpHost[0]&#xD;
      Stopped in-process MCP server 8f7d1c80-1111-4a11-8001-77627e620001.&#xD;
info: OpenClawNet.Mcp.Core.InProcessMcpHost[0]&#xD;
      Stopped in-process MCP server 8f7d1c80-1111-4a11-8001-77627e620002.&#xD;
info: OpenClawNet.Mcp.Core.InProcessMcpHost[0]&#xD;
      Stopped in-process MCP server 8f7d1c80-1111-4a11-8001-77627e620001.&#xD;
info: OpenClawNet.Mcp.Core.InProcessMcpHost[0]&#xD;
      Stopped in-process MCP server 8f7d1c80-1111-4a11-8001-77627e620002.&#xD;
info: OpenClawNet.Mcp.Core.InProcessMcpHost[0]&#xD;
      Stopped in-process MCP server 8f7d1c80-1111-4a11-8001-77627e620001.&#xD;
info: OpenClawNet.Mcp.Core.InProcessMcpHost[0]&#xD;
      Stopped in-process MCP server 8f7d1c80-1111-4a11-8001-77627e620002.&#xD;
info: OpenClawNet.Mcp.Core.InProcessMcpHost[0]&#xD;
      Stopped in-process MCP server 8f7d1c80-1111-4a11-8001-77627e620001.&#xD;
info: OpenClawNet.Mcp.Core.InProcessMcpHost[0]&#xD;
      Stopped in-process MCP server 8f7d1c80-1111-4a11-8001-77627e620002.&#xD;
info: OpenClawNet.Mcp.Core.InProcessMcpHost[0]&#xD;
      Stopped in-process MCP server 8f7d1c80-1111-4a11-8001-77627e620001.&#xD;
info: OpenClawNet.Mcp.Core.InProcessMcpHost[0]&#xD;
      Stopped in-process MCP server 8f7d1c80-1111-4a11-8001-77627e620002.&#xD;
info: OpenClawNet.Mcp.Core.InProcessMcpHost[0]&#xD;
      Stopped in-process MCP server 8f7d1c80-1111-4a11-8001-77627e620002.&#xD;
info: OpenClawNet.Mcp.Core.InProcessMcpHost[0]&#xD;
      Stopped in-process MCP server 8f7d1c80-1111-4a11-8001-77627e620001.&#xD;
info: OpenClawNet.Mcp.Core.InProcessMcpHost[0]&#xD;
      Stopped in-process MCP server 8f7d1c80-1111-4a11-8001-77627e620002.&#xD;
info: OpenClawNet.Mcp.Core.InProcessMcpHost[0]&#xD;
      Stopped in-process MCP server 8f7d1c80-1111-4a11-8001-77627e620001.&#xD;
info: OpenClawNet.Mcp.Core.InProcessMcpHost[0]&#xD;
      Stopped in-process MCP server 8f7d1c80-1111-4a11-8001-77627e620001.&#xD;
info: OpenClawNet.Mcp.Core.InProcessMcpHost[0]&#xD;
      Stopped in-process MCP server 8f7d1c80-1111-4a11-8001-77627e620002.&#xD;
info: OpenClawNet.Gateway.Services.OllamaWarmupService[0]&#xD;
      Warming up Ollama model (fake)...&#xD;
info: OpenClawNet.Gateway.Services.OllamaWarmupService[0]&#xD;
      Warming up Ollama model (fake-toolcall)...&#xD;
info: OpenClawNet.Gateway.Services.OllamaWarmupService[0]&#xD;
      Warming up Ollama model (fake)...&#xD;
info: OpenClawNet.Gateway.Services.OllamaWarmupService[0]&#xD;
      Ollama warmup complete - model is ready.&#xD;
info: OpenClawNet.Gateway.Services.OllamaWarmupService[0]&#xD;
      Ollama warmup complete - model is ready.&#xD;
info: OpenClawNet.Gateway.Services.OllamaWarmupService[0]&#xD;
      Ollama warmup complete - model is ready.&#xD;
info: OpenClawNet.Mcp.Core.InProcessMcpHost[0]&#xD;
      Stopped in-process MCP server 8f7d1c80-1111-4a11-8001-77627e620001.&#xD;
info: OpenClawNet.Mcp.Core.InProcessMcpHost[0]&#xD;
      Stopped in-process MCP server 8f7d1c80-1111-4a11-8001-77627e620002.&#xD;
info: OpenClawNet.Mcp.Core.InProcessMcpHost[0]&#xD;
      Stopped in-process MCP server 8f7d1c80-1111-4a11-8001-77627e620001.&#xD;
info: OpenClawNet.Mcp.Core.InProcessMcpHost[0]&#xD;
      Stopped in-process MCP server 8f7d1c80-1111-4a11-8001-77627e620002.&#xD;
info: OpenClawNet.Mcp.Core.InProcessMcpHost[0]&#xD;
      Stopped in-process MCP server 8f7d1c80-1111-4a11-8001-77627e620003.&#xD;
info: OpenClawNet.Mcp.Core.InProcessMcpHost[0]&#xD;
      Stopped in-process MCP server 8f7d1c80-1111-4a11-8001-77627e620004.&#xD;
info: OpenClawNet.Mcp.Core.InProcessMcpHost[0]&#xD;
      Stopped in-process MCP server 8f7d1c80-1111-4a11-8001-77627e620003.&#xD;
info: OpenClawNet.Mcp.Core.InProcessMcpHost[0]&#xD;
      Stopped in-process MCP server 8f7d1c80-1111-4a11-8001-77627e620003.&#xD;
info: OpenClawNet.Mcp.Core.InProcessMcpHost[0]&#xD;
      Stopped in-process MCP server 8f7d1c80-1111-4a11-8001-77627e620004.&#xD;
info: OpenClawNet.Mcp.Core.InProcessMcpHost[0]&#xD;
      Stopped in-process MCP server 8f7d1c80-1111-4a11-8001-77627e620004.&#xD;
info: OpenClawNet.Mcp.Core.InProcessMcpHost[0]&#xD;
      Stopped in-process MCP server 8f7d1c80-1111-4a11-8001-77627e620004.&#xD;
info: OpenClawNet.Mcp.Core.InProcessMcpHost[0]&#xD;
      Stopped in-process MCP server 8f7d1c80-1111-4a11-8001-77627e620003.&#xD;
info: OpenClawNet.Mcp.Core.InProcessMcpHost[0]&#xD;
      Stopped in-process MCP server 8f7d1c80-1111-4a11-8001-77627e620004.&#xD;
info: OpenClawNet.Mcp.Core.InProcessMcpHost[0]&#xD;
      Stopped in-process MCP server 8f7d1c80-1111-4a11-8001-77627e620003.&#xD;
info: OpenClawNet.Mcp.Core.InProcessMcpHost[0]&#xD;
      Stopped in-process MCP server 8f7d1c80-1111-4a11-8001-77627e620004.&#xD;
info: OpenClawNet.Mcp.Core.InProcessMcpHost[0]&#xD;
      Stopped in-process MCP server 8f7d1c80-1111-4a11-8001-77627e620003.&#xD;
info: OpenClawNet.Mcp.Core.InProcessMcpHost[0]&#xD;
      Stopped in-process MCP server 8f7d1c80-1111-4a11-8001-77627e620004.&#xD;
info: OpenClawNet.Mcp.Core.InProcessMcpHost[0]&#xD;
      Stopped in-process MCP server 8f7d1c80-1111-4a11-8001-77627e620003.&#xD;
info: OpenClawNet.Gateway.Services.RuntimeModelSettings[0]&#xD;
      RuntimeModelSettings initialised: Provider=ollama, Model=test&#xD;
info: OpenClawNet.Gateway.Services.RuntimeModelSettings[0]&#xD;
      RuntimeModelSettings initialised: Provider=ollama, Model=test&#xD;
info: ModelContextProtocol.Server.McpServer[570385771]&#xD;
      Server (web 1.0.0), Client (testhost 15.0.0.0) method 'tools/list' request handler called.&#xD;
info: ModelContextProtocol.Server.McpServer[570385771]&#xD;
      Server (web 1.0.0), Client (testhost 15.0.0.0) method 'tools/list' request handler called.&#xD;
info: ModelContextProtocol.Server.McpServer[1867955179]&#xD;
      Server (web 1.0.0), Client (testhost 15.0.0.0) method 'tools/list' request handler completed in 0.0738ms.&#xD;
info: ModelContextProtocol.Server.McpServer[1867955179]&#xD;
      Server (web 1.0.0), Client (testhost 15.0.0.0) method 'tools/list' request handler completed in 0.1267ms.&#xD;
info: ModelContextProtocol.Server.McpServer[570385771]&#xD;
      Server (shell 1.0.0), Client (testhost 15.0.0.0) method 'tools/list' request handler called.&#xD;
info: ModelContextProtocol.Server.McpServer[570385771]&#xD;
      Server (shell 1.0.0), Client (testhost 15.0.0.0) method 'tools/list' request handler called.&#xD;
info: ModelContextProtocol.Server.McpServer[1867955179]&#xD;
      Server (shell 1.0.0), Client (testhost 15.0.0.0) method 'tools/list' request handler completed in 0.0322ms.&#xD;
info: ModelContextProtocol.Server.McpServer[1867955179]&#xD;
      Server (shell 1.0.0), Client (testhost 15.0.0.0) method 'tools/list' request handler completed in 0.0437ms.&#xD;
info: ModelContextProtocol.Server.McpServer[570385771]&#xD;
      Server (browser 1.0.0), Client (testhost 15.0.0.0) method 'tools/list' request handler called.&#xD;
info: ModelContextProtocol.Server.McpServer[570385771]&#xD;
      Server (browser 1.0.0), Client (testhost 15.0.0.0) method 'tools/list' request handler called.&#xD;
info: ModelContextProtocol.Server.McpServer[1867955179]&#xD;
      Server (browser 1.0.0), Client (testhost 15.0.0.0) method 'tools/list' request handler completed in 0.0456ms.&#xD;
info: ModelContextProtocol.Server.McpServer[1867955179]&#xD;
      Server (browser 1.0.0), Client (testhost 15.0.0.0) method 'tools/list' request handler completed in 0.0275ms.&#xD;
info: ModelContextProtocol.Server.McpServer[570385771]&#xD;
      Server (filesystem 1.0.0), Client (testhost 15.0.0.0) method 'tools/list' request handler called.&#xD;
info: ModelContextProtocol.Server.McpServer[570385771]&#xD;
      Server (filesystem 1.0.0), Client (testhost 15.0.0.0) method 'tools/list' request handler called.&#xD;
info: ModelContextProtocol.Server.McpServer[1867955179]&#xD;
      Server (filesystem 1.0.0), Client (testhost 15.0.0.0) method 'tools/list' request handler completed in 0.0394ms.&#xD;
info: ModelContextProtocol.Server.McpServer[1867955179]&#xD;
      Server (filesystem 1.0.0), Client (testhost 15.0.0.0) method 'tools/list' request handler completed in 0.0277ms.&#xD;
info: OpenClawNet.Gateway.Hubs.ChatHub[0]&#xD;
      StreamChat invoked: SessionId=38c1a972-3044-4ee8-b52b-c44fd137e673, Model=default, MessageLength=4&#xD;
info: OpenClawNet.Gateway.Hubs.ChatHub[0]&#xD;
      StreamChat invoked: SessionId=23d2071c-9527-4482-9ba2-a935084c82f6, Model=default, MessageLength=18&#xD;
info: OpenClawNet.Agent.AgentOrchestrator[0]&#xD;
      Streaming agent request: SessionId=38c1a972-3044-4ee8-b52b-c44fd137e673&#xD;
info: OpenClawNet.Agent.AgentOrchestrator[0]&#xD;
      Streaming agent request: SessionId=23d2071c-9527-4482-9ba2-a935084c82f6&#xD;
info: OpenClawNet.Agent.DefaultAgentRuntime[0]&#xD;
      Starting streaming execution: InteractionId=1a996f9c-6fbd-4f31-94f4-348ca934e8d2, SessionId=38c1a972-3044-4ee8-b52b-c44fd137e673&#xD;
info: OpenClawNet.Agent.DefaultAgentRuntime[0]&#xD;
      Starting streaming execution: InteractionId=5fe3ea7f-274d-4bbe-b516-2a7da8930a18, SessionId=23d2071c-9527-4482-9ba2-a935084c82f6&#xD;
info: OpenClawNet.Mcp.Core.InProcessMcpHost[0]&#xD;
      Stopped in-process MCP server 8f7d1c80-1111-4a11-8001-77627e620004.&#xD;
info: OpenClawNet.Mcp.Core.InProcessMcpHost[0]&#xD;
      Stopped in-process MCP server 8f7d1c80-1111-4a11-8001-77627e620003.&#xD;
info: OpenClawNet.Gateway.Hubs.ChatHub[0]&#xD;
      StreamChat completed: SessionId=38c1a972-3044-4ee8-b52b-c44fd137e673, Events=3&#xD;
info: OpenClawNet.Gateway.Hubs.ChatHub[0]&#xD;
      StreamChat completed: SessionId=23d2071c-9527-4482-9ba2-a935084c82f6, Events=31&#xD;
info: OpenClawNet.Mcp.Core.InProcessMcpHost[0]&#xD;
      Stopped in-process MCP server 8f7d1c80-1111-4a11-8001-77627e620004.&#xD;
info: OpenClawNet.Mcp.Core.InProcessMcpHost[0]&#xD;
      Stopped in-process MCP server 8f7d1c80-1111-4a11-8001-77627e620003.&#xD;
info: OpenClawNet.Mcp.Core.InProcessMcpHost[0]&#xD;
      Stopped in-process MCP server 8f7d1c80-1111-4a11-8001-77627e620004.&#xD;
info: OpenClawNet.Mcp.Core.InProcessMcpHost[0]&#xD;
      Stopped in-process MCP server 8f7d1c80-1111-4a11-8001-77627e620003.&#xD;
info: Microsoft.Hosting.Lifetime[0]&#xD;
      Application is shutting down...&#xD;
info: OpenClawNet.Mcp.Core.InProcessMcpHost[0]&#xD;
      Stopped in-process MCP server 8f7d1c80-1111-4a11-8001-77627e620001.&#xD;
info: OpenClawNet.Mcp.Core.InProcessMcpHost[0]&#xD;
      Stopped in-process MCP server 8f7d1c80-1111-4a11-8001-77627e620002.&#xD;
info: OpenClawNet.Gateway.Hubs.ChatHub[0]&#xD;
      StreamChat invoked: SessionId=7e1b9c45-c375-46b7-98fa-835fdc06b5bb, Model=default, MessageLength=18&#xD;
info: OpenClawNet.Agent.AgentOrchestrator[0]&#xD;
      Streaming agent request: SessionId=7e1b9c45-c375-46b7-98fa-835fdc06b5bb&#xD;
info: OpenClawNet.Gateway.Hubs.ChatHub[0]&#xD;
      StreamChat invoked: SessionId=46e82355-b0cf-4b77-947b-f52bd698a08b, Model=default, MessageLength=2&#xD;
info: OpenClawNet.Agent.AgentOrchestrator[0]&#xD;
      Streaming agent request: SessionId=46e82355-b0cf-4b77-947b-f52bd698a08b&#xD;
info: OpenClawNet.Agent.DefaultAgentRuntime[0]&#xD;
      Starting streaming execution: InteractionId=d0043e63-6e6e-4b37-9173-40747caec192, SessionId=46e82355-b0cf-4b77-947b-f52bd698a08b&#xD;
info: OpenClawNet.Agent.DefaultAgentRuntime[0]&#xD;
      Starting streaming execution: InteractionId=7cc6b8b6-9d06-481a-b7c9-39e5fcfc83ba, SessionId=7e1b9c45-c375-46b7-98fa-835fdc06b5bb&#xD;
info: OpenClawNet.Gateway.Hubs.ChatHub[0]&#xD;
      StreamChat completed: SessionId=46e82355-b0cf-4b77-947b-f52bd698a08b, Events=3&#xD;
info: OpenClawNet.Gateway.Hubs.ChatHub[0]&#xD;
      StreamChat completed: SessionId=7e1b9c45-c375-46b7-98fa-835fdc06b5bb, Events=31&#xD;
info: OpenClawNet.Mcp.Core.InProcessMcpHost[0]&#xD;
      Stopped in-process MCP server 8f7d1c80-1111-4a11-8001-77627e620003.&#xD;
info: OpenClawNet.Mcp.Core.InProcessMcpHost[0]&#xD;
      Stopped in-process MCP server 8f7d1c80-1111-4a11-8001-77627e620004.&#xD;
info: OpenClawNet.Gateway.Hubs.ChatHub[0]&#xD;
      StreamChat invoked: SessionId=e0721430-7596-48fa-b6b0-50bc5bdab854, Model=default, MessageLength=18&#xD;
info: OpenClawNet.Agent.AgentOrchestrator[0]&#xD;
      Streaming agent request: SessionId=e0721430-7596-48fa-b6b0-50bc5bdab854&#xD;
info: OpenClawNet.Agent.DefaultAgentRuntime[0]&#xD;
      Starting streaming execution: InteractionId=79907c1f-0e39-48d0-bf15-c903b2bd8624, SessionId=e0721430-7596-48fa-b6b0-50bc5bdab854&#xD;
info: OpenClawNet.Gateway.Hubs.ChatHub[0]&#xD;
      StreamChat invoked: SessionId=ae03f828-9e50-4e60-ae0b-18515be10b15, Model=default, MessageLength=5&#xD;
info: OpenClawNet.Agent.AgentOrchestrator[0]&#xD;
      Streaming agent request: SessionId=ae03f828-9e50-4e60-ae0b-18515be10b15&#xD;
info: OpenClawNet.Agent.DefaultAgentRuntime[0]&#xD;
      Starting streaming execution: InteractionId=3c0a2493-6f84-450d-bad7-e2528e2001b3, SessionId=ae03f828-9e50-4e60-ae0b-18515be10b15&#xD;
info: OpenClawNet.Gateway.Hubs.ChatHub[0]&#xD;
      StreamChat completed: SessionId=ae03f828-9e50-4e60-ae0b-18515be10b15, Events=3&#xD;
info: OpenClawNet.Gateway.Hubs.ChatHub[0]&#xD;
      StreamChat completed: SessionId=e0721430-7596-48fa-b6b0-50bc5bdab854, Events=31&#xD;
info: Microsoft.Hosting.Lifetime[0]&#xD;
      Application is shutting down...&#xD;
info: OpenClawNet.Mcp.Core.InProcessMcpHost[0]&#xD;
      Stopped in-process MCP server 8f7d1c80-1111-4a11-8001-77627e620001.&#xD;
info: OpenClawNet.Mcp.Core.InProcessMcpHost[0]&#xD;
      Stopped in-process MCP server 8f7d1c80-1111-4a11-8001-77627e620002.&#xD;
info: OpenClawNet.Mcp.Core.InProcessMcpHost[0]&#xD;
      Stopped in-process MCP server 8f7d1c80-1111-4a11-8001-77627e620003.&#xD;
info: OpenClawNet.Mcp.Core.InProcessMcpHost[0]&#xD;
      Stopped in-process MCP server 8f7d1c80-1111-4a11-8001-77627e620004.&#xD;
info: OpenClawNet.Gateway.Hubs.ChatHub[0]&#xD;
      StreamChat invoked: SessionId=18dee779-6ae6-424d-a0d1-d10b9ef82709, Model=default, MessageLength=18&#xD;
info: OpenClawNet.Agent.AgentOrchestrator[0]&#xD;
      Streaming agent request: SessionId=18dee779-6ae6-424d-a0d1-d10b9ef82709&#xD;
info: OpenClawNet.Agent.DefaultAgentRuntime[0]&#xD;
      Starting streaming execution: InteractionId=a59ab7a2-07ef-4f06-9ba7-9a439c7e89d2, SessionId=18dee779-6ae6-424d-a0d1-d10b9ef82709&#xD;
info: OpenClawNet.Gateway.Hubs.ChatHub[0]&#xD;
      StreamChat completed: SessionId=18dee779-6ae6-424d-a0d1-d10b9ef82709, Events=31&#xD;
info: OpenClawNet.Gateway.Hubs.ChatHub[0]&#xD;
      StreamChat invoked: SessionId=d42ccf2c-1105-45ca-8312-5d6798555ab7, Model=default, MessageLength=18&#xD;
info: OpenClawNet.Agent.AgentOrchestrator[0]&#xD;
      Streaming agent request: SessionId=d42ccf2c-1105-45ca-8312-5d6798555ab7&#xD;
info: OpenClawNet.Agent.DefaultAgentRuntime[0]&#xD;
      Starting streaming execution: InteractionId=b4d10930-0a38-433c-906f-3a5c84af75fa, SessionId=d42ccf2c-1105-45ca-8312-5d6798555ab7&#xD;
info: OpenClawNet.Gateway.Hubs.ChatHub[0]&#xD;
      StreamChat completed: SessionId=d42ccf2c-1105-45ca-8312-5d6798555ab7, Events=31&#xD;
info: Microsoft.Hosting.Lifetime[0]&#xD;
      Application is shutting down...&#xD;
info: OpenClawNet.Mcp.Core.InProcessMcpHost[0]&#xD;
      Stopped in-process MCP server 8f7d1c80-1111-4a11-8001-77627e620001.&#xD;
info: OpenClawNet.Mcp.Core.InProcessMcpHost[0]&#xD;
      Stopped in-process MCP server 8f7d1c80-1111-4a11-8001-77627e620002.&#xD;
info: OpenClawNet.Mcp.Core.InProcessMcpHost[0]&#xD;
      Stopped in-process MCP server 8f7d1c80-1111-4a11-8001-77627e620004.&#xD;
info: OpenClawNet.Mcp.Core.InProcessMcpHost[0]&#xD;
      Stopped in-process MCP server 8f7d1c80-1111-4a11-8001-77627e620003.&#xD;
[xUnit.net 00:00:28.16]   Finished:    OpenClawNet.IntegrationTests&#xD;
</StdOut>
    </Output>
    <RunInfos>
      <RunInfo computerName="CPC-bruno-U7R9O" outcome="Warning" timestamp="2026-04-23T07:06:41.6371816-04:00">
        <Text>[xUnit.net 00:00:03.56]     OpenClawNet.IntegrationTests.Demos.WatchedFolderSummarizerLiveE2ETests.WatchedFolderTemplate_AcceptedByGateway_AndJobIsExecutable [SKIP]</Text>
      </RunInfo>
    </RunInfos>
  </ResultSummary>
</TestRun>