<?xml version="1.0" encoding="utf-8"?>
<TestRun id="c161f604-2205-4f8d-8b0d-56e1d4629ad2" name="brunocapuano@CPC-bruno-U7R9O 2026-04-23 07:07:25" runUser="NORTHAMERICA\brunocapuano" xmlns="http://microsoft.com/schemas/VisualStudio/TeamTest/2010">
  <Times creation="2026-04-23T07:07:25.2748726-04:00" queuing="2026-04-23T07:07:25.2748732-04:00" start="2026-04-23T07:07:21.6450202-04:00" finish="2026-04-23T07:09:30.2881736-04:00" />
  <TestSettings name="default" id="14f6d18a-40ca-4573-a123-d684d62c6c2d">
    <Deployment runDeploymentRoot="brunocapuano_CPC-bruno-U7R9O_2026-04-23_07_07_25" />
  </TestSettings>
  <Results>
    <UnitTestResult executionId="d66a6f97-442b-47a0-802a-85248e15bcbb" testId="87846d23-405a-3372-0807-babee989a98a" testName="OpenClawNet.UnitTests.Integration.LiveLlmTests.Ollama_StreamAsync_YieldsTokens" computerName="CPC-bruno-U7R9O" duration="00:00:02.8848376" startTime="2026-04-23T07:09:20.5803326-04:00" endTime="2026-04-23T07:09:23.4653168-04:00" testType="13cdc9d9-ddb5-4fa4-a97d-d965ccfc6d4b" outcome="Passed" testListId="8c84fa94-04c1-424b-9868-57a2d4851a1d" relativeResultsDirectory="d66a6f97-442b-47a0-802a-85248e15bcbb" />
    <UnitTestResult executionId="d6a7d673-2ca3-4025-a5f9-1339431f01a8" testId="1f26c548-c25c-b1ae-a87b-5ddc53b757e9" testName="OpenClawNet.UnitTests.Models.AzureOpenAILiveTests.StreamAsync_YieldsChunksAndCompletesSuccessfully" computerName="CPC-bruno-U7R9O" duration="00:00:02.2630587" startTime="2026-04-23T07:07:24.9196734-04:00" endTime="2026-04-23T07:07:27.1741709-04:00" testType="13cdc9d9-ddb5-4fa4-a97d-d965ccfc6d4b" outcome="Passed" testListId="8c84fa94-04c1-424b-9868-57a2d4851a1d" relativeResultsDirectory="d6a7d673-2ca3-4025-a5f9-1339431f01a8" />
    <UnitTestResult executionId="53eb86b0-3121-4f0e-9116-96a51ffbcde2" testId="179d2c08-2086-a946-9964-c5d985daf0a8" testName="OpenClawNet.UnitTests.Integration.LiveLlmTests.AzureOpenAI_CompleteAsync_ReturnsResponse" computerName="CPC-bruno-U7R9O" duration="00:00:03.4899986" startTime="2026-04-23T07:09:26.7184516-04:00" endTime="2026-04-23T07:09:30.2080401-04:00" testType="13cdc9d9-ddb5-4fa4-a97d-d965ccfc6d4b" outcome="Passed" testListId="8c84fa94-04c1-424b-9868-57a2d4851a1d" relativeResultsDirectory="53eb86b0-3121-4f0e-9116-96a51ffbcde2" />
    <UnitTestResult executionId="34c93a96-f4c6-40be-961b-c60ddc539899" testId="f1c17355-0402-9cd0-cfce-ee3a0ab3f558" testName="OpenClawNet.UnitTests.Integration.LiveLlmTests.Ollama_CompleteAsync_ReturnsResponse" computerName="CPC-bruno-U7R9O" duration="00:01:42.1960512" startTime="2026-04-23T07:07:22.6452387-04:00" endTime="2026-04-23T07:09:04.8569921-04:00" testType="13cdc9d9-ddb5-4fa4-a97d-d965ccfc6d4b" outcome="Failed" testListId="8c84fa94-04c1-424b-9868-57a2d4851a1d" relativeResultsDirectory="34c93a96-f4c6-40be-961b-c60ddc539899">
      <Output>
        <ErrorInfo>
          <Message>System.Threading.Tasks.TaskCanceledException : The request was canceled due to the configured HttpClient.Timeout of 100 seconds elapsing.&#xD;
---- System.TimeoutException : The operation was canceled.&#xD;
-------- System.Threading.Tasks.TaskCanceledException : The operation was canceled.&#xD;
------------ System.IO.IOException : Unable to read data from the transport connection: The I/O operation has been aborted because of either a thread exit or an application request..&#xD;
---------------- System.Net.Sockets.SocketException : The I/O operation has been aborted because of either a thread exit or an application request.</Message>
          <StackTrace>   at System.Net.Http.HttpClient.HandleFailure(Exception e, Boolean telemetryStarted, HttpResponseMessage response, CancellationTokenSource cts, CancellationToken cancellationToken, CancellationTokenSource pendingRequestsCts)&#xD;
   at System.Net.Http.HttpClient.&lt;SendAsync&gt;g__Core|83_0(HttpRequestMessage request, HttpCompletionOption completionOption, CancellationTokenSource cts, Boolean disposeCts, CancellationTokenSource pendingRequestsCts, CancellationToken originalCancellationToken)&#xD;
   at OpenClawNet.Models.Ollama.OllamaModelClient.CompleteAsync(ChatRequest request, CancellationToken cancellationToken) in C:\src\openclawnet-plan\src\OpenClawNet.Models.Ollama\OllamaModelClient.cs:line 40&#xD;
   at OpenClawNet.UnitTests.Integration.LiveLlmTests.Ollama_CompleteAsync_ReturnsResponse() in C:\src\openclawnet-plan\tests\OpenClawNet.UnitTests\Integration\LiveLlmTests.cs:line 51&#xD;
--- End of stack trace from previous location ---&#xD;
----- Inner Stack Trace -----&#xD;
&#xD;
----- Inner Stack Trace -----&#xD;
   at System.Net.Http.HttpConnection.SendAsync(HttpRequestMessage request, Boolean async, CancellationToken cancellationToken)&#xD;
   at System.Net.Http.HttpConnectionPool.SendWithVersionDetectionAndRetryAsync(HttpRequestMessage request, Boolean async, Boolean doRequestAuth, CancellationToken cancellationToken)&#xD;
   at System.Net.Http.RedirectHandler.SendAsync(HttpRequestMessage request, Boolean async, CancellationToken cancellationToken)&#xD;
   at System.Net.Http.HttpClient.&lt;SendAsync&gt;g__Core|83_0(HttpRequestMessage request, HttpCompletionOption completionOption, CancellationTokenSource cts, Boolean disposeCts, CancellationTokenSource pendingRequestsCts, CancellationToken originalCancellationToken)&#xD;
----- Inner Stack Trace -----&#xD;
   at System.Net.Sockets.Socket.AwaitableSocketAsyncEventArgs.ThrowException(SocketError error, CancellationToken cancellationToken)&#xD;
   at System.Net.Sockets.Socket.AwaitableSocketAsyncEventArgs.System.Threading.Tasks.Sources.IValueTaskSource&lt;System.Int32&gt;.GetResult(Int16 token)&#xD;
   at System.Net.Http.HttpConnection.SendAsync(HttpRequestMessage request, Boolean async, CancellationToken cancellationToken)&#xD;
----- Inner Stack Trace -----&#xD;
</StackTrace>
        </ErrorInfo>
      </Output>
    </UnitTestResult>
    <UnitTestResult executionId="2b53bcdb-647d-4cb5-86d4-c66db69376d2" testId="7e2c74b4-0192-3692-cca9-e91ebd6595d5" testName="OpenClawNet.UnitTests.Models.AzureOpenAILiveTests.StreamAsync_WithTools_YieldsToolCallChunk" computerName="CPC-bruno-U7R9O" duration="00:00:02.2543978" startTime="2026-04-23T07:07:22.6453116-04:00" endTime="2026-04-23T07:07:24.9079526-04:00" testType="13cdc9d9-ddb5-4fa4-a97d-d965ccfc6d4b" outcome="Passed" testListId="8c84fa94-04c1-424b-9868-57a2d4851a1d" relativeResultsDirectory="2b53bcdb-647d-4cb5-86d4-c66db69376d2" />
    <UnitTestResult executionId="c7df0761-8ada-4df4-a136-ec05a9ee069a" testId="76dc2353-aa44-2f5c-744b-e481416bc2ab" testName="OpenClawNet.UnitTests.Models.AzureOpenAILiveTests.IsAvailableAsync_ReturnsTrueWhenConfigured" computerName="CPC-bruno-U7R9O" duration="00:00:01.4477416" startTime="2026-04-23T07:07:29.5133279-04:00" endTime="2026-04-23T07:07:30.9611406-04:00" testType="13cdc9d9-ddb5-4fa4-a97d-d965ccfc6d4b" outcome="Passed" testListId="8c84fa94-04c1-424b-9868-57a2d4851a1d" relativeResultsDirectory="c7df0761-8ada-4df4-a136-ec05a9ee069a" />
    <UnitTestResult executionId="b000d28f-6e38-4ae2-975b-78ad502a026b" testId="2eb77de5-46b3-11b6-343b-8ab1df70edd2" testName="OpenClawNet.UnitTests.Integration.LiveLlmTests.Ollama_Pipeline_SendMessage_ReturnsStreamedContent" computerName="CPC-bruno-U7R9O" duration="00:00:13.2062455" startTime="2026-04-23T07:09:04.8641434-04:00" endTime="2026-04-23T07:09:18.0635052-04:00" testType="13cdc9d9-ddb5-4fa4-a97d-d965ccfc6d4b" outcome="Passed" testListId="8c84fa94-04c1-424b-9868-57a2d4851a1d" relativeResultsDirectory="b000d28f-6e38-4ae2-975b-78ad502a026b" />
    <UnitTestResult executionId="52f1e702-69b0-4533-929e-9f84fdb88c8b" testId="7dcfb46b-649a-3275-190d-a4d21774729e" testName="OpenClawNet.UnitTests.Integration.LiveLlmTests.AzureOpenAI_Pipeline_SendMessage_ReturnsStreamedContent" computerName="CPC-bruno-U7R9O" duration="00:00:03.2513754" startTime="2026-04-23T07:09:23.4661246-04:00" endTime="2026-04-23T07:09:26.7173381-04:00" testType="13cdc9d9-ddb5-4fa4-a97d-d965ccfc6d4b" outcome="Passed" testListId="8c84fa94-04c1-424b-9868-57a2d4851a1d" relativeResultsDirectory="52f1e702-69b0-4533-929e-9f84fdb88c8b" />
    <UnitTestResult executionId="2c63674e-0d8e-4baf-8f9a-90c63d2991de" testId="3d9f655e-9373-0b97-470d-4d4603fd0069" testName="OpenClawNet.UnitTests.Integration.LiveLlmTests.AzureOpenAI_StreamAsync_YieldsTokens" computerName="CPC-bruno-U7R9O" duration="00:00:02.5154991" startTime="2026-04-23T07:09:18.0643500-04:00" endTime="2026-04-23T07:09:20.5798084-04:00" testType="13cdc9d9-ddb5-4fa4-a97d-d965ccfc6d4b" outcome="Passed" testListId="8c84fa94-04c1-424b-9868-57a2d4851a1d" relativeResultsDirectory="2c63674e-0d8e-4baf-8f9a-90c63d2991de" />
    <UnitTestResult executionId="be7afd06-2ca0-454c-be8c-4e2eebf97f08" testId="455c434b-954c-cf2c-db2a-703d0a72e4e3" testName="OpenClawNet.UnitTests.Models.OllamaStreamingToolCallLiveTests.StreamAsync_WithTools_YieldsToolCallChunk" computerName="CPC-bruno-U7R9O" duration="00:01:42.2054455" startTime="2026-04-23T07:07:22.6430047-04:00" endTime="2026-04-23T07:09:04.8642217-04:00" testType="13cdc9d9-ddb5-4fa4-a97d-d965ccfc6d4b" outcome="Failed" testListId="8c84fa94-04c1-424b-9868-57a2d4851a1d" relativeResultsDirectory="be7afd06-2ca0-454c-be8c-4e2eebf97f08">
      <Output>
        <ErrorInfo>
          <Message>System.Threading.Tasks.TaskCanceledException : The request was canceled due to the configured HttpClient.Timeout of 100 seconds elapsing.&#xD;
---- System.TimeoutException : The operation was canceled.&#xD;
-------- System.Threading.Tasks.TaskCanceledException : The operation was canceled.&#xD;
------------ System.IO.IOException : Unable to read data from the transport connection: The I/O operation has been aborted because of either a thread exit or an application request..&#xD;
---------------- System.Net.Sockets.SocketException : The I/O operation has been aborted because of either a thread exit or an application request.</Message>
          <StackTrace>   at System.Net.Http.HttpClient.HandleFailure(Exception e, Boolean telemetryStarted, HttpResponseMessage response, CancellationTokenSource cts, CancellationToken cancellationToken, CancellationTokenSource pendingRequestsCts)&#xD;
   at System.Net.Http.HttpClient.&lt;SendAsync&gt;g__Core|83_0(HttpRequestMessage request, HttpCompletionOption completionOption, CancellationTokenSource cts, Boolean disposeCts, CancellationTokenSource pendingRequestsCts, CancellationToken originalCancellationToken)&#xD;
   at OpenClawNet.Models.Ollama.OllamaModelClient.StreamAsync(ChatRequest request, CancellationToken cancellationToken)+MoveNext() in C:\src\openclawnet-plan\src\OpenClawNet.Models.Ollama\OllamaModelClient.cs:line 60&#xD;
   at OpenClawNet.Models.Ollama.OllamaModelClient.StreamAsync(ChatRequest request, CancellationToken cancellationToken)+System.Threading.Tasks.Sources.IValueTaskSource&lt;System.Boolean&gt;.GetResult()&#xD;
   at OpenClawNet.UnitTests.Models.OllamaStreamingToolCallLiveTests.StreamAsync_WithTools_YieldsToolCallChunk() in C:\src\openclawnet-plan\tests\OpenClawNet.UnitTests\Models\OllamaStreamingToolCallLiveTests.cs:line 67&#xD;
   at OpenClawNet.UnitTests.Models.OllamaStreamingToolCallLiveTests.StreamAsync_WithTools_YieldsToolCallChunk() in C:\src\openclawnet-plan\tests\OpenClawNet.UnitTests\Models\OllamaStreamingToolCallLiveTests.cs:line 67&#xD;
--- End of stack trace from previous location ---&#xD;
----- Inner Stack Trace -----&#xD;
&#xD;
----- Inner Stack Trace -----&#xD;
   at System.Net.Http.HttpConnection.SendAsync(HttpRequestMessage request, Boolean async, CancellationToken cancellationToken)&#xD;
   at System.Net.Http.HttpConnectionPool.SendWithVersionDetectionAndRetryAsync(HttpRequestMessage request, Boolean async, Boolean doRequestAuth, CancellationToken cancellationToken)&#xD;
   at System.Net.Http.RedirectHandler.SendAsync(HttpRequestMessage request, Boolean async, CancellationToken cancellationToken)&#xD;
   at System.Net.Http.HttpClient.&lt;SendAsync&gt;g__Core|83_0(HttpRequestMessage request, HttpCompletionOption completionOption, CancellationTokenSource cts, Boolean disposeCts, CancellationTokenSource pendingRequestsCts, CancellationToken originalCancellationToken)&#xD;
----- Inner Stack Trace -----&#xD;
   at System.Net.Sockets.Socket.AwaitableSocketAsyncEventArgs.ThrowException(SocketError error, CancellationToken cancellationToken)&#xD;
   at System.Net.Sockets.Socket.AwaitableSocketAsyncEventArgs.System.Threading.Tasks.Sources.IValueTaskSource&lt;System.Int32&gt;.GetResult(Int16 token)&#xD;
   at System.Net.Http.HttpConnection.SendAsync(HttpRequestMessage request, Boolean async, CancellationToken cancellationToken)&#xD;
----- Inner Stack Trace -----&#xD;
</StackTrace>
        </ErrorInfo>
      </Output>
    </UnitTestResult>
    <UnitTestResult executionId="0a97faac-f673-4c7f-9670-d8b383a35830" testId="1552e680-2a54-f2da-8bde-a7cb3084b1da" testName="OpenClawNet.UnitTests.Models.AzureOpenAILiveTests.CompleteAsync_ReturnsNonEmptyResponse" computerName="CPC-bruno-U7R9O" duration="00:00:02.3379462" startTime="2026-04-23T07:07:27.1766799-04:00" endTime="2026-04-23T07:07:29.5126250-04:00" testType="13cdc9d9-ddb5-4fa4-a97d-d965ccfc6d4b" outcome="Passed" testListId="8c84fa94-04c1-424b-9868-57a2d4851a1d" relativeResultsDirectory="0a97faac-f673-4c7f-9670-d8b383a35830" />
  </Results>
  <TestDefinitions>
    <UnitTest name="OpenClawNet.UnitTests.Integration.LiveLlmTests.Ollama_StreamAsync_YieldsTokens" storage="c:\src\openclawnet-plan\tests\openclawnet.unittests\bin\debug\net10.0\openclawnet.unittests.dll" id="87846d23-405a-3372-0807-babee989a98a">
      <Execution id="d66a6f97-442b-47a0-802a-85248e15bcbb" />
      <TestMethod codeBase="C:\src\openclawnet-plan\tests\OpenClawNet.UnitTests\bin\Debug\net10.0\OpenClawNet.UnitTests.dll" adapterTypeName="executor://xunit/VsTestRunner3/netcore/" className="OpenClawNet.UnitTests.Integration.LiveLlmTests" name="Ollama_StreamAsync_YieldsTokens" />
    </UnitTest>
    <UnitTest name="OpenClawNet.UnitTests.Integration.LiveLlmTests.AzureOpenAI_Pipeline_SendMessage_ReturnsStreamedContent" storage="c:\src\openclawnet-plan\tests\openclawnet.unittests\bin\debug\net10.0\openclawnet.unittests.dll" id="7dcfb46b-649a-3275-190d-a4d21774729e">
      <Execution id="52f1e702-69b0-4533-929e-9f84fdb88c8b" />
      <TestMethod codeBase="C:\src\openclawnet-plan\tests\OpenClawNet.UnitTests\bin\Debug\net10.0\OpenClawNet.UnitTests.dll" adapterTypeName="executor://xunit/VsTestRunner3/netcore/" className="OpenClawNet.UnitTests.Integration.LiveLlmTests" name="AzureOpenAI_Pipeline_SendMessage_ReturnsStreamedContent" />
    </UnitTest>
    <UnitTest name="OpenClawNet.UnitTests.Integration.LiveLlmTests.AzureOpenAI_CompleteAsync_ReturnsResponse" storage="c:\src\openclawnet-plan\tests\openclawnet.unittests\bin\debug\net10.0\openclawnet.unittests.dll" id="179d2c08-2086-a946-9964-c5d985daf0a8">
      <Execution id="53eb86b0-3121-4f0e-9116-96a51ffbcde2" />
      <TestMethod codeBase="C:\src\openclawnet-plan\tests\OpenClawNet.UnitTests\bin\Debug\net10.0\OpenClawNet.UnitTests.dll" adapterTypeName="executor://xunit/VsTestRunner3/netcore/" className="OpenClawNet.UnitTests.Integration.LiveLlmTests" name="AzureOpenAI_CompleteAsync_ReturnsResponse" />
    </UnitTest>
    <UnitTest name="OpenClawNet.UnitTests.Models.OllamaStreamingToolCallLiveTests.StreamAsync_WithTools_YieldsToolCallChunk" storage="c:\src\openclawnet-plan\tests\openclawnet.unittests\bin\debug\net10.0\openclawnet.unittests.dll" id="455c434b-954c-cf2c-db2a-703d0a72e4e3">
      <Execution id="be7afd06-2ca0-454c-be8c-4e2eebf97f08" />
      <TestMethod codeBase="C:\src\openclawnet-plan\tests\OpenClawNet.UnitTests\bin\Debug\net10.0\OpenClawNet.UnitTests.dll" adapterTypeName="executor://xunit/VsTestRunner3/netcore/" className="OpenClawNet.UnitTests.Models.OllamaStreamingToolCallLiveTests" name="StreamAsync_WithTools_YieldsToolCallChunk" />
    </UnitTest>
    <UnitTest name="OpenClawNet.UnitTests.Models.AzureOpenAILiveTests.StreamAsync_YieldsChunksAndCompletesSuccessfully" storage="c:\src\openclawnet-plan\tests\openclawnet.unittests\bin\debug\net10.0\openclawnet.unittests.dll" id="1f26c548-c25c-b1ae-a87b-5ddc53b757e9">
      <Execution id="d6a7d673-2ca3-4025-a5f9-1339431f01a8" />
      <TestMethod codeBase="C:\src\openclawnet-plan\tests\OpenClawNet.UnitTests\bin\Debug\net10.0\OpenClawNet.UnitTests.dll" adapterTypeName="executor://xunit/VsTestRunner3/netcore/" className="OpenClawNet.UnitTests.Models.AzureOpenAILiveTests" name="StreamAsync_YieldsChunksAndCompletesSuccessfully" />
    </UnitTest>
    <UnitTest name="OpenClawNet.UnitTests.Integration.LiveLlmTests.Ollama_CompleteAsync_ReturnsResponse" storage="c:\src\openclawnet-plan\tests\openclawnet.unittests\bin\debug\net10.0\openclawnet.unittests.dll" id="f1c17355-0402-9cd0-cfce-ee3a0ab3f558">
      <Execution id="34c93a96-f4c6-40be-961b-c60ddc539899" />
      <TestMethod codeBase="C:\src\openclawnet-plan\tests\OpenClawNet.UnitTests\bin\Debug\net10.0\OpenClawNet.UnitTests.dll" adapterTypeName="executor://xunit/VsTestRunner3/netcore/" className="OpenClawNet.UnitTests.Integration.LiveLlmTests" name="Ollama_CompleteAsync_ReturnsResponse" />
    </UnitTest>
    <UnitTest name="OpenClawNet.UnitTests.Models.AzureOpenAILiveTests.IsAvailableAsync_ReturnsTrueWhenConfigured" storage="c:\src\openclawnet-plan\tests\openclawnet.unittests\bin\debug\net10.0\openclawnet.unittests.dll" id="76dc2353-aa44-2f5c-744b-e481416bc2ab">
      <Execution id="c7df0761-8ada-4df4-a136-ec05a9ee069a" />
      <TestMethod codeBase="C:\src\openclawnet-plan\tests\OpenClawNet.UnitTests\bin\Debug\net10.0\OpenClawNet.UnitTests.dll" adapterTypeName="executor://xunit/VsTestRunner3/netcore/" className="OpenClawNet.UnitTests.Models.AzureOpenAILiveTests" name="IsAvailableAsync_ReturnsTrueWhenConfigured" />
    </UnitTest>
    <UnitTest name="OpenClawNet.UnitTests.Integration.LiveLlmTests.Ollama_Pipeline_SendMessage_ReturnsStreamedContent" storage="c:\src\openclawnet-plan\tests\openclawnet.unittests\bin\debug\net10.0\openclawnet.unittests.dll" id="2eb77de5-46b3-11b6-343b-8ab1df70edd2">
      <Execution id="b000d28f-6e38-4ae2-975b-78ad502a026b" />
      <TestMethod codeBase="C:\src\openclawnet-plan\tests\OpenClawNet.UnitTests\bin\Debug\net10.0\OpenClawNet.UnitTests.dll" adapterTypeName="executor://xunit/VsTestRunner3/netcore/" className="OpenClawNet.UnitTests.Integration.LiveLlmTests" name="Ollama_Pipeline_SendMessage_ReturnsStreamedContent" />
    </UnitTest>
    <UnitTest name="OpenClawNet.UnitTests.Models.AzureOpenAILiveTests.CompleteAsync_ReturnsNonEmptyResponse" storage="c:\src\openclawnet-plan\tests\openclawnet.unittests\bin\debug\net10.0\openclawnet.unittests.dll" id="1552e680-2a54-f2da-8bde-a7cb3084b1da">
      <Execution id="0a97faac-f673-4c7f-9670-d8b383a35830" />
      <TestMethod codeBase="C:\src\openclawnet-plan\tests\OpenClawNet.UnitTests\bin\Debug\net10.0\OpenClawNet.UnitTests.dll" adapterTypeName="executor://xunit/VsTestRunner3/netcore/" className="OpenClawNet.UnitTests.Models.AzureOpenAILiveTests" name="CompleteAsync_ReturnsNonEmptyResponse" />
    </UnitTest>
    <UnitTest name="OpenClawNet.UnitTests.Integration.LiveLlmTests.AzureOpenAI_StreamAsync_YieldsTokens" storage="c:\src\openclawnet-plan\tests\openclawnet.unittests\bin\debug\net10.0\openclawnet.unittests.dll" id="3d9f655e-9373-0b97-470d-4d4603fd0069">
      <Execution id="2c63674e-0d8e-4baf-8f9a-90c63d2991de" />
      <TestMethod codeBase="C:\src\openclawnet-plan\tests\OpenClawNet.UnitTests\bin\Debug\net10.0\OpenClawNet.UnitTests.dll" adapterTypeName="executor://xunit/VsTestRunner3/netcore/" className="OpenClawNet.UnitTests.Integration.LiveLlmTests" name="AzureOpenAI_StreamAsync_YieldsTokens" />
    </UnitTest>
    <UnitTest name="OpenClawNet.UnitTests.Models.AzureOpenAILiveTests.StreamAsync_WithTools_YieldsToolCallChunk" storage="c:\src\openclawnet-plan\tests\openclawnet.unittests\bin\debug\net10.0\openclawnet.unittests.dll" id="7e2c74b4-0192-3692-cca9-e91ebd6595d5">
      <Execution id="2b53bcdb-647d-4cb5-86d4-c66db69376d2" />
      <TestMethod codeBase="C:\src\openclawnet-plan\tests\OpenClawNet.UnitTests\bin\Debug\net10.0\OpenClawNet.UnitTests.dll" adapterTypeName="executor://xunit/VsTestRunner3/netcore/" className="OpenClawNet.UnitTests.Models.AzureOpenAILiveTests" name="StreamAsync_WithTools_YieldsToolCallChunk" />
    </UnitTest>
  </TestDefinitions>
  <TestEntries>
    <TestEntry testId="87846d23-405a-3372-0807-babee989a98a" executionId="d66a6f97-442b-47a0-802a-85248e15bcbb" testListId="8c84fa94-04c1-424b-9868-57a2d4851a1d" />
    <TestEntry testId="1f26c548-c25c-b1ae-a87b-5ddc53b757e9" executionId="d6a7d673-2ca3-4025-a5f9-1339431f01a8" testListId="8c84fa94-04c1-424b-9868-57a2d4851a1d" />
    <TestEntry testId="179d2c08-2086-a946-9964-c5d985daf0a8" executionId="53eb86b0-3121-4f0e-9116-96a51ffbcde2" testListId="8c84fa94-04c1-424b-9868-57a2d4851a1d" />
    <TestEntry testId="f1c17355-0402-9cd0-cfce-ee3a0ab3f558" executionId="34c93a96-f4c6-40be-961b-c60ddc539899" testListId="8c84fa94-04c1-424b-9868-57a2d4851a1d" />
    <TestEntry testId="7e2c74b4-0192-3692-cca9-e91ebd6595d5" executionId="2b53bcdb-647d-4cb5-86d4-c66db69376d2" testListId="8c84fa94-04c1-424b-9868-57a2d4851a1d" />
    <TestEntry testId="76dc2353-aa44-2f5c-744b-e481416bc2ab" executionId="c7df0761-8ada-4df4-a136-ec05a9ee069a" testListId="8c84fa94-04c1-424b-9868-57a2d4851a1d" />
    <TestEntry testId="2eb77de5-46b3-11b6-343b-8ab1df70edd2" executionId="b000d28f-6e38-4ae2-975b-78ad502a026b" testListId="8c84fa94-04c1-424b-9868-57a2d4851a1d" />
    <TestEntry testId="7dcfb46b-649a-3275-190d-a4d21774729e" executionId="52f1e702-69b0-4533-929e-9f84fdb88c8b" testListId="8c84fa94-04c1-424b-9868-57a2d4851a1d" />
    <TestEntry testId="3d9f655e-9373-0b97-470d-4d4603fd0069" executionId="2c63674e-0d8e-4baf-8f9a-90c63d2991de" testListId="8c84fa94-04c1-424b-9868-57a2d4851a1d" />
    <TestEntry testId="455c434b-954c-cf2c-db2a-703d0a72e4e3" executionId="be7afd06-2ca0-454c-be8c-4e2eebf97f08" testListId="8c84fa94-04c1-424b-9868-57a2d4851a1d" />
    <TestEntry testId="1552e680-2a54-f2da-8bde-a7cb3084b1da" executionId="0a97faac-f673-4c7f-9670-d8b383a35830" testListId="8c84fa94-04c1-424b-9868-57a2d4851a1d" />
  </TestEntries>
  <TestLists>
    <TestList name="Results Not in a List" id="8c84fa94-04c1-424b-9868-57a2d4851a1d" />
    <TestList name="All Loaded Results" id="19431567-8539-422a-85d7-44ee4e166bda" />
  </TestLists>
  <ResultSummary outcome="Failed">
    <Counters total="11" executed="11" passed="9" failed="2" error="0" timeout="0" aborted="0" inconclusive="0" passedButRunAborted="0" notRunnable="0" notExecuted="0" disconnected="0" warning="0" completed="0" inProgress="0" pending="0" />
    <Output>
      <StdOut>[xUnit.net 00:00:00.00] xUnit.net VSTest Adapter v3.1.5+1b188a7b0a (64-bit .NET 10.0.6)&#xD;
[xUnit.net 00:00:00.13]   Discovering: OpenClawNet.UnitTests&#xD;
[xUnit.net 00:00:00.26]   Discovered:  OpenClawNet.UnitTests&#xD;
[xUnit.net 00:00:00.30]   Starting:    OpenClawNet.UnitTests&#xD;
     Warning:&#xD;
     The component "Fluent Assertions" is governed by the rules defined in the Xceed License Agreement and&#xD;
     the Xceed Fluent Assertions Community License. You may use Fluent Assertions free of charge for&#xD;
     non-commercial use only. An active subscription is required to use Fluent Assertions for commercial use.&#xD;
     Please contact Xceed Sales mailto:sales@xceed.com to acquire a subscription at a very low cost.&#xD;
     A paid commercial license supports the development and continued increasing support of&#xD;
     Fluent Assertions users under both commercial and community licenses. Help us&#xD;
     keep Fluent Assertions at the forefront of unit testing.&#xD;
     For more information, visit https://xceed.com/products/unit-testing/fluent-assertions/&#xD;
[xUnit.net 00:01:42.55]       System.Threading.Tasks.TaskCanceledException : The request was canceled due to the configured HttpClient.Timeout of 100 seconds elapsing.&#xD;
[xUnit.net 00:01:42.55]       ---- System.TimeoutException : The operation was canceled.&#xD;
[xUnit.net 00:01:42.55]       -------- System.Threading.Tasks.TaskCanceledException : The operation was canceled.&#xD;
[xUnit.net 00:01:42.55]       ------------ System.IO.IOException : Unable to read data from the transport connection: The I/O operation has been aborted because of either a thread exit or an application request..&#xD;
[xUnit.net 00:01:42.55]       ---------------- System.Net.Sockets.SocketException : The I/O operation has been aborted because of either a thread exit or an application request.&#xD;
[xUnit.net 00:01:42.55]       Stack Trace:&#xD;
[xUnit.net 00:01:42.55]            at System.Net.Http.HttpClient.HandleFailure(Exception e, Boolean telemetryStarted, HttpResponseMessage response, CancellationTokenSource cts, CancellationToken cancellationToken, CancellationTokenSource pendingRequestsCts)&#xD;
[xUnit.net 00:01:42.55]            at System.Net.Http.HttpClient.&lt;SendAsync&gt;g__Core|83_0(HttpRequestMessage request, HttpCompletionOption completionOption, CancellationTokenSource cts, Boolean disposeCts, CancellationTokenSource pendingRequestsCts, CancellationToken originalCancellationToken)&#xD;
[xUnit.net 00:01:42.55]         C:\src\openclawnet-plan\src\OpenClawNet.Models.Ollama\OllamaModelClient.cs(40,0): at OpenClawNet.Models.Ollama.OllamaModelClient.CompleteAsync(ChatRequest request, CancellationToken cancellationToken)&#xD;
[xUnit.net 00:01:42.55]         C:\src\openclawnet-plan\tests\OpenClawNet.UnitTests\Integration\LiveLlmTests.cs(51,0): at OpenClawNet.UnitTests.Integration.LiveLlmTests.Ollama_CompleteAsync_ReturnsResponse()&#xD;
[xUnit.net 00:01:42.55]         --- End of stack trace from previous location ---&#xD;
[xUnit.net 00:01:42.55]         ----- Inner Stack Trace -----&#xD;
[xUnit.net 00:01:42.55]         &#xD;
[xUnit.net 00:01:42.55]         ----- Inner Stack Trace -----&#xD;
[xUnit.net 00:01:42.55]            at System.Net.Http.HttpConnection.SendAsync(HttpRequestMessage request, Boolean async, CancellationToken cancellationToken)&#xD;
[xUnit.net 00:01:42.55]            at System.Net.Http.HttpConnectionPool.SendWithVersionDetectionAndRetryAsync(HttpRequestMessage request, Boolean async, Boolean doRequestAuth, CancellationToken cancellationToken)&#xD;
[xUnit.net 00:01:42.55]            at System.Net.Http.RedirectHandler.SendAsync(HttpRequestMessage request, Boolean async, CancellationToken cancellationToken)&#xD;
[xUnit.net 00:01:42.55]            at System.Net.Http.HttpClient.&lt;SendAsync&gt;g__Core|83_0(HttpRequestMessage request, HttpCompletionOption completionOption, CancellationTokenSource cts, Boolean disposeCts, CancellationTokenSource pendingRequestsCts, CancellationToken originalCancellationToken)&#xD;
[xUnit.net 00:01:42.55]         ----- Inner Stack Trace -----&#xD;
[xUnit.net 00:01:42.55]            at System.Net.Sockets.Socket.AwaitableSocketAsyncEventArgs.ThrowException(SocketError error, CancellationToken cancellationToken)&#xD;
[xUnit.net 00:01:42.55]            at System.Net.Sockets.Socket.AwaitableSocketAsyncEventArgs.System.Threading.Tasks.Sources.IValueTaskSource&lt;System.Int32&gt;.GetResult(Int16 token)&#xD;
[xUnit.net 00:01:42.55]            at System.Net.Http.HttpConnection.SendAsync(HttpRequestMessage request, Boolean async, CancellationToken cancellationToken)&#xD;
[xUnit.net 00:01:42.55]         ----- Inner Stack Trace -----&#xD;
[xUnit.net 00:01:42.55]         &#xD;
[xUnit.net 00:01:42.55]       System.Threading.Tasks.TaskCanceledException : The request was canceled due to the configured HttpClient.Timeout of 100 seconds elapsing.&#xD;
[xUnit.net 00:01:42.55]       ---- System.TimeoutException : The operation was canceled.&#xD;
[xUnit.net 00:01:42.55]       -------- System.Threading.Tasks.TaskCanceledException : The operation was canceled.&#xD;
[xUnit.net 00:01:42.55]       ------------ System.IO.IOException : Unable to read data from the transport connection: The I/O operation has been aborted because of either a thread exit or an application request..&#xD;
[xUnit.net 00:01:42.55]       ---------------- System.Net.Sockets.SocketException : The I/O operation has been aborted because of either a thread exit or an application request.&#xD;
[xUnit.net 00:01:42.55]       Stack Trace:&#xD;
[xUnit.net 00:01:42.55]            at System.Net.Http.HttpClient.HandleFailure(Exception e, Boolean telemetryStarted, HttpResponseMessage response, CancellationTokenSource cts, CancellationToken cancellationToken, CancellationTokenSource pendingRequestsCts)&#xD;
[xUnit.net 00:01:42.55]            at System.Net.Http.HttpClient.&lt;SendAsync&gt;g__Core|83_0(HttpRequestMessage request, HttpCompletionOption completionOption, CancellationTokenSource cts, Boolean disposeCts, CancellationTokenSource pendingRequestsCts, CancellationToken originalCancellationToken)&#xD;
[xUnit.net 00:01:42.55]         C:\src\openclawnet-plan\src\OpenClawNet.Models.Ollama\OllamaModelClient.cs(60,0): at OpenClawNet.Models.Ollama.OllamaModelClient.StreamAsync(ChatRequest request, CancellationToken cancellationToken)+MoveNext()&#xD;
[xUnit.net 00:01:42.55]            at OpenClawNet.Models.Ollama.OllamaModelClient.StreamAsync(ChatRequest request, CancellationToken cancellationToken)+System.Threading.Tasks.Sources.IValueTaskSource&lt;System.Boolean&gt;.GetResult()&#xD;
[xUnit.net 00:01:42.55]         C:\src\openclawnet-plan\tests\OpenClawNet.UnitTests\Models\OllamaStreamingToolCallLiveTests.cs(67,0): at OpenClawNet.UnitTests.Models.OllamaStreamingToolCallLiveTests.StreamAsync_WithTools_YieldsToolCallChunk()&#xD;
[xUnit.net 00:01:42.55]         C:\src\openclawnet-plan\tests\OpenClawNet.UnitTests\Models\OllamaStreamingToolCallLiveTests.cs(67,0): at OpenClawNet.UnitTests.Models.OllamaStreamingToolCallLiveTests.StreamAsync_WithTools_YieldsToolCallChunk()&#xD;
[xUnit.net 00:01:42.55]         --- End of stack trace from previous location ---&#xD;
[xUnit.net 00:01:42.55]         ----- Inner Stack Trace -----&#xD;
[xUnit.net 00:01:42.55]         &#xD;
[xUnit.net 00:01:42.55]         ----- Inner Stack Trace -----&#xD;
[xUnit.net 00:01:42.55]            at System.Net.Http.HttpConnection.SendAsync(HttpRequestMessage request, Boolean async, CancellationToken cancellationToken)&#xD;
[xUnit.net 00:01:42.55]            at System.Net.Http.HttpConnectionPool.SendWithVersionDetectionAndRetryAsync(HttpRequestMessage request, Boolean async, Boolean doRequestAuth, CancellationToken cancellationToken)&#xD;
[xUnit.net 00:01:42.55]            at System.Net.Http.RedirectHandler.SendAsync(HttpRequestMessage request, Boolean async, CancellationToken cancellationToken)&#xD;
[xUnit.net 00:01:42.55]            at System.Net.Http.HttpClient.&lt;SendAsync&gt;g__Core|83_0(HttpRequestMessage request, HttpCompletionOption completionOption, CancellationTokenSource cts, Boolean disposeCts, CancellationTokenSource pendingRequestsCts, CancellationToken originalCancellationToken)&#xD;
[xUnit.net 00:01:42.55]         ----- Inner Stack Trace -----&#xD;
[xUnit.net 00:01:42.55]            at System.Net.Sockets.Socket.AwaitableSocketAsyncEventArgs.ThrowException(SocketError error, CancellationToken cancellationToken)&#xD;
[xUnit.net 00:01:42.55]            at System.Net.Sockets.Socket.AwaitableSocketAsyncEventArgs.System.Threading.Tasks.Sources.IValueTaskSource&lt;System.Int32&gt;.GetResult(Int16 token)&#xD;
[xUnit.net 00:01:42.55]            at System.Net.Http.HttpConnection.SendAsync(HttpRequestMessage request, Boolean async, CancellationToken cancellationToken)&#xD;
[xUnit.net 00:01:42.55]         ----- Inner Stack Trace -----&#xD;
[xUnit.net 00:01:42.55]         &#xD;
[xUnit.net 00:02:07.90]   Finished:    OpenClawNet.UnitTests&#xD;
</StdOut>
    </Output>
    <RunInfos>
      <RunInfo computerName="CPC-bruno-U7R9O" outcome="Error" timestamp="2026-04-23T07:09:04.8605162-04:00">
        <Text>[xUnit.net 00:01:42.55]     OpenClawNet.UnitTests.Integration.LiveLlmTests.Ollama_CompleteAsync_ReturnsResponse [FAIL]</Text>
      </RunInfo>
      <RunInfo computerName="CPC-bruno-U7R9O" outcome="Error" timestamp="2026-04-23T07:09:04.8664034-04:00">
        <Text>[xUnit.net 00:01:42.55]     OpenClawNet.UnitTests.Models.OllamaStreamingToolCallLiveTests.StreamAsync_WithTools_YieldsToolCallChunk [FAIL]</Text>
      </RunInfo>
    </RunInfos>
  </ResultSummary>
</TestRun>