<?xml version="1.0" encoding="utf-8"?>
<TestRun id="79cee84a-3a77-419c-8c9d-321d48525c4e" name="brunocapuano@CPC-bruno-U7R9O 2026-04-14 11:07:05" runUser="NORTHAMERICA\brunocapuano" xmlns="http://microsoft.com/schemas/VisualStudio/TeamTest/2010">
  <Times creation="2026-04-14T11:07:05.9660683-04:00" queuing="2026-04-14T11:07:05.9660688-04:00" start="2026-04-14T11:06:49.7734445-04:00" finish="2026-04-14T11:10:39.4698221-04:00" />
  <TestSettings name="default" id="18b747b0-087a-4407-bdb4-0d8a339df4b4">
    <Deployment runDeploymentRoot="brunocapuano_CPC-bruno-U7R9O_2026-04-14_11_07_05" />
  </TestSettings>
  <Results>
    <UnitTestResult executionId="4b92a1d6-c9aa-4330-9b90-12a251ea3f2f" testId="656d65c0-1f8b-be04-2462-02c403d06a5a" testName="OpenClawNet.PlaywrightTests.BlazorNavigationTests.ClickNavLink_NavigatesToCorrectPage(menuLabel: &quot;Settings&quot;, expectedPath: &quot;/settings&quot;)" computerName="CPC-bruno-U7R9O" duration="00:00:00.7413973" startTime="2026-04-14T11:10:11.6861264-04:00" endTime="2026-04-14T11:10:12.5102532-04:00" testType="13cdc9d9-ddb5-4fa4-a97d-d965ccfc6d4b" outcome="Passed" testListId="8c84fa94-04c1-424b-9868-57a2d4851a1d" relativeResultsDirectory="4b92a1d6-c9aa-4330-9b90-12a251ea3f2f" />
    <UnitTestResult executionId="e3cc0133-a681-49fd-a127-106442991a19" testId="dd53ce44-0998-f0de-e1e5-9191f55117da" testName="OpenClawNet.PlaywrightTests.GatewayApiTests.SignalR_ChatHub_EndpointIsReachable" computerName="CPC-bruno-U7R9O" duration="00:00:00.0134221" startTime="2026-04-14T11:07:55.6922101-04:00" endTime="2026-04-14T11:07:55.7062262-04:00" testType="13cdc9d9-ddb5-4fa4-a97d-d965ccfc6d4b" outcome="Passed" testListId="8c84fa94-04c1-424b-9868-57a2d4851a1d" relativeResultsDirectory="e3cc0133-a681-49fd-a127-106442991a19" />
    <UnitTestResult executionId="33949915-f2b8-41da-b645-9ee37febfc1a" testId="8c6f70ff-5227-be64-c665-3d493a26c6f6" testName="OpenClawNet.PlaywrightTests.SettingsAndSkillsTests.SettingsPage_GatewaySettingsApi_ReturnsCurrentSettings" computerName="CPC-bruno-U7R9O" duration="00:00:00.0292545" startTime="2026-04-14T11:07:05.9508348-04:00" endTime="2026-04-14T11:07:06.0406953-04:00" testType="13cdc9d9-ddb5-4fa4-a97d-d965ccfc6d4b" outcome="Passed" testListId="8c84fa94-04c1-424b-9868-57a2d4851a1d" relativeResultsDirectory="33949915-f2b8-41da-b645-9ee37febfc1a" />
    <UnitTestResult executionId="047e1801-be62-4acb-a973-7e492be59f96" testId="cc2ae56d-a1c9-7f77-345e-3fb5f1f4a3ea" testName="OpenClawNet.PlaywrightTests.SettingsAndSkillsTests.SettingsPage_Loads_ShowsProviderSelector" computerName="CPC-bruno-U7R9O" duration="00:00:00.6972404" startTime="2026-04-14T11:07:06.0425839-04:00" endTime="2026-04-14T11:07:06.8159788-04:00" testType="13cdc9d9-ddb5-4fa4-a97d-d965ccfc6d4b" outcome="Passed" testListId="8c84fa94-04c1-424b-9868-57a2d4851a1d" relativeResultsDirectory="047e1801-be62-4acb-a973-7e492be59f96" />
    <UnitTestResult executionId="f59acc1f-c1d7-4ded-8b4d-f5387dcb638c" testId="2f23a1ec-bdee-040a-02e0-a090799cafec" testName="OpenClawNet.PlaywrightTests.GatewayApiTests.Version_GetEndpoint_ReturnsVersionInfo" computerName="CPC-bruno-U7R9O" duration="00:00:00.0083197" startTime="2026-04-14T11:07:55.7151788-04:00" endTime="2026-04-14T11:07:55.7241257-04:00" testType="13cdc9d9-ddb5-4fa4-a97d-d965ccfc6d4b" outcome="Passed" testListId="8c84fa94-04c1-424b-9868-57a2d4851a1d" relativeResultsDirectory="f59acc1f-c1d7-4ded-8b4d-f5387dcb638c" />
    <UnitTestResult executionId="62797395-ce61-4b45-adf1-b6233b74d7ee" testId="05850bc9-065b-3e45-3f2c-51f73f4ceaa2" testName="OpenClawNet.PlaywrightTests.BlazorNavigationTests.ClickNavLink_NavigatesToCorrectPage(menuLabel: &quot;Chat&quot;, expectedPath: &quot;/&quot;)" computerName="CPC-bruno-U7R9O" duration="00:00:00.7278777" startTime="2026-04-14T11:10:12.5104147-04:00" endTime="2026-04-14T11:10:13.3251527-04:00" testType="13cdc9d9-ddb5-4fa4-a97d-d965ccfc6d4b" outcome="Passed" testListId="8c84fa94-04c1-424b-9868-57a2d4851a1d" relativeResultsDirectory="62797395-ce61-4b45-adf1-b6233b74d7ee" />
    <UnitTestResult executionId="441f28bc-d110-4a8a-a9b8-3b100262604e" testId="18de8cab-fe8f-8dc4-0e54-06deb643ca13" testName="OpenClawNet.PlaywrightTests.GatewayApiTests.Chat_FileQuestion_TriggersToolUse" computerName="CPC-bruno-U7R9O" duration="00:01:12.9242854" startTime="2026-04-14T11:07:55.7243147-04:00" endTime="2026-04-14T11:09:08.6488868-04:00" testType="13cdc9d9-ddb5-4fa4-a97d-d965ccfc6d4b" outcome="Passed" testListId="8c84fa94-04c1-424b-9868-57a2d4851a1d" relativeResultsDirectory="441f28bc-d110-4a8a-a9b8-3b100262604e" />
    <UnitTestResult executionId="e09500d9-fb6a-44f2-a41c-3baa8ade1450" testId="c0efca36-ae7b-32a1-2ee4-021fff69c239" testName="OpenClawNet.PlaywrightTests.BlazorNavigationTests.ClickNavLink_NavigatesToCorrectPage(menuLabel: &quot;Jobs&quot;, expectedPath: &quot;/jobs&quot;)" computerName="CPC-bruno-U7R9O" duration="00:00:00.7467401" startTime="2026-04-14T11:10:09.2070755-04:00" endTime="2026-04-14T11:10:10.0503787-04:00" testType="13cdc9d9-ddb5-4fa4-a97d-d965ccfc6d4b" outcome="Passed" testListId="8c84fa94-04c1-424b-9868-57a2d4851a1d" relativeResultsDirectory="e09500d9-fb6a-44f2-a41c-3baa8ade1450" />
    <UnitTestResult executionId="8675c0fe-87f9-4cad-a701-526b7a435a1f" testId="0a943528-492b-541d-fbfe-1e86d12c9a53" testName="OpenClawNet.PlaywrightTests.BlazorNavigationTests.NavigateTo_Page_RendersWithoutError(path: &quot;/sessions&quot;, expectedTitleFragment: &quot;Sessions&quot;)" computerName="CPC-bruno-U7R9O" duration="00:00:00.6352155" startTime="2026-04-14T11:10:22.8892544-04:00" endTime="2026-04-14T11:10:23.5888982-04:00" testType="13cdc9d9-ddb5-4fa4-a97d-d965ccfc6d4b" outcome="Passed" testListId="8c84fa94-04c1-424b-9868-57a2d4851a1d" relativeResultsDirectory="8675c0fe-87f9-4cad-a701-526b7a435a1f" />
    <UnitTestResult executionId="1f81e6ba-e2e5-4ae5-bd61-189f19b26cd0" testId="b3c8c01e-cc78-cd14-6d63-2b9c38eabaa8" testName="OpenClawNet.PlaywrightTests.BlazorNavigationTests.NavigateTo_Page_RendersWithoutError(path: &quot;/skills&quot;, expectedTitleFragment: &quot;Skills&quot;)" computerName="CPC-bruno-U7R9O" duration="00:00:00.6851897" startTime="2026-04-14T11:10:17.2976200-04:00" endTime="2026-04-14T11:10:18.0726624-04:00" testType="13cdc9d9-ddb5-4fa4-a97d-d965ccfc6d4b" outcome="Passed" testListId="8c84fa94-04c1-424b-9868-57a2d4851a1d" relativeResultsDirectory="1f81e6ba-e2e5-4ae5-bd61-189f19b26cd0" />
    <UnitTestResult executionId="97edcc0a-a560-4ab6-b208-9ec954882511" testId="9f767c9e-5205-cd5a-1c1e-b21843843ab8" testName="OpenClawNet.PlaywrightTests.BlazorNavigationTests.NavigateTo_Page_RendersWithoutError(path: &quot;/jobs&quot;, expectedTitleFragment: &quot;Jobs&quot;)" computerName="CPC-bruno-U7R9O" duration="00:00:00.6054411" startTime="2026-04-14T11:10:21.5179117-04:00" endTime="2026-04-14T11:10:22.1836489-04:00" testType="13cdc9d9-ddb5-4fa4-a97d-d965ccfc6d4b" outcome="Passed" testListId="8c84fa94-04c1-424b-9868-57a2d4851a1d" relativeResultsDirectory="97edcc0a-a560-4ab6-b208-9ec954882511" />
    <UnitTestResult executionId="2a5880b1-f0dd-4272-be3d-12248487f075" testId="7fd1090b-b167-0aaf-3066-daaf9326f3c3" testName="OpenClawNet.PlaywrightTests.BlazorNavigationTests.NavigateTo_Page_RendersWithoutError(path: &quot;/health&quot;, expectedTitleFragment: &quot;Health&quot;)" computerName="CPC-bruno-U7R9O" duration="00:00:02.6676850" startTime="2026-04-14T11:10:18.7855487-04:00" endTime="2026-04-14T11:10:21.5172930-04:00" testType="13cdc9d9-ddb5-4fa4-a97d-d965ccfc6d4b" outcome="Passed" testListId="8c84fa94-04c1-424b-9868-57a2d4851a1d" relativeResultsDirectory="2a5880b1-f0dd-4272-be3d-12248487f075" />
    <UnitTestResult executionId="3b6672fc-5c1d-4d95-8871-8aa80b450b8c" testId="959a67af-80e8-a297-2a75-931a48b66206" testName="OpenClawNet.PlaywrightTests.ChatFlowTests.Chat_AfterSendingMessage_SessionAppearsInSessionsPanel" computerName="CPC-bruno-U7R9O" duration="00:00:00.6600087" startTime="2026-04-14T11:10:07.5659802-04:00" endTime="2026-04-14T11:10:08.2948362-04:00" testType="13cdc9d9-ddb5-4fa4-a97d-d965ccfc6d4b" outcome="Passed" testListId="8c84fa94-04c1-424b-9868-57a2d4851a1d" relativeResultsDirectory="3b6672fc-5c1d-4d95-8871-8aa80b450b8c" />
    <UnitTestResult executionId="0905c70c-9e60-477b-abd2-30bbfeca55ca" testId="a4254811-e835-571b-0e8a-a812a54a5f1b" testName="OpenClawNet.PlaywrightTests.GatewayApiTests.MultiTurn_CreateChatRenameDelete_FullLifecycle" computerName="CPC-bruno-U7R9O" duration="00:00:48.8409457" startTime="2026-04-14T11:07:06.8195583-04:00" endTime="2026-04-14T11:07:55.6606862-04:00" testType="13cdc9d9-ddb5-4fa4-a97d-d965ccfc6d4b" outcome="Passed" testListId="8c84fa94-04c1-424b-9868-57a2d4851a1d" relativeResultsDirectory="0905c70c-9e60-477b-abd2-30bbfeca55ca" />
    <UnitTestResult executionId="92fb5e6f-6249-4e13-8569-75d8fcb6e181" testId="4a009d3c-5d94-e195-7599-091b3e3c49c0" testName="OpenClawNet.PlaywrightTests.BlazorNavigationTests.ClickNavLink_NavigatesToCorrectPage(menuLabel: &quot;Tools&quot;, expectedPath: &quot;/tools&quot;)" computerName="CPC-bruno-U7R9O" duration="00:00:00.7341189" startTime="2026-04-14T11:10:13.3253142-04:00" endTime="2026-04-14T11:10:14.1456550-04:00" testType="13cdc9d9-ddb5-4fa4-a97d-d965ccfc6d4b" outcome="Passed" testListId="8c84fa94-04c1-424b-9868-57a2d4851a1d" relativeResultsDirectory="92fb5e6f-6249-4e13-8569-75d8fcb6e181" />
    <UnitTestResult executionId="ceb4a77b-6c8f-4988-b23b-a2f707ab8774" testId="3381394f-cf42-6c32-0b71-7c8182b3a909" testName="OpenClawNet.PlaywrightTests.BlazorNavigationTests.NavigateTo_Page_RendersWithoutError(path: &quot;/tools&quot;, expectedTitleFragment: &quot;Tools&quot;)" computerName="CPC-bruno-U7R9O" duration="00:00:00.6657764" startTime="2026-04-14T11:10:15.7461648-04:00" endTime="2026-04-14T11:10:16.5224279-04:00" testType="13cdc9d9-ddb5-4fa4-a97d-d965ccfc6d4b" outcome="Passed" testListId="8c84fa94-04c1-424b-9868-57a2d4851a1d" relativeResultsDirectory="ceb4a77b-6c8f-4988-b23b-a2f707ab8774" />
    <UnitTestResult executionId="d1c5331c-ebb4-4ae2-81fc-a15ef1452878" testId="1b50bbfc-45c8-5ded-dcb0-b5edc73d614e" testName="OpenClawNet.PlaywrightTests.BlazorNavigationTests.ClickNavLink_NavigatesToCorrectPage(menuLabel: &quot;Health&quot;, expectedPath: &quot;/health&quot;)" computerName="CPC-bruno-U7R9O" duration="00:00:00.7218980" startTime="2026-04-14T11:10:14.1458322-04:00" endTime="2026-04-14T11:10:14.9432561-04:00" testType="13cdc9d9-ddb5-4fa4-a97d-d965ccfc6d4b" outcome="Passed" testListId="8c84fa94-04c1-424b-9868-57a2d4851a1d" relativeResultsDirectory="d1c5331c-ebb4-4ae2-81fc-a15ef1452878" />
    <UnitTestResult executionId="5a77eea1-023a-44d9-8080-6a574b60c5db" testId="f70a4ba7-01b5-6526-299a-783e19c2e787" testName="OpenClawNet.PlaywrightTests.GatewayApiTests.Webhooks_PostEvent_CreatesSession" computerName="CPC-bruno-U7R9O" duration="00:00:09.1618089" startTime="2026-04-14T11:09:08.6529980-04:00" endTime="2026-04-14T11:09:17.8117561-04:00" testType="13cdc9d9-ddb5-4fa4-a97d-d965ccfc6d4b" outcome="Passed" testListId="8c84fa94-04c1-424b-9868-57a2d4851a1d" relativeResultsDirectory="5a77eea1-023a-44d9-8080-6a574b60c5db" />
    <UnitTestResult executionId="450f3607-e056-4b8e-b911-8889e6d00f63" testId="c5aa837b-0f34-0463-b8a6-b03f4d812572" testName="OpenClawNet.PlaywrightTests.GatewayApiTests.Skills_GetList_ReturnsSkills" computerName="CPC-bruno-U7R9O" duration="00:00:00.0079179" startTime="2026-04-14T11:07:55.7064590-04:00" endTime="2026-04-14T11:07:55.7149944-04:00" testType="13cdc9d9-ddb5-4fa4-a97d-d965ccfc6d4b" outcome="Passed" testListId="8c84fa94-04c1-424b-9868-57a2d4851a1d" relativeResultsDirectory="450f3607-e056-4b8e-b911-8889e6d00f63" />
    <UnitTestResult executionId="c80d33bb-5aa1-4772-8066-e7d4d9a1ec42" testId="6461d291-bbc4-cef1-4fe2-7d3f9fb9f6bd" testName="OpenClawNet.PlaywrightTests.GatewayApiTests.Webhooks_GetList_ReturnsWebhookSessions" computerName="CPC-bruno-U7R9O" duration="00:00:38.2362054" startTime="2026-04-14T11:09:17.8268304-04:00" endTime="2026-04-14T11:09:56.0636157-04:00" testType="13cdc9d9-ddb5-4fa4-a97d-d965ccfc6d4b" outcome="Passed" testListId="8c84fa94-04c1-424b-9868-57a2d4851a1d" relativeResultsDirectory="c80d33bb-5aa1-4772-8066-e7d4d9a1ec42" />
    <UnitTestResult executionId="8b73d245-c98c-4f8f-af93-37f686618f48" testId="5abd0a46-0b71-abfd-7f2c-6c86a08e3cae" testName="OpenClawNet.PlaywrightTests.GatewayApiTests.Health_GetEndpoint_ReturnsHealthy" computerName="CPC-bruno-U7R9O" duration="00:00:00.0136490" startTime="2026-04-14T11:09:17.8126437-04:00" endTime="2026-04-14T11:09:17.8264642-04:00" testType="13cdc9d9-ddb5-4fa4-a97d-d965ccfc6d4b" outcome="Passed" testListId="8c84fa94-04c1-424b-9868-57a2d4851a1d" relativeResultsDirectory="8b73d245-c98c-4f8f-af93-37f686618f48" />
    <UnitTestResult executionId="4fe596ca-67a7-44e2-9e59-19a6580711b8" testId="d58b00fe-36c7-7815-7d30-bf925279aa06" testName="OpenClawNet.PlaywrightTests.BlazorNavigationTests.ClickNavLink_NavigatesToCorrectPage(menuLabel: &quot;Sessions&quot;, expectedPath: &quot;/sessions&quot;)" computerName="CPC-bruno-U7R9O" duration="00:00:00.7090308" startTime="2026-04-14T11:10:10.8794285-04:00" endTime="2026-04-14T11:10:11.6857499-04:00" testType="13cdc9d9-ddb5-4fa4-a97d-d965ccfc6d4b" outcome="Passed" testListId="8c84fa94-04c1-424b-9868-57a2d4851a1d" relativeResultsDirectory="4fe596ca-67a7-44e2-9e59-19a6580711b8" />
    <UnitTestResult executionId="1c2051b9-3fad-4e44-9c51-d14914370790" testId="f517f8b3-d991-6397-85df-ba4fa58e29c1" testName="OpenClawNet.PlaywrightTests.SettingsAndSkillsTests.SkillsPage_Loads_ShowsSkillsList" computerName="CPC-bruno-U7R9O" duration="00:00:02.8830621" startTime="2026-04-14T11:07:02.9297544-04:00" endTime="2026-04-14T11:07:05.9313893-04:00" testType="13cdc9d9-ddb5-4fa4-a97d-d965ccfc6d4b" outcome="Passed" testListId="8c84fa94-04c1-424b-9868-57a2d4851a1d" relativeResultsDirectory="1c2051b9-3fad-4e44-9c51-d14914370790" />
    <UnitTestResult executionId="4e8e9601-950e-4d55-b866-c3325f0e085f" testId="97441e1d-857f-ac85-56f3-0882f43a09c2" testName="OpenClawNet.PlaywrightTests.AspireDashboardTests.Dashboard_WebAppHomePage_IsReachable" computerName="CPC-bruno-U7R9O" duration="00:00:00.6296960" startTime="2026-04-14T11:10:25.0514064-04:00" endTime="2026-04-14T11:10:25.7495351-04:00" testType="13cdc9d9-ddb5-4fa4-a97d-d965ccfc6d4b" outcome="Passed" testListId="8c84fa94-04c1-424b-9868-57a2d4851a1d" relativeResultsDirectory="4e8e9601-950e-4d55-b866-c3325f0e085f" />
    <UnitTestResult executionId="77e89538-97d4-4a84-965c-ed3f636b1106" testId="fde9438d-4d24-400b-cc21-5283e75b5d3e" testName="OpenClawNet.PlaywrightTests.GatewayApiTests.Sessions_CreateSession_ReturnsCreated" computerName="CPC-bruno-U7R9O" duration="00:00:00.0194131" startTime="2026-04-14T11:07:55.6615014-04:00" endTime="2026-04-14T11:07:55.6810473-04:00" testType="13cdc9d9-ddb5-4fa4-a97d-d965ccfc6d4b" outcome="Passed" testListId="8c84fa94-04c1-424b-9868-57a2d4851a1d" relativeResultsDirectory="77e89538-97d4-4a84-965c-ed3f636b1106" />
    <UnitTestResult executionId="589926c6-6ad8-4784-8446-6b1de26e12cb" testId="bd2ca6ba-df6f-12dd-067e-274cc39b68b5" testName="OpenClawNet.PlaywrightTests.AspireDashboardTests.WebUI_AfterChatInteraction_SessionsListUpdates" computerName="CPC-bruno-U7R9O" duration="00:00:00.6355979" startTime="2026-04-14T11:10:24.2849246-04:00" endTime="2026-04-14T11:10:24.9836921-04:00" testType="13cdc9d9-ddb5-4fa4-a97d-d965ccfc6d4b" outcome="Passed" testListId="8c84fa94-04c1-424b-9868-57a2d4851a1d" relativeResultsDirectory="589926c6-6ad8-4784-8446-6b1de26e12cb" />
    <UnitTestResult executionId="3a1a3c74-4657-422c-b3aa-8781e346619c" testId="85ff5096-e103-1623-e366-93f8d0fc6ca2" testName="OpenClawNet.PlaywrightTests.GatewayApiTests.Tools_GetList_ReturnsRegisteredTools" computerName="CPC-bruno-U7R9O" duration="00:00:00.0100800" startTime="2026-04-14T11:07:55.6812554-04:00" endTime="2026-04-14T11:07:55.6919981-04:00" testType="13cdc9d9-ddb5-4fa4-a97d-d965ccfc6d4b" outcome="Passed" testListId="8c84fa94-04c1-424b-9868-57a2d4851a1d" relativeResultsDirectory="3a1a3c74-4657-422c-b3aa-8781e346619c" />
    <UnitTestResult executionId="6b3eba1a-7cde-4a87-aa88-ab60332b5d1f" testId="08fdb781-0419-301e-94d1-9c4e4539d3c5" testName="OpenClawNet.PlaywrightTests.BlazorNavigationTests.WebApp_AllNavMenuItems_AreVisible" computerName="CPC-bruno-U7R9O" duration="00:00:00.7204694" startTime="2026-04-14T11:10:14.9435587-04:00" endTime="2026-04-14T11:10:15.7459490-04:00" testType="13cdc9d9-ddb5-4fa4-a97d-d965ccfc6d4b" outcome="Passed" testListId="8c84fa94-04c1-424b-9868-57a2d4851a1d" relativeResultsDirectory="6b3eba1a-7cde-4a87-aa88-ab60332b5d1f" />
    <UnitTestResult executionId="ebf519bd-b06b-4148-866f-b35a3d7a9210" testId="266a6069-a9d0-5f8e-2b86-143f33fb400c" testName="OpenClawNet.PlaywrightTests.BlazorNavigationTests.NavigateTo_Page_RendersWithoutError(path: &quot;/settings&quot;, expectedTitleFragment: &quot;Settings&quot;)" computerName="CPC-bruno-U7R9O" duration="00:00:00.6342132" startTime="2026-04-14T11:10:18.0730277-04:00" endTime="2026-04-14T11:10:18.7852973-04:00" testType="13cdc9d9-ddb5-4fa4-a97d-d965ccfc6d4b" outcome="Passed" testListId="8c84fa94-04c1-424b-9868-57a2d4851a1d" relativeResultsDirectory="ebf519bd-b06b-4148-866f-b35a3d7a9210" />
    <UnitTestResult executionId="0905406e-ceac-48bd-ac1e-716f91b6ae70" testId="01280ded-0a55-f688-3bc1-cc56c144678f" testName="OpenClawNet.PlaywrightTests.ChatFlowTests.Chat_NewChatAndSendMessage_ShowsStreamingResponse" computerName="CPC-bruno-U7R9O" duration="00:00:01.9952002" startTime="2026-04-14T11:10:05.4871326-04:00" endTime="2026-04-14T11:10:07.5653632-04:00" testType="13cdc9d9-ddb5-4fa4-a97d-d965ccfc6d4b" outcome="Passed" testListId="8c84fa94-04c1-424b-9868-57a2d4851a1d" relativeResultsDirectory="0905406e-ceac-48bd-ac1e-716f91b6ae70" />
    <UnitTestResult executionId="326135e3-6d36-4f5c-8178-53674f38a0f8" testId="a3caf36e-13ed-c447-9db7-b587cb5794ea" testName="OpenClawNet.PlaywrightTests.GatewayApiTests.Chat_SendMessage_ReturnsResponseWithContent" computerName="CPC-bruno-U7R9O" duration="00:00:09.3484825" startTime="2026-04-14T11:09:56.1365643-04:00" endTime="2026-04-14T11:10:05.4860935-04:00" testType="13cdc9d9-ddb5-4fa4-a97d-d965ccfc6d4b" outcome="Passed" testListId="8c84fa94-04c1-424b-9868-57a2d4851a1d" relativeResultsDirectory="326135e3-6d36-4f5c-8178-53674f38a0f8" />
    <UnitTestResult executionId="3313f40d-b921-4312-8e2e-8d70dc3fb154" testId="252f2a01-35e2-4e6c-4635-fcfae02c275b" testName="OpenClawNet.PlaywrightTests.BlazorNavigationTests.NavigateTo_Page_RendersWithoutError(path: &quot;/&quot;, expectedTitleFragment: &quot;Chat&quot;)" computerName="CPC-bruno-U7R9O" duration="00:00:00.6447184" startTime="2026-04-14T11:10:22.1838628-04:00" endTime="2026-04-14T11:10:22.8890667-04:00" testType="13cdc9d9-ddb5-4fa4-a97d-d965ccfc6d4b" outcome="Passed" testListId="8c84fa94-04c1-424b-9868-57a2d4851a1d" relativeResultsDirectory="3313f40d-b921-4312-8e2e-8d70dc3fb154" />
    <UnitTestResult executionId="ac2ea63c-9d11-4085-87bb-7ba5742722c3" testId="38a90175-22c6-cd27-09b9-6695497b09dc" testName="OpenClawNet.PlaywrightTests.GatewayApiTests.Skills_EnableDisable_TogglesState" computerName="CPC-bruno-U7R9O" duration="00:00:00.0078493" startTime="2026-04-14T11:09:56.1279063-04:00" endTime="2026-04-14T11:09:56.1363917-04:00" testType="13cdc9d9-ddb5-4fa4-a97d-d965ccfc6d4b" outcome="Passed" testListId="8c84fa94-04c1-424b-9868-57a2d4851a1d" relativeResultsDirectory="ac2ea63c-9d11-4085-87bb-7ba5742722c3" />
    <UnitTestResult executionId="a953a55b-3420-4351-9843-e341834db862" testId="2b26793d-e934-9cf7-df19-cf2e47c3fd7d" testName="OpenClawNet.PlaywrightTests.BlazorNavigationTests.ClickNavLink_NavigatesToCorrectPage(menuLabel: &quot;Tool Log&quot;, expectedPath: &quot;/tool-log&quot;)" computerName="CPC-bruno-U7R9O" duration="00:00:00.7361303" startTime="2026-04-14T11:10:10.0506010-04:00" endTime="2026-04-14T11:10:10.8791685-04:00" testType="13cdc9d9-ddb5-4fa4-a97d-d965ccfc6d4b" outcome="Passed" testListId="8c84fa94-04c1-424b-9868-57a2d4851a1d" relativeResultsDirectory="a953a55b-3420-4351-9843-e341834db862" />
    <UnitTestResult executionId="8baf8816-21d8-4ce3-8419-9c5f0f1f1969" testId="6e9c8c1b-96d9-bff2-efa5-e078635ad8ce" testName="OpenClawNet.PlaywrightTests.BlazorNavigationTests.ClickNavLink_NavigatesToCorrectPage(menuLabel: &quot;Skills&quot;, expectedPath: &quot;/skills&quot;)" computerName="CPC-bruno-U7R9O" duration="00:00:00.7844236" startTime="2026-04-14T11:10:08.2975458-04:00" endTime="2026-04-14T11:10:09.2068868-04:00" testType="13cdc9d9-ddb5-4fa4-a97d-d965ccfc6d4b" outcome="Passed" testListId="8c84fa94-04c1-424b-9868-57a2d4851a1d" relativeResultsDirectory="8baf8816-21d8-4ce3-8419-9c5f0f1f1969" />
    <UnitTestResult executionId="5558c787-cb0a-49a0-89bd-58ba453369cf" testId="64b3417f-6f61-88ca-0e3f-fdcac7ba7473" testName="OpenClawNet.PlaywrightTests.AspireDashboardTests.Dashboard_GatewayHealth_IsAccessibleFromWeb" computerName="CPC-bruno-U7R9O" duration="00:00:00.0085181" startTime="2026-04-14T11:10:24.9838973-04:00" endTime="2026-04-14T11:10:25.0512198-04:00" testType="13cdc9d9-ddb5-4fa4-a97d-d965ccfc6d4b" outcome="Passed" testListId="8c84fa94-04c1-424b-9868-57a2d4851a1d" relativeResultsDirectory="5558c787-cb0a-49a0-89bd-58ba453369cf" />
    <UnitTestResult executionId="86db865f-d18e-43dc-8648-17da8a9ba5cb" testId="9828de21-a8a7-f90e-655e-b817b2abc03c" testName="OpenClawNet.PlaywrightTests.GatewayApiTests.Sessions_ListSessions_ReturnsArray" computerName="CPC-bruno-U7R9O" duration="00:00:00.0311557" startTime="2026-04-14T11:09:56.0645035-04:00" endTime="2026-04-14T11:09:56.1277368-04:00" testType="13cdc9d9-ddb5-4fa4-a97d-d965ccfc6d4b" outcome="Passed" testListId="8c84fa94-04c1-424b-9868-57a2d4851a1d" relativeResultsDirectory="86db865f-d18e-43dc-8648-17da8a9ba5cb" />
    <UnitTestResult executionId="54d4dd20-15b4-4277-abf8-83e79f0faec0" testId="670ea536-28e0-531f-f931-e9e3fc76d913" testName="OpenClawNet.PlaywrightTests.BlazorNavigationTests.NavigateTo_Page_RendersWithoutError(path: &quot;/tool-log&quot;, expectedTitleFragment: &quot;Tool Execution Log&quot;)" computerName="CPC-bruno-U7R9O" duration="00:00:00.6756159" startTime="2026-04-14T11:10:16.5226286-04:00" endTime="2026-04-14T11:10:17.2974477-04:00" testType="13cdc9d9-ddb5-4fa4-a97d-d965ccfc6d4b" outcome="Passed" testListId="8c84fa94-04c1-424b-9868-57a2d4851a1d" relativeResultsDirectory="54d4dd20-15b4-4277-abf8-83e79f0faec0" />
    <UnitTestResult executionId="732627b8-0c6d-418c-a245-f8f49d0a3ad5" testId="9be6035a-4a0f-d661-e4ae-2d34b0c4edca" testName="OpenClawNet.PlaywrightTests.BlazorNavigationTests.WebApp_HomePage_LoadsSuccessfully" computerName="CPC-bruno-U7R9O" duration="00:00:00.6313891" startTime="2026-04-14T11:10:23.5890461-04:00" endTime="2026-04-14T11:10:24.2846527-04:00" testType="13cdc9d9-ddb5-4fa4-a97d-d965ccfc6d4b" outcome="Passed" testListId="8c84fa94-04c1-424b-9868-57a2d4851a1d" relativeResultsDirectory="732627b8-0c6d-418c-a245-f8f49d0a3ad5" />
  </Results>
  <TestDefinitions>
    <UnitTest name="OpenClawNet.PlaywrightTests.GatewayApiTests.Webhooks_GetList_ReturnsWebhookSessions" storage="c:\src\openclawnet-plan\tests\openclawnet.playwrighttests\bin\release\net10.0\openclawnet.playwrighttests.dll" id="6461d291-bbc4-cef1-4fe2-7d3f9fb9f6bd">
      <Execution id="c80d33bb-5aa1-4772-8066-e7d4d9a1ec42" />
      <TestMethod codeBase="C:\src\openclawnet-plan\tests\OpenClawNet.PlaywrightTests\bin\Release\net10.0\OpenClawNet.PlaywrightTests.dll" adapterTypeName="executor://xunit/VsTestRunner3/netcore/" className="OpenClawNet.PlaywrightTests.GatewayApiTests" name="Webhooks_GetList_ReturnsWebhookSessions" />
    </UnitTest>
    <UnitTest name="OpenClawNet.PlaywrightTests.GatewayApiTests.Sessions_ListSessions_ReturnsArray" storage="c:\src\openclawnet-plan\tests\openclawnet.playwrighttests\bin\release\net10.0\openclawnet.playwrighttests.dll" id="9828de21-a8a7-f90e-655e-b817b2abc03c">
      <Execution id="86db865f-d18e-43dc-8648-17da8a9ba5cb" />
      <TestMethod codeBase="C:\src\openclawnet-plan\tests\OpenClawNet.PlaywrightTests\bin\Release\net10.0\OpenClawNet.PlaywrightTests.dll" adapterTypeName="executor://xunit/VsTestRunner3/netcore/" className="OpenClawNet.PlaywrightTests.GatewayApiTests" name="Sessions_ListSessions_ReturnsArray" />
    </UnitTest>
    <UnitTest name="OpenClawNet.PlaywrightTests.SettingsAndSkillsTests.SkillsPage_Loads_ShowsSkillsList" storage="c:\src\openclawnet-plan\tests\openclawnet.playwrighttests\bin\release\net10.0\openclawnet.playwrighttests.dll" id="f517f8b3-d991-6397-85df-ba4fa58e29c1">
      <Execution id="1c2051b9-3fad-4e44-9c51-d14914370790" />
      <TestMethod codeBase="C:\src\openclawnet-plan\tests\OpenClawNet.PlaywrightTests\bin\Release\net10.0\OpenClawNet.PlaywrightTests.dll" adapterTypeName="executor://xunit/VsTestRunner3/netcore/" className="OpenClawNet.PlaywrightTests.SettingsAndSkillsTests" name="SkillsPage_Loads_ShowsSkillsList" />
    </UnitTest>
    <UnitTest name="OpenClawNet.PlaywrightTests.BlazorNavigationTests.ClickNavLink_NavigatesToCorrectPage(menuLabel: &quot;Health&quot;, expectedPath: &quot;/health&quot;)" storage="c:\src\openclawnet-plan\tests\openclawnet.playwrighttests\bin\release\net10.0\openclawnet.playwrighttests.dll" id="1b50bbfc-45c8-5ded-dcb0-b5edc73d614e">
      <Execution id="d1c5331c-ebb4-4ae2-81fc-a15ef1452878" />
      <TestMethod codeBase="C:\src\openclawnet-plan\tests\OpenClawNet.PlaywrightTests\bin\Release\net10.0\OpenClawNet.PlaywrightTests.dll" adapterTypeName="executor://xunit/VsTestRunner3/netcore/" className="OpenClawNet.PlaywrightTests.BlazorNavigationTests" name="ClickNavLink_NavigatesToCorrectPage" />
    </UnitTest>
    <UnitTest name="OpenClawNet.PlaywrightTests.BlazorNavigationTests.NavigateTo_Page_RendersWithoutError(path: &quot;/settings&quot;, expectedTitleFragment: &quot;Settings&quot;)" storage="c:\src\openclawnet-plan\tests\openclawnet.playwrighttests\bin\release\net10.0\openclawnet.playwrighttests.dll" id="266a6069-a9d0-5f8e-2b86-143f33fb400c">
      <Execution id="ebf519bd-b06b-4148-866f-b35a3d7a9210" />
      <TestMethod codeBase="C:\src\openclawnet-plan\tests\OpenClawNet.PlaywrightTests\bin\Release\net10.0\OpenClawNet.PlaywrightTests.dll" adapterTypeName="executor://xunit/VsTestRunner3/netcore/" className="OpenClawNet.PlaywrightTests.BlazorNavigationTests" name="NavigateTo_Page_RendersWithoutError" />
    </UnitTest>
    <UnitTest name="OpenClawNet.PlaywrightTests.BlazorNavigationTests.NavigateTo_Page_RendersWithoutError(path: &quot;/sessions&quot;, expectedTitleFragment: &quot;Sessions&quot;)" storage="c:\src\openclawnet-plan\tests\openclawnet.playwrighttests\bin\release\net10.0\openclawnet.playwrighttests.dll" id="0a943528-492b-541d-fbfe-1e86d12c9a53">
      <Execution id="8675c0fe-87f9-4cad-a701-526b7a435a1f" />
      <TestMethod codeBase="C:\src\openclawnet-plan\tests\OpenClawNet.PlaywrightTests\bin\Release\net10.0\OpenClawNet.PlaywrightTests.dll" adapterTypeName="executor://xunit/VsTestRunner3/netcore/" className="OpenClawNet.PlaywrightTests.BlazorNavigationTests" name="NavigateTo_Page_RendersWithoutError" />
    </UnitTest>
    <UnitTest name="OpenClawNet.PlaywrightTests.BlazorNavigationTests.NavigateTo_Page_RendersWithoutError(path: &quot;/skills&quot;, expectedTitleFragment: &quot;Skills&quot;)" storage="c:\src\openclawnet-plan\tests\openclawnet.playwrighttests\bin\release\net10.0\openclawnet.playwrighttests.dll" id="b3c8c01e-cc78-cd14-6d63-2b9c38eabaa8">
      <Execution id="1f81e6ba-e2e5-4ae5-bd61-189f19b26cd0" />
      <TestMethod codeBase="C:\src\openclawnet-plan\tests\OpenClawNet.PlaywrightTests\bin\Release\net10.0\OpenClawNet.PlaywrightTests.dll" adapterTypeName="executor://xunit/VsTestRunner3/netcore/" className="OpenClawNet.PlaywrightTests.BlazorNavigationTests" name="NavigateTo_Page_RendersWithoutError" />
    </UnitTest>
    <UnitTest name="OpenClawNet.PlaywrightTests.BlazorNavigationTests.NavigateTo_Page_RendersWithoutError(path: &quot;/tool-log&quot;, expectedTitleFragment: &quot;Tool Execution Log&quot;)" storage="c:\src\openclawnet-plan\tests\openclawnet.playwrighttests\bin\release\net10.0\openclawnet.playwrighttests.dll" id="670ea536-28e0-531f-f931-e9e3fc76d913">
      <Execution id="54d4dd20-15b4-4277-abf8-83e79f0faec0" />
      <TestMethod codeBase="C:\src\openclawnet-plan\tests\OpenClawNet.PlaywrightTests\bin\Release\net10.0\OpenClawNet.PlaywrightTests.dll" adapterTypeName="executor://xunit/VsTestRunner3/netcore/" className="OpenClawNet.PlaywrightTests.BlazorNavigationTests" name="NavigateTo_Page_RendersWithoutError" />
    </UnitTest>
    <UnitTest name="OpenClawNet.PlaywrightTests.ChatFlowTests.Chat_NewChatAndSendMessage_ShowsStreamingResponse" storage="c:\src\openclawnet-plan\tests\openclawnet.playwrighttests\bin\release\net10.0\openclawnet.playwrighttests.dll" id="01280ded-0a55-f688-3bc1-cc56c144678f">
      <Execution id="0905406e-ceac-48bd-ac1e-716f91b6ae70" />
      <TestMethod codeBase="C:\src\openclawnet-plan\tests\OpenClawNet.PlaywrightTests\bin\Release\net10.0\OpenClawNet.PlaywrightTests.dll" adapterTypeName="executor://xunit/VsTestRunner3/netcore/" className="OpenClawNet.PlaywrightTests.ChatFlowTests" name="Chat_NewChatAndSendMessage_ShowsStreamingResponse" />
    </UnitTest>
    <UnitTest name="OpenClawNet.PlaywrightTests.BlazorNavigationTests.NavigateTo_Page_RendersWithoutError(path: &quot;/tools&quot;, expectedTitleFragment: &quot;Tools&quot;)" storage="c:\src\openclawnet-plan\tests\openclawnet.playwrighttests\bin\release\net10.0\openclawnet.playwrighttests.dll" id="3381394f-cf42-6c32-0b71-7c8182b3a909">
      <Execution id="ceb4a77b-6c8f-4988-b23b-a2f707ab8774" />
      <TestMethod codeBase="C:\src\openclawnet-plan\tests\OpenClawNet.PlaywrightTests\bin\Release\net10.0\OpenClawNet.PlaywrightTests.dll" adapterTypeName="executor://xunit/VsTestRunner3/netcore/" className="OpenClawNet.PlaywrightTests.BlazorNavigationTests" name="NavigateTo_Page_RendersWithoutError" />
    </UnitTest>
    <UnitTest name="OpenClawNet.PlaywrightTests.GatewayApiTests.SignalR_ChatHub_EndpointIsReachable" storage="c:\src\openclawnet-plan\tests\openclawnet.playwrighttests\bin\release\net10.0\openclawnet.playwrighttests.dll" id="dd53ce44-0998-f0de-e1e5-9191f55117da">
      <Execution id="e3cc0133-a681-49fd-a127-106442991a19" />
      <TestMethod codeBase="C:\src\openclawnet-plan\tests\OpenClawNet.PlaywrightTests\bin\Release\net10.0\OpenClawNet.PlaywrightTests.dll" adapterTypeName="executor://xunit/VsTestRunner3/netcore/" className="OpenClawNet.PlaywrightTests.GatewayApiTests" name="SignalR_ChatHub_EndpointIsReachable" />
    </UnitTest>
    <UnitTest name="OpenClawNet.PlaywrightTests.GatewayApiTests.Version_GetEndpoint_ReturnsVersionInfo" storage="c:\src\openclawnet-plan\tests\openclawnet.playwrighttests\bin\release\net10.0\openclawnet.playwrighttests.dll" id="2f23a1ec-bdee-040a-02e0-a090799cafec">
      <Execution id="f59acc1f-c1d7-4ded-8b4d-f5387dcb638c" />
      <TestMethod codeBase="C:\src\openclawnet-plan\tests\OpenClawNet.PlaywrightTests\bin\Release\net10.0\OpenClawNet.PlaywrightTests.dll" adapterTypeName="executor://xunit/VsTestRunner3/netcore/" className="OpenClawNet.PlaywrightTests.GatewayApiTests" name="Version_GetEndpoint_ReturnsVersionInfo" />
    </UnitTest>
    <UnitTest name="OpenClawNet.PlaywrightTests.SettingsAndSkillsTests.SettingsPage_GatewaySettingsApi_ReturnsCurrentSettings" storage="c:\src\openclawnet-plan\tests\openclawnet.playwrighttests\bin\release\net10.0\openclawnet.playwrighttests.dll" id="8c6f70ff-5227-be64-c665-3d493a26c6f6">
      <Execution id="33949915-f2b8-41da-b645-9ee37febfc1a" />
      <TestMethod codeBase="C:\src\openclawnet-plan\tests\OpenClawNet.PlaywrightTests\bin\Release\net10.0\OpenClawNet.PlaywrightTests.dll" adapterTypeName="executor://xunit/VsTestRunner3/netcore/" className="OpenClawNet.PlaywrightTests.SettingsAndSkillsTests" name="SettingsPage_GatewaySettingsApi_ReturnsCurrentSettings" />
    </UnitTest>
    <UnitTest name="OpenClawNet.PlaywrightTests.GatewayApiTests.Sessions_CreateSession_ReturnsCreated" storage="c:\src\openclawnet-plan\tests\openclawnet.playwrighttests\bin\release\net10.0\openclawnet.playwrighttests.dll" id="fde9438d-4d24-400b-cc21-5283e75b5d3e">
      <Execution id="77e89538-97d4-4a84-965c-ed3f636b1106" />
      <TestMethod codeBase="C:\src\openclawnet-plan\tests\OpenClawNet.PlaywrightTests\bin\Release\net10.0\OpenClawNet.PlaywrightTests.dll" adapterTypeName="executor://xunit/VsTestRunner3/netcore/" className="OpenClawNet.PlaywrightTests.GatewayApiTests" name="Sessions_CreateSession_ReturnsCreated" />
    </UnitTest>
    <UnitTest name="OpenClawNet.PlaywrightTests.BlazorNavigationTests.WebApp_AllNavMenuItems_AreVisible" storage="c:\src\openclawnet-plan\tests\openclawnet.playwrighttests\bin\release\net10.0\openclawnet.playwrighttests.dll" id="08fdb781-0419-301e-94d1-9c4e4539d3c5">
      <Execution id="6b3eba1a-7cde-4a87-aa88-ab60332b5d1f" />
      <TestMethod codeBase="C:\src\openclawnet-plan\tests\OpenClawNet.PlaywrightTests\bin\Release\net10.0\OpenClawNet.PlaywrightTests.dll" adapterTypeName="executor://xunit/VsTestRunner3/netcore/" className="OpenClawNet.PlaywrightTests.BlazorNavigationTests" name="WebApp_AllNavMenuItems_AreVisible" />
    </UnitTest>
    <UnitTest name="OpenClawNet.PlaywrightTests.GatewayApiTests.Tools_GetList_ReturnsRegisteredTools" storage="c:\src\openclawnet-plan\tests\openclawnet.playwrighttests\bin\release\net10.0\openclawnet.playwrighttests.dll" id="85ff5096-e103-1623-e366-93f8d0fc6ca2">
      <Execution id="3a1a3c74-4657-422c-b3aa-8781e346619c" />
      <TestMethod codeBase="C:\src\openclawnet-plan\tests\OpenClawNet.PlaywrightTests\bin\Release\net10.0\OpenClawNet.PlaywrightTests.dll" adapterTypeName="executor://xunit/VsTestRunner3/netcore/" className="OpenClawNet.PlaywrightTests.GatewayApiTests" name="Tools_GetList_ReturnsRegisteredTools" />
    </UnitTest>
    <UnitTest name="OpenClawNet.PlaywrightTests.GatewayApiTests.Chat_FileQuestion_TriggersToolUse" storage="c:\src\openclawnet-plan\tests\openclawnet.playwrighttests\bin\release\net10.0\openclawnet.playwrighttests.dll" id="18de8cab-fe8f-8dc4-0e54-06deb643ca13">
      <Execution id="441f28bc-d110-4a8a-a9b8-3b100262604e" />
      <TestMethod codeBase="C:\src\openclawnet-plan\tests\OpenClawNet.PlaywrightTests\bin\Release\net10.0\OpenClawNet.PlaywrightTests.dll" adapterTypeName="executor://xunit/VsTestRunner3/netcore/" className="OpenClawNet.PlaywrightTests.GatewayApiTests" name="Chat_FileQuestion_TriggersToolUse" />
    </UnitTest>
    <UnitTest name="OpenClawNet.PlaywrightTests.GatewayApiTests.Health_GetEndpoint_ReturnsHealthy" storage="c:\src\openclawnet-plan\tests\openclawnet.playwrighttests\bin\release\net10.0\openclawnet.playwrighttests.dll" id="5abd0a46-0b71-abfd-7f2c-6c86a08e3cae">
      <Execution id="8b73d245-c98c-4f8f-af93-37f686618f48" />
      <TestMethod codeBase="C:\src\openclawnet-plan\tests\OpenClawNet.PlaywrightTests\bin\Release\net10.0\OpenClawNet.PlaywrightTests.dll" adapterTypeName="executor://xunit/VsTestRunner3/netcore/" className="OpenClawNet.PlaywrightTests.GatewayApiTests" name="Health_GetEndpoint_ReturnsHealthy" />
    </UnitTest>
    <UnitTest name="OpenClawNet.PlaywrightTests.GatewayApiTests.MultiTurn_CreateChatRenameDelete_FullLifecycle" storage="c:\src\openclawnet-plan\tests\openclawnet.playwrighttests\bin\release\net10.0\openclawnet.playwrighttests.dll" id="a4254811-e835-571b-0e8a-a812a54a5f1b">
      <Execution id="0905c70c-9e60-477b-abd2-30bbfeca55ca" />
      <TestMethod codeBase="C:\src\openclawnet-plan\tests\OpenClawNet.PlaywrightTests\bin\Release\net10.0\OpenClawNet.PlaywrightTests.dll" adapterTypeName="executor://xunit/VsTestRunner3/netcore/" className="OpenClawNet.PlaywrightTests.GatewayApiTests" name="MultiTurn_CreateChatRenameDelete_FullLifecycle" />
    </UnitTest>
    <UnitTest name="OpenClawNet.PlaywrightTests.AspireDashboardTests.Dashboard_GatewayHealth_IsAccessibleFromWeb" storage="c:\src\openclawnet-plan\tests\openclawnet.playwrighttests\bin\release\net10.0\openclawnet.playwrighttests.dll" id="64b3417f-6f61-88ca-0e3f-fdcac7ba7473">
      <Execution id="5558c787-cb0a-49a0-89bd-58ba453369cf" />
      <TestMethod codeBase="C:\src\openclawnet-plan\tests\OpenClawNet.PlaywrightTests\bin\Release\net10.0\OpenClawNet.PlaywrightTests.dll" adapterTypeName="executor://xunit/VsTestRunner3/netcore/" className="OpenClawNet.PlaywrightTests.AspireDashboardTests" name="Dashboard_GatewayHealth_IsAccessibleFromWeb" />
    </UnitTest>
    <UnitTest name="OpenClawNet.PlaywrightTests.GatewayApiTests.Webhooks_PostEvent_CreatesSession" storage="c:\src\openclawnet-plan\tests\openclawnet.playwrighttests\bin\release\net10.0\openclawnet.playwrighttests.dll" id="f70a4ba7-01b5-6526-299a-783e19c2e787">
      <Execution id="5a77eea1-023a-44d9-8080-6a574b60c5db" />
      <TestMethod codeBase="C:\src\openclawnet-plan\tests\OpenClawNet.PlaywrightTests\bin\Release\net10.0\OpenClawNet.PlaywrightTests.dll" adapterTypeName="executor://xunit/VsTestRunner3/netcore/" className="OpenClawNet.PlaywrightTests.GatewayApiTests" name="Webhooks_PostEvent_CreatesSession" />
    </UnitTest>
    <UnitTest name="OpenClawNet.PlaywrightTests.GatewayApiTests.Skills_GetList_ReturnsSkills" storage="c:\src\openclawnet-plan\tests\openclawnet.playwrighttests\bin\release\net10.0\openclawnet.playwrighttests.dll" id="c5aa837b-0f34-0463-b8a6-b03f4d812572">
      <Execution id="450f3607-e056-4b8e-b911-8889e6d00f63" />
      <TestMethod codeBase="C:\src\openclawnet-plan\tests\OpenClawNet.PlaywrightTests\bin\Release\net10.0\OpenClawNet.PlaywrightTests.dll" adapterTypeName="executor://xunit/VsTestRunner3/netcore/" className="OpenClawNet.PlaywrightTests.GatewayApiTests" name="Skills_GetList_ReturnsSkills" />
    </UnitTest>
    <UnitTest name="OpenClawNet.PlaywrightTests.BlazorNavigationTests.ClickNavLink_NavigatesToCorrectPage(menuLabel: &quot;Chat&quot;, expectedPath: &quot;/&quot;)" storage="c:\src\openclawnet-plan\tests\openclawnet.playwrighttests\bin\release\net10.0\openclawnet.playwrighttests.dll" id="05850bc9-065b-3e45-3f2c-51f73f4ceaa2">
      <Execution id="62797395-ce61-4b45-adf1-b6233b74d7ee" />
      <TestMethod codeBase="C:\src\openclawnet-plan\tests\OpenClawNet.PlaywrightTests\bin\Release\net10.0\OpenClawNet.PlaywrightTests.dll" adapterTypeName="executor://xunit/VsTestRunner3/netcore/" className="OpenClawNet.PlaywrightTests.BlazorNavigationTests" name="ClickNavLink_NavigatesToCorrectPage" />
    </UnitTest>
    <UnitTest name="OpenClawNet.PlaywrightTests.BlazorNavigationTests.WebApp_HomePage_LoadsSuccessfully" storage="c:\src\openclawnet-plan\tests\openclawnet.playwrighttests\bin\release\net10.0\openclawnet.playwrighttests.dll" id="9be6035a-4a0f-d661-e4ae-2d34b0c4edca">
      <Execution id="732627b8-0c6d-418c-a245-f8f49d0a3ad5" />
      <TestMethod codeBase="C:\src\openclawnet-plan\tests\OpenClawNet.PlaywrightTests\bin\Release\net10.0\OpenClawNet.PlaywrightTests.dll" adapterTypeName="executor://xunit/VsTestRunner3/netcore/" className="OpenClawNet.PlaywrightTests.BlazorNavigationTests" name="WebApp_HomePage_LoadsSuccessfully" />
    </UnitTest>
    <UnitTest name="OpenClawNet.PlaywrightTests.BlazorNavigationTests.ClickNavLink_NavigatesToCorrectPage(menuLabel: &quot;Skills&quot;, expectedPath: &quot;/skills&quot;)" storage="c:\src\openclawnet-plan\tests\openclawnet.playwrighttests\bin\release\net10.0\openclawnet.playwrighttests.dll" id="6e9c8c1b-96d9-bff2-efa5-e078635ad8ce">
      <Execution id="8baf8816-21d8-4ce3-8419-9c5f0f1f1969" />
      <TestMethod codeBase="C:\src\openclawnet-plan\tests\OpenClawNet.PlaywrightTests\bin\Release\net10.0\OpenClawNet.PlaywrightTests.dll" adapterTypeName="executor://xunit/VsTestRunner3/netcore/" className="OpenClawNet.PlaywrightTests.BlazorNavigationTests" name="ClickNavLink_NavigatesToCorrectPage" />
    </UnitTest>
    <UnitTest name="OpenClawNet.PlaywrightTests.BlazorNavigationTests.ClickNavLink_NavigatesToCorrectPage(menuLabel: &quot;Tool Log&quot;, expectedPath: &quot;/tool-log&quot;)" storage="c:\src\openclawnet-plan\tests\openclawnet.playwrighttests\bin\release\net10.0\openclawnet.playwrighttests.dll" id="2b26793d-e934-9cf7-df19-cf2e47c3fd7d">
      <Execution id="a953a55b-3420-4351-9843-e341834db862" />
      <TestMethod codeBase="C:\src\openclawnet-plan\tests\OpenClawNet.PlaywrightTests\bin\Release\net10.0\OpenClawNet.PlaywrightTests.dll" adapterTypeName="executor://xunit/VsTestRunner3/netcore/" className="OpenClawNet.PlaywrightTests.BlazorNavigationTests" name="ClickNavLink_NavigatesToCorrectPage" />
    </UnitTest>
    <UnitTest name="OpenClawNet.PlaywrightTests.GatewayApiTests.Skills_EnableDisable_TogglesState" storage="c:\src\openclawnet-plan\tests\openclawnet.playwrighttests\bin\release\net10.0\openclawnet.playwrighttests.dll" id="38a90175-22c6-cd27-09b9-6695497b09dc">
      <Execution id="ac2ea63c-9d11-4085-87bb-7ba5742722c3" />
      <TestMethod codeBase="C:\src\openclawnet-plan\tests\OpenClawNet.PlaywrightTests\bin\Release\net10.0\OpenClawNet.PlaywrightTests.dll" adapterTypeName="executor://xunit/VsTestRunner3/netcore/" className="OpenClawNet.PlaywrightTests.GatewayApiTests" name="Skills_EnableDisable_TogglesState" />
    </UnitTest>
    <UnitTest name="OpenClawNet.PlaywrightTests.BlazorNavigationTests.NavigateTo_Page_RendersWithoutError(path: &quot;/&quot;, expectedTitleFragment: &quot;Chat&quot;)" storage="c:\src\openclawnet-plan\tests\openclawnet.playwrighttests\bin\release\net10.0\openclawnet.playwrighttests.dll" id="252f2a01-35e2-4e6c-4635-fcfae02c275b">
      <Execution id="3313f40d-b921-4312-8e2e-8d70dc3fb154" />
      <TestMethod codeBase="C:\src\openclawnet-plan\tests\OpenClawNet.PlaywrightTests\bin\Release\net10.0\OpenClawNet.PlaywrightTests.dll" adapterTypeName="executor://xunit/VsTestRunner3/netcore/" className="OpenClawNet.PlaywrightTests.BlazorNavigationTests" name="NavigateTo_Page_RendersWithoutError" />
    </UnitTest>
    <UnitTest name="OpenClawNet.PlaywrightTests.GatewayApiTests.Chat_SendMessage_ReturnsResponseWithContent" storage="c:\src\openclawnet-plan\tests\openclawnet.playwrighttests\bin\release\net10.0\openclawnet.playwrighttests.dll" id="a3caf36e-13ed-c447-9db7-b587cb5794ea">
      <Execution id="326135e3-6d36-4f5c-8178-53674f38a0f8" />
      <TestMethod codeBase="C:\src\openclawnet-plan\tests\OpenClawNet.PlaywrightTests\bin\Release\net10.0\OpenClawNet.PlaywrightTests.dll" adapterTypeName="executor://xunit/VsTestRunner3/netcore/" className="OpenClawNet.PlaywrightTests.GatewayApiTests" name="Chat_SendMessage_ReturnsResponseWithContent" />
    </UnitTest>
    <UnitTest name="OpenClawNet.PlaywrightTests.BlazorNavigationTests.ClickNavLink_NavigatesToCorrectPage(menuLabel: &quot;Sessions&quot;, expectedPath: &quot;/sessions&quot;)" storage="c:\src\openclawnet-plan\tests\openclawnet.playwrighttests\bin\release\net10.0\openclawnet.playwrighttests.dll" id="d58b00fe-36c7-7815-7d30-bf925279aa06">
      <Execution id="4fe596ca-67a7-44e2-9e59-19a6580711b8" />
      <TestMethod codeBase="C:\src\openclawnet-plan\tests\OpenClawNet.PlaywrightTests\bin\Release\net10.0\OpenClawNet.PlaywrightTests.dll" adapterTypeName="executor://xunit/VsTestRunner3/netcore/" className="OpenClawNet.PlaywrightTests.BlazorNavigationTests" name="ClickNavLink_NavigatesToCorrectPage" />
    </UnitTest>
    <UnitTest name="OpenClawNet.PlaywrightTests.BlazorNavigationTests.ClickNavLink_NavigatesToCorrectPage(menuLabel: &quot;Jobs&quot;, expectedPath: &quot;/jobs&quot;)" storage="c:\src\openclawnet-plan\tests\openclawnet.playwrighttests\bin\release\net10.0\openclawnet.playwrighttests.dll" id="c0efca36-ae7b-32a1-2ee4-021fff69c239">
      <Execution id="e09500d9-fb6a-44f2-a41c-3baa8ade1450" />
      <TestMethod codeBase="C:\src\openclawnet-plan\tests\OpenClawNet.PlaywrightTests\bin\Release\net10.0\OpenClawNet.PlaywrightTests.dll" adapterTypeName="executor://xunit/VsTestRunner3/netcore/" className="OpenClawNet.PlaywrightTests.BlazorNavigationTests" name="ClickNavLink_NavigatesToCorrectPage" />
    </UnitTest>
    <UnitTest name="OpenClawNet.PlaywrightTests.AspireDashboardTests.Dashboard_WebAppHomePage_IsReachable" storage="c:\src\openclawnet-plan\tests\openclawnet.playwrighttests\bin\release\net10.0\openclawnet.playwrighttests.dll" id="97441e1d-857f-ac85-56f3-0882f43a09c2">
      <Execution id="4e8e9601-950e-4d55-b866-c3325f0e085f" />
      <TestMethod codeBase="C:\src\openclawnet-plan\tests\OpenClawNet.PlaywrightTests\bin\Release\net10.0\OpenClawNet.PlaywrightTests.dll" adapterTypeName="executor://xunit/VsTestRunner3/netcore/" className="OpenClawNet.PlaywrightTests.AspireDashboardTests" name="Dashboard_WebAppHomePage_IsReachable" />
    </UnitTest>
    <UnitTest name="OpenClawNet.PlaywrightTests.ChatFlowTests.Chat_AfterSendingMessage_SessionAppearsInSessionsPanel" storage="c:\src\openclawnet-plan\tests\openclawnet.playwrighttests\bin\release\net10.0\openclawnet.playwrighttests.dll" id="959a67af-80e8-a297-2a75-931a48b66206">
      <Execution id="3b6672fc-5c1d-4d95-8871-8aa80b450b8c" />
      <TestMethod codeBase="C:\src\openclawnet-plan\tests\OpenClawNet.PlaywrightTests\bin\Release\net10.0\OpenClawNet.PlaywrightTests.dll" adapterTypeName="executor://xunit/VsTestRunner3/netcore/" className="OpenClawNet.PlaywrightTests.ChatFlowTests" name="Chat_AfterSendingMessage_SessionAppearsInSessionsPanel" />
    </UnitTest>
    <UnitTest name="OpenClawNet.PlaywrightTests.BlazorNavigationTests.NavigateTo_Page_RendersWithoutError(path: &quot;/jobs&quot;, expectedTitleFragment: &quot;Jobs&quot;)" storage="c:\src\openclawnet-plan\tests\openclawnet.playwrighttests\bin\release\net10.0\openclawnet.playwrighttests.dll" id="9f767c9e-5205-cd5a-1c1e-b21843843ab8">
      <Execution id="97edcc0a-a560-4ab6-b208-9ec954882511" />
      <TestMethod codeBase="C:\src\openclawnet-plan\tests\OpenClawNet.PlaywrightTests\bin\Release\net10.0\OpenClawNet.PlaywrightTests.dll" adapterTypeName="executor://xunit/VsTestRunner3/netcore/" className="OpenClawNet.PlaywrightTests.BlazorNavigationTests" name="NavigateTo_Page_RendersWithoutError" />
    </UnitTest>
    <UnitTest name="OpenClawNet.PlaywrightTests.BlazorNavigationTests.ClickNavLink_NavigatesToCorrectPage(menuLabel: &quot;Tools&quot;, expectedPath: &quot;/tools&quot;)" storage="c:\src\openclawnet-plan\tests\openclawnet.playwrighttests\bin\release\net10.0\openclawnet.playwrighttests.dll" id="4a009d3c-5d94-e195-7599-091b3e3c49c0">
      <Execution id="92fb5e6f-6249-4e13-8569-75d8fcb6e181" />
      <TestMethod codeBase="C:\src\openclawnet-plan\tests\OpenClawNet.PlaywrightTests\bin\Release\net10.0\OpenClawNet.PlaywrightTests.dll" adapterTypeName="executor://xunit/VsTestRunner3/netcore/" className="OpenClawNet.PlaywrightTests.BlazorNavigationTests" name="ClickNavLink_NavigatesToCorrectPage" />
    </UnitTest>
    <UnitTest name="OpenClawNet.PlaywrightTests.SettingsAndSkillsTests.SettingsPage_Loads_ShowsProviderSelector" storage="c:\src\openclawnet-plan\tests\openclawnet.playwrighttests\bin\release\net10.0\openclawnet.playwrighttests.dll" id="cc2ae56d-a1c9-7f77-345e-3fb5f1f4a3ea">
      <Execution id="047e1801-be62-4acb-a973-7e492be59f96" />
      <TestMethod codeBase="C:\src\openclawnet-plan\tests\OpenClawNet.PlaywrightTests\bin\Release\net10.0\OpenClawNet.PlaywrightTests.dll" adapterTypeName="executor://xunit/VsTestRunner3/netcore/" className="OpenClawNet.PlaywrightTests.SettingsAndSkillsTests" name="SettingsPage_Loads_ShowsProviderSelector" />
    </UnitTest>
    <UnitTest name="OpenClawNet.PlaywrightTests.BlazorNavigationTests.ClickNavLink_NavigatesToCorrectPage(menuLabel: &quot;Settings&quot;, expectedPath: &quot;/settings&quot;)" storage="c:\src\openclawnet-plan\tests\openclawnet.playwrighttests\bin\release\net10.0\openclawnet.playwrighttests.dll" id="656d65c0-1f8b-be04-2462-02c403d06a5a">
      <Execution id="4b92a1d6-c9aa-4330-9b90-12a251ea3f2f" />
      <TestMethod codeBase="C:\src\openclawnet-plan\tests\OpenClawNet.PlaywrightTests\bin\Release\net10.0\OpenClawNet.PlaywrightTests.dll" adapterTypeName="executor://xunit/VsTestRunner3/netcore/" className="OpenClawNet.PlaywrightTests.BlazorNavigationTests" name="ClickNavLink_NavigatesToCorrectPage" />
    </UnitTest>
    <UnitTest name="OpenClawNet.PlaywrightTests.BlazorNavigationTests.NavigateTo_Page_RendersWithoutError(path: &quot;/health&quot;, expectedTitleFragment: &quot;Health&quot;)" storage="c:\src\openclawnet-plan\tests\openclawnet.playwrighttests\bin\release\net10.0\openclawnet.playwrighttests.dll" id="7fd1090b-b167-0aaf-3066-daaf9326f3c3">
      <Execution id="2a5880b1-f0dd-4272-be3d-12248487f075" />
      <TestMethod codeBase="C:\src\openclawnet-plan\tests\OpenClawNet.PlaywrightTests\bin\Release\net10.0\OpenClawNet.PlaywrightTests.dll" adapterTypeName="executor://xunit/VsTestRunner3/netcore/" className="OpenClawNet.PlaywrightTests.BlazorNavigationTests" name="NavigateTo_Page_RendersWithoutError" />
    </UnitTest>
    <UnitTest name="OpenClawNet.PlaywrightTests.AspireDashboardTests.WebUI_AfterChatInteraction_SessionsListUpdates" storage="c:\src\openclawnet-plan\tests\openclawnet.playwrighttests\bin\release\net10.0\openclawnet.playwrighttests.dll" id="bd2ca6ba-df6f-12dd-067e-274cc39b68b5">
      <Execution id="589926c6-6ad8-4784-8446-6b1de26e12cb" />
      <TestMethod codeBase="C:\src\openclawnet-plan\tests\OpenClawNet.PlaywrightTests\bin\Release\net10.0\OpenClawNet.PlaywrightTests.dll" adapterTypeName="executor://xunit/VsTestRunner3/netcore/" className="OpenClawNet.PlaywrightTests.AspireDashboardTests" name="WebUI_AfterChatInteraction_SessionsListUpdates" />
    </UnitTest>
  </TestDefinitions>
  <TestEntries>
    <TestEntry testId="656d65c0-1f8b-be04-2462-02c403d06a5a" executionId="4b92a1d6-c9aa-4330-9b90-12a251ea3f2f" testListId="8c84fa94-04c1-424b-9868-57a2d4851a1d" />
    <TestEntry testId="dd53ce44-0998-f0de-e1e5-9191f55117da" executionId="e3cc0133-a681-49fd-a127-106442991a19" testListId="8c84fa94-04c1-424b-9868-57a2d4851a1d" />
    <TestEntry testId="8c6f70ff-5227-be64-c665-3d493a26c6f6" executionId="33949915-f2b8-41da-b645-9ee37febfc1a" testListId="8c84fa94-04c1-424b-9868-57a2d4851a1d" />
    <TestEntry testId="cc2ae56d-a1c9-7f77-345e-3fb5f1f4a3ea" executionId="047e1801-be62-4acb-a973-7e492be59f96" testListId="8c84fa94-04c1-424b-9868-57a2d4851a1d" />
    <TestEntry testId="2f23a1ec-bdee-040a-02e0-a090799cafec" executionId="f59acc1f-c1d7-4ded-8b4d-f5387dcb638c" testListId="8c84fa94-04c1-424b-9868-57a2d4851a1d" />
    <TestEntry testId="05850bc9-065b-3e45-3f2c-51f73f4ceaa2" executionId="62797395-ce61-4b45-adf1-b6233b74d7ee" testListId="8c84fa94-04c1-424b-9868-57a2d4851a1d" />
    <TestEntry testId="18de8cab-fe8f-8dc4-0e54-06deb643ca13" executionId="441f28bc-d110-4a8a-a9b8-3b100262604e" testListId="8c84fa94-04c1-424b-9868-57a2d4851a1d" />
    <TestEntry testId="c0efca36-ae7b-32a1-2ee4-021fff69c239" executionId="e09500d9-fb6a-44f2-a41c-3baa8ade1450" testListId="8c84fa94-04c1-424b-9868-57a2d4851a1d" />
    <TestEntry testId="0a943528-492b-541d-fbfe-1e86d12c9a53" executionId="8675c0fe-87f9-4cad-a701-526b7a435a1f" testListId="8c84fa94-04c1-424b-9868-57a2d4851a1d" />
    <TestEntry testId="b3c8c01e-cc78-cd14-6d63-2b9c38eabaa8" executionId="1f81e6ba-e2e5-4ae5-bd61-189f19b26cd0" testListId="8c84fa94-04c1-424b-9868-57a2d4851a1d" />
    <TestEntry testId="9f767c9e-5205-cd5a-1c1e-b21843843ab8" executionId="97edcc0a-a560-4ab6-b208-9ec954882511" testListId="8c84fa94-04c1-424b-9868-57a2d4851a1d" />
    <TestEntry testId="7fd1090b-b167-0aaf-3066-daaf9326f3c3" executionId="2a5880b1-f0dd-4272-be3d-12248487f075" testListId="8c84fa94-04c1-424b-9868-57a2d4851a1d" />
    <TestEntry testId="959a67af-80e8-a297-2a75-931a48b66206" executionId="3b6672fc-5c1d-4d95-8871-8aa80b450b8c" testListId="8c84fa94-04c1-424b-9868-57a2d4851a1d" />
    <TestEntry testId="a4254811-e835-571b-0e8a-a812a54a5f1b" executionId="0905c70c-9e60-477b-abd2-30bbfeca55ca" testListId="8c84fa94-04c1-424b-9868-57a2d4851a1d" />
    <TestEntry testId="4a009d3c-5d94-e195-7599-091b3e3c49c0" executionId="92fb5e6f-6249-4e13-8569-75d8fcb6e181" testListId="8c84fa94-04c1-424b-9868-57a2d4851a1d" />
    <TestEntry testId="3381394f-cf42-6c32-0b71-7c8182b3a909" executionId="ceb4a77b-6c8f-4988-b23b-a2f707ab8774" testListId="8c84fa94-04c1-424b-9868-57a2d4851a1d" />
    <TestEntry testId="1b50bbfc-45c8-5ded-dcb0-b5edc73d614e" executionId="d1c5331c-ebb4-4ae2-81fc-a15ef1452878" testListId="8c84fa94-04c1-424b-9868-57a2d4851a1d" />
    <TestEntry testId="f70a4ba7-01b5-6526-299a-783e19c2e787" executionId="5a77eea1-023a-44d9-8080-6a574b60c5db" testListId="8c84fa94-04c1-424b-9868-57a2d4851a1d" />
    <TestEntry testId="c5aa837b-0f34-0463-b8a6-b03f4d812572" executionId="450f3607-e056-4b8e-b911-8889e6d00f63" testListId="8c84fa94-04c1-424b-9868-57a2d4851a1d" />
    <TestEntry testId="6461d291-bbc4-cef1-4fe2-7d3f9fb9f6bd" executionId="c80d33bb-5aa1-4772-8066-e7d4d9a1ec42" testListId="8c84fa94-04c1-424b-9868-57a2d4851a1d" />
    <TestEntry testId="5abd0a46-0b71-abfd-7f2c-6c86a08e3cae" executionId="8b73d245-c98c-4f8f-af93-37f686618f48" testListId="8c84fa94-04c1-424b-9868-57a2d4851a1d" />
    <TestEntry testId="d58b00fe-36c7-7815-7d30-bf925279aa06" executionId="4fe596ca-67a7-44e2-9e59-19a6580711b8" testListId="8c84fa94-04c1-424b-9868-57a2d4851a1d" />
    <TestEntry testId="f517f8b3-d991-6397-85df-ba4fa58e29c1" executionId="1c2051b9-3fad-4e44-9c51-d14914370790" testListId="8c84fa94-04c1-424b-9868-57a2d4851a1d" />
    <TestEntry testId="97441e1d-857f-ac85-56f3-0882f43a09c2" executionId="4e8e9601-950e-4d55-b866-c3325f0e085f" testListId="8c84fa94-04c1-424b-9868-57a2d4851a1d" />
    <TestEntry testId="fde9438d-4d24-400b-cc21-5283e75b5d3e" executionId="77e89538-97d4-4a84-965c-ed3f636b1106" testListId="8c84fa94-04c1-424b-9868-57a2d4851a1d" />
    <TestEntry testId="bd2ca6ba-df6f-12dd-067e-274cc39b68b5" executionId="589926c6-6ad8-4784-8446-6b1de26e12cb" testListId="8c84fa94-04c1-424b-9868-57a2d4851a1d" />
    <TestEntry testId="85ff5096-e103-1623-e366-93f8d0fc6ca2" executionId="3a1a3c74-4657-422c-b3aa-8781e346619c" testListId="8c84fa94-04c1-424b-9868-57a2d4851a1d" />
    <TestEntry testId="08fdb781-0419-301e-94d1-9c4e4539d3c5" executionId="6b3eba1a-7cde-4a87-aa88-ab60332b5d1f" testListId="8c84fa94-04c1-424b-9868-57a2d4851a1d" />
    <TestEntry testId="266a6069-a9d0-5f8e-2b86-143f33fb400c" executionId="ebf519bd-b06b-4148-866f-b35a3d7a9210" testListId="8c84fa94-04c1-424b-9868-57a2d4851a1d" />
    <TestEntry testId="01280ded-0a55-f688-3bc1-cc56c144678f" executionId="0905406e-ceac-48bd-ac1e-716f91b6ae70" testListId="8c84fa94-04c1-424b-9868-57a2d4851a1d" />
    <TestEntry testId="a3caf36e-13ed-c447-9db7-b587cb5794ea" executionId="326135e3-6d36-4f5c-8178-53674f38a0f8" testListId="8c84fa94-04c1-424b-9868-57a2d4851a1d" />
    <TestEntry testId="252f2a01-35e2-4e6c-4635-fcfae02c275b" executionId="3313f40d-b921-4312-8e2e-8d70dc3fb154" testListId="8c84fa94-04c1-424b-9868-57a2d4851a1d" />
    <TestEntry testId="38a90175-22c6-cd27-09b9-6695497b09dc" executionId="ac2ea63c-9d11-4085-87bb-7ba5742722c3" testListId="8c84fa94-04c1-424b-9868-57a2d4851a1d" />
    <TestEntry testId="2b26793d-e934-9cf7-df19-cf2e47c3fd7d" executionId="a953a55b-3420-4351-9843-e341834db862" testListId="8c84fa94-04c1-424b-9868-57a2d4851a1d" />
    <TestEntry testId="6e9c8c1b-96d9-bff2-efa5-e078635ad8ce" executionId="8baf8816-21d8-4ce3-8419-9c5f0f1f1969" testListId="8c84fa94-04c1-424b-9868-57a2d4851a1d" />
    <TestEntry testId="64b3417f-6f61-88ca-0e3f-fdcac7ba7473" executionId="5558c787-cb0a-49a0-89bd-58ba453369cf" testListId="8c84fa94-04c1-424b-9868-57a2d4851a1d" />
    <TestEntry testId="9828de21-a8a7-f90e-655e-b817b2abc03c" executionId="86db865f-d18e-43dc-8648-17da8a9ba5cb" testListId="8c84fa94-04c1-424b-9868-57a2d4851a1d" />
    <TestEntry testId="670ea536-28e0-531f-f931-e9e3fc76d913" executionId="54d4dd20-15b4-4277-abf8-83e79f0faec0" testListId="8c84fa94-04c1-424b-9868-57a2d4851a1d" />
    <TestEntry testId="9be6035a-4a0f-d661-e4ae-2d34b0c4edca" executionId="732627b8-0c6d-418c-a245-f8f49d0a3ad5" testListId="8c84fa94-04c1-424b-9868-57a2d4851a1d" />
  </TestEntries>
  <TestLists>
    <TestList name="Results Not in a List" id="8c84fa94-04c1-424b-9868-57a2d4851a1d" />
    <TestList name="All Loaded Results" id="19431567-8539-422a-85d7-44ee4e166bda" />
  </TestLists>
  <ResultSummary outcome="Completed">
    <Counters total="39" executed="39" passed="39" failed="0" error="0" timeout="0" aborted="0" inconclusive="0" passedButRunAborted="0" notRunnable="0" notExecuted="0" disconnected="0" warning="0" completed="0" inProgress="0" pending="0" />
    <Output>
      <StdOut>[xUnit.net 00:00:00.00] xUnit.net VSTest Adapter v3.1.5+1b188a7b0a (64-bit .NET 10.0.5)&#xD;
[xUnit.net 00:00:00.16]   Discovering: OpenClawNet.PlaywrightTests&#xD;
[xUnit.net 00:00:00.23]   Discovered:  OpenClawNet.PlaywrightTests&#xD;
[xUnit.net 00:00:00.26]   Starting:    OpenClawNet.PlaywrightTests&#xD;
info: Aspire.Hosting.DistributedApplication[0]&#xD;
      Aspire version: 13.2.2+25961cf7043e413abaf8ad84348988f2904b90d5&#xD;
info: Aspire.Hosting.DistributedApplication[0]&#xD;
      Distributed application starting.&#xD;
info: Aspire.Hosting.DistributedApplication[0]&#xD;
      Application host directory is: C:\src\openclawnet-plan\src\OpenClawNet.AppHost&#xD;
info: OpenClawNet.AppHost.Resources.channels[0]&#xD;
      1: 2026-04-14T15:06:53.2465766Z Waiting for resource 'gateway' to enter the 'Running' state.&#xD;
info: OpenClawNet.AppHost.Resources.web[0]&#xD;
      1: 2026-04-14T15:06:53.2465616Z Waiting for resource 'gateway' to enter the 'Running' state.&#xD;
info: OpenClawNet.AppHost.Resources.scheduler[0]&#xD;
      1: 2026-04-14T15:06:53.2465685Z Waiting for resource 'gateway' to enter the 'Running' state.&#xD;
info: OpenClawNet.AppHost.Resources.openclawnet-db-sqliteweb[0]&#xD;
      1: 2026-04-14T15:06:53.2541889Z Waiting for resource 'openclawnet-db' to enter the 'Running' state.&#xD;
info: OpenClawNet.AppHost.Resources.openclawnet-db-sqliteweb[0]&#xD;
      2: 2026-04-14T15:06:53.2586087Z Waiting for resource ready to execute for 'openclawnet-db'.&#xD;
info: OpenClawNet.AppHost.Resources.openclawnet-db-sqliteweb[0]&#xD;
      3: 2026-04-14T15:06:53.2598510Z Finished waiting for resource 'openclawnet-db'.&#xD;
info: OpenClawNet.AppHost.Resources.web[0]&#xD;
      2: 2026-04-14T15:06:53.2612829Z Waiting for resource 'scheduler' to enter the 'Running' state.&#xD;
info: OpenClawNet.AppHost.Resources.channels[0]&#xD;
      2: 2026-04-14T15:06:53.6729193Z Waiting for resource 'gateway' to become healthy.&#xD;
info: OpenClawNet.AppHost.Resources.scheduler[0]&#xD;
      2: 2026-04-14T15:06:53.6744931Z Waiting for resource 'gateway' to become healthy.&#xD;
info: OpenClawNet.AppHost.Resources.web[0]&#xD;
      3: 2026-04-14T15:06:53.6745843Z Waiting for resource 'gateway' to become healthy.&#xD;
info: OpenClawNet.AppHost.Resources.openclawnet-db-sqliteweb[0]&#xD;
      4: 2026-04-14T15:06:53.5400000Z 216da0ca78210a3533afa856d0a92b73581756440498f4b63797a8ad1edb7029&#xD;
info: OpenClawNet.AppHost.Resources.memory-service[0]&#xD;
      1: 2026-04-14T15:06:55.6410000Z info: Microsoft.Hosting.Lifetime[14]&#xD;
info: OpenClawNet.AppHost.Resources.memory-service[0]&#xD;
      2: 2026-04-14T15:06:55.6410000Z       Now listening on: http://localhost:63043&#xD;
info: OpenClawNet.AppHost.Resources.memory-service[0]&#xD;
      3: 2026-04-14T15:06:55.6480000Z info: Microsoft.Hosting.Lifetime[0]&#xD;
info: OpenClawNet.AppHost.Resources.memory-service[0]&#xD;
      4: 2026-04-14T15:06:55.6480000Z       Application started. Press Ctrl+C to shut down.&#xD;
info: OpenClawNet.AppHost.Resources.memory-service[0]&#xD;
      5: 2026-04-14T15:06:55.6500000Z info: Microsoft.Hosting.Lifetime[0]&#xD;
info: OpenClawNet.AppHost.Resources.memory-service[0]&#xD;
      6: 2026-04-14T15:06:55.6500000Z       Hosting environment: Development&#xD;
info: OpenClawNet.AppHost.Resources.memory-service[0]&#xD;
      7: 2026-04-14T15:06:55.6500000Z info: Microsoft.Hosting.Lifetime[0]&#xD;
info: OpenClawNet.AppHost.Resources.memory-service[0]&#xD;
      8: 2026-04-14T15:06:55.6500000Z       Content root path: C:\src\openclawnet-plan\src\OpenClawNet.Services.Memory&#xD;
info: OpenClawNet.AppHost.Resources.shell-service[0]&#xD;
      1: 2026-04-14T15:06:55.5890000Z info: Microsoft.Hosting.Lifetime[14]&#xD;
info: OpenClawNet.AppHost.Resources.shell-service[0]&#xD;
      2: 2026-04-14T15:06:55.5890000Z       Now listening on: http://localhost:63045&#xD;
info: OpenClawNet.AppHost.Resources.shell-service[0]&#xD;
      3: 2026-04-14T15:06:55.5970000Z info: Microsoft.Hosting.Lifetime[0]&#xD;
info: OpenClawNet.AppHost.Resources.shell-service[0]&#xD;
      4: 2026-04-14T15:06:55.5970000Z       Application started. Press Ctrl+C to shut down.&#xD;
info: OpenClawNet.AppHost.Resources.shell-service[0]&#xD;
      5: 2026-04-14T15:06:55.6000000Z info: Microsoft.Hosting.Lifetime[0]&#xD;
info: OpenClawNet.AppHost.Resources.shell-service[0]&#xD;
      6: 2026-04-14T15:06:55.6000000Z       Hosting environment: Development&#xD;
info: OpenClawNet.AppHost.Resources.shell-service[0]&#xD;
      7: 2026-04-14T15:06:55.6000000Z info: Microsoft.Hosting.Lifetime[0]&#xD;
info: OpenClawNet.AppHost.Resources.shell-service[0]&#xD;
      8: 2026-04-14T15:06:55.6000000Z       Content root path: C:\src\openclawnet-plan\src\OpenClawNet.Services.Shell&#xD;
info: OpenClawNet.AppHost.Resources.memory-service[0]&#xD;
      9: 2026-04-14T15:06:55.7420000Z info: Microsoft.AspNetCore.Hosting.Diagnostics[1]&#xD;
info: OpenClawNet.AppHost.Resources.memory-service[0]&#xD;
      10: 2026-04-14T15:06:55.7420000Z       Request starting HTTP/1.1 GET http://localhost:63042/health - - -&#xD;
info: OpenClawNet.AppHost.Resources.memory-service[0]&#xD;
      11: 2026-04-14T15:06:55.8210000Z info: Microsoft.AspNetCore.Routing.EndpointMiddleware[0]&#xD;
info: OpenClawNet.AppHost.Resources.memory-service[0]&#xD;
      12: 2026-04-14T15:06:55.8210000Z       Executing endpoint 'HTTP: GET /health'&#xD;
info: OpenClawNet.AppHost.Resources.memory-service[0]&#xD;
      13: 2026-04-14T15:06:55.8280000Z info: Microsoft.AspNetCore.Http.Result.OkObjectResult[1]&#xD;
info: OpenClawNet.AppHost.Resources.memory-service[0]&#xD;
      14: 2026-04-14T15:06:55.8280000Z       Setting HTTP status code 200.&#xD;
info: OpenClawNet.AppHost.Resources.memory-service[0]&#xD;
      15: 2026-04-14T15:06:55.8360000Z info: Microsoft.AspNetCore.Http.Result.OkObjectResult[3]&#xD;
info: OpenClawNet.AppHost.Resources.memory-service[0]&#xD;
      16: 2026-04-14T15:06:55.8360000Z       Writing value of type '&lt;&gt;f__AnonymousType0`2' as Json.&#xD;
info: OpenClawNet.AppHost.Resources.memory-service[0]&#xD;
      17: 2026-04-14T15:06:55.8390000Z info: Microsoft.AspNetCore.Routing.EndpointMiddleware[1]&#xD;
info: OpenClawNet.AppHost.Resources.memory-service[0]&#xD;
      18: 2026-04-14T15:06:55.8390000Z       Executed endpoint 'HTTP: GET /health'&#xD;
info: OpenClawNet.AppHost.Resources.memory-service[0]&#xD;
      19: 2026-04-14T15:06:55.8420000Z info: Microsoft.AspNetCore.Hosting.Diagnostics[2]&#xD;
info: OpenClawNet.AppHost.Resources.memory-service[0]&#xD;
      20: 2026-04-14T15:06:55.8420000Z       Request finished HTTP/1.1 GET http://localhost:63042/health - 200 - application/json;+charset=utf-8 107.7181ms&#xD;
info: OpenClawNet.AppHost.Resources.browser-service[0]&#xD;
      1: 2026-04-14T15:06:55.7140000Z info: Microsoft.Hosting.Lifetime[14]&#xD;
info: OpenClawNet.AppHost.Resources.browser-service[0]&#xD;
      2: 2026-04-14T15:06:55.7140000Z       Now listening on: http://localhost:63047&#xD;
info: OpenClawNet.AppHost.Resources.browser-service[0]&#xD;
      3: 2026-04-14T15:06:55.7220000Z info: Microsoft.Hosting.Lifetime[0]&#xD;
info: OpenClawNet.AppHost.Resources.browser-service[0]&#xD;
      4: 2026-04-14T15:06:55.7220000Z       Application started. Press Ctrl+C to shut down.&#xD;
info: OpenClawNet.AppHost.Resources.browser-service[0]&#xD;
      5: 2026-04-14T15:06:55.7250000Z info: Microsoft.Hosting.Lifetime[0]&#xD;
info: OpenClawNet.AppHost.Resources.browser-service[0]&#xD;
      6: 2026-04-14T15:06:55.7250000Z       Hosting environment: Development&#xD;
info: OpenClawNet.AppHost.Resources.browser-service[0]&#xD;
      7: 2026-04-14T15:06:55.7250000Z info: Microsoft.Hosting.Lifetime[0]&#xD;
info: OpenClawNet.AppHost.Resources.browser-service[0]&#xD;
      8: 2026-04-14T15:06:55.7250000Z       Content root path: C:\src\openclawnet-plan\src\OpenClawNet.Services.Browser&#xD;
info: OpenClawNet.AppHost.Resources.browser-service[0]&#xD;
      9: 2026-04-14T15:06:55.8900000Z info: Microsoft.AspNetCore.Hosting.Diagnostics[1]&#xD;
info: OpenClawNet.AppHost.Resources.browser-service[0]&#xD;
      10: 2026-04-14T15:06:55.8900000Z       Request starting HTTP/1.1 GET http://localhost:63040/health - - -&#xD;
info: OpenClawNet.AppHost.Resources.browser-service[0]&#xD;
      11: 2026-04-14T15:06:55.9620000Z info: Microsoft.AspNetCore.Routing.EndpointMiddleware[0]&#xD;
info: OpenClawNet.AppHost.Resources.browser-service[0]&#xD;
      12: 2026-04-14T15:06:55.9620000Z       Executing endpoint 'HTTP: GET /health'&#xD;
info: OpenClawNet.AppHost.Resources.browser-service[0]&#xD;
      13: 2026-04-14T15:06:55.9690000Z info: Microsoft.AspNetCore.Http.Result.OkObjectResult[1]&#xD;
info: OpenClawNet.AppHost.Resources.browser-service[0]&#xD;
      14: 2026-04-14T15:06:55.9690000Z       Setting HTTP status code 200.&#xD;
info: OpenClawNet.AppHost.Resources.browser-service[0]&#xD;
      15: 2026-04-14T15:06:55.9760000Z info: Microsoft.AspNetCore.Http.Result.OkObjectResult[3]&#xD;
info: OpenClawNet.AppHost.Resources.browser-service[0]&#xD;
      16: 2026-04-14T15:06:55.9760000Z       Writing value of type '&lt;&gt;f__AnonymousType0`2' as Json.&#xD;
info: OpenClawNet.AppHost.Resources.browser-service[0]&#xD;
      17: 2026-04-14T15:06:55.9800000Z info: Microsoft.AspNetCore.Routing.EndpointMiddleware[1]&#xD;
info: OpenClawNet.AppHost.Resources.browser-service[0]&#xD;
      18: 2026-04-14T15:06:55.9800000Z       Executed endpoint 'HTTP: GET /health'&#xD;
info: OpenClawNet.AppHost.Resources.browser-service[0]&#xD;
      19: 2026-04-14T15:06:55.9820000Z info: Microsoft.AspNetCore.Hosting.Diagnostics[2]&#xD;
info: OpenClawNet.AppHost.Resources.browser-service[0]&#xD;
      20: 2026-04-14T15:06:55.9820000Z       Request finished HTTP/1.1 GET http://localhost:63040/health - 200 - application/json;+charset=utf-8 99.5206ms&#xD;
info: OpenClawNet.AppHost.Resources.shell-service[0]&#xD;
      9: 2026-04-14T15:06:56.0460000Z info: Microsoft.AspNetCore.Hosting.Diagnostics[1]&#xD;
info: OpenClawNet.AppHost.Resources.shell-service[0]&#xD;
      10: 2026-04-14T15:06:56.0460000Z       Request starting HTTP/1.1 GET http://localhost:63039/health - - -&#xD;
info: OpenClawNet.AppHost.Resources.shell-service[0]&#xD;
      11: 2026-04-14T15:06:56.1190000Z info: Microsoft.AspNetCore.Routing.EndpointMiddleware[0]&#xD;
info: OpenClawNet.AppHost.Resources.shell-service[0]&#xD;
      12: 2026-04-14T15:06:56.1190000Z       Executing endpoint 'HTTP: GET /health'&#xD;
info: OpenClawNet.AppHost.Resources.shell-service[0]&#xD;
      13: 2026-04-14T15:06:56.1240000Z info: Microsoft.AspNetCore.Http.Result.OkObjectResult[1]&#xD;
info: OpenClawNet.AppHost.Resources.shell-service[0]&#xD;
      14: 2026-04-14T15:06:56.1240000Z       Setting HTTP status code 200.&#xD;
info: OpenClawNet.AppHost.Resources.shell-service[0]&#xD;
      15: 2026-04-14T15:06:56.1310000Z info: Microsoft.AspNetCore.Http.Result.OkObjectResult[3]&#xD;
info: OpenClawNet.AppHost.Resources.shell-service[0]&#xD;
      16: 2026-04-14T15:06:56.1310000Z       Writing value of type '&lt;&gt;f__AnonymousType0`2' as Json.&#xD;
info: OpenClawNet.AppHost.Resources.shell-service[0]&#xD;
      17: 2026-04-14T15:06:56.1350000Z info: Microsoft.AspNetCore.Routing.EndpointMiddleware[1]&#xD;
info: OpenClawNet.AppHost.Resources.shell-service[0]&#xD;
      18: 2026-04-14T15:06:56.1350000Z       Executed endpoint 'HTTP: GET /health'&#xD;
info: OpenClawNet.AppHost.Resources.shell-service[0]&#xD;
      19: 2026-04-14T15:06:56.1380000Z info: Microsoft.AspNetCore.Hosting.Diagnostics[2]&#xD;
info: OpenClawNet.AppHost.Resources.shell-service[0]&#xD;
      20: 2026-04-14T15:06:56.1380000Z       Request finished HTTP/1.1 GET http://localhost:63039/health - 200 - application/json;+charset=utf-8 99.1998ms&#xD;
info: OpenClawNet.AppHost.Resources.gateway[0]&#xD;
      1: 2026-04-14T15:06:56.4700000Z info: OpenClawNet.Tools.FileSystem.FileSystemTool[0]&#xD;
info: OpenClawNet.AppHost.Resources.gateway[0]&#xD;
      2: 2026-04-14T15:06:56.4700000Z       FileSystem workspace root: C:\src\openclawnet-plan&#xD;
info: OpenClawNet.AppHost.Resources.gateway[0]&#xD;
      3: 2026-04-14T15:06:56.5470000Z dbug: Microsoft.AspNetCore.SignalR.Internal.DefaultHubProtocolResolver[1]&#xD;
info: OpenClawNet.AppHost.Resources.gateway[0]&#xD;
      4: 2026-04-14T15:06:56.5470000Z       Registered SignalR Protocol: json, implemented by Microsoft.AspNetCore.SignalR.Protocol.JsonHubProtocol.&#xD;
info: OpenClawNet.AppHost.Resources.gateway[0]&#xD;
      5: 2026-04-14T15:06:56.5590000Z info: OpenClawNet.Gateway.Services.RuntimeModelSettings[0]&#xD;
info: OpenClawNet.AppHost.Resources.gateway[0]&#xD;
      6: 2026-04-14T15:06:56.5590000Z       RuntimeModelSettings initialised: Provider=ollama, Model=gemma4:e2b&#xD;
info: OpenClawNet.AppHost.Resources.gateway[0]&#xD;
      7: 2026-04-14T15:06:56.7830000Z info: Microsoft.Hosting.Lifetime[14]&#xD;
info: OpenClawNet.AppHost.Resources.gateway[0]&#xD;
      8: 2026-04-14T15:06:56.7830000Z       Now listening on: https://localhost:63044&#xD;
info: OpenClawNet.AppHost.Resources.gateway[0]&#xD;
      9: 2026-04-14T15:06:56.7850000Z info: Microsoft.Hosting.Lifetime[14]&#xD;
info: OpenClawNet.AppHost.Resources.gateway[0]&#xD;
      10: 2026-04-14T15:06:56.7850000Z       Now listening on: http://localhost:63046&#xD;
info: OpenClawNet.AppHost.Resources.gateway[0]&#xD;
      11: 2026-04-14T15:06:56.7860000Z info: Microsoft.Hosting.Lifetime[0]&#xD;
info: OpenClawNet.AppHost.Resources.gateway[0]&#xD;
      12: 2026-04-14T15:06:56.7860000Z       Application started. Press Ctrl+C to shut down.&#xD;
info: OpenClawNet.AppHost.Resources.gateway[0]&#xD;
      13: 2026-04-14T15:06:56.7860000Z info: Microsoft.Hosting.Lifetime[0]&#xD;
info: OpenClawNet.AppHost.Resources.gateway[0]&#xD;
      14: 2026-04-14T15:06:56.7860000Z       Hosting environment: Development&#xD;
info: OpenClawNet.AppHost.Resources.gateway[0]&#xD;
      15: 2026-04-14T15:06:56.7860000Z info: Microsoft.Hosting.Lifetime[0]&#xD;
info: OpenClawNet.AppHost.Resources.gateway[0]&#xD;
      16: 2026-04-14T15:06:56.7860000Z       Content root path: C:\src\openclawnet-plan\src\OpenClawNet.Gateway&#xD;
fail: Microsoft.Extensions.Diagnostics.HealthChecks.DefaultHealthCheckService[103]&#xD;
      Health check openclawnet-db-sqliteweb_http_/_200_check with status Unhealthy completed after 110.0395ms with message '(null)'&#xD;
      System.Net.Http.HttpRequestException: An error occurred while sending the request.&#xD;
       ---&gt; System.Net.Http.HttpIOException: The response ended prematurely. (ResponseEnded)&#xD;
         at System.Net.Http.HttpConnection.SendAsync(HttpRequestMessage request, Boolean async, CancellationToken cancellationToken)&#xD;
         --- End of inner exception stack trace ---&#xD;
         at System.Net.Http.HttpConnection.SendAsync(HttpRequestMessage request, Boolean async, CancellationToken cancellationToken)&#xD;
         at System.Net.Http.HttpConnectionPool.SendWithVersionDetectionAndRetryAsync(HttpRequestMessage request, Boolean async, Boolean doRequestAuth, CancellationToken cancellationToken)&#xD;
         at System.Net.Http.RedirectHandler.SendAsync(HttpRequestMessage request, Boolean async, CancellationToken cancellationToken)&#xD;
         at System.Net.Http.SocketsHttpHandler.&lt;SendAsync&gt;g__CreateHandlerAndSendAsync|115_0(HttpRequestMessage request, CancellationToken cancellationToken)&#xD;
         at Microsoft.Extensions.Http.Logging.LoggingHttpMessageHandler.&lt;SendCoreAsync&gt;g__Core|4_0(HttpRequestMessage request, Boolean useAsync, CancellationToken cancellationToken)&#xD;
         at Microsoft.Extensions.Http.Logging.LoggingScopeHttpMessageHandler.&lt;SendCoreAsync&gt;g__Core|4_0(HttpRequestMessage request, Boolean useAsync, CancellationToken cancellationToken)&#xD;
         at System.Net.Http.HttpClient.&lt;SendAsync&gt;g__Core|83_0(HttpRequestMessage request, HttpCompletionOption completionOption, CancellationTokenSource cts, Boolean disposeCts, CancellationTokenSource pendingRequestsCts, CancellationToken originalCancellationToken)&#xD;
         at HealthChecks.Uris.UriHealthCheck.CheckHealthAsync(HealthCheckContext context, CancellationToken cancellationToken) in /home/runner/work/AspNetCore.Diagnostics.HealthChecks/AspNetCore.Diagnostics.HealthChecks/src/HealthChecks.Uris/UriHealthCheck.cs:line 54&#xD;
info: OpenClawNet.AppHost.Resources.scheduler[0]&#xD;
      3: 2026-04-14T15:06:58.4968239Z Waiting for resource ready to execute for 'gateway'.&#xD;
info: OpenClawNet.AppHost.Resources.channels[0]&#xD;
      3: 2026-04-14T15:06:58.4968469Z Waiting for resource ready to execute for 'gateway'.&#xD;
info: OpenClawNet.AppHost.Resources.scheduler[0]&#xD;
      4: 2026-04-14T15:06:58.4968935Z Finished waiting for resource 'gateway'.&#xD;
info: OpenClawNet.AppHost.Resources.channels[0]&#xD;
      4: 2026-04-14T15:06:58.4968802Z Finished waiting for resource 'gateway'.&#xD;
info: OpenClawNet.AppHost.Resources.web[0]&#xD;
      4: 2026-04-14T15:06:58.4968049Z Waiting for resource ready to execute for 'gateway'.&#xD;
info: OpenClawNet.AppHost.Resources.web[0]&#xD;
      5: 2026-04-14T15:06:58.4968763Z Finished waiting for resource 'gateway'.&#xD;
info: OpenClawNet.AppHost.Resources.web[0]&#xD;
      6: 2026-04-14T15:06:58.7193883Z Waiting for resource 'scheduler' to become healthy.&#xD;
info: OpenClawNet.AppHost.Resources.gateway[0]&#xD;
      17: 2026-04-14T15:06:59.6340000Z info: OpenClawNet.Gateway.Services.OllamaWarmupService[0]&#xD;
info: OpenClawNet.AppHost.Resources.gateway[0]&#xD;
      18: 2026-04-14T15:06:59.6340000Z       Warming up Ollama model (ollama)...&#xD;
info: OpenClawNet.AppHost.Resources.gateway[0]&#xD;
      19: 2026-04-14T15:06:59.6400000Z dbug: OpenClawNet.Models.Ollama.OllamaModelClient[0]&#xD;
info: OpenClawNet.AppHost.Resources.gateway[0]&#xD;
      20: 2026-04-14T15:06:59.6400000Z       Sending chat request to Ollama: model=(null)&#xD;
info: OpenClawNet.AppHost.Resources.channels[0]&#xD;
      5: 2026-04-14T15:07:00.3030000Z info: Microsoft.Hosting.Lifetime[14]&#xD;
info: OpenClawNet.AppHost.Resources.channels[0]&#xD;
      6: 2026-04-14T15:07:00.3030000Z       Now listening on: http://localhost:63126&#xD;
info: OpenClawNet.AppHost.Resources.channels[0]&#xD;
      7: 2026-04-14T15:07:00.3080000Z info: Microsoft.Hosting.Lifetime[0]&#xD;
info: OpenClawNet.AppHost.Resources.channels[0]&#xD;
      8: 2026-04-14T15:07:00.3080000Z       Application started. Press Ctrl+C to shut down.&#xD;
info: OpenClawNet.AppHost.Resources.channels[0]&#xD;
      9: 2026-04-14T15:07:00.3090000Z info: Microsoft.Hosting.Lifetime[0]&#xD;
info: OpenClawNet.AppHost.Resources.channels[0]&#xD;
      10: 2026-04-14T15:07:00.3090000Z       Hosting environment: Development&#xD;
info: OpenClawNet.AppHost.Resources.channels[0]&#xD;
      11: 2026-04-14T15:07:00.3090000Z info: Microsoft.Hosting.Lifetime[0]&#xD;
info: OpenClawNet.AppHost.Resources.channels[0]&#xD;
      12: 2026-04-14T15:07:00.3090000Z       Content root path: C:\src\openclawnet-plan\src\OpenClawNet.Services.Channels&#xD;
info: OpenClawNet.AppHost.Resources.scheduler[0]&#xD;
      5: 2026-04-14T15:07:00.3820000Z info: Microsoft.AspNetCore.DataProtection.KeyManagement.XmlKeyManager[63]&#xD;
info: OpenClawNet.AppHost.Resources.scheduler[0]&#xD;
      6: 2026-04-14T15:07:00.3820000Z       User profile is available. Using 'C:\Users\brunocapuano\AppData\Local\ASP.NET\DataProtection-Keys' as key repository and Windows DPAPI to encrypt keys at rest.&#xD;
info: OpenClawNet.AppHost.Resources.scheduler[0]&#xD;
      7: 2026-04-14T15:07:00.4020000Z info: OpenClawNet.Services.Scheduler.Services.SchedulerSettingsService[0]&#xD;
info: OpenClawNet.AppHost.Resources.scheduler[0]&#xD;
      8: 2026-04-14T15:07:00.4020000Z       SchedulerSettings loaded: MaxConcurrent=3, Timeout=300s, PollInterval=30s&#xD;
info: OpenClawNet.AppHost.Resources.scheduler[0]&#xD;
      9: 2026-04-14T15:07:00.4950000Z info: OpenClawNet.Services.Scheduler.SchedulerPollingService[0]&#xD;
info: OpenClawNet.AppHost.Resources.scheduler[0]&#xD;
      10: 2026-04-14T15:07:00.4950000Z       Scheduler started - poll=30s, maxConcurrent=3, timeout=300s&#xD;
info: OpenClawNet.AppHost.Resources.channels[0]&#xD;
      13: 2026-04-14T15:07:00.7130000Z info: Microsoft.AspNetCore.Hosting.Diagnostics[1]&#xD;
info: OpenClawNet.AppHost.Resources.channels[0]&#xD;
      14: 2026-04-14T15:07:00.7130000Z       Request starting HTTP/1.1 GET http://localhost:63034/health - - -&#xD;
info: OpenClawNet.AppHost.Resources.channels[0]&#xD;
      15: 2026-04-14T15:07:00.7610000Z info: Microsoft.AspNetCore.Routing.EndpointMiddleware[0]&#xD;
info: OpenClawNet.AppHost.Resources.channels[0]&#xD;
      16: 2026-04-14T15:07:00.7610000Z       Executing endpoint 'HTTP: GET /health'&#xD;
info: OpenClawNet.AppHost.Resources.channels[0]&#xD;
      17: 2026-04-14T15:07:00.7700000Z info: Microsoft.AspNetCore.Http.Result.OkObjectResult[1]&#xD;
info: OpenClawNet.AppHost.Resources.channels[0]&#xD;
      18: 2026-04-14T15:07:00.7700000Z       Setting HTTP status code 200.&#xD;
info: OpenClawNet.AppHost.Resources.channels[0]&#xD;
      19: 2026-04-14T15:07:00.7870000Z info: Microsoft.AspNetCore.Http.Result.OkObjectResult[3]&#xD;
info: OpenClawNet.AppHost.Resources.channels[0]&#xD;
      20: 2026-04-14T15:07:00.7870000Z       Writing value of type '&lt;&gt;f__AnonymousType0`2' as Json.&#xD;
info: OpenClawNet.AppHost.Resources.channels[0]&#xD;
      21: 2026-04-14T15:07:00.7940000Z info: Microsoft.AspNetCore.Routing.EndpointMiddleware[1]&#xD;
info: OpenClawNet.AppHost.Resources.channels[0]&#xD;
      22: 2026-04-14T15:07:00.7940000Z       Executed endpoint 'HTTP: GET /health'&#xD;
info: OpenClawNet.AppHost.Resources.channels[0]&#xD;
      23: 2026-04-14T15:07:00.7960000Z info: Microsoft.AspNetCore.Hosting.Diagnostics[2]&#xD;
info: OpenClawNet.AppHost.Resources.channels[0]&#xD;
      24: 2026-04-14T15:07:00.7960000Z       Request finished HTTP/1.1 GET http://localhost:63034/health - 200 - application/json;+charset=utf-8 90.3614ms&#xD;
info: OpenClawNet.AppHost.Resources.scheduler[0]&#xD;
      11: 2026-04-14T15:07:00.7500000Z info: Microsoft.Hosting.Lifetime[14]&#xD;
info: OpenClawNet.AppHost.Resources.scheduler[0]&#xD;
      12: 2026-04-14T15:07:00.7500000Z       Now listening on: http://localhost:63127&#xD;
info: OpenClawNet.AppHost.Resources.scheduler[0]&#xD;
      13: 2026-04-14T15:07:00.7520000Z info: Microsoft.Hosting.Lifetime[0]&#xD;
info: OpenClawNet.AppHost.Resources.scheduler[0]&#xD;
      14: 2026-04-14T15:07:00.7520000Z       Application started. Press Ctrl+C to shut down.&#xD;
info: OpenClawNet.AppHost.Resources.scheduler[0]&#xD;
      15: 2026-04-14T15:07:00.7520000Z info: Microsoft.Hosting.Lifetime[0]&#xD;
info: OpenClawNet.AppHost.Resources.scheduler[0]&#xD;
      16: 2026-04-14T15:07:00.7520000Z       Hosting environment: Development&#xD;
info: OpenClawNet.AppHost.Resources.scheduler[0]&#xD;
      17: 2026-04-14T15:07:00.7520000Z info: Microsoft.Hosting.Lifetime[0]&#xD;
info: OpenClawNet.AppHost.Resources.scheduler[0]&#xD;
      18: 2026-04-14T15:07:00.7520000Z       Content root path: C:\src\openclawnet-plan\src\OpenClawNet.Services.Scheduler&#xD;
info: OpenClawNet.AppHost.Resources.scheduler[0]&#xD;
      19: 2026-04-14T15:07:01.4610000Z info: Microsoft.EntityFrameworkCore.Database.Command[20101]&#xD;
info: OpenClawNet.AppHost.Resources.scheduler[0]&#xD;
[...]
         at System.Net.Http.RedirectHandler.SendAsync(HttpRequestMessage request, Boolean async, CancellationToken cancellationToken)&#xD;
         at Microsoft.Extensions.Http.Logging.LoggingHttpMessageHandler.&lt;SendCoreAsync&gt;g__Core|4_0(HttpRequestMessage request, Boolean useAsync, CancellationToken cancellationToken)&#xD;
         at Microsoft.Extensions.Http.Logging.LoggingScopeHttpMessageHandler.&lt;SendCoreAsync&gt;g__Core|4_0(HttpRequestMessage request, Boolean useAsync, CancellationToken cancellationToken)&#xD;
         at System.Net.Http.HttpClient.&lt;SendAsync&gt;g__Core|83_0(HttpRequestMessage request, HttpCompletionOption completionOption, CancellationTokenSource cts, Boolean disposeCts, CancellationTokenSource pendingRequestsCts, CancellationToken originalCancellationToken)&#xD;
         at HealthChecks.Uris.UriHealthCheck.CheckHealthAsync(HealthCheckContext context, CancellationToken cancellationToken) in /home/runner/work/AspNetCore.Diagnostics.HealthChecks/AspNetCore.Diagnostics.HealthChecks/src/HealthChecks.Uris/UriHealthCheck.cs:line 54&#xD;
fail: Microsoft.Extensions.Diagnostics.HealthChecks.DefaultHealthCheckService[103]&#xD;
      Health check scheduler_http_/health_200_check with status Unhealthy completed after 4036.5136ms with message '(null)'&#xD;
      System.Net.Http.HttpRequestException: No connection could be made because the target machine actively refused it. (localhost:63036)&#xD;
       ---&gt; System.Net.Sockets.SocketException (10061): No connection could be made because the target machine actively refused it.&#xD;
         at System.Net.Sockets.Socket.AwaitableSocketAsyncEventArgs.ThrowException(SocketError error, CancellationToken cancellationToken)&#xD;
         at System.Net.Sockets.Socket.AwaitableSocketAsyncEventArgs.System.Threading.Tasks.Sources.IValueTaskSource.GetResult(Int16 token)&#xD;
         at System.Net.Http.HttpConnectionPool.ConnectToTcpHostAsync(String host, Int32 port, HttpRequestMessage initialRequest, Boolean async, CancellationToken cancellationToken)&#xD;
         --- End of inner exception stack trace ---&#xD;
         at System.Net.Http.HttpConnectionPool.ConnectToTcpHostAsync(String host, Int32 port, HttpRequestMessage initialRequest, Boolean async, CancellationToken cancellationToken)&#xD;
         at System.Net.Http.HttpConnectionPool.ConnectAsync(HttpRequestMessage request, Boolean async, CancellationToken cancellationToken)&#xD;
         at System.Net.Http.HttpConnectionPool.CreateHttp11ConnectionAsync(HttpRequestMessage request, Boolean async, CancellationToken cancellationToken)&#xD;
         at System.Net.Http.HttpConnectionPool.InjectNewHttp11ConnectionAsync(QueueItem queueItem)&#xD;
         at System.Threading.Tasks.TaskCompletionSourceWithCancellation`1.WaitWithCancellationAsync(CancellationToken cancellationToken)&#xD;
         at System.Net.Http.HttpConnectionPool.SendWithVersionDetectionAndRetryAsync(HttpRequestMessage request, Boolean async, Boolean doRequestAuth, CancellationToken cancellationToken)&#xD;
         at System.Net.Http.RedirectHandler.SendAsync(HttpRequestMessage request, Boolean async, CancellationToken cancellationToken)&#xD;
         at Microsoft.Extensions.Http.Logging.LoggingHttpMessageHandler.&lt;SendCoreAsync&gt;g__Core|4_0(HttpRequestMessage request, Boolean useAsync, CancellationToken cancellationToken)&#xD;
         at Microsoft.Extensions.Http.Logging.LoggingScopeHttpMessageHandler.&lt;SendCoreAsync&gt;g__Core|4_0(HttpRequestMessage request, Boolean useAsync, CancellationToken cancellationToken)&#xD;
         at System.Net.Http.HttpClient.&lt;SendAsync&gt;g__Core|83_0(HttpRequestMessage request, HttpCompletionOption completionOption, CancellationTokenSource cts, Boolean disposeCts, CancellationTokenSource pendingRequestsCts, CancellationToken originalCancellationToken)&#xD;
         at HealthChecks.Uris.UriHealthCheck.CheckHealthAsync(HealthCheckContext context, CancellationToken cancellationToken) in /home/runner/work/AspNetCore.Diagnostics.HealthChecks/AspNetCore.Diagnostics.HealthChecks/src/HealthChecks.Uris/UriHealthCheck.cs:line 54&#xD;
fail: Microsoft.Extensions.Diagnostics.HealthChecks.DefaultHealthCheckService[103]&#xD;
      Health check gateway_https_/health_200_check with status Unhealthy completed after 4032.741ms with message '(null)'&#xD;
      System.Net.Http.HttpRequestException: No connection could be made because the target machine actively refused it. (localhost:63037)&#xD;
       ---&gt; System.Net.Sockets.SocketException (10061): No connection could be made because the target machine actively refused it.&#xD;
         at System.Net.Sockets.Socket.AwaitableSocketAsyncEventArgs.ThrowException(SocketError error, CancellationToken cancellationToken)&#xD;
         at System.Net.Sockets.Socket.AwaitableSocketAsyncEventArgs.System.Threading.Tasks.Sources.IValueTaskSource.GetResult(Int16 token)&#xD;
         at System.Net.Http.HttpConnectionPool.ConnectToTcpHostAsync(String host, Int32 port, HttpRequestMessage initialRequest, Boolean async, CancellationToken cancellationToken)&#xD;
         --- End of inner exception stack trace ---&#xD;
         at System.Net.Http.HttpConnectionPool.ConnectToTcpHostAsync(String host, Int32 port, HttpRequestMessage initialRequest, Boolean async, CancellationToken cancellationToken)&#xD;
         at System.Net.Http.HttpConnectionPool.ConnectAsync(HttpRequestMessage request, Boolean async, CancellationToken cancellationToken)&#xD;
         at System.Net.Http.HttpConnectionPool.CreateHttp11ConnectionAsync(HttpRequestMessage request, Boolean async, CancellationToken cancellationToken)&#xD;
         at System.Net.Http.HttpConnectionPool.InjectNewHttp11ConnectionAsync(QueueItem queueItem)&#xD;
         at System.Threading.Tasks.TaskCompletionSourceWithCancellation`1.WaitWithCancellationAsync(CancellationToken cancellationToken)&#xD;
         at System.Net.Http.HttpConnectionPool.SendWithVersionDetectionAndRetryAsync(HttpRequestMessage request, Boolean async, Boolean doRequestAuth, CancellationToken cancellationToken)&#xD;
         at System.Net.Http.RedirectHandler.SendAsync(HttpRequestMessage request, Boolean async, CancellationToken cancellationToken)&#xD;
         at Microsoft.Extensions.Http.Logging.LoggingHttpMessageHandler.&lt;SendCoreAsync&gt;g__Core|4_0(HttpRequestMessage request, Boolean useAsync, CancellationToken cancellationToken)&#xD;
         at Microsoft.Extensions.Http.Logging.LoggingScopeHttpMessageHandler.&lt;SendCoreAsync&gt;g__Core|4_0(HttpRequestMessage request, Boolean useAsync, CancellationToken cancellationToken)&#xD;
         at System.Net.Http.HttpClient.&lt;SendAsync&gt;g__Core|83_0(HttpRequestMessage request, HttpCompletionOption completionOption, CancellationTokenSource cts, Boolean disposeCts, CancellationTokenSource pendingRequestsCts, CancellationToken originalCancellationToken)&#xD;
         at HealthChecks.Uris.UriHealthCheck.CheckHealthAsync(HealthCheckContext context, CancellationToken cancellationToken) in /home/runner/work/AspNetCore.Diagnostics.HealthChecks/AspNetCore.Diagnostics.HealthChecks/src/HealthChecks.Uris/UriHealthCheck.cs:line 54&#xD;
fail: Microsoft.Extensions.Diagnostics.HealthChecks.DefaultHealthCheckService[103]&#xD;
      Health check openclawnet-db-sqliteweb_http_/_200_check with status Unhealthy completed after 4040.1309ms with message '(null)'&#xD;
      System.Net.Http.HttpRequestException: No connection could be made because the target machine actively refused it. (localhost:63041)&#xD;
       ---&gt; System.Net.Sockets.SocketException (10061): No connection could be made because the target machine actively refused it.&#xD;
         at System.Net.Sockets.Socket.AwaitableSocketAsyncEventArgs.ThrowException(SocketError error, CancellationToken cancellationToken)&#xD;
         at System.Net.Sockets.Socket.AwaitableSocketAsyncEventArgs.System.Threading.Tasks.Sources.IValueTaskSource.GetResult(Int16 token)&#xD;
         at System.Net.Http.HttpConnectionPool.ConnectToTcpHostAsync(String host, Int32 port, HttpRequestMessage initialRequest, Boolean async, CancellationToken cancellationToken)&#xD;
         --- End of inner exception stack trace ---&#xD;
         at System.Net.Http.HttpConnectionPool.ConnectToTcpHostAsync(String host, Int32 port, HttpRequestMessage initialRequest, Boolean async, CancellationToken cancellationToken)&#xD;
         at System.Net.Http.HttpConnectionPool.ConnectAsync(HttpRequestMessage request, Boolean async, CancellationToken cancellationToken)&#xD;
         at System.Net.Http.HttpConnectionPool.CreateHttp11ConnectionAsync(HttpRequestMessage request, Boolean async, CancellationToken cancellationToken)&#xD;
         at System.Net.Http.HttpConnectionPool.InjectNewHttp11ConnectionAsync(QueueItem queueItem)&#xD;
         at System.Threading.Tasks.TaskCompletionSourceWithCancellation`1.WaitWithCancellationAsync(CancellationToken cancellationToken)&#xD;
         at System.Net.Http.HttpConnectionPool.SendWithVersionDetectionAndRetryAsync(HttpRequestMessage request, Boolean async, Boolean doRequestAuth, CancellationToken cancellationToken)&#xD;
         at System.Net.Http.RedirectHandler.SendAsync(HttpRequestMessage request, Boolean async, CancellationToken cancellationToken)&#xD;
         at Microsoft.Extensions.Http.Logging.LoggingHttpMessageHandler.&lt;SendCoreAsync&gt;g__Core|4_0(HttpRequestMessage request, Boolean useAsync, CancellationToken cancellationToken)&#xD;
         at Microsoft.Extensions.Http.Logging.LoggingScopeHttpMessageHandler.&lt;SendCoreAsync&gt;g__Core|4_0(HttpRequestMessage request, Boolean useAsync, CancellationToken cancellationToken)&#xD;
         at System.Net.Http.HttpClient.&lt;SendAsync&gt;g__Core|83_0(HttpRequestMessage request, HttpCompletionOption completionOption, CancellationTokenSource cts, Boolean disposeCts, CancellationTokenSource pendingRequestsCts, CancellationToken originalCancellationToken)&#xD;
         at HealthChecks.Uris.UriHealthCheck.CheckHealthAsync(HealthCheckContext context, CancellationToken cancellationToken) in /home/runner/work/AspNetCore.Diagnostics.HealthChecks/AspNetCore.Diagnostics.HealthChecks/src/HealthChecks.Uris/UriHealthCheck.cs:line 54&#xD;
fail: Microsoft.Extensions.Diagnostics.HealthChecks.DefaultHealthCheckService[103]&#xD;
      Health check scheduler_http_/health_200_check with status Unhealthy completed after 2632.0791ms with message '(null)'&#xD;
      System.Threading.Tasks.TaskCanceledException: A task was canceled.&#xD;
       ---&gt; System.Threading.Tasks.TaskCanceledException: A task was canceled.&#xD;
         at System.Threading.Tasks.TaskCompletionSourceWithCancellation`1.WaitWithCancellationAsync(CancellationToken cancellationToken)&#xD;
         at System.Net.Http.HttpConnectionPool.SendWithVersionDetectionAndRetryAsync(HttpRequestMessage request, Boolean async, Boolean doRequestAuth, CancellationToken cancellationToken)&#xD;
         at System.Net.Http.RedirectHandler.SendAsync(HttpRequestMessage request, Boolean async, CancellationToken cancellationToken)&#xD;
         at Microsoft.Extensions.Http.Logging.LoggingHttpMessageHandler.&lt;SendCoreAsync&gt;g__Core|4_0(HttpRequestMessage request, Boolean useAsync, CancellationToken cancellationToken)&#xD;
         at Microsoft.Extensions.Http.Logging.LoggingScopeHttpMessageHandler.&lt;SendCoreAsync&gt;g__Core|4_0(HttpRequestMessage request, Boolean useAsync, CancellationToken cancellationToken)&#xD;
         at System.Net.Http.HttpClient.&lt;SendAsync&gt;g__Core|83_0(HttpRequestMessage request, HttpCompletionOption completionOption, CancellationTokenSource cts, Boolean disposeCts, CancellationTokenSource pendingRequestsCts, CancellationToken originalCancellationToken)&#xD;
         --- End of inner exception stack trace ---&#xD;
         at System.Net.Http.HttpClient.HandleFailure(Exception e, Boolean telemetryStarted, HttpResponseMessage response, CancellationTokenSource cts, CancellationToken cancellationToken, CancellationTokenSource pendingRequestsCts)&#xD;
         at System.Net.Http.HttpClient.&lt;SendAsync&gt;g__Core|83_0(HttpRequestMessage request, HttpCompletionOption completionOption, CancellationTokenSource cts, Boolean disposeCts, CancellationTokenSource pendingRequestsCts, CancellationToken originalCancellationToken)&#xD;
         at HealthChecks.Uris.UriHealthCheck.CheckHealthAsync(HealthCheckContext context, CancellationToken cancellationToken) in /home/runner/work/AspNetCore.Diagnostics.HealthChecks/AspNetCore.Diagnostics.HealthChecks/src/HealthChecks.Uris/UriHealthCheck.cs:line 54&#xD;
fail: Microsoft.Extensions.Diagnostics.HealthChecks.DefaultHealthCheckService[103]&#xD;
      Health check shell-service_http_/health_200_check with status Unhealthy completed after 2038.0353ms with message '(null)'&#xD;
      System.Threading.Tasks.TaskCanceledException: A task was canceled.&#xD;
       ---&gt; System.Threading.Tasks.TaskCanceledException: A task was canceled.&#xD;
         at System.Threading.Tasks.TaskCompletionSourceWithCancellation`1.WaitWithCancellationAsync(CancellationToken cancellationToken)&#xD;
         at System.Net.Http.HttpConnectionPool.SendWithVersionDetectionAndRetryAsync(HttpRequestMessage request, Boolean async, Boolean doRequestAuth, CancellationToken cancellationToken)&#xD;
         at System.Net.Http.RedirectHandler.SendAsync(HttpRequestMessage request, Boolean async, CancellationToken cancellationToken)&#xD;
         at Microsoft.Extensions.Http.Logging.LoggingHttpMessageHandler.&lt;SendCoreAsync&gt;g__Core|4_0(HttpRequestMessage request, Boolean useAsync, CancellationToken cancellationToken)&#xD;
         at Microsoft.Extensions.Http.Logging.LoggingScopeHttpMessageHandler.&lt;SendCoreAsync&gt;g__Core|4_0(HttpRequestMessage request, Boolean useAsync, CancellationToken cancellationToken)&#xD;
         at System.Net.Http.HttpClient.&lt;SendAsync&gt;g__Core|83_0(HttpRequestMessage request, HttpCompletionOption completionOption, CancellationTokenSource cts, Boolean disposeCts, CancellationTokenSource pendingRequestsCts, CancellationToken originalCancellationToken)&#xD;
         --- End of inner exception stack trace ---&#xD;
         at System.Net.Http.HttpClient.HandleFailure(Exception e, Boolean telemetryStarted, HttpResponseMessage response, CancellationTokenSource cts, CancellationToken cancellationToken, CancellationTokenSource pendingRequestsCts)&#xD;
         at System.Net.Http.HttpClient.&lt;SendAsync&gt;g__Core|83_0(HttpRequestMessage request, HttpCompletionOption completionOption, CancellationTokenSource cts, Boolean disposeCts, CancellationTokenSource pendingRequestsCts, CancellationToken originalCancellationToken)&#xD;
         at HealthChecks.Uris.UriHealthCheck.CheckHealthAsync(HealthCheckContext context, CancellationToken cancellationToken) in /home/runner/work/AspNetCore.Diagnostics.HealthChecks/AspNetCore.Diagnostics.HealthChecks/src/HealthChecks.Uris/UriHealthCheck.cs:line 54&#xD;
fail: Microsoft.Extensions.Diagnostics.HealthChecks.DefaultHealthCheckService[103]&#xD;
      Health check browser-service_http_/health_200_check with status Unhealthy completed after 2177.1791ms with message '(null)'&#xD;
      System.Threading.Tasks.TaskCanceledException: A task was canceled.&#xD;
       ---&gt; System.Threading.Tasks.TaskCanceledException: A task was canceled.&#xD;
         at System.Threading.Tasks.TaskCompletionSourceWithCancellation`1.WaitWithCancellationAsync(CancellationToken cancellationToken)&#xD;
         at System.Net.Http.HttpConnectionPool.SendWithVersionDetectionAndRetryAsync(HttpRequestMessage request, Boolean async, Boolean doRequestAuth, CancellationToken cancellationToken)&#xD;
         at System.Net.Http.RedirectHandler.SendAsync(HttpRequestMessage request, Boolean async, CancellationToken cancellationToken)&#xD;
         at Microsoft.Extensions.Http.Logging.LoggingHttpMessageHandler.&lt;SendCoreAsync&gt;g__Core|4_0(HttpRequestMessage request, Boolean useAsync, CancellationToken cancellationToken)&#xD;
         at Microsoft.Extensions.Http.Logging.LoggingScopeHttpMessageHandler.&lt;SendCoreAsync&gt;g__Core|4_0(HttpRequestMessage request, Boolean useAsync, CancellationToken cancellationToken)&#xD;
         at System.Net.Http.HttpClient.&lt;SendAsync&gt;g__Core|83_0(HttpRequestMessage request, HttpCompletionOption completionOption, CancellationTokenSource cts, Boolean disposeCts, CancellationTokenSource pendingRequestsCts, CancellationToken originalCancellationToken)&#xD;
         --- End of inner exception stack trace ---&#xD;
         at System.Net.Http.HttpClient.HandleFailure(Exception e, Boolean telemetryStarted, HttpResponseMessage response, CancellationTokenSource cts, CancellationToken cancellationToken, CancellationTokenSource pendingRequestsCts)&#xD;
         at System.Net.Http.HttpClient.&lt;SendAsync&gt;g__Core|83_0(HttpRequestMessage request, HttpCompletionOption completionOption, CancellationTokenSource cts, Boolean disposeCts, CancellationTokenSource pendingRequestsCts, CancellationToken originalCancellationToken)&#xD;
         at HealthChecks.Uris.UriHealthCheck.CheckHealthAsync(HealthCheckContext context, CancellationToken cancellationToken) in /home/runner/work/AspNetCore.Diagnostics.HealthChecks/AspNetCore.Diagnostics.HealthChecks/src/HealthChecks.Uris/UriHealthCheck.cs:line 54&#xD;
fail: Microsoft.Extensions.Diagnostics.HealthChecks.DefaultHealthCheckService[103]&#xD;
      Health check channels_http_/health_200_check with status Unhealthy completed after 3449.2701ms with message '(null)'&#xD;
      System.Threading.Tasks.TaskCanceledException: A task was canceled.&#xD;
       ---&gt; System.Threading.Tasks.TaskCanceledException: A task was canceled.&#xD;
         at System.Threading.Tasks.TaskCompletionSourceWithCancellation`1.WaitWithCancellationAsync(CancellationToken cancellationToken)&#xD;
         at System.Net.Http.HttpConnectionPool.SendWithVersionDetectionAndRetryAsync(HttpRequestMessage request, Boolean async, Boolean doRequestAuth, CancellationToken cancellationToken)&#xD;
         at System.Net.Http.RedirectHandler.SendAsync(HttpRequestMessage request, Boolean async, CancellationToken cancellationToken)&#xD;
         at Microsoft.Extensions.Http.Logging.LoggingHttpMessageHandler.&lt;SendCoreAsync&gt;g__Core|4_0(HttpRequestMessage request, Boolean useAsync, CancellationToken cancellationToken)&#xD;
         at Microsoft.Extensions.Http.Logging.LoggingScopeHttpMessageHandler.&lt;SendCoreAsync&gt;g__Core|4_0(HttpRequestMessage request, Boolean useAsync, CancellationToken cancellationToken)&#xD;
         at System.Net.Http.HttpClient.&lt;SendAsync&gt;g__Core|83_0(HttpRequestMessage request, HttpCompletionOption completionOption, CancellationTokenSource cts, Boolean disposeCts, CancellationTokenSource pendingRequestsCts, CancellationToken originalCancellationToken)&#xD;
         --- End of inner exception stack trace ---&#xD;
         at System.Net.Http.HttpClient.HandleFailure(Exception e, Boolean telemetryStarted, HttpResponseMessage response, CancellationTokenSource cts, CancellationToken cancellationToken, CancellationTokenSource pendingRequestsCts)&#xD;
         at System.Net.Http.HttpClient.&lt;SendAsync&gt;g__Core|83_0(HttpRequestMessage request, HttpCompletionOption completionOption, CancellationTokenSource cts, Boolean disposeCts, CancellationTokenSource pendingRequestsCts, CancellationToken originalCancellationToken)&#xD;
         at HealthChecks.Uris.UriHealthCheck.CheckHealthAsync(HealthCheckContext context, CancellationToken cancellationToken) in /home/runner/work/AspNetCore.Diagnostics.HealthChecks/AspNetCore.Diagnostics.HealthChecks/src/HealthChecks.Uris/UriHealthCheck.cs:line 54&#xD;
[xUnit.net 00:03:48.97]   Finished:    OpenClawNet.PlaywrightTests&#xD;
</StdOut>
    </Output>
  </ResultSummary>
</TestRun>