<?xml version="1.0" encoding="utf-8"?>
<TestRun id="58127eb3-d69d-487d-b88a-18c8bb0046d4" name="brunocapuano@CPC-bruno-U7R9O 2026-04-23 07:06:12" runUser="NORTHAMERICA\brunocapuano" xmlns="http://microsoft.com/schemas/VisualStudio/TeamTest/2010">
  <Times creation="2026-04-23T07:06:12.2812612-04:00" queuing="2026-04-23T07:06:12.2812616-04:00" start="2026-04-23T07:06:10.9996930-04:00" finish="2026-04-23T07:06:19.2391370-04:00" />
  <TestSettings name="default" id="af8470b1-51c2-454c-b441-5fb92cfe2c63">
    <Deployment runDeploymentRoot="brunocapuano_CPC-bruno-U7R9O_2026-04-23_07_06_12" />
  </TestSettings>
  <Results>
    <UnitTestResult executionId="f6767d1e-a16a-4722-a2e6-b30dea82ccdc" testId="5870f107-c696-0504-5f56-d746812e9de3" testName="OpenClawNet.UnitTests.Tools.ImageEditToolTests.Missing_Input_Fails" computerName="CPC-bruno-U7R9O" duration="00:00:00.0331404" startTime="2026-04-23T07:06:12.8543673-04:00" endTime="2026-04-23T07:06:12.8876001-04:00" testType="13cdc9d9-ddb5-4fa4-a97d-d965ccfc6d4b" outcome="Passed" testListId="8c84fa94-04c1-424b-9868-57a2d4851a1d" relativeResultsDirectory="f6767d1e-a16a-4722-a2e6-b30dea82ccdc" />
    <UnitTestResult executionId="923cb8a3-64eb-4843-97c8-143b2b187bfb" testId="8f25d0b9-acaf-1ee1-6207-a9c8722b3fde" testName="OpenClawNet.UnitTests.Gateway.ChatHubTests.StreamChat_CatchesProviderException_YieldsError" computerName="CPC-bruno-U7R9O" duration="00:00:00.0055370" startTime="2026-04-23T07:06:13.3276058-04:00" endTime="2026-04-23T07:06:13.3337668-04:00" testType="13cdc9d9-ddb5-4fa4-a97d-d965ccfc6d4b" outcome="Passed" testListId="8c84fa94-04c1-424b-9868-57a2d4851a1d" relativeResultsDirectory="923cb8a3-64eb-4843-97c8-143b2b187bfb" />
    <UnitTestResult executionId="a5749660-1843-4952-b0ac-ce6555bdee4c" testId="fe30a9eb-7c83-db39-67aa-093995cc4857" testName="OpenClawNet.UnitTests.Storage.JobStatusTransitionsTests.IsAllowed_AllInvalidTransitions_ReturnFalse(from: Cancelled, to: Draft)" computerName="CPC-bruno-U7R9O" duration="00:00:00.0000023" startTime="2026-04-23T07:06:12.2814358-04:00" endTime="2026-04-23T07:06:12.2814915-04:00" testType="13cdc9d9-ddb5-4fa4-a97d-d965ccfc6d4b" outcome="Passed" testListId="8c84fa94-04c1-424b-9868-57a2d4851a1d" relativeResultsDirectory="a5749660-1843-4952-b0ac-ce6555bdee4c" />
    <UnitTestResult executionId="70763f40-425b-4b03-8920-a0fddf89f9a9" testId="f588e208-dd99-d855-2c75-9e6137d3df86" testName="OpenClawNet.UnitTests.Storage.ConversationStoreTests.UpdateSessionTitle_ChangesTitle" computerName="CPC-bruno-U7R9O" duration="00:00:00.0048496" startTime="2026-04-23T07:06:14.0124038-04:00" endTime="2026-04-23T07:06:14.0171543-04:00" testType="13cdc9d9-ddb5-4fa4-a97d-d965ccfc6d4b" outcome="Passed" testListId="8c84fa94-04c1-424b-9868-57a2d4851a1d" relativeResultsDirectory="70763f40-425b-4b03-8920-a0fddf89f9a9" />
    <UnitTestResult executionId="ee2153ce-e611-44ad-a64f-a12ac90a1193" testId="3be3c9d3-ccdf-d76f-480a-5a1061227c01" testName="OpenClawNet.UnitTests.Storage.ModelProviderDefinitionStoreTests.ListByTypeAsync_ReturnsOnlyMatchingType" computerName="CPC-bruno-U7R9O" duration="00:00:01.6474173" startTime="2026-04-23T07:06:12.1926569-04:00" endTime="2026-04-23T07:06:13.8739130-04:00" testType="13cdc9d9-ddb5-4fa4-a97d-d965ccfc6d4b" outcome="Passed" testListId="8c84fa94-04c1-424b-9868-57a2d4851a1d" relativeResultsDirectory="ee2153ce-e611-44ad-a64f-a12ac90a1193" />
    <UnitTestResult executionId="456d8109-f36b-472a-b0a5-ee6c20b355ea" testId="04a66c60-db16-d4a9-7da6-2a36e7fa3912" testName="OpenClawNet.UnitTests.Models.AgentProfileMarkdownParserTests.Parse_HeadingSlugification_ProducesExpectedName(heading: &quot;# My  Agent!&quot;, expectedName: &quot;my-agent&quot;)" computerName="CPC-bruno-U7R9O" duration="00:00:00.0000354" startTime="2026-04-23T07:06:12.5495997-04:00" endTime="2026-04-23T07:06:12.5496642-04:00" testType="13cdc9d9-ddb5-4fa4-a97d-d965ccfc6d4b" outcome="Passed" testListId="8c84fa94-04c1-424b-9868-57a2d4851a1d" relativeResultsDirectory="456d8109-f36b-472a-b0a5-ee6c20b355ea" />
    <UnitTestResult executionId="5020945b-d3d4-4b26-87a0-2a9aee54e3b3" testId="d9fd0b28-f8e2-7f5a-bf6e-42bd2005a1e5" testName="OpenClawNet.UnitTests.Models.OllamaModelClientTests.StreamAsync_ToolCallsThenContent_BothPreserved" computerName="CPC-bruno-U7R9O" duration="00:00:00.0011724" startTime="2026-04-23T07:06:12.3165951-04:00" endTime="2026-04-23T07:06:12.3177165-04:00" testType="13cdc9d9-ddb5-4fa4-a97d-d965ccfc6d4b" outcome="Passed" testListId="8c84fa94-04c1-424b-9868-57a2d4851a1d" relativeResultsDirectory="5020945b-d3d4-4b26-87a0-2a9aee54e3b3" />
    <UnitTestResult executionId="fee78b30-33e9-40ff-a8b2-f15e0f8dca8e" testId="8049b1b2-bd29-5029-edff-0158c6014669" testName="OpenClawNet.UnitTests.Storage.AgentProfileStoreDefaultEnforcementTests.GetDefaultAsync_ReturnsExistingDefault_DoesNotSeedNew" computerName="CPC-bruno-U7R9O" duration="00:00:00.0075965" startTime="2026-04-23T07:06:13.9912358-04:00" endTime="2026-04-23T07:06:13.9987666-04:00" testType="13cdc9d9-ddb5-4fa4-a97d-d965ccfc6d4b" outcome="Passed" testListId="8c84fa94-04c1-424b-9868-57a2d4851a1d" relativeResultsDirectory="fee78b30-33e9-40ff-a8b2-f15e0f8dca8e" />
    <UnitTestResult executionId="0ca923cb-2fd8-4942-abfa-05c2e7a862dd" testId="717d024a-f89d-e9b7-1643-2891a166046f" testName="OpenClawNet.UnitTests.Models.OllamaModelClientTests.StreamAsync_ToolCallsInDoneTrueChunk_StillExtracted" computerName="CPC-bruno-U7R9O" duration="00:00:00.1482555" startTime="2026-04-23T07:06:12.1947202-04:00" endTime="2026-04-23T07:06:12.3148410-04:00" testType="13cdc9d9-ddb5-4fa4-a97d-d965ccfc6d4b" outcome="Passed" testListId="8c84fa94-04c1-424b-9868-57a2d4851a1d" relativeResultsDirectory="0ca923cb-2fd8-4942-abfa-05c2e7a862dd" />
    <UnitTestResult executionId="36df441c-e584-4684-b430-6b0a65ef1f95" testId="f25ab42f-e6d6-033a-a7f2-002f060023a7" testName="OpenClawNet.UnitTests.Gateway.CronTextTranslatorTests.TryTranslate_KnownPatterns_ReturnsExpectedCron(text: &quot;every friday at 17:00&quot;, expectedCron: &quot;0 17 * * 5&quot;)" computerName="CPC-bruno-U7R9O" duration="00:00:00.0000167" startTime="2026-04-23T07:06:13.8032713-04:00" endTime="2026-04-23T07:06:13.8033178-04:00" testType="13cdc9d9-ddb5-4fa4-a97d-d965ccfc6d4b" outcome="Passed" testListId="8c84fa94-04c1-424b-9868-57a2d4851a1d" relativeResultsDirectory="36df441c-e584-4684-b430-6b0a65ef1f95" />
    <UnitTestResult executionId="e47fc302-af15-4a98-8abf-fd6189a43203" testId="2d7b39ce-b80c-2b87-3075-ec521ffe4d53" testName="OpenClawNet.UnitTests.Scheduler.CronExpressionEvaluatorTests.TryParse_VariousCronExpressions_ParsesSuccessfully(cron: &quot;0 0 * * MON&quot;)" computerName="CPC-bruno-U7R9O" duration="00:00:00.0002736" startTime="2026-04-23T07:06:12.2830745-04:00" endTime="2026-04-23T07:06:12.2832779-04:00" testType="13cdc9d9-ddb5-4fa4-a97d-d965ccfc6d4b" outcome="Passed" testListId="8c84fa94-04c1-424b-9868-57a2d4851a1d" relativeResultsDirectory="e47fc302-af15-4a98-8abf-fd6189a43203" />
    <UnitTestResult executionId="a2ca0673-b706-460e-bbc5-fd34f108285e" testId="f1c15294-676e-c939-8716-fa2dc0fca7e9" testName="OpenClawNet.UnitTests.Gateway.CronTextTranslatorTests.TryTranslate_KnownPatterns_ReturnsExpectedCron(text: &quot;every 2 hours&quot;, expectedCron: &quot;0 */2 * * *&quot;)" computerName="CPC-bruno-U7R9O" duration="00:00:00.0000109" startTime="2026-04-23T07:06:13.8014975-04:00" endTime="2026-04-23T07:06:13.8015551-04:00" testType="13cdc9d9-ddb5-4fa4-a97d-d965ccfc6d4b" outcome="Passed" testListId="8c84fa94-04c1-424b-9868-57a2d4851a1d" relativeResultsDirectory="a2ca0673-b706-460e-bbc5-fd34f108285e" />
    <UnitTestResult executionId="b67a7db8-0e48-425a-9980-06db4096e84f" testId="159fa67a-fe21-23a4-9f9e-0021eb8159e9" testName="OpenClawNet.UnitTests.Models.AzureOpenAIAgentProviderTests.ProviderName_ReturnsAzureOpenAI" computerName="CPC-bruno-U7R9O" duration="00:00:00.0551853" startTime="2026-04-23T07:06:12.1897665-04:00" endTime="2026-04-23T07:06:12.2365605-04:00" testType="13cdc9d9-ddb5-4fa4-a97d-d965ccfc6d4b" outcome="Passed" testListId="8c84fa94-04c1-424b-9868-57a2d4851a1d" relativeResultsDirectory="b67a7db8-0e48-425a-9980-06db4096e84f" />
    <UnitTestResult executionId="95199ac6-e009-4eba-90b5-8e595358544c" testId="5ea76831-cd96-a850-16ee-76e4ac5800a9" testName="OpenClawNet.UnitTests.Scheduler.CronExpressionEvaluatorTests.TryParse_EmptyString_ReturnsFalse" computerName="CPC-bruno-U7R9O" duration="00:00:00.0002269" startTime="2026-04-23T07:06:12.2847474-04:00" endTime="2026-04-23T07:06:12.2851441-04:00" testType="13cdc9d9-ddb5-4fa4-a97d-d965ccfc6d4b" outcome="Passed" testListId="8c84fa94-04c1-424b-9868-57a2d4851a1d" relativeResultsDirectory="95199ac6-e009-4eba-90b5-8e595358544c" />
    <UnitTestResult executionId="f1b5f55c-f8c4-4f32-8a90-c19146010ac9" testId="59915ac0-4fe5-81df-82c6-c7fd1abbb5a5" testName="OpenClawNet.UnitTests.Gateway.AgentProfileEndpointTests.PostImport_WithYamlFrontMatter_ParsedCorrectly" computerName="CPC-bruno-U7R9O" duration="00:00:00.0285904" startTime="2026-04-23T07:06:14.1498336-04:00" endTime="2026-04-23T07:06:14.1787268-04:00" testType="13cdc9d9-ddb5-4fa4-a97d-d965ccfc6d4b" outcome="Passed" testListId="8c84fa94-04c1-424b-9868-57a2d4851a1d" relativeResultsDirectory="f1b5f55c-f8c4-4f32-8a90-c19146010ac9" />
    <UnitTestResult executionId="c8d81618-a41c-4857-84e6-e9a20a2bc910" testId="02926b91-4d41-1899-b9e4-f8f9a1b8364a" testName="OpenClawNet.UnitTests.Gateway.ChatHubTests.StreamChat_MapsAllEventTypes" computerName="CPC-bruno-U7R9O" duration="00:00:00.0048286" startTime="2026-04-23T07:06:13.3048762-04:00" endTime="2026-04-23T07:06:13.3100468-04:00" testType="13cdc9d9-ddb5-4fa4-a97d-d965ccfc6d4b" outcome="Passed" testListId="8c84fa94-04c1-424b-9868-57a2d4851a1d" relativeResultsDirectory="c8d81618-a41c-4857-84e6-e9a20a2bc910" />
    <UnitTestResult executionId="00010b07-347d-494c-ac36-94dd68273976" testId="1af8874a-0950-4a5e-9587-0d2e19b384bb" testName="OpenClawNet.UnitTests.Scheduler.SchedulerRunStateTests.IsThreadSafe_UnderConcurrentIncrementDecrement" computerName="CPC-bruno-U7R9O" duration="00:00:00.0059199" startTime="2026-04-23T07:06:13.4162071-04:00" endTime="2026-04-23T07:06:13.4225294-04:00" testType="13cdc9d9-ddb5-4fa4-a97d-d965ccfc6d4b" outcome="Passed" testListId="8c84fa94-04c1-424b-9868-57a2d4851a1d" relativeResultsDirectory="00010b07-347d-494c-ac36-94dd68273976" />
    <UnitTestResult executionId="e89e21bf-667d-4b15-8ddb-fab4800c7ae7" testId="d76ccb04-1ca4-5a38-87f3-bd862733e7ba" testName="OpenClawNet.UnitTests.Storage.JobStatusTransitionsTests.IsEditable_NonEditableStates_ReturnFalse(status: Active)" computerName="CPC-bruno-U7R9O" duration="00:00:00.0000115" startTime="2026-04-23T07:06:12.2773280-04:00" endTime="2026-04-23T07:06:12.2773661-04:00" testType="13cdc9d9-ddb5-4fa4-a97d-d965ccfc6d4b" outcome="Passed" testListId="8c84fa94-04c1-424b-9868-57a2d4851a1d" relativeResultsDirectory="e89e21bf-667d-4b15-8ddb-fab4800c7ae7" />
    <UnitTestResult executionId="e5286abc-90d6-4d3a-8fd1-8bc4deada7e8" testId="d10de5f9-f1b6-dcf7-5821-f890917d0c6a" testName="OpenClawNet.UnitTests.Mcp.DpapiSecretStoreTests.Protect_PassesThrough_OnNonWindows" computerName="CPC-bruno-U7R9O" duration="00:00:00.0010000" startTime="2026-04-23T07:06:13.4376208-04:00" endTime="2026-04-23T07:06:13.4441950-04:00" testType="13cdc9d9-ddb5-4fa4-a97d-d965ccfc6d4b" outcome="NotExecuted" testListId="8c84fa94-04c1-424b-9868-57a2d4851a1d" relativeResultsDirectory="e5286abc-90d6-4d3a-8fd1-8bc4deada7e8">
      <Output>
        <ErrorInfo>
          <Message>Windows uses DPAPI; non-Windows fallback only.</Message>
        </ErrorInfo>
      </Output>
    </UnitTestResult>
    <UnitTestResult executionId="c490b8b6-782a-4a95-9857-0540027f077e" testId="7d8d16a5-77b6-0598-ed53-e24e0383dcff" testName="OpenClawNet.UnitTests.Models.AgentProfileMarkdownParserTests.Parse_NullMarkdown_ThrowsArgumentNullException" computerName="CPC-bruno-U7R9O" duration="00:00:00.0060816" startTime="2026-04-23T07:06:12.5184912-04:00" endTime="2026-04-23T07:06:12.5245219-04:00" testType="13cdc9d9-ddb5-4fa4-a97d-d965ccfc6d4b" outcome="Passed" testListId="8c84fa94-04c1-424b-9868-57a2d4851a1d" relativeResultsDirectory="c490b8b6-782a-4a95-9857-0540027f077e" />
    <UnitTestResult executionId="05481481-fe59-4ace-b6a5-ba6c9f30733a" testId="b9afa542-4cbc-b961-5e1c-d641f81863d2" testName="OpenClawNet.UnitTests.Agent.AgentRuntimeStreamTests.ExecuteStreamAsync_EmitsToolApprovalRequest_BeforeToolCallStart_ForApprovalRequiredTools" computerName="CPC-bruno-U7R9O" duration="00:00:00.0361280" startTime="2026-04-23T07:06:14.0450667-04:00" endTime="2026-04-23T07:06:14.0816171-04:00" testType="13cdc9d9-ddb5-4fa4-a97d-d965ccfc6d4b" outcome="Passed" testListId="8c84fa94-04c1-424b-9868-57a2d4851a1d" relativeResultsDirectory="05481481-fe59-4ace-b6a5-ba6c9f30733a" />
    <UnitTestResult executionId="899ae4b7-cf57-4e2d-be7d-8e48ce60c363" testId="38de64e5-73ea-7e2d-3c27-d06e83ba9303" testName="OpenClawNet.UnitTests.Storage.JobStatusTransitionsTests.IsTerminal_Completed_ReturnsTrue" computerName="CPC-bruno-U7R9O" duration="00:00:00.0001752" startTime="2026-04-23T07:06:12.2881955-04:00" endTime="2026-04-23T07:06:12.2882463-04:00" testType="13cdc9d9-ddb5-4fa4-a97d-d965ccfc6d4b" outcome="Passed" testListId="8c84fa94-04c1-424b-9868-57a2d4851a1d" relativeResultsDirectory="899ae4b7-cf57-4e2d-be7d-8e48ce60c363" />
    <UnitTestResult executionId="3faa49ae-3dac-4cc4-b535-dad20b965fe1" testId="bfa393f4-049c-1916-948a-d091c24f34b5" testName="OpenClawNet.UnitTests.Services.JobExecutorTests.ExecuteJobAsync_JobNotFound_ReturnsNotFound" computerName="CPC-bruno-U7R9O" duration="00:00:00.0035139" startTime="2026-04-23T07:06:14.6402386-04:00" endTime="2026-04-23T07:06:14.6674456-04:00" testType="13cdc9d9-ddb5-4fa4-a97d-d965ccfc6d4b" outcome="Passed" testListId="8c84fa94-04c1-424b-9868-57a2d4851a1d" relativeResultsDirectory="3faa49ae-3dac-4cc4-b535-dad20b965fe1" />
    <UnitTestResult executionId="24100e58-73fc-49a5-94b5-af34ddac5849" testId="8c093f7f-a912-3f1c-5335-d697f5878d1f" testName="OpenClawNet.UnitTests.Gateway.ChatHubTests.StreamChat_HttpRequestException_YieldsProviderUnavailableError" computerName="CPC-bruno-U7R9O" duration="00:00:00.0045632" startTime="2026-04-23T07:06:13.3198200-04:00" endTime="2026-04-23T07:06:13.3238149-04:00" testType="13cdc9d9-ddb5-4fa4-a97d-d965ccfc6d4b" outcome="Passed" testListId="8c84fa94-04c1-424b-9868-57a2d4851a1d" relativeResultsDirectory="24100e58-73fc-49a5-94b5-af34ddac5849" />
    <UnitTestResult executionId="c6373b8b-dd2f-4ce2-bd87-31f32c3e4c69" testId="0f6f2296-094e-3801-bfc0-7a7e53ee0d7c" testName="OpenClawNet.UnitTests.Mcp.BundledMcpWrapperTests.BrowserMcpTools_ExposesFiveActionTools" computerName="CPC-bruno-U7R9O" duration="00:00:00.1354878" startTime="2026-04-23T07:06:12.3368716-04:00" endTime="2026-04-23T07:06:12.4722778-04:00" testType="13cdc9d9-ddb5-4fa4-a97d-d965ccfc6d4b" outcome="Passed" testListId="8c84fa94-04c1-424b-9868-57a2d4851a1d" relativeResultsDirectory="c6373b8b-dd2f-4ce2-bd87-31f32c3e4c69" />
    <UnitTestResult executionId="46092ff6-74da-4a08-80b9-192c8a191c80" testId="9304ab5c-541f-1c39-332c-bdc4fea509aa" testName="OpenClawNet.UnitTests.Gateway.ChatStreamEndpointTests.Post_UsesCamelCaseJsonNaming" computerName="CPC-bruno-U7R9O" duration="00:00:00.0166981" startTime="2026-04-23T07:06:13.0680530-04:00" endTime="2026-04-23T07:06:13.0841198-04:00" testType="13cdc9d9-ddb5-4fa4-a97d-d965ccfc6d4b" outcome="Passed" testListId="8c84fa94-04c1-424b-9868-57a2d4851a1d" relativeResultsDirectory="46092ff6-74da-4a08-80b9-192c8a191c80" />
    <UnitTestResult executionId="d271edf3-3215-42dd-af92-8f4baf4e5ce2" testId="caeb629f-da31-44a8-890c-ddbf33c84195" testName="OpenClawNet.UnitTests.Models.AzureOpenAIModelClientTests.AddAzureOpenAI_ReadsEndpointFromModelSection" computerName="CPC-bruno-U7R9O" duration="00:00:00.0004660" startTime="2026-04-23T07:06:12.7089100-04:00" endTime="2026-04-23T07:06:12.7089615-04:00" testType="13cdc9d9-ddb5-4fa4-a97d-d965ccfc6d4b" outcome="Passed" testListId="8c84fa94-04c1-424b-9868-57a2d4851a1d" relativeResultsDirectory="d271edf3-3215-42dd-af92-8f4baf4e5ce2" />
    <UnitTestResult executionId="2714aea0-4b1f-4c93-a51f-4d4f2381563e" testId="afe3566e-e74d-9c38-e75b-01c925951c83" testName="OpenClawNet.UnitTests.Scheduler.CronExpressionEvaluatorTests.TryParse_VariousCronExpressions_ParsesSuccessfully(cron: &quot;0 9 * * *&quot;)" computerName="CPC-bruno-U7R9O" duration="00:00:00.0000216" startTime="2026-04-23T07:06:12.2828659-04:00" endTime="2026-04-23T07:06:12.2829703-04:00" testType="13cdc9d9-ddb5-4fa4-a97d-d965ccfc6d4b" outcome="Passed" testListId="8c84fa94-04c1-424b-9868-57a2d4851a1d" relativeResultsDirectory="2714aea0-4b1f-4c93-a51f-4d4f2381563e" />
    <UnitTestResult executionId="5abdbeb0-e627-4923-ac7f-f50b6296b05e" testId="1656e829-36f5-7574-679d-bbd763f484a3" testName="OpenClawNet.UnitTests.Storage.SecretsStoreTests.Delete_Removes_Secret" computerName="CPC-bruno-U7R9O" duration="00:00:00.0096574" startTime="2026-04-23T07:06:14.0324063-04:00" endTime="2026-04-23T07:06:14.0419411-04:00" testType="13cdc9d9-ddb5-4fa4-a97d-d965ccfc6d4b" outcome="Passed" testListId="8c84fa94-04c1-424b-9868-57a2d4851a1d" relativeResultsDirectory="5abdbeb0-e627-4923-ac7f-f50b6296b05e" />
    <UnitTestResult executionId="4a15da87-dfe9-46f9-8508-6761d0407cc6" testId="259cd906-0415-78b0-4dfd-6ffd0eea3037" testName="OpenClawNet.UnitTests.Gateway.AgentProfileEndpointTests.PostImport_ValidMarkdown_ReturnsProfile" computerName="CPC-bruno-U7R9O" duration="00:00:00.0299614" startTime="2026-04-23T07:06:14.2769657-04:00" endTime="2026-04-23T07:06:14.3072976-04:00" testType="13cdc9d9-ddb5-4fa4-a97d-d965ccfc6d4b" outcome="Passed" testListId="8c84fa94-04c1-424b-9868-57a2d4851a1d" relativeResultsDirectory="4a15da87-dfe9-46f9-8508-6761d0407cc6" />
    <UnitTestResult executionId="8039195e-929e-453a-a291-f8ff4f34ae9c" testId="95894cb2-b60a-67c3-1501-9712cba52dab" testName="OpenClawNet.UnitTests.Storage.ModelProviderDefinitionStoreTests.ListAsync_ReturnsAllDefinitions_OrderedByName" computerName="CPC-bruno-U7R9O" duration="00:00:00.0205780" startTime="2026-04-23T07:06:13.8871955-04:00" endTime="2026-04-23T07:06:13.9075530-04:00" testType="13cdc9d9-ddb5-4fa4-a97d-d965ccfc6d4b" outcome="Passed" testListId="8c84fa94-04c1-424b-9868-57a2d4851a1d" relativeResultsDirectory="8039195e-929e-453a-a291-f8ff4f34ae9c" />
    <UnitTestResult executionId="9d8fa926-07f9-4c61-99d9-b97b016b98d9" testId="0c3a8c68-3940-48b9-c152-6549d8bbb87a" testName="OpenClawNet.UnitTests.Storage.JobStatusTransitionsTests.IsAllowed_DraftToCancelled_ReturnsTrue" computerName="CPC-bruno-U7R9O" duration="00:00:00.0001061" startTime="2026-04-23T07:06:12.2855427-04:00" endTime="2026-04-23T07:06:12.2857479-04:00" testType="13cdc9d9-ddb5-4fa4-a97d-d965ccfc6d4b" outcome="Passed" testListId="8c84fa94-04c1-424b-9868-57a2d4851a1d" relativeResultsDirectory="9d8fa926-07f9-4c61-99d9-b97b016b98d9" />
    <UnitTestResult executionId="7b07ab42-24e4-43aa-9a25-6ba3d8cb96fe" testId="8c8bab6a-6c6e-0890-4f70-a1c1b0d2fd12" testName="OpenClawNet.UnitTests.Mcp.Gateway.McpSuggestionsProviderTests.Parse_RoundTripsAllFields" computerName="CPC-bruno-U7R9O" duration="00:00:00.0124321" startTime="2026-04-23T07:06:13.4035762-04:00" endTime="2026-04-23T07:06:13.4158600-04:00" testType="13cdc9d9-ddb5-4fa4-a97d-d965ccfc6d4b" outcome="Passed" testListId="8c84fa94-04c1-424b-9868-57a2d4851a1d" relativeResultsDirectory="7b07ab42-24e4-43aa-9a25-6ba3d8cb96fe" />
    <UnitTestResult executionId="5066dc80-2e91-43d3-a1ee-448137f2d684" testId="70e4eba0-8993-43fb-07ea-7bd603ee273f" testName="OpenClawNet.UnitTests.Gateway.ServiceRegistrationTests.RuntimeModelSettings_IsSingleton" computerName="CPC-bruno-U7R9O" duration="00:00:00.0026454" startTime="2026-04-23T07:06:12.4963404-04:00" endTime="2026-04-23T07:06:12.4996007-04:00" testType="13cdc9d9-ddb5-4fa4-a97d-d965ccfc6d4b" outcome="Passed" testListId="8c84fa94-04c1-424b-9868-57a2d4851a1d" relativeResultsDirectory="5066dc80-2e91-43d3-a1ee-448137f2d684" />
    <UnitTestResult executionId="ea1ecfd9-185a-448c-8967-64bbb8d761ad" testId="b1fffb79-4963-2113-58c1-eacbebbd1896" testName="OpenClawNet.UnitTests.Models.AgentProfileMarkdownParserTests.Parse_FrontMatterNoNameNoHeading_FallsBackToFallbackName" computerName="CPC-bruno-U7R9O" duration="00:00:00.0010016" startTime="2026-04-23T07:06:12.5815599-04:00" endTime="2026-04-23T07:06:12.5818858-04:00" testType="13cdc9d9-ddb5-4fa4-a97d-d965ccfc6d4b" outcome="Passed" testListId="8c84fa94-04c1-424b-9868-57a2d4851a1d" relativeResultsDirectory="ea1ecfd9-185a-448c-8967-64bbb8d761ad" />
    <UnitTestResult executionId="449dca0a-cd37-4771-b363-56c501fb9528" testId="b6159835-5829-a9d3-b225-360e61458367" testName="OpenClawNet.UnitTests.Models.AzureOpenAIModelClientTests.Constructor_HandlesIntegratedAuthMode_CaseInsensitively(authMode: &quot;Integrated&quot;)" computerName="CPC-bruno-U7R9O" duration="00:00:00.0604451" startTime="2026-04-23T07:06:12.6309088-04:00" endTime="2026-04-23T07:06:12.6912382-04:00" testType="13cdc9d9-ddb5-4fa4-a97d-d965ccfc6d4b" outcome="Passed" testListId="8c84fa94-04c1-424b-9868-57a2d4851a1d" relativeResultsDirectory="449dca0a-cd37-4771-b363-56c501fb9528" />
    <UnitTestResult executionId="18db14fa-89b5-44db-ba13-3f344a9ee38f" testId="4f875da7-2be1-45e8-da47-bb5a3e667ca8" testName="OpenClawNet.UnitTests.Mcp.BundledMcpWrapperTests.ShellMcpTools_Exec_DelegatesToShellService" computerName="CPC-bruno-U7R9O" duration="00:00:00.1441662" startTime="2026-04-23T07:06:12.1924004-04:00" endTime="2026-04-23T07:06:12.3106572-04:00" testType="13cdc9d9-ddb5-4fa4-a97d-d965ccfc6d4b" outcome="Passed" testListId="8c84fa94-04c1-424b-9868-57a2d4851a1d" relativeResultsDirectory="18db14fa-89b5-44db-ba13-3f344a9ee38f" />
    <UnitTestResult executionId="15ad35db-6e95-4224-b3db-93b528037ac1" testId="2ec89ba9-4cca-fb3a-e5e0-404f2bc96977" testName="OpenClawNet.UnitTests.Gateway.CronTextTranslatorTests.TryTranslate_KnownPatterns_ReturnsExpectedCron(text: &quot;every day at 5:15 pm&quot;, expectedCron: &quot;15 17 * * *&quot;)" computerName="CPC-bruno-U7R9O" duration="00:00:00.0031445" startTime="2026-04-23T07:06:13.7951287-04:00" endTime="2026-04-23T07:06:13.7981485-04:00" testType="13cdc9d9-ddb5-4fa4-a97d-d965ccfc6d4b" outcome="Passed" testListId="8c84fa94-04c1-424b-9868-57a2d4851a1d" relativeResultsDirectory="15ad35db-6e95-4224-b3db-93b528037ac1" />
    <UnitTestResult executionId="a61b7268-21d0-48a1-9418-e097572be4be" testId="fe51e4f0-dbb1-99f4-94fa-37bb63d45727" testName="OpenClawNet.UnitTests.Integration.ChatSmokeTests.Pipeline_WithProviderError_YieldsErrorEvent" computerName="CPC-bruno-U7R9O" duration="00:00:00.0136517" startTime="2026-04-23T07:06:13.9950618-04:00" endTime="2026-04-23T07:06:14.0086914-04:00" testType="13cdc9d9-ddb5-4fa4-a97d-d965ccfc6d4b" outcome="Passed" testListId="8c84fa94-04c1-424b-9868-57a2d4851a1d" relativeResultsDirectory="a61b7268-21d0-48a1-9418-e097572be4be" />
    <UnitTestResult executionId="665a5131-8045-4c70-a6e0-1054a8d14387" testId="69320bc1-1978-8c87-3da8-75819b24acb3" testName="OpenClawNet.UnitTests.Gateway.ProviderResolverTests.ResolveAsync_DefinitionFields_MappedCorrectly" computerName="CPC-bruno-U7R9O" duration="00:00:00.0127839" startTime="2026-04-23T07:06:12.9474232-04:00" endTime="2026-04-23T07:06:12.9600605-04:00" testType="13cdc9d9-ddb5-4fa4-a97d-d965ccfc6d4b" outcome="Passed" testListId="8c84fa94-04c1-424b-9868-57a2d4851a1d" relativeResultsDirectory="665a5131-8045-4c70-a6e0-1054a8d14387" />
    <UnitTestResult executionId="dbe0b7e7-eab3-425a-a774-a4c58e0ffae5" testId="1c85bce3-78e7-5bb4-e890-45deada6b351" testName="OpenClawNet.UnitTests.Gateway.ServiceRegistrationTests.ModelOptions_BoundFromConfiguration" computerName="CPC-bruno-U7R9O" duration="00:00:00.0233308" startTime="2026-04-23T07:06:12.4649681-04:00" endTime="2026-04-23T07:06:12.4891850-04:00" testType="13cdc9d9-ddb5-4fa4-a97d-d965ccfc6d4b" outcome="Passed" testListId="8c84fa94-04c1-424b-9868-57a2d4851a1d" relativeResultsDirectory="dbe0b7e7-eab3-425a-a774-a4c58e0ffae5" />
    <UnitTestResult executionId="f2462380-36d0-465a-a2f6-cd8fbd5b6c5b" testId="d1d83992-d07c-178b-17d5-b5ecb4ac053f" testName="OpenClawNet.UnitTests.Storage.JobStatusTransitionsTests.IsAllowed_CancelledToAnyState_ReturnsFalse(to: Cancelled)" computerName="CPC-bruno-U7R9O" duration="00:00:00.0001684" startTime="2026-04-23T07:06:12.2820105-04:00" endTime="2026-04-23T07:06:12.2821297-04:00" testType="13cdc9d9-ddb5-4fa4-a97d-d965ccfc6d4b" outcome="Passed" testListId="8c84fa94-04c1-424b-9868-57a2d4851a1d" relativeResultsDirectory="f2462380-36d0-465a-a2f6-cd8fbd5b6c5b" />
    <UnitTestResult executionId="0f03b919-807b-476a-83cb-c8324f951e93" testId="98a836cb-567a-b85c-a953-7d29114c23d9" testName="OpenClawNet.UnitTests.Storage.SchemaMigratorSeedDefaultsTests.Seed_WipesPreExistingRows" computerName="CPC-bruno-U7R9O" duration="00:00:00.0154732" startTime="2026-04-23T07:06:14.0195478-04:00" endTime="2026-04-23T07:06:14.0347425-04:00" testType="13cdc9d9-ddb5-4fa4-a97d-d965ccfc6d4b" outcome="Passed" testListId="8c84fa94-04c1-424b-9868-57a2d4851a1d" relativeResultsDirectory="0f03b919-807b-476a-83cb-c8324f951e93" />
    <UnitTestResult executionId="10a08b3a-d47c-4629-a3dd-bc5968b15804" testId="9d4751db-52f2-0509-c648-21870237f6b7" testName="OpenClawNet.UnitTests.Tools.HtmlQueryToolTests.Invalid_Url_Is_Rejected" computerName="CPC-bruno-U7R9O" duration="00:00:00.0030549" startTime="2026-04-23T07:06:12.5818239-04:00" endTime="2026-04-23T07:06:12.5843325-04:00" testType="13cdc9d9-ddb5-4fa4-a97d-d965ccfc6d4b" outcome="Passed" testListId="8c84fa94-04c1-424b-9868-57a2d4851a1d" relativeResultsDirectory="10a08b3a-d47c-4629-a3dd-bc5968b15804" />
    <UnitTestResult executionId="557b0c68-d5f3-4953-a66c-8fc87e94d4d6" testId="85f7c49b-1f51-bcc2-902f-f4b51fd8c08b" testName="OpenClawNet.UnitTests.Gateway.AgentProfileEndpointTests.DeleteProfile_RemovesProfile" computerName="CPC-bruno-U7R9O" duration="00:00:00.0334240" startTime="2026-04-23T07:06:14.3075552-04:00" endTime="2026-04-23T07:06:14.3414308-04:00" testType="13cdc9d9-ddb5-4fa4-a97d-d965ccfc6d4b" outcome="Passed" testListId="8c84fa94-04c1-424b-9868-57a2d4851a1d" relativeResultsDirectory="557b0c68-d5f3-4953-a66c-8fc87e94d4d6" />
    <UnitTestResult executionId="b340eb6f-c427-4470-9791-9eabdec42d08" testId="6351a614-9c1a-e91c-45b0-0b963d5c524d" testName="OpenClawNet.UnitTests.Storage.SchemaMigratorSeedDefaultsTests.RemapEnabledToolsCsv_TranslatesKnownLegacyNames(legacy: &quot;web_fetch&quot;, expected: &quot;web.fetch&quot;)" computerName="CPC-bruno-U7R9O" duration="00:00:00.0007215" startTime="2026-04-23T07:06:13.8902312-04:00" endTime="2026-04-23T07:06:13.8908914-04:00" testType="13cdc9d9-ddb5-4fa4-a97d-d965ccfc6d4b" outcome="Passed" testListId="8c84fa94-04c1-424b-9868-57a2d4851a1d" relativeResultsDirectory="b340eb6f-c427-4470-9791-9eabdec42d08" />
    <UnitTestResult executionId="7655d072-0e8b-4528-9e6e-d34d18cb1821" testId="828f41e7-2e62-fadb-b791-8583da2057cc" testName="OpenClawNet.UnitTests.Models.AgentProfileMarkdownParserTests.Parse_KindFrontMatter_System_CaseInsensitive" computerName="CPC-bruno-U7R9O" duration="00:00:00.0077896" startTime="2026-04-23T07:06:12.5326566-04:00" endTime="2026-04-23T07:06:12.5401900-04:00" testType="13cdc9d9-ddb5-4fa4-a97d-d965ccfc6d4b" outcome="Passed" testListId="8c84fa94-04c1-424b-9868-57a2d4851a1d" relativeResultsDirectory="7655d072-0e8b-4528-9e6e-d34d18cb1821" />
    <UnitTestResult executionId="3a93d996-7153-425d-8443-f673afbdb8c5" testId="8d8cfe4a-884d-f273-ce95-75973f48baf5" testName="OpenClawNet.UnitTests.Storage.JobStatusTransitionsTests.IsAllowed_ActiveToDraft_ReturnsFalse" computerName="CPC-bruno-U7R9O" duration="00:00:00.0049951" startTime="2026-04-23T07:06:12.2614815-04:00" endTime="2026-04-23T07:06:12.2623849-04:00" testType="13cdc9d9-ddb5-4fa4-a97d-d965ccfc6d4b" outcome="Passed" testListId="8c84fa94-04c1-424b-9868-57a2d4851a1d" relativeResultsDirectory="3a93d996-7153-425d-8443-f673afbdb8c5" />
    <UnitTestResult executionId="ee7a5f93-ea83-421a-9b79-d6db83bad27d" testId="57a4f184-7d57-e2ff-4a98-f0540883c92b" testName="OpenClawNet.UnitTests.Models.AzureOpenAIAgentProviderTests.IsAvailableAsync_ReturnsFalse_WhenNoEndpoint" computerName="CPC-bruno-U7R9O" duration="00:00:00.0017101" startTime="2026-04-23T07:06:12.2623288-04:00" endTime="2026-04-23T07:06:12.2626125-04:00" testType="13cdc9d9-ddb5-4fa4-a97d-d965ccfc6d4b" outcome="Passed" testListId="8c84fa94-04c1-424b-9868-57a2d4851a1d" relativeResultsDirectory="ee7a5f93-ea83-421a-9b79-d6db83bad27d" />
    <UnitTestResult executionId="f57c8afa-e392-41de-b11c-bb1bd100b016" testId="7f4ccbac-4c41-76ec-3301-767892e691b9" testName="OpenClawNet.UnitTests.Storage.ConversationStoreTests.ListSessions_ReturnsOrderedByUpdatedAt" computerName="CPC-bruno-U7R9O" duration="00:00:00.8836532" startTime="2026-04-23T07:06:12.9807170-04:00" endTime="2026-04-23T07:06:13.8649058-04:00" testType="13cdc9d9-ddb5-4fa4-a97d-d965ccfc6d4b" outcome="Passed" testListId="8c84fa94-04c1-424b-9868-57a2d4851a1d" relativeResultsDirectory="f57c8afa-e392-41de-b11c-bb1bd100b016" />
    <UnitTestResult executionId="fbfa72d7-f453-4bd1-80f4-3ab989344cad" testId="90927d24-1a39-e1d6-2845-09bcd17eb047" testName="OpenClawNet.UnitTests.Agent.PromptComposerTests.ComposeAsync_IncludesSystemPrompt" computerName="CPC-bruno-U7R9O" duration="00:00:00.0032864" startTime="2026-04-23T07:06:13.2708787-04:00" endTime="2026-04-23T07:06:13.2739137-04:00" testType="13cdc9d9-ddb5-4fa4-a97d-d965ccfc6d4b" outcome="Passed" testListId="8c84fa94-04c1-424b-9868-57a2d4851a1d" relativeResultsDirectory="fbfa72d7-f453-4bd1-80f4-3ab989344cad" />
    <UnitTestResult executionId="a4970780-3d35-4b8e-8712-dc74e9c95192" testId="165b6536-3550-f546-274b-fbafc6d3cc16" testName="OpenClawNet.UnitTests.Agent.PromptComposerTests.ComposeAsync_IncludesHistory" computerName="CPC-bruno-U7R9O" duration="00:00:00.0031930" startTime="2026-04-23T07:06:13.2644156-04:00" endTime="2026-04-23T07:06:13.2675828-04:00" testType="13cdc9d9-ddb5-4fa4-a97d-d965ccfc6d4b" outcome="Passed" testListId="8c84fa94-04c1-424b-9868-57a2d4851a1d" relativeResultsDirectory="a4970780-3d35-4b8e-8712-dc74e9c95192" />
    <UnitTestResult executionId="c4b06b2b-4d3b-4b8c-894a-b420f883f28b" testId="f1da1c30-12e5-a48d-0f91-16ee0002d734" testName="OpenClawNet.UnitTests.Models.GitHubCopilotAgentProviderTests.IsAvailableAsync_ReturnsTrueWhenTokenConfigured" computerName="CPC-bruno-U7R9O" duration="00:00:00.0009586" startTime="2026-04-23T07:06:13.7196475-04:00" endTime="2026-04-23T07:06:13.7204813-04:00" testType="13cdc9d9-ddb5-4fa4-a97d-d965ccfc6d4b" outcome="Passed" testListId="8c84fa94-04c1-424b-9868-57a2d4851a1d" relativeResultsDirectory="c4b06b2b-4d3b-4b8c-894a-b420f883f28b" />
    <UnitTestResult executionId="d06c6e4d-64a7-4a4a-937b-b14df25c30db" testId="f4664ba3-c1c1-66b0-37b0-242edda17529" testName="OpenClawNet.UnitTests.Tools.ImageEditToolTests.Resize_Produces_Smaller_Png" computerName="CPC-bruno-U7R9O" duration="00:00:00.3687109" startTime="2026-04-23T07:06:12.8888349-04:00" endTime="2026-04-23T07:06:13.2569002-04:00" testType="13cdc9d9-ddb5-4fa4-a97d-d965ccfc6d4b" outcome="Passed" testListId="8c84fa94-04c1-424b-9868-57a2d4851a1d" relativeResultsDirectory="d06c6e4d-64a7-4a4a-937b-b14df25c30db" />
    <UnitTestResult executionId="ffdb91ef-5857-43dc-b252-06932b44dc02" testId="0d609d32-a39f-366a-36d0-a226e6da23f8" testName="OpenClawNet.UnitTests.Gateway.ProviderResolverTests.ResolveAsync_WithNullRef_FallsBackToRuntimeSettings" computerName="CPC-bruno-U7R9O" duration="00:00:00.0095996" startTime="2026-04-23T07:06:12.9709304-04:00" endTime="2026-04-23T07:06:12.9803746-04:00" testType="13cdc9d9-ddb5-4fa4-a97d-d965ccfc6d4b" outcome="Passed" testListId="8c84fa94-04c1-424b-9868-57a2d4851a1d" relativeResultsDirectory="ffdb91ef-5857-43dc-b252-06932b44dc02" />
    <UnitTestResult executionId="b716e0af-650a-4b56-a0da-a50109785485" testId="55c3ab27-f74f-4c55-8b82-c525d45c7e16" testName="OpenClawNet.UnitTests.Scheduler.SchedulerPollingServiceTests.CalculateNextRun_VariousCronFormats_ParsesSuccessfully(cron: &quot;0 9 * * *&quot;)" computerName="CPC-bruno-U7R9O" duration="00:00:00.0006578" startTime="2026-04-23T07:06:12.5894754-04:00" endTime="2026-04-23T07:06:12.5895284-04:00" testType="13cdc9d9-ddb5-4fa4-a97d-d965ccfc6d4b" outcome="Passed" testListId="8c84fa94-04c1-424b-9868-57a2d4851a1d" relativeResultsDirectory="b716e0af-650a-4b56-a0da-a50109785485" />
    <UnitTestResult executionId="d530f474-53df-4f97-b43b-c360401e9351" testId="c13b62d4-f769-342d-787f-07efb58a3f89" testName="OpenClawNet.UnitTests.Models.AzureOpenAIModelClientTests.ProviderName_IsAzureOpenAI" computerName="CPC-bruno-U7R9O" duration="00:00:00.0003485" startTime="2026-04-23T07:06:12.7086495-04:00" endTime="2026-04-23T07:06:12.7087291-04:00" testType="13cdc9d9-ddb5-4fa4-a97d-d965ccfc6d4b" outcome="Passed" testListId="8c84fa94-04c1-424b-9868-57a2d4851a1d" relativeResultsDirectory="d530f474-53df-4f97-b43b-c360401e9351" />
    <UnitTestResult executionId="f59c9256-517f-44d9-ab28-45d36a1ddad2" testId="ceedfa82-fa53-0b66-65dc-295a7fff198e" testName="OpenClawNet.UnitTests.Gateway.ServiceRegistrationTests.RuntimeAgentProvider_CanRouteToOllama" computerName="CPC-bruno-U7R9O" duration="00:00:00.2713332" startTime="2026-04-23T07:06:12.1946363-04:00" endTime="2026-04-23T07:06:12.4647626-04:00" testType="13cdc9d9-ddb5-4fa4-a97d-d965ccfc6d4b" outcome="Passed" testListId="8c84fa94-04c1-424b-9868-57a2d4851a1d" relativeResultsDirectory="f59c9256-517f-44d9-ab28-45d36a1ddad2" />
    <UnitTestResult executionId="615be226-5207-4e61-8b82-e911ca57657e" testId="480f93a9-5aef-aea4-6679-e2d724273a4c" testName="OpenClawNet.UnitTests.Scheduler.SchedulerSettingsServiceTests.GetSettings_ReturnsDefaults_WhenNoFileOrConfig" computerName="CPC-bruno-U7R9O" duration="00:00:00.0018632" startTime="2026-04-23T07:06:13.7451768-04:00" endTime="2026-04-23T07:06:13.7469584-04:00" testType="13cdc9d9-ddb5-4fa4-a97d-d965ccfc6d4b" outcome="Passed" testListId="8c84fa94-04c1-424b-9868-57a2d4851a1d" relativeResultsDirectory="615be226-5207-4e61-8b82-e911ca57657e" />
    <UnitTestResult executionId="d32b6dd6-0a5f-400b-b998-6729622d0b8f" testId="dea6465a-0991-997f-a3b5-46ddfaec7c64" testName="OpenClawNet.UnitTests.Scheduler.CronExpressionEvaluatorTests.TryParse_VariousCronExpressions_ParsesSuccessfully(cron: &quot;0 12 1 * *&quot;)" computerName="CPC-bruno-U7R9O" duration="00:00:00.0001771" startTime="2026-04-23T07:06:12.2784079-04:00" endTime="2026-04-23T07:06:12.2784618-04:00" testType="13cdc9d9-ddb5-4fa4-a97d-d965ccfc6d4b" outcome="Passed" testListId="8c84fa94-04c1-424b-9868-57a2d4851a1d" relativeResultsDirectory="d32b6dd6-0a5f-400b-b998-6729622d0b8f" />
    <UnitTestResult executionId="cceb4c18-322f-4a6e-b948-57635fb1840f" testId="76bb03ed-002c-be91-7a47-0dae680174d2" testName="OpenClawNet.UnitTests.Models.AgentProfileMarkdownParserTests.Parse_KindFrontMatter_ToolTester" computerName="CPC-bruno-U7R9O" duration="00:00:00.0012238" startTime="2026-04-23T07:06:12.5780758-04:00" endTime="2026-04-23T07:06:12.5790923-04:00" testType="13cdc9d9-ddb5-4fa4-a97d-d965ccfc6d4b" outcome="Passed" testListId="8c84fa94-04c1-424b-9868-57a2d4851a1d" relativeResultsDirectory="cceb4c18-322f-4a6e-b948-57635fb1840f" />
    <UnitTestResult executionId="940eb9f1-f4ef-4018-83ea-2aa1edfb8bca" testId="a6998e33-87f2-bec9-4401-bc9464988029" testName="OpenClawNet.UnitTests.Gateway.ProviderResolverTests.ResolveAsync_WithDefinitionName_ReturnsDefinitionConfig" computerName="CPC-bruno-U7R9O" duration="00:00:00.0111388" startTime="2026-04-23T07:06:12.9361347-04:00" endTime="2026-04-23T07:06:12.9471272-04:00" testType="13cdc9d9-ddb5-4fa4-a97d-d965ccfc6d4b" outcome="Passed" testListId="8c84fa94-04c1-424b-9868-57a2d4851a1d" relativeResultsDirectory="940eb9f1-f4ef-4018-83ea-2aa1edfb8bca" />
    <UnitTestResult executionId="018373de-f0d6-44d0-aa15-95e966851a4a" testId="60dbfdfc-5601-ed0a-4935-ae2f1e86ff33" testName="OpenClawNet.UnitTests.Models.OllamaModelClientTests.StreamAsync_MultipleToolCalls_InSingleChunk" computerName="CPC-bruno-U7R9O" duration="00:00:00.0016045" startTime="2026-04-23T07:06:12.3232977-04:00" endTime="2026-04-23T07:06:12.3248005-04:00" testType="13cdc9d9-ddb5-4fa4-a97d-d965ccfc6d4b" outcome="Passed" testListId="8c84fa94-04c1-424b-9868-57a2d4851a1d" relativeResultsDirectory="018373de-f0d6-44d0-aa15-95e966851a4a" />
    <UnitTestResult executionId="75a58646-60b6-41c6-be0b-8720a8156be5" testId="4f25f0bb-524f-d762-f4c9-8c56617c2966" testName="OpenClawNet.UnitTests.Gateway.ModelProviderEndpointTests.GetList_MasksApiKey_ReturnsHasApiKeyFlag" computerName="CPC-bruno-U7R9O" duration="00:00:00.0303635" startTime="2026-04-23T07:06:14.0791337-04:00" endTime="2026-04-23T07:06:14.1097408-04:00" testType="13cdc9d9-ddb5-4fa4-a97d-d965ccfc6d4b" outcome="Passed" testListId="8c84fa94-04c1-424b-9868-57a2d4851a1d" relativeResultsDirectory="75a58646-60b6-41c6-be0b-8720a8156be5" />
    <UnitTestResult executionId="f07822d1-e64b-442a-8f79-fd3b39783f73" testId="1ddb9f9e-996a-3884-a535-e139f13b4f95" testName="OpenClawNet.UnitTests.Services.RuntimeAgentProviderTests.CreateChatClient_UsesProfileProvider_WhenSpecified" computerName="CPC-bruno-U7R9O" duration="00:00:00.2897863" startTime="2026-04-23T07:06:12.1925999-04:00" endTime="2026-04-23T07:06:12.4560416-04:00" testType="13cdc9d9-ddb5-4fa4-a97d-d965ccfc6d4b" outcome="Passed" testListId="8c84fa94-04c1-424b-9868-57a2d4851a1d" relativeResultsDirectory="f07822d1-e64b-442a-8f79-fd3b39783f73" />
    <UnitTestResult executionId="488d0564-6839-4209-8128-b1981916287c" testId="4d554f5b-0174-ebe4-99b5-c07ab2384c98" testName="OpenClawNet.UnitTests.Scheduler.SchedulerOptionsTests.Validate_ClampsPollIntervalSeconds_ToMinimum" computerName="CPC-bruno-U7R9O" duration="00:00:00.0003107" startTime="2026-04-23T07:06:12.7530755-04:00" endTime="2026-04-23T07:06:12.7532921-04:00" testType="13cdc9d9-ddb5-4fa4-a97d-d965ccfc6d4b" outcome="Passed" testListId="8c84fa94-04c1-424b-9868-57a2d4851a1d" relativeResultsDirectory="488d0564-6839-4209-8128-b1981916287c" />
    <UnitTestResult executionId="a74b0ad4-49d6-47cf-81ae-32c1f8ca9743" testId="4948f4b6-3cc7-e734-22ea-e73387ad0abe" testName="OpenClawNet.UnitTests.Storage.JobsDomainModelTests.TriggerType_Enum_IsStoredAsString" computerName="CPC-bruno-U7R9O" duration="00:00:00.0365614" startTime="2026-04-23T07:06:14.4640972-04:00" endTime="2026-04-23T07:06:14.5006098-04:00" testType="13cdc9d9-ddb5-4fa4-a97d-d965ccfc6d4b" outcome="Passed" testListId="8c84fa94-04c1-424b-9868-57a2d4851a1d" relativeResultsDirectory="a74b0ad4-49d6-47cf-81ae-32c1f8ca9743" />
    <UnitTestResult executionId="53bb4b6f-36ec-4be4-83ac-a43e4fccfd54" testId="d38d8968-512e-b063-b1f0-e470f9124dbc" testName="OpenClawNet.UnitTests.Gateway.CronTextTranslatorTests.TryTranslate_KnownPatterns_ReturnsExpectedCron(text: &quot;daily at 09:30&quot;, expectedCron: &quot;30 9 * * *&quot;)" computerName="CPC-bruno-U7R9O" duration="00:00:00.0000143" startTime="2026-04-23T07:06:13.8005538-04:00" endTime="2026-04-23T07:06:13.8006286-04:00" testType="13cdc9d9-ddb5-4fa4-a97d-d965ccfc6d4b" outcome="Passed" testListId="8c84fa94-04c1-424b-9868-57a2d4851a1d" relativeResultsDirectory="53bb4b6f-36ec-4be4-83ac-a43e4fccfd54" />
    <UnitTestResult executionId="3a05eb6e-6145-4152-ac74-401756745b50" testId="a5c97f55-2f54-dde4-2b74-93a23a0cf890" testName="OpenClawNet.UnitTests.Storage.JobStatusTransitionsTests.IsAllowed_PausedToCompleted_ReturnsFalse" computerName="CPC-bruno-U7R9O" duration="00:00:00.0002543" startTime="2026-04-23T07:06:12.2846180-04:00" endTime="2026-04-23T07:06:12.2847928-04:00" testType="13cdc9d9-ddb5-4fa4-a97d-d965ccfc6d4b" outcome="Passed" testListId="8c84fa94-04c1-424b-9868-57a2d4851a1d" relativeResultsDirectory="3a05eb6e-6145-4152-ac74-401756745b50" />
    <UnitTestResult executionId="2b40c585-3d31-43e9-a329-e771b3340f23" testId="48aa8028-0765-ba13-8717-d98b10962819" testName="OpenClawNet.UnitTests.Mcp.BundledMcpWrapperTests.WebBundledMcp_DefinitionShape" computerName="CPC-bruno-U7R9O" duration="00:00:00.0259351" startTime="2026-04-23T07:06:12.3115433-04:00" endTime="2026-04-23T07:06:12.3366980-04:00" testType="13cdc9d9-ddb5-4fa4-a97d-d965ccfc6d4b" outcome="Passed" testListId="8c84fa94-04c1-424b-9868-57a2d4851a1d" relativeResultsDirectory="2b40c585-3d31-43e9-a329-e771b3340f23" />
    <UnitTestResult executionId="8b256139-9d4e-473f-98cc-c0a0df6c1e4b" testId="29a341e2-1954-0bfd-e163-360c32326b3f" testName="OpenClawNet.UnitTests.Integration.ChatSmokeTests.Pipeline_EmptyMessage_DoesNotThrow" computerName="CPC-bruno-U7R9O" duration="00:00:01.3889910" startTime="2026-04-23T07:06:12.5963540-04:00" endTime="2026-04-23T07:06:13.9852969-04:00" testType="13cdc9d9-ddb5-4fa4-a97d-d965ccfc6d4b" outcome="Passed" testListId="8c84fa94-04c1-424b-9868-57a2d4851a1d" relativeResultsDirectory="8b256139-9d4e-473f-98cc-c0a0df6c1e4b" />
    <UnitTestResult executionId="97038e88-114a-413f-8988-56b49cbf2037" testId="6d1d1c6c-6715-ba1a-cd1a-ce168432feb7" testName="OpenClawNet.UnitTests.Storage.JobStatusTransitionsTests.IsAllowed_CancelledToAnyState_ReturnsFalse(to: Paused)" computerName="CPC-bruno-U7R9O" duration="00:00:00.0000064" startTime="2026-04-23T07:06:12.2833277-04:00" endTime="2026-04-23T07:06:12.2833955-04:00" testType="13cdc9d9-ddb5-4fa4-a97d-d965ccfc6d4b" outcome="Passed" testListId="8c84fa94-04c1-424b-9868-57a2d4851a1d" relativeResultsDirectory="97038e88-114a-413f-8988-56b49cbf2037" />
    <UnitTestResult executionId="ce1639b2-256c-4de3-b1a8-f3e2c421f4bf" testId="654d62a5-00a3-b104-0bda-dbf0b7fef2c0" testName="OpenClawNet.UnitTests.Gateway.ProviderResolverTests.ResolveAsync_WithTypeName_NoEnabledDef_ReturnsFirstDef" computerName="CPC-bruno-U7R9O" duration="00:00:00.0105501" startTime="2026-04-23T07:06:12.9603425-04:00" endTime="2026-04-23T07:06:12.9706833-04:00" testType="13cdc9d9-ddb5-4fa4-a97d-d965ccfc6d4b" outcome="Passed" testListId="8c84fa94-04c1-424b-9868-57a2d4851a1d" relativeResultsDirectory="ce1639b2-256c-4de3-b1a8-f3e2c421f4bf" />
    <UnitTestResult executionId="beff8c1f-fc99-4fb3-9210-917799333e09" testId="ba1a7136-3d49-f428-5695-78371ba37ce5" testName="OpenClawNet.UnitTests.Models.GitHubCopilotAgentProviderTests.CreateChatClient_ReturnsNonNull" computerName="CPC-bruno-U7R9O" duration="00:00:00.0003172" startTime="2026-04-23T07:06:13.7183519-04:00" endTime="2026-04-23T07:06:13.7184254-04:00" testType="13cdc9d9-ddb5-4fa4-a97d-d965ccfc6d4b" outcome="Passed" testListId="8c84fa94-04c1-424b-9868-57a2d4851a1d" relativeResultsDirectory="beff8c1f-fc99-4fb3-9210-917799333e09" />
    <UnitTestResult executionId="3707a9c2-fa5b-4ae5-9efe-7e19f9e2e10a" testId="8396fee2-0cf1-d487-88ba-3f0b07ac0947" testName="OpenClawNet.UnitTests.Gateway.ProviderResolverTests.ResolveAsync_WithUnknownRef_ThrowsModelProviderUnavailable" computerName="CPC-bruno-U7R9O" duration="00:00:00.0183762" startTime="2026-04-23T07:06:12.9176125-04:00" endTime="2026-04-23T07:06:12.9358634-04:00" testType="13cdc9d9-ddb5-4fa4-a97d-d965ccfc6d4b" outcome="Passed" testListId="8c84fa94-04c1-424b-9868-57a2d4851a1d" relativeResultsDirectory="3707a9c2-fa5b-4ae5-9efe-7e19f9e2e10a" />
    <UnitTestResult executionId="46daa486-d299-446f-b686-49fd23cddb7a" testId="16981949-0233-67eb-f7c1-eae74a0dba89" testName="OpenClawNet.UnitTests.Agent.ModelClientChatClientAdapterTests.GetStreamingResponseAsync_WithToolCalls_YieldsFunctionContent" computerName="CPC-bruno-U7R9O" duration="00:00:00.0697468" startTime="2026-04-23T07:06:12.4120587-04:00" endTime="2026-04-23T07:06:12.4816880-04:00" testType="13cdc9d9-ddb5-4fa4-a97d-d965ccfc6d4b" outcome="Passed" testListId="8c84fa94-04c1-424b-9868-57a2d4851a1d" relativeResultsDirectory="46daa486-d299-446f-b686-49fd23cddb7a" />
    <UnitTestResult executionId="d00ec8c8-80c1-4bb9-89b0-dd5d5112412e" testId="0f44ed52-fbb7-62f4-e264-03d3ef24d460" testName="OpenClawNet.UnitTests.Storage.JobStatusTransitionsTests.IsAllowed_SameStateToSameState_ReturnsFalse(status: Paused)" computerName="CPC-bruno-U7R9O" duration="00:00:00.0000097" startTime="2026-04-23T07:06:12.2728862-04:00" endTime="2026-04-23T07:06:12.2729355-04:00" testType="13cdc9d9-ddb5-4fa4-a97d-d965ccfc6d4b" outcome="Passed" testListId="8c84fa94-04c1-424b-9868-57a2d4851a1d" relativeResultsDirectory="d00ec8c8-80c1-4bb9-89b0-dd5d5112412e" />
    <UnitTestResult executionId="d17b5df2-ff26-4071-a6fa-d277ccf37662" testId="ae9da93b-3428-252f-fc3a-c1a6fd09f18d" testName="OpenClawNet.UnitTests.Gateway.AgentProfileEndpointTests.DeleteProfile_NonExistent_ReturnsNoContent" computerName="CPC-bruno-U7R9O" duration="00:00:00.0405557" startTime="2026-04-23T07:06:14.3702362-04:00" endTime="2026-04-23T07:06:14.4111388-04:00" testType="13cdc9d9-ddb5-4fa4-a97d-d965ccfc6d4b" outcome="Passed" testListId="8c84fa94-04c1-424b-9868-57a2d4851a1d" relativeResultsDirectory="d17b5df2-ff26-4071-a6fa-d277ccf37662" />
    <UnitTestResult executionId="189103b1-e2e2-4c46-9a4b-72d16eda101b" testId="c248bbbc-4ae2-d17e-3ea5-d9e9396ee526" testName="OpenClawNet.UnitTests.Gateway.CronTextTranslatorTests.TryTranslate_KnownPatterns_ReturnsExpectedCron(text: &quot;every weekday at 9am&quot;, expectedCron: &quot;0 9 * * 1-5&quot;)" computerName="CPC-bruno-U7R9O" duration="00:00:00.0000142" startTime="2026-04-23T07:06:13.7988829-04:00" endTime="2026-04-23T07:06:13.7989403-04:00" testType="13cdc9d9-ddb5-4fa4-a97d-d965ccfc6d4b" outcome="Passed" testListId="8c84fa94-04c1-424b-9868-57a2d4851a1d" relativeResultsDirectory="189103b1-e2e2-4c46-9a4b-72d16eda101b" />
    <UnitTestResult executionId="384e363d-982f-4015-8f7c-d0d26646131a" testId="d4c9663a-a77a-780b-3e9d-187e5a30af51" testName="OpenClawNet.UnitTests.Storage.JobStatusTransitionsTests.IsEditable_Draft_ReturnsTrue" computerName="CPC-bruno-U7R9O" duration="00:00:00.0001654" startTime="2026-04-23T07:06:12.2852242-04:00" endTime="2026-04-23T07:06:12.2853951-04:00" testType="13cdc9d9-ddb5-4fa4-a97d-d965ccfc6d4b" outcome="Passed" testListId="8c84fa94-04c1-424b-9868-57a2d4851a1d" relativeResultsDirectory="384e363d-982f-4015-8f7c-d0d26646131a" />
    <UnitTestResult executionId="5e9220d2-386a-4e34-b612-983407cab8e3" testId="2b22e5e6-5b56-6787-3c5a-248486677a22" testName="OpenClawNet.UnitTests.Models.AzureOpenAIModelClientTests.AddAzureOpenAI_RegistersIModelClient" computerName="CPC-bruno-U7R9O" duration="00:00:00.0084639" startTime="2026-04-23T07:06:12.6993238-04:00" endTime="2026-04-23T07:06:12.7076505-04:00" testType="13cdc9d9-ddb5-4fa4-a97d-d965ccfc6d4b" outcome="Passed" testListId="8c84fa94-04c1-424b-9868-57a2d4851a1d" relativeResultsDirectory="5e9220d2-386a-4e34-b612-983407cab8e3" />
    <UnitTestResult executionId="271a048c-044c-4650-b9a9-50bfb94ba74f" testId="bd279178-1063-fbae-4a66-bc9268a06d30" testName="OpenClawNet.UnitTests.Gateway.ChatHubTests.StreamChat_EmptyQuestion_StillProcesses" computerName="CPC-bruno-U7R9O" duration="00:00:00.0034518" startTime="2026-04-23T07:06:13.3240362-04:00" endTime="2026-04-23T07:06:13.3273834-04:00" testType="13cdc9d9-ddb5-4fa4-a97d-d965ccfc6d4b" outcome="Passed" testListId="8c84fa94-04c1-424b-9868-57a2d4851a1d" relativeResultsDirectory="271a048c-044c-4650-b9a9-50bfb94ba74f" />
    <UnitTestResult executionId="41330fec-8d34-46d5-86c7-f79d8753034c" testId="4b0d8cd8-6f6b-514f-c714-c7c8f8b5ceba" testName="OpenClawNet.UnitTests.Gateway.CronTextTranslatorTests.TryTranslate_UnsupportedOrEmpty_ReturnsFalse(text: null)" computerName="CPC-bruno-U7R9O" duration="00:00:00.0000104" startTime="2026-04-23T07:06:13.8039343-04:00" endTime="2026-04-23T07:06:13.8039941-04:00" testType="13cdc9d9-ddb5-4fa4-a97d-d965ccfc6d4b" outcome="Passed" testListId="8c84fa94-04c1-424b-9868-57a2d4851a1d" relativeResultsDirectory="41330fec-8d34-46d5-86c7-f79d8753034c" />
    <UnitTestResult executionId="933846f1-85fb-4e59-9bf4-ceed80a99b47" testId="99fa6024-cda9-5655-11c1-b3480a8af763" testName="OpenClawNet.UnitTests.Tools.FileSystemToolTests.List_WithAbsolutePath_ListsDirectory" computerName="CPC-bruno-U7R9O" duration="00:00:00.0087248" startTime="2026-04-23T07:06:12.7970630-04:00" endTime="2026-04-23T07:06:12.8062422-04:00" testType="13cdc9d9-ddb5-4fa4-a97d-d965ccfc6d4b" outcome="Passed" testListId="8c84fa94-04c1-424b-9868-57a2d4851a1d" relativeResultsDirectory="933846f1-85fb-4e59-9bf4-ceed80a99b47" />
    <UnitTestResult executionId="4edbe24a-4007-4712-8bea-558774843d6d" testId="89637bb0-d0d0-35f0-b98e-61a0dbbf3a19" testName="OpenClawNet.UnitTests.Storage.JobStatusTransitionsTests.IsAllowed_CompletedToDraft_ReturnsFalse" computerName="CPC-bruno-U7R9O" duration="00:00:00.0001023" startTime="2026-04-23T07:06:12.2911331-04:00" endTime="2026-04-23T07:06:12.2911704-04:00" testType="13cdc9d9-ddb5-4fa4-a97d-d965ccfc6d4b" outcome="Passed" testListId="8c84fa94-04c1-424b-9868-57a2d4851a1d" relativeResultsDirectory="4edbe24a-4007-4712-8bea-558774843d6d" />
    <UnitTestResult executionId="8726703e-0c4a-485b-b71c-97e7908e175e" testId="490c24ba-c760-a85f-5bc3-6eeb7890365b" testName="OpenClawNet.UnitTests.Models.AzureOpenAIModelClientTests.StreamAsync_Throws_WhenNotConfigured" computerName="CPC-bruno-U7R9O" duration="00:00:00.0011874" startTime="2026-04-23T07:06:12.7180328-04:00" endTime="2026-04-23T07:06:12.7184280-04:00" testType="13cdc9d9-ddb5-4fa4-a97d-d965ccfc6d4b" outcome="Passed" testListId="8c84fa94-04c1-424b-9868-57a2d4851a1d" relativeResultsDirectory="8726703e-0c4a-485b-b71c-97e7908e175e" />
    <UnitTestResult executionId="efb2ca10-ae28-4b16-8a32-1b12de3273ab" testId="5002a784-d226-ab33-529d-6b8bf7082d7c" testName="OpenClawNet.UnitTests.Storage.AgentProfileStoreTests.SaveAsync_RoundTrips_RequireToolApproval_WhenDisabled" computerName="CPC-bruno-U7R9O" duration="00:00:00.0023403" startTime="2026-04-23T07:06:13.9982589-04:00" endTime="2026-04-23T07:06:14.0005158-04:00" testType="13cdc9d9-ddb5-4fa4-a97d-d965ccfc6d4b" outcome="Passed" testListId="8c84fa94-04c1-424b-9868-57a2d4851a1d" relativeResultsDirectory="efb2ca10-ae28-4b16-8a32-1b12de3273ab" />
    <UnitTestResult executionId="9d74a2bc-14bb-42a1-ab23-bec46f53d5f6" testId="96b55d42-f9a6-d428-12de-cdc4c2f1a233" testName="OpenClawNet.UnitTests.Tools.CalculatorToolTests.Evaluate_Returns_Expected(expression: &quot;Sqrt(16)&quot;, expected: &quot;4&quot;)" computerName="CPC-bruno-U7R9O" duration="00:00:00.0003120" startTime="2026-04-23T07:06:12.8075676-04:00" endTime="2026-04-23T07:06:12.8078015-04:00" testType="13cdc9d9-ddb5-4fa4-a97d-d965ccfc6d4b" outcome="Passed" testListId="8c84fa94-04c1-424b-9868-57a2d4851a1d" relativeResultsDirectory="9d74a2bc-14bb-42a1-ab23-bec46f53d5f6" />
    <UnitTestResult executionId="e31df71a-5d56-4afc-91d5-b4357c87b221" testId="0e5fd5aa-d822-d931-f324-55c722c537ec" testName="OpenClawNet.UnitTests.Models.AzureOpenAIModelClientTests.Constructor_HandlesIntegratedAuthMode_CaseInsensitively(authMode: &quot;integrated&quot;)" computerName="CPC-bruno-U7R9O" duration="00:00:00.2621394" startTime="2026-04-23T07:06:12.3688616-04:00" endTime="2026-04-23T07:06:12.6307036-04:00" testType="13cdc9d9-ddb5-4fa4-a97d-d965ccfc6d4b" outcome="Passed" testListId="8c84fa94-04c1-424b-9868-57a2d4851a1d" relativeResultsDirectory="e31df71a-5d56-4afc-91d5-b4357c87b221" />
    <UnitTestResult executionId="5ba2dde0-80e9-4c3c-aa20-a5b18e2f892c" testId="4fa26242-840a-d405-feb5-aa213f854390" testName="OpenClawNet.UnitTests.Mcp.Gateway.McpServerCatalogServiceTests.EncryptedEnv_RoundTripsThroughSecretStore" computerName="CPC-bruno-U7R9O" duration="00:00:00.0077825" startTime="2026-04-23T07:06:13.9109008-04:00" endTime="2026-04-23T07:06:13.9178110-04:00" testType="13cdc9d9-ddb5-4fa4-a97d-d965ccfc6d4b" outcome="Passed" testListId="8c84fa94-04c1-424b-9868-57a2d4851a1d" relativeResultsDirectory="5ba2dde0-80e9-4c3c-aa20-a5b18e2f892c" />
    <UnitTestResult executionId="a003a49a-f050-4d41-b8df-f05df0ed87dd" testId="2a70cdd4-6b51-8033-6480-861686f197b9" testName="OpenClawNet.UnitTests.Storage.JobStatusTransitionsTests.IsAllowed_AllInvalidTransitions_ReturnFalse(from: Cancelled, to: Active)" computerName="CPC-bruno-U7R9O" duration="00:00:00.0000025" startTime="2026-04-23T07:06:12.2812597-04:00" endTime="2026-04-23T07:06:12.2813190-04:00" testType="13cdc9d9-ddb5-4fa4-a97d-d965ccfc6d4b" outcome="Passed" testListId="8c84fa94-04c1-424b-9868-57a2d4851a1d" relativeResultsDirectory="a003a49a-f050-4d41-b8df-f05df0ed87dd" />
    <UnitTestResult executionId="d2a43040-f9d4-4c55-930c-833a9ea0c5d4" testId="60b45ac9-7dea-207e-16b1-7a264f83b4d7" testName="OpenClawNet.UnitTests.Mcp.Gateway.McpServerCatalogServiceTests.Create_InProcessTransport_Forbidden" computerName="CPC-bruno-U7R9O" duration="00:00:00.0022255" startTime="2026-04-23T07:06:13.9193332-04:00" endTime="2026-04-23T07:06:13.9214755-04:00" testType="13cdc9d9-ddb5-4fa4-a97d-d965ccfc6d4b" outcome="Passed" testListId="8c84fa94-04c1-424b-9868-57a2d4851a1d" relativeResultsDirectory="d2a43040-f9d4-4c55-930c-833a9ea0c5d4" />
    <UnitTestResult executionId="65e29e70-eb60-46d9-90e7-f43258db34cc" testId="5f6c112a-0c85-1426-808c-c3202d857273" testName="OpenClawNet.UnitTests.Gateway.AgentProfileEndpointTests.PutProfile_UpdatesExistingProfile" computerName="CPC-bruno-U7R9O" duration="00:00:00.1273469" startTime="2026-04-23T07:06:13.9843212-04:00" endTime="2026-04-23T07:06:14.1121489-04:00" testType="13cdc9d9-ddb5-4fa4-a97d-d965ccfc6d4b" outcome="Passed" testListId="8c84fa94-04c1-424b-9868-57a2d4851a1d" relativeResultsDirectory="65e29e70-eb60-46d9-90e7-f43258db34cc" />
    <UnitTestResult executionId="7cc8619d-7133-4f82-a4f4-76747561af84" testId="61da13bc-a05b-de54-acb3-572ba02a9fb1" testName="OpenClawNet.UnitTests.Gateway.ModelProviderEndpointTests.PutProvider_CreatesNewProvider" computerName="CPC-bruno-U7R9O" duration="00:00:00.0358313" startTime="2026-04-23T07:06:13.9891371-04:00" endTime="2026-04-23T07:06:14.0255614-04:00" testType="13cdc9d9-ddb5-4fa4-a97d-d965ccfc6d4b" outcome="Passed" testListId="8c84fa94-04c1-424b-9868-57a2d4851a1d" relativeResultsDirectory="7cc8619d-7133-4f82-a4f4-76747561af84" />
    <UnitTestResult executionId="5a0f2b05-6710-43c6-b303-ce97c307052c" testId="699c4466-5232-2c77-701d-01328db3b0e1" testName="OpenClawNet.UnitTests.Storage.JobStatusTransitionsTests.IsAllowed_AllInvalidTransitions_ReturnFalse(from: Draft, to: Paused)" computerName="CPC-bruno-U7R9O" duration="00:00:00.0000274" startTime="2026-04-23T07:06:12.2793933-04:00" endTime="2026-04-23T07:06:12.2794461-04:00" testType="13cdc9d9-ddb5-4fa4-a97d-d965ccfc6d4b" outcome="Passed" testListId="8c84fa94-04c1-424b-9868-57a2d4851a1d" relativeResultsDirectory="5a0f2b05-6710-43c6-b303-ce97c307052c" />
    <UnitTestResult executionId="15812665-bba7-475d-a634-229c8077302a" testId="f8fb9709-941e-bfff-f332-2de2ba7be6a8" testName="OpenClawNet.UnitTests.Storage.SchemaMigratorSeedDefaultsTests.Seed_IsIdempotent" computerName="CPC-bruno-U7R9O" duration="00:00:00.0952001" startTime="2026-04-23T07:06:13.8913091-04:00" endTime="2026-04-23T07:06:13.9863202-04:00" testType="13cdc9d9-ddb5-4fa4-a97d-d965ccfc6d4b" outcome="Passed" testListId="8c84fa94-04c1-424b-9868-57a2d4851a1d" relativeResultsDirectory="15812665-bba7-475d-a634-229c8077302a" />
    <UnitTestResult executionId="7234a974-6758-4f49-b880-7d9d3f206b11" testId="429b75d2-73aa-61e4-539d-5aa991bc502d" testName="OpenClawNet.UnitTests.Storage.JobStatusTransitionsTests.IsTerminal_NonTerminalStates_ReturnFalse(status: Active)" computerName="CPC-bruno-U7R9O" duration="00:00:00.0003196" startTime="2026-04-23T07:06:12.2506316-04:00" endTime="2026-04-23T07:06:12.2506835-04:00" testType="13cdc9d9-ddb5-4fa4-a97d-d965ccfc6d4b" outcome="Passed" testListId="8c84fa94-04c1-424b-9868-57a2d4851a1d" relativeResultsDirectory="7234a974-6758-4f49-b880-7d9d3f206b11" />
    <UnitTestResult executionId="39b07120-e645-4513-8c15-8f43a981d0de" testId="9724e57e-4033-84cf-5401-4b55797d4c00" testName="OpenClawNet.UnitTests.Agent.ModelClientChatClientAdapterTests.ToOpenClawMessage_MapsRoles_Correctly(meaiRole: &quot;tool&quot;, expectedOcRole: Tool)" computerName="CPC-bruno-U7R9O" duration="00:00:00.0011997" startTime="2026-04-23T07:06:12.5109404-04:00" endTime="2026-04-23T07:06:12.5112724-04:00" testType="13cdc9d9-ddb5-4fa4-a97d-d965ccfc6d4b" outcome="Passed" testListId="8c84fa94-04c1-424b-9868-57a2d4851a1d" relativeResultsDirectory="39b07120-e645-4513-8c15-8f43a981d0de" />
    <UnitTestResult executionId="a867a1e8-c8fd-4a27-ad2b-1d073815edbd" testId="73102d5e-459a-9e1c-a935-0ca878556b38" testName="OpenClawNet.UnitTests.Models.OllamaAgentProviderTests.CreateChatClient_UsesProviderDefault_WhenProfileHasNoOverrides" computerName="CPC-bruno-U7R9O" duration="00:00:00.0003407" startTime="2026-04-23T07:06:16.5999925-04:00" endTime="2026-04-23T07:06:16.6001403-04:00" testType="13cdc9d9-ddb5-4fa4-a97d-d965ccfc6d4b" outcome="Passed" testListId="8c84fa94-04c1-424b-9868-57a2d4851a1d" relativeResultsDirectory="a867a1e8-c8fd-4a27-ad2b-1d073815edbd" />
    <UnitTestResult executionId="40930c45-c2f6-4612-b0ce-49f9a8de5e49" testId="8f0a5090-8e94-6a74-c0cf-1ac2c715bfd8" testName="OpenClawNet.UnitTests.Gateway.JobsEndpointsTests.ExecuteJob_CreatesJobRun_AndReturnsResult" computerName="CPC-bruno-U7R9O" duration="00:00:00.0534676" startTime="2026-04-23T07:06:14.9717855-04:00" endTime="2026-04-23T07:06:15.5795430-04:00" testType="13cdc9d9-ddb5-4fa4-a97d-d965ccfc6d4b" outcome="Passed" testListId="8c84fa94-04c1-424b-9868-57a2d4851a1d" relativeResultsDirectory="40930c45-c2f6-4612-b0ce-49f9a8de5e49" />
    <UnitTestResult executionId="eef04c70-c556-47ee-8b19-3879ffdd8df0" testId="eb7ffeb5-06ed-dfe9-8d2d-29de9c69e292" testName="OpenClawNet.UnitTests.Gateway.CronTextTranslatorTests.TryTranslate_UnsupportedOrEmpty_ReturnsFalse(text: &quot;&quot;)" computerName="CPC-bruno-U7R9O" duration="00:00:00.0000026" startTime="2026-04-23T07:06:13.8056477-04:00" endTime="2026-04-23T07:06:13.8056980-04:00" testType="13cdc9d9-ddb5-4fa4-a97d-d965ccfc6d4b" outcome="Passed" testListId="8c84fa94-04c1-424b-9868-57a2d4851a1d" relativeResultsDirectory="eef04c70-c556-47ee-8b19-3879ffdd8df0" />
    <UnitTestResult executionId="dfe2d8dc-f856-41d6-bab6-564ae0e89644" testId="b198bf6a-5bbb-bb78-4a56-3812034aab77" testName="OpenClawNet.UnitTests.Storage.ModelProviderDefinitionStoreTests.SeedDefaultsAsync_DoesNotDuplicate_WhenAlreadySeeded" computerName="CPC-bruno-U7R9O" duration="00:00:00.0124906" startTime="2026-04-23T07:06:13.9113743-04:00" endTime="2026-04-23T07:06:13.9237637-04:00" testType="13cdc9d9-ddb5-4fa4-a97d-d965ccfc6d4b" outcome="Passed" testListId="8c84fa94-04c1-424b-9868-57a2d4851a1d" relativeResultsDirectory="dfe2d8dc-f856-41d6-bab6-564ae0e89644" />
    <UnitTestResult executionId="451ab0c2-d7f9-429a-b7be-8ea953d1c209" testId="e003a7b4-b721-e696-0b5f-a027020a5e9f" testName="OpenClawNet.UnitTests.Agent.ModelClientChatClientAdapterTests.ParseArguments_HandlesInvalidJson" computerName="CPC-bruno-U7R9O" duration="00:00:00.0161916" startTime="2026-04-23T07:06:12.5607771-04:00" endTime="2026-04-23T07:06:12.5760363-04:00" testType="13cdc9d9-ddb5-4fa4-a97d-d965ccfc6d4b" outcome="Passed" testListId="8c84fa94-04c1-424b-9868-57a2d4851a1d" relativeResultsDirectory="451ab0c2-d7f9-429a-b7be-8ea953d1c209" />
    <UnitTestResult executionId="ced66f58-9900-4d0f-a583-bc867d1585d5" testId="0aeea800-2c6f-2da6-19ba-d2fad9bce49d" testName="OpenClawNet.UnitTests.Models.AzureOpenAIModelClientTests.AddAzureOpenAI_ReadsEndpointFromAzureOpenAISection_TakingPrecedence" computerName="CPC-bruno-U7R9O" duration="00:00:00.0032325" startTime="2026-04-23T07:06:12.6959905-04:00" endTime="2026-04-23T07:06:12.6990926-04:00" testType="13cdc9d9-ddb5-4fa4-a97d-d965ccfc6d4b" outcome="Passed" testListId="8c84fa94-04c1-424b-9868-57a2d4851a1d" relativeResultsDirectory="ced66f58-9900-4d0f-a583-bc867d1585d5" />
    <UnitTestResult executionId="c655f3c2-a3cd-4b7e-910c-26b6b2393652" testId="06d31d29-3fb0-16ea-b25c-cca0081bcc7d" testName="OpenClawNet.UnitTests.Storage.JobStatusTransitionsTests.IsAllowed_AllInvalidTransitions_ReturnFalse(from: Completed, to: Paused)" computerName="CPC-bruno-U7R9O" duration="00:00:00.0000083" startTime="2026-04-23T07:06:12.2789205-04:00" endTime="2026-04-23T07:06:12.2789743-04:00" testType="13cdc9d9-ddb5-4fa4-a97d-d965ccfc6d4b" outcome="Passed" testListId="8c84fa94-04c1-424b-9868-57a2d4851a1d" relativeResultsDirectory="c655f3c2-a3cd-4b7e-910c-26b6b2393652" />
    <UnitTestResult executionId="0e57286b-52c3-44a4-b0cd-95ddd4673998" testId="57b1368d-11b9-c1f8-9848-2780558cc0ea" testName="OpenClawNet.UnitTests.Gateway.ServiceRegistrationTests.RuntimeModelClient_IsSingleton" computerName="CPC-bruno-U7R9O" duration="00:00:00.0052016" startTime="2026-04-23T07:06:12.4894272-04:00" endTime="2026-04-23T07:06:12.4961233-04:00" testType="13cdc9d9-ddb5-4fa4-a97d-d965ccfc6d4b" outcome="Passed" testListId="8c84fa94-04c1-424b-9868-57a2d4851a1d" relativeResultsDirectory="0e57286b-52c3-44a4-b0cd-95ddd4673998" />
    <UnitTestResult executionId="5a2e0ace-2016-455d-ac4d-9cf144dd6524" testId="20d19faa-40d2-0341-ec1b-f6472ec71204" testName="OpenClawNet.UnitTests.Skills.FileSkillLoaderTests.InstallSkillAsync_CreatesSkillMdInInstalledDirectory" computerName="CPC-bruno-U7R9O" duration="00:00:00.0413742" startTime="2026-04-23T07:06:12.5040300-04:00" endTime="2026-04-23T07:06:12.5481887-04:00" testType="13cdc9d9-ddb5-4fa4-a97d-d965ccfc6d4b" outcome="Passed" testListId="8c84fa94-04c1-424b-9868-57a2d4851a1d" relativeResultsDirectory="5a2e0ace-2016-455d-ac4d-9cf144dd6524" />
    <UnitTestResult executionId="59cefd6f-10e3-4473-adc3-f6f7b1cfafc2" testId="86312309-f9be-deb2-1d8d-26cead13f9ed" testName="OpenClawNet.UnitTests.Scheduler.SchedulerRunStateTests.InitialCount_IsZero" computerName="CPC-bruno-U7R9O" duration="00:00:00.0002602" startTime="2026-04-23T07:06:13.4238178-04:00" endTime="2026-04-23T07:06:13.4238993-04:00" testType="13cdc9d9-ddb5-4fa4-a97d-d965ccfc6d4b" outcome="Passed" testListId="8c84fa94-04c1-424b-9868-57a2d4851a1d" relativeResultsDirectory="59cefd6f-10e3-4473-adc3-f6f7b1cfafc2" />
    <UnitTestResult executionId="937924e7-9d01-4936-b49e-de67345f7d71" testId="65c7a3a2-0273-80c4-bef0-55c6f65c63c4" testName="OpenClawNet.UnitTests.Storage.AgentProfileStoreTests.NewAgentProfile_RequireToolApproval_DefaultsToTrue" computerName="CPC-bruno-U7R9O" duration="00:00:00.0011441" startTime="2026-04-23T07:06:13.9373569-04:00" endTime="2026-04-23T07:06:13.9383795-04:00" testType="13cdc9d9-ddb5-4fa4-a97d-d965ccfc6d4b" outcome="Passed" testListId="8c84fa94-04c1-424b-9868-57a2d4851a1d" relativeResultsDirectory="937924e7-9d01-4936-b49e-de67345f7d71" />
    <UnitTestResult executionId="53787b25-46e8-4549-b481-500231b0471f" testId="e3456d06-31db-c202-1904-aa486e5c54db" testName="OpenClawNet.UnitTests.Mcp.BundledMcpWrapperTests.WebMcpTools_ExposesSingleFetchTool" computerName="CPC-bruno-U7R9O" duration="00:00:00.0016626" startTime="2026-04-23T07:06:12.6014055-04:00" endTime="2026-04-23T07:06:12.6022271-04:00" testType="13cdc9d9-ddb5-4fa4-a97d-d965ccfc6d4b" outcome="Passed" testListId="8c84fa94-04c1-424b-9868-57a2d4851a1d" relativeResultsDirectory="53787b25-46e8-4549-b481-500231b0471f" />
    <UnitTestResult executionId="63e6fd9c-94c3-40b8-92ec-2a212159f6d7" testId="4c777fe8-5ab1-b155-3cbf-45dd7fa1f8e5" testName="OpenClawNet.UnitTests.Agent.PromptComposerTests.ComposeAsync_FallbackPrompt_ContainsWorkspacePath" computerName="CPC-bruno-U7R9O" duration="00:00:00.0016028" startTime="2026-04-23T07:06:13.2740885-04:00" endTime="2026-04-23T07:06:13.2756061-04:00" testType="13cdc9d9-ddb5-4fa4-a97d-d965ccfc6d4b" outcome="Passed" testListId="8c84fa94-04c1-424b-9868-57a2d4851a1d" relativeResultsDirectory="63e6fd9c-94c3-40b8-92ec-2a212159f6d7" />
    <UnitTestResult executionId="fc4c653f-66e9-4aab-886f-dfba7ce81576" testId="e66f49d4-837e-b9a9-ea25-f6d1514df66e" testName="OpenClawNet.UnitTests.Gateway.CronTextTranslatorTests.TryTranslate_KnownPatterns_ReturnsExpectedCron(text: &quot;every minute&quot;, expectedCron: &quot;* * * * *&quot;)" computerName="CPC-bruno-U7R9O" duration="00:00:00.0000113" startTime="2026-04-23T07:06:13.7987088-04:00" endTime="2026-04-23T07:06:13.7987697-04:00" testType="13cdc9d9-ddb5-4fa4-a97d-d965ccfc6d4b" outcome="Passed" testListId="8c84fa94-04c1-424b-9868-57a2d4851a1d" relativeResultsDirectory="fc4c653f-66e9-4aab-886f-dfba7ce81576" />
    <UnitTestResult executionId="c9aa481a-1bea-4206-92f4-701df0db283b" testId="b3fc2d88-7375-146e-3d96-81ac44f5acc9" testName="OpenClawNet.UnitTests.Models.AgentProfileMarkdownParserTests.Parse_HeadingWithSpecialCharacters_SlugifiesCorrectly" computerName="CPC-bruno-U7R9O" duration="00:00:00.0006802" startTime="2026-04-23T07:06:12.5792971-04:00" endTime="2026-04-23T07:06:12.5799515-04:00" testType="13cdc9d9-ddb5-4fa4-a97d-d965ccfc6d4b" outcome="Passed" testListId="8c84fa94-04c1-424b-9868-57a2d4851a1d" relativeResultsDirectory="c9aa481a-1bea-4206-92f4-701df0db283b" />
    <UnitTestResult executionId="45e96d01-7100-4c3b-acae-30cd2127ff01" testId="12264c69-d4e2-b9e2-a1a6-6afa7a6e57ac" testName="OpenClawNet.UnitTests.Gateway.AgentProfileEndpointTests.PutProfile_CreatesNewProfile" computerName="CPC-bruno-U7R9O" duration="00:00:00.0279755" startTime="2026-04-23T07:06:14.3427345-04:00" endTime="2026-04-23T07:06:14.3699856-04:00" testType="13cdc9d9-ddb5-4fa4-a97d-d965ccfc6d4b" outcome="Passed" testListId="8c84fa94-04c1-424b-9868-57a2d4851a1d" relativeResultsDirectory="45e96d01-7100-4c3b-acae-30cd2127ff01" />
    <UnitTestResult executionId="e9646a19-cfd6-4c29-a060-83dd84a64641" testId="44c38ae1-e745-0b1e-c388-bae5ef9f22f9" testName="OpenClawNet.UnitTests.Models.AzureOpenAIModelClientTests.CompleteAsync_Throws_WhenNotConfigured" computerName="CPC-bruno-U7R9O" duration="00:00:00.0986407" startTime="2026-04-23T07:06:12.2920922-04:00" endTime="2026-04-23T07:06:12.3685517-04:00" testType="13cdc9d9-ddb5-4fa4-a97d-d965ccfc6d4b" outcome="Passed" testListId="8c84fa94-04c1-424b-9868-57a2d4851a1d" relativeResultsDirectory="e9646a19-cfd6-4c29-a060-83dd84a64641" />
    <UnitTestResult executionId="9f0ecfa7-4491-4abf-bd7a-699eadb077ac" testId="8f70ed76-57c1-204e-8bbd-b4f97ca4cef7" testName="OpenClawNet.UnitTests.Agent.AgentRuntimeStreamTests.ExecuteStreamAsync_YieldsError_WhenStorageFailsOnUserMessage" computerName="CPC-bruno-U7R9O" duration="00:00:00.0108600" startTime="2026-04-23T07:06:14.0086263-04:00" endTime="2026-04-23T07:06:14.0196077-04:00" testType="13cdc9d9-ddb5-4fa4-a97d-d965ccfc6d4b" outcome="Passed" testListId="8c84fa94-04c1-424b-9868-57a2d4851a1d" relativeResultsDirectory="9f0ecfa7-4491-4abf-bd7a-699eadb077ac" />
    <UnitTestResult executionId="4fbf0c17-995c-44c1-8d92-67b54c4e5385" testId="32d3e098-c471-1565-35fe-89bfe1313754" testName="OpenClawNet.UnitTests.Scheduler.SchedulerOptionsTests.Validate_PreservesValidValues" computerName="CPC-bruno-U7R9O" duration="00:00:00.0002791" startTime="2026-04-23T07:06:12.7527038-04:00" endTime="2026-04-23T07:06:12.7528926-04:00" testType="13cdc9d9-ddb5-4fa4-a97d-d965ccfc6d4b" outcome="Passed" testListId="8c84fa94-04c1-424b-9868-57a2d4851a1d" relativeResultsDirectory="4fbf0c17-995c-44c1-8d92-67b54c4e5385" />
    <UnitTestResult executionId="9ec2afa9-2eab-408c-a1b3-09ec6602622d" testId="8bdaa5c2-570d-38dc-ad8f-90bafbcebd04" testName="OpenClawNet.UnitTests.Services.JobTemplatesProviderTests.GitHubTriageTemplate_DeclaresGitHubTokenSecret" computerName="CPC-bruno-U7R9O" duration="00:00:00.0004609" startTime="2026-04-23T07:06:12.3474566-04:00" endTime="2026-04-23T07:06:12.3477024-04:00" testType="13cdc9d9-ddb5-4fa4-a97d-d965ccfc6d4b" outcome="Passed" testListId="8c84fa94-04c1-424b-9868-57a2d4851a1d" relativeResultsDirectory="9ec2afa9-2eab-408c-a1b3-09ec6602622d" />
    <UnitTestResult executionId="10210b64-ad2c-4be9-a5a0-53f3bebc62c2" testId="f5ba8a65-8640-e4c6-1267-039eea8e5e24" testName="OpenClawNet.UnitTests.Agent.AgentRuntimeStreamTests.AgentStreamEventType_ContainsToolApprovalRequest" computerName="CPC-bruno-U7R9O" duration="00:00:00.0013536" startTime="2026-04-23T07:06:14.0818688-04:00" endTime="2026-04-23T07:06:14.0831065-04:00" testType="13cdc9d9-ddb5-4fa4-a97d-d965ccfc6d4b" outcome="Passed" testListId="8c84fa94-04c1-424b-9868-57a2d4851a1d" relativeResultsDirectory="10210b64-ad2c-4be9-a5a0-53f3bebc62c2" />
    <UnitTestResult executionId="38e3d423-5f8f-4728-8677-267a902d0146" testId="8d5bcdb6-b04c-084b-571f-991f27a50a38" testName="OpenClawNet.UnitTests.Storage.JobStatusTransitionsTests.IsAllowed_AllValidTransitions_ReturnTrue(from: Active, to: Cancelled)" computerName="CPC-bruno-U7R9O" duration="00:00:00.0004074" startTime="2026-04-23T07:06:12.2667147-04:00" endTime="2026-04-23T07:06:12.2667778-04:00" testType="13cdc9d9-ddb5-4fa4-a97d-d965ccfc6d4b" outcome="Passed" testListId="8c84fa94-04c1-424b-9868-57a2d4851a1d" relativeResultsDirectory="38e3d423-5f8f-4728-8677-267a902d0146" />
    <UnitTestResult executionId="52e86d8a-5016-4917-9214-6820cb665eba" testId="eda4c610-27fe-8230-7711-be84a24fa33d" testName="OpenClawNet.UnitTests.Storage.JobStatusTransitionsTests.IsAllowed_PausedToCancelled_ReturnsTrue" computerName="CPC-bruno-U7R9O" duration="00:00:00.0001020" startTime="2026-04-23T07:06:12.2891063-04:00" endTime="2026-04-23T07:06:12.2891785-04:00" testType="13cdc9d9-ddb5-4fa4-a97d-d965ccfc6d4b" outcome="Passed" testListId="8c84fa94-04c1-424b-9868-57a2d4851a1d" relativeResultsDirectory="52e86d8a-5016-4917-9214-6820cb665eba" />
    <UnitTestResult executionId="73abbe7d-1833-4cbb-9c76-fabd42709644" testId="5fec1456-830e-4825-a4be-a6019ddd0ab4" testName="OpenClawNet.UnitTests.Skills.FileSkillLoaderTests.UninstallSkillAsync_RemovesSkillFromList" computerName="CPC-bruno-U7R9O" duration="00:00:00.0281035" startTime="2026-04-23T07:06:12.7900299-04:00" endTime="2026-04-23T07:06:12.8194112-04:00" testType="13cdc9d9-ddb5-4fa4-a97d-d965ccfc6d4b" outcome="Passed" testListId="8c84fa94-04c1-424b-9868-57a2d4851a1d" relativeResultsDirectory="73abbe7d-1833-4cbb-9c76-fabd42709644" />
    <UnitTestResult executionId="dfbe064f-2231-40cb-b4a9-cb4806078838" testId="b3224345-8f72-e5a5-4173-2d6e0f65a58c" testName="OpenClawNet.UnitTests.Models.AgentProfileMarkdownParserTests.Parse_EmptyContent_UsesFallbackName" computerName="CPC-bruno-U7R9O" duration="00:00:00.0002901" startTime="2026-04-23T07:06:12.5508012-04:00" endTime="2026-04-23T07:06:12.5509332-04:00" testType="13cdc9d9-ddb5-4fa4-a97d-d965ccfc6d4b" outcome="Passed" testListId="8c84fa94-04c1-424b-9868-57a2d4851a1d" relativeResultsDirectory="dfbe064f-2231-40cb-b4a9-cb4806078838" />
    <UnitTestResult executionId="9894f55b-c220-4bb3-af40-431465a31e85" testId="dcb8c545-30ed-9057-928a-4e502de6a486" testName="OpenClawNet.UnitTests.Mcp.DpapiSecretStoreTests.Unprotect_ReturnsNull_ForGarbage" computerName="CPC-bruno-U7R9O" duration="00:00:00.0075958" startTime="2026-04-23T07:06:13.4278468-04:00" endTime="2026-04-23T07:06:13.4354458-04:00" testType="13cdc9d9-ddb5-4fa4-a97d-d965ccfc6d4b" outcome="Passed" testListId="8c84fa94-04c1-424b-9868-57a2d4851a1d" relativeResultsDirectory="9894f55b-c220-4bb3-af40-431465a31e85" />
    <UnitTestResult executionId="5244b1b0-f1cf-41f4-af75-2262c947d552" testId="af39c544-ed0d-e5d2-772d-62fe1f243600" testName="OpenClawNet.UnitTests.Services.JobTemplatesProviderTests.Get_ReturnsKnownTemplate(id: &quot;watched-folder-summarizer&quot;)" computerName="CPC-bruno-U7R9O" duration="00:00:00.0000643" startTime="2026-04-23T07:06:12.3402098-04:00" endTime="2026-04-23T07:06:12.3402483-04:00" testType="13cdc9d9-ddb5-4fa4-a97d-d965ccfc6d4b" outcome="Passed" testListId="8c84fa94-04c1-424b-9868-57a2d4851a1d" relativeResultsDirectory="5244b1b0-f1cf-41f4-af75-2262c947d552" />
    <UnitTestResult executionId="789d5497-c25e-46ca-8e22-4cb7bb1bafdd" testId="3fc43c6c-1c5b-a081-9465-99a3d7004a18" testName="OpenClawNet.UnitTests.Scheduler.SchedulerPollingServiceTests.CalculateNextRun_RecurringJob_CalculatesMultipleOccurrences" computerName="CPC-bruno-U7R9O" duration="00:00:00.0005263" startTime="2026-04-23T07:06:12.5916131-04:00" endTime="2026-04-23T07:06:12.5920865-04:00" testType="13cdc9d9-ddb5-4fa4-a97d-d965ccfc6d4b" outcome="Passed" testListId="8c84fa94-04c1-424b-9868-57a2d4851a1d" relativeResultsDirectory="789d5497-c25e-46ca-8e22-4cb7bb1bafdd" />
    <UnitTestResult executionId="d4e0eabb-c55d-4e27-8ad9-3ad73b923c35" testId="3c79690b-73f3-60f0-d5ff-7fa938872e8c" testName="OpenClawNet.UnitTests.Models.AzureOpenAIModelClientTests.Options_EmptyDeploymentKeepsDefault_WhenNotSetInConfig" computerName="CPC-bruno-U7R9O" duration="00:00:00.0005125" startTime="2026-04-23T07:06:12.7163221-04:00" endTime="2026-04-23T07:06:12.7167823-04:00" testType="13cdc9d9-ddb5-4fa4-a97d-d965ccfc6d4b" outcome="Passed" testListId="8c84fa94-04c1-424b-9868-57a2d4851a1d" relativeResultsDirectory="d4e0eabb-c55d-4e27-8ad9-3ad73b923c35" />
    <UnitTestResult executionId="4fcbb7b1-7fd3-4739-9aa0-2885c992377e" testId="8257835a-6c5f-6cba-1a86-edf8e6a207db" testName="OpenClawNet.UnitTests.Scheduler.SchedulerSettingsServiceTests.Update_ClampsValues_WhenOutOfRange" computerName="CPC-bruno-U7R9O" duration="00:00:00.0086602" startTime="2026-04-23T07:06:13.7362627-04:00" endTime="2026-04-23T07:06:13.7449255-04:00" testType="13cdc9d9-ddb5-4fa4-a97d-d965ccfc6d4b" outcome="Passed" testListId="8c84fa94-04c1-424b-9868-57a2d4851a1d" relativeResultsDirectory="4fcbb7b1-7fd3-4739-9aa0-2885c992377e" />
    <UnitTestResult executionId="2ba05674-dc11-4228-9974-a7d8a4621417" testId="91fc2ff1-3e26-7dfa-9122-357cad915d4f" testName="OpenClawNet.UnitTests.Gateway.ModelProviderEndpointTests.GetByName_NonExistent_ReturnsNotFound" computerName="CPC-bruno-U7R9O" duration="00:00:00.0177657" startTime="2026-04-23T07:06:14.1575957-04:00" endTime="2026-04-23T07:06:14.1747382-04:00" testType="13cdc9d9-ddb5-4fa4-a97d-d965ccfc6d4b" outcome="Passed" testListId="8c84fa94-04c1-424b-9868-57a2d4851a1d" relativeResultsDirectory="2ba05674-dc11-4228-9974-a7d8a4621417" />
    <UnitTestResult executionId="199ce803-08bd-442d-a8a6-34da28205e59" testId="82e32328-c3dd-d3c5-b17c-2bb33094004b" testName="OpenClawNet.UnitTests.Mcp.BundledMcpWrapperTests.FileSystemMcpTools_Read_ReturnsFileContents" computerName="CPC-bruno-U7R9O" duration="00:00:00.0456639" startTime="2026-04-23T07:06:12.4732913-04:00" endTime="2026-04-23T07:06:12.5201668-04:00" testType="13cdc9d9-ddb5-4fa4-a97d-d965ccfc6d4b" outcome="Passed" testListId="8c84fa94-04c1-424b-9868-57a2d4851a1d" relativeResultsDirectory="199ce803-08bd-442d-a8a6-34da28205e59" />
    <UnitTestResult executionId="86bfbb25-018a-44d1-99db-0de0269dda63" testId="c2f944c9-4f28-4de6-9f94-98ae17460131" testName="OpenClawNet.UnitTests.Integration.ChatSmokeTests.Pipeline_SendMessage_ReturnsStreamedTokens" computerName="CPC-bruno-U7R9O" duration="00:00:00.0095025" startTime="2026-04-23T07:06:13.9855055-04:00" endTime="2026-04-23T07:06:13.9948749-04:00" testType="13cdc9d9-ddb5-4fa4-a97d-d965ccfc6d4b" outcome="Passed" testListId="8c84fa94-04c1-424b-9868-57a2d4851a1d" relativeResultsDirectory="86bfbb25-018a-44d1-99db-0de0269dda63" />
    <UnitTestResult executionId="887cc032-dfa4-4181-bbf1-908aa5e8ecdd" testId="5fea74b6-4bfe-0569-bb4a-09209bf8378e" testName="OpenClawNet.UnitTests.Services.JobTemplatesProviderTests.Get_ReturnsKnownTemplate(id: &quot;github-issue-triage&quot;)" computerName="CPC-bruno-U7R9O" duration="00:00:00.0002805" startTime="2026-04-23T07:06:12.3398787-04:00" endTime="2026-04-23T07:06:12.3399274-04:00" testType="13cdc9d9-ddb5-4fa4-a97d-d965ccfc6d4b" outcome="Passed" testListId="8c84fa94-04c1-424b-9868-57a2d4851a1d" relativeResultsDirectory="887cc032-dfa4-4181-bbf1-908aa5e8ecdd" />
    <UnitTestResult executionId="dc7e86cb-0407-414f-b259-832c20f64694" testId="f0d80a8d-b4e6-9083-59df-d89f5dd0003e" testName="OpenClawNet.UnitTests.Storage.AgentProfileStoreTests.GetDefaultAsync_IgnoresNonStandard_EvenWhenIsDefaultTrue" computerName="CPC-bruno-U7R9O" duration="00:00:00.0051089" startTime="2026-04-23T07:06:13.9940648-04:00" endTime="2026-04-23T07:06:13.9980706-04:00" testType="13cdc9d9-ddb5-4fa4-a97d-d965ccfc6d4b" outcome="Passed" testListId="8c84fa94-04c1-424b-9868-57a2d4851a1d" relativeResultsDirectory="dc7e86cb-0407-414f-b259-832c20f64694" />
    <UnitTestResult executionId="081f623d-30b8-4c57-b9cd-9e7746210a5f" testId="d8f17ee7-bc6a-d72f-275c-84234a03c68a" testName="OpenClawNet.UnitTests.Services.RuntimeAgentProviderTests.CreateChatClient_Throws_WhenUnknownProviderName" computerName="CPC-bruno-U7R9O" duration="00:00:00.0022177" startTime="2026-04-23T07:06:12.4628737-04:00" endTime="2026-04-23T07:06:12.4637951-04:00" testType="13cdc9d9-ddb5-4fa4-a97d-d965ccfc6d4b" outcome="Passed" testListId="8c84fa94-04c1-424b-9868-57a2d4851a1d" relativeResultsDirectory="081f623d-30b8-4c57-b9cd-9e7746210a5f" />
    <UnitTestResult executionId="7d1484f1-f048-4f5d-a92a-9feb0b4d9732" testId="a31f2dbf-ac77-39be-03bb-561865b3e4b4" testName="OpenClawNet.UnitTests.Models.AgentProfileMarkdownParserTests.Parse_NoKindFrontMatter_DefaultsToStandard" computerName="CPC-bruno-U7R9O" duration="00:00:00.0010016" startTime="2026-04-23T07:06:12.5498430-04:00" endTime="2026-04-23T07:06:12.5505953-04:00" testType="13cdc9d9-ddb5-4fa4-a97d-d965ccfc6d4b" outcome="Passed" testListId="8c84fa94-04c1-424b-9868-57a2d4851a1d" relativeResultsDirectory="7d1484f1-f048-4f5d-a92a-9feb0b4d9732" />
    <UnitTestResult executionId="557a5848-1f8b-4a37-bca7-dab2b6e2e422" testId="01ee4970-6e07-a9af-98ad-34067ab06c43" testName="OpenClawNet.UnitTests.Storage.JobStatusTransitionsTests.IsAllowed_CompletedToActive_ReturnsFalse" computerName="CPC-bruno-U7R9O" duration="00:00:00.0000903" startTime="2026-04-23T07:06:12.2912633-04:00" endTime="2026-04-23T07:06:12.2912986-04:00" testType="13cdc9d9-ddb5-4fa4-a97d-d965ccfc6d4b" outcome="Passed" testListId="8c84fa94-04c1-424b-9868-57a2d4851a1d" relativeResultsDirectory="557a5848-1f8b-4a37-bca7-dab2b6e2e422" />
    <UnitTestResult executionId="ba445e93-9d3e-41b6-808a-7aac083ae4ec" testId="c9843a33-d420-3ce4-9d16-dcef1465073f" testName="OpenClawNet.UnitTests.Scheduler.SchedulerPollingServiceTests.CalculateNextRun_VariousCronFormats_ParsesSuccessfully(cron: &quot;0 0 9 * * *&quot;)" computerName="CPC-bruno-U7R9O" duration="00:00:00.0000133" startTime="2026-04-23T07:06:12.5896223-04:00" endTime="2026-04-23T07:06:12.5896624-04:00" testType="13cdc9d9-ddb5-4fa4-a97d-d965ccfc6d4b" outcome="Passed" testListId="8c84fa94-04c1-424b-9868-57a2d4851a1d" relativeResultsDirectory="ba445e93-9d3e-41b6-808a-7aac083ae4ec" />
    <UnitTestResult executionId="85e0ebf9-f990-4af7-959c-b7b08d07f98f" testId="c3bc089d-e034-5b3f-b118-0d44419d4f8a" testName="OpenClawNet.UnitTests.Tools.FileSystemToolTests.FindProjects_ReturnsFailure_WhenDirectoryNotFound" computerName="CPC-bruno-U7R9O" duration="00:00:00.0030337" startTime="2026-04-23T07:06:12.8506220-04:00" endTime="2026-04-23T07:06:12.8536849-04:00" testType="13cdc9d9-ddb5-4fa4-a97d-d965ccfc6d4b" outcome="Passed" testListId="8c84fa94-04c1-424b-9868-57a2d4851a1d" relativeResultsDirectory="85e0ebf9-f990-4af7-959c-b7b08d07f98f" />
    <UnitTestResult executionId="475b9bbc-5e0a-4a16-8919-512a99d5162a" testId="6b5c6338-1c9b-5128-887c-aa33513ed4b1" testName="OpenClawNet.UnitTests.Models.AzureOpenAIModelClientTests.Constructor_DoesNotThrow_WhenIntegratedModeWithEndpointOnly" computerName="CPC-bruno-U7R9O" duration="00:00:00.0043264" startTime="2026-04-23T07:06:12.7091008-04:00" endTime="2026-04-23T07:06:12.7129869-04:00" testType="13cdc9d9-ddb5-4fa4-a97d-d965ccfc6d4b" outcome="Passed" testListId="8c84fa94-04c1-424b-9868-57a2d4851a1d" relativeResultsDirectory="475b9bbc-5e0a-4a16-8919-512a99d5162a" />
    <UnitTestResult executionId="f0da1ef0-a779-444b-a69b-de1774100964" testId="87b00fe3-4527-5ea9-959f-4c829acc9cc2" testName="OpenClawNet.UnitTests.Scheduler.SchedulerPollingServiceTests.CalculateNextRun_InvalidTimeZone_FallsBackToUtc" computerName="CPC-bruno-U7R9O" duration="00:00:00.0005391" startTime="2026-04-23T07:06:12.5938261-04:00" endTime="2026-04-23T07:06:12.5939046-04:00" testType="13cdc9d9-ddb5-4fa4-a97d-d965ccfc6d4b" outcome="Passed" testListId="8c84fa94-04c1-424b-9868-57a2d4851a1d" relativeResultsDirectory="f0da1ef0-a779-444b-a69b-de1774100964" />
[...]
    <TestEntry testId="ec5a7b07-1451-b23c-3cba-6011ed2d9efb" executionId="971d9380-7b55-4d7a-8d5e-84e0813c6ccf" testListId="8c84fa94-04c1-424b-9868-57a2d4851a1d" />
    <TestEntry testId="0cac3fba-fb49-d9f8-8972-aa56f0a441dd" executionId="0b1db974-f02e-4c23-aeeb-17aec06613ee" testListId="8c84fa94-04c1-424b-9868-57a2d4851a1d" />
    <TestEntry testId="b1749646-c960-58aa-946b-405aeedd2205" executionId="95ed3547-2863-45d0-abfb-d836635babfe" testListId="8c84fa94-04c1-424b-9868-57a2d4851a1d" />
    <TestEntry testId="7947d578-4749-901d-c483-81caefde8397" executionId="cd37d3f4-25c0-4c74-89fb-0ae97d61d495" testListId="8c84fa94-04c1-424b-9868-57a2d4851a1d" />
    <TestEntry testId="a9500391-6fc2-ec4f-4d7b-c90ebf5bb24a" executionId="01416919-b85c-43b4-9edb-3b8eef7d0eeb" testListId="8c84fa94-04c1-424b-9868-57a2d4851a1d" />
    <TestEntry testId="663e3198-3287-0cc3-1c1e-127ee0d25937" executionId="d41fbc8e-6256-4ae2-a44b-3b8e4a914336" testListId="8c84fa94-04c1-424b-9868-57a2d4851a1d" />
    <TestEntry testId="b9988d55-a096-4087-669c-93fbd28b0aff" executionId="9c8bada1-a2ef-412b-a840-0aad33ce039c" testListId="8c84fa94-04c1-424b-9868-57a2d4851a1d" />
    <TestEntry testId="32b976a4-0ae8-b766-d704-be0b87873e9f" executionId="9c05fe3f-7751-4a99-bef4-6db26790ddc2" testListId="8c84fa94-04c1-424b-9868-57a2d4851a1d" />
    <TestEntry testId="7f31ab2a-c9ec-725d-0966-e158ccb8ab16" executionId="cb99f9b0-2c5f-4f71-95d5-2b41ccca40f5" testListId="8c84fa94-04c1-424b-9868-57a2d4851a1d" />
    <TestEntry testId="d9649b0d-4e6d-e20f-b957-f6e9cb10a76a" executionId="af451f16-3cf5-465e-99f6-a6fd51579976" testListId="8c84fa94-04c1-424b-9868-57a2d4851a1d" />
    <TestEntry testId="4977c55d-4344-7415-caa3-6755c181739d" executionId="0a0b956b-c92f-4f42-ba80-4d6f9fff2859" testListId="8c84fa94-04c1-424b-9868-57a2d4851a1d" />
    <TestEntry testId="df760814-4f6a-a92e-ad60-0a4f5c305f26" executionId="440c4f85-4aed-4542-8363-7cb249879b9d" testListId="8c84fa94-04c1-424b-9868-57a2d4851a1d" />
    <TestEntry testId="d6b6a51c-9094-e3d6-1c6a-4e56a6e0264c" executionId="3fa8f885-638e-4865-8772-c624af809868" testListId="8c84fa94-04c1-424b-9868-57a2d4851a1d" />
    <TestEntry testId="59d2fec8-b79e-70e7-d269-85c45ca519df" executionId="cf0d8c6b-0c73-4bb2-ac77-fa687425faee" testListId="8c84fa94-04c1-424b-9868-57a2d4851a1d" />
    <TestEntry testId="beb8ef3f-f6a6-4a3d-e407-f9a6744aca67" executionId="17f1083f-12fc-4f06-9143-61dfdf688e0b" testListId="8c84fa94-04c1-424b-9868-57a2d4851a1d" />
    <TestEntry testId="28c31f3b-de6a-6f8c-16bb-60f795ef6478" executionId="5f9d7a05-d6fe-4778-b119-0155f5fc56d8" testListId="8c84fa94-04c1-424b-9868-57a2d4851a1d" />
    <TestEntry testId="65798ed1-a4fb-fea9-486c-bc15847e42df" executionId="233c5d52-4c5f-4db6-9d15-89d1f86a0f81" testListId="8c84fa94-04c1-424b-9868-57a2d4851a1d" />
    <TestEntry testId="b32cceb2-1ff5-8544-3aeb-a5adad999e7d" executionId="3cbb32fa-0417-4acc-a109-c583d8e159aa" testListId="8c84fa94-04c1-424b-9868-57a2d4851a1d" />
    <TestEntry testId="79f5c473-3865-0ef0-5daf-ff2cc081badb" executionId="dbfa248c-36af-48b2-9236-93af9096aba7" testListId="8c84fa94-04c1-424b-9868-57a2d4851a1d" />
  </TestEntries>
  <TestLists>
    <TestList name="Results Not in a List" id="8c84fa94-04c1-424b-9868-57a2d4851a1d" />
    <TestList name="All Loaded Results" id="19431567-8539-422a-85d7-44ee4e166bda" />
  </TestLists>
  <ResultSummary outcome="Completed">
    <Counters total="527" executed="526" passed="526" failed="0" error="0" timeout="0" aborted="0" inconclusive="0" passedButRunAborted="0" notRunnable="0" notExecuted="0" disconnected="0" warning="0" completed="0" inProgress="0" pending="0" />
    <Output>
      <StdOut>[xUnit.net 00:00:00.00] xUnit.net VSTest Adapter v3.1.5+1b188a7b0a (64-bit .NET 10.0.6)&#xD;
[xUnit.net 00:00:00.22]   Discovering: OpenClawNet.UnitTests&#xD;
[xUnit.net 00:00:00.36]   Discovered:  OpenClawNet.UnitTests&#xD;
[xUnit.net 00:00:00.44]   Starting:    OpenClawNet.UnitTests&#xD;
     Warning:&#xD;
     The component "Fluent Assertions" is governed by the rules defined in the Xceed License Agreement and&#xD;
     the Xceed Fluent Assertions Community License. You may use Fluent Assertions free of charge for&#xD;
     non-commercial use only. An active subscription is required to use Fluent Assertions for commercial use.&#xD;
     Please contact Xceed Sales mailto:sales@xceed.com to acquire a subscription at a very low cost.&#xD;
     A paid commercial license supports the development and continued increasing support of&#xD;
     Fluent Assertions users under both commercial and community licenses. Help us&#xD;
     keep Fluent Assertions at the forefront of unit testing.&#xD;
     For more information, visit https://xceed.com/products/unit-testing/fluent-assertions/&#xD;
info: Microsoft.Hosting.Lifetime[14]&#xD;
      Now listening on: http://localhost:15991&#xD;
info: Microsoft.Hosting.Lifetime[0]&#xD;
      Application started. Press Ctrl+C to shut down.&#xD;
info: Microsoft.Hosting.Lifetime[0]&#xD;
      Hosting environment: Production&#xD;
info: Microsoft.Hosting.Lifetime[0]&#xD;
      Content root path: C:\src\openclawnet-plan\tests\OpenClawNet.UnitTests\bin\Debug\net10.0&#xD;
info: Microsoft.Hosting.Lifetime[14]&#xD;
      Now listening on: http://localhost:15998&#xD;
info: Microsoft.Hosting.Lifetime[0]&#xD;
      Application started. Press Ctrl+C to shut down.&#xD;
info: Microsoft.Hosting.Lifetime[0]&#xD;
      Hosting environment: Production&#xD;
info: Microsoft.Hosting.Lifetime[0]&#xD;
      Content root path: C:\src\openclawnet-plan\tests\OpenClawNet.UnitTests\bin\Debug\net10.0&#xD;
fail: Program[0]&#xD;
      HTTP error during chat stream&#xD;
      System.Net.Http.HttpRequestException: Connection refused&#xD;
         at OpenClawNet.UnitTests.Gateway.ChatStreamEndpointTests.ThrowAfterYield[T](Exception ex, CancellationToken ct)+MoveNext() in C:\src\openclawnet-plan\tests\OpenClawNet.UnitTests\Gateway\ChatStreamEndpointTests.cs:line 334&#xD;
         at OpenClawNet.UnitTests.Gateway.ChatStreamEndpointTests.ThrowAfterYield[T](Exception ex, CancellationToken ct)+System.Threading.Tasks.Sources.IValueTaskSource&lt;System.Boolean&gt;.GetResult()&#xD;
         at OpenClawNet.Gateway.Endpoints.ChatStreamEndpoints.StreamViaOrchestratorAsync(AgentRequest agentRequest, IAgentOrchestrator orchestrator, Guid sessionId, HttpContext httpContext, ILogger logger, CancellationToken cancellationToken) in C:\src\openclawnet-plan\src\OpenClawNet.Gateway\Endpoints\ChatStreamEndpoints.cs:line 134&#xD;
         at OpenClawNet.Gateway.Endpoints.ChatStreamEndpoints.StreamViaOrchestratorAsync(AgentRequest agentRequest, IAgentOrchestrator orchestrator, Guid sessionId, HttpContext httpContext, ILogger logger, CancellationToken cancellationToken) in C:\src\openclawnet-plan\src\OpenClawNet.Gateway\Endpoints\ChatStreamEndpoints.cs:line 134&#xD;
fail: Program[0]&#xD;
      Model provider 'ollama' unavailable during chat stream&#xD;
      OpenClawNet.Models.Abstractions.ModelProviderUnavailableException: Connection refused&#xD;
         at OpenClawNet.UnitTests.Gateway.ChatStreamEndpointTests.ThrowAfterYield[T](Exception ex, CancellationToken ct)+MoveNext() in C:\src\openclawnet-plan\tests\OpenClawNet.UnitTests\Gateway\ChatStreamEndpointTests.cs:line 334&#xD;
         at OpenClawNet.UnitTests.Gateway.ChatStreamEndpointTests.ThrowAfterYield[T](Exception ex, CancellationToken ct)+System.Threading.Tasks.Sources.IValueTaskSource&lt;System.Boolean&gt;.GetResult()&#xD;
         at OpenClawNet.Gateway.Endpoints.ChatStreamEndpoints.StreamViaOrchestratorAsync(AgentRequest agentRequest, IAgentOrchestrator orchestrator, Guid sessionId, HttpContext httpContext, ILogger logger, CancellationToken cancellationToken) in C:\src\openclawnet-plan\src\OpenClawNet.Gateway\Endpoints\ChatStreamEndpoints.cs:line 134&#xD;
         at OpenClawNet.Gateway.Endpoints.ChatStreamEndpoints.StreamViaOrchestratorAsync(AgentRequest agentRequest, IAgentOrchestrator orchestrator, Guid sessionId, HttpContext httpContext, ILogger logger, CancellationToken cancellationToken) in C:\src\openclawnet-plan\src\OpenClawNet.Gateway\Endpoints\ChatStreamEndpoints.cs:line 134&#xD;
fail: Program[0]&#xD;
      Unexpected error during chat stream&#xD;
      System.InvalidOperationException: Something broke&#xD;
         at OpenClawNet.UnitTests.Gateway.ChatStreamEndpointTests.ThrowAfterYield[T](Exception ex, CancellationToken ct)+MoveNext() in C:\src\openclawnet-plan\tests\OpenClawNet.UnitTests\Gateway\ChatStreamEndpointTests.cs:line 334&#xD;
         at OpenClawNet.UnitTests.Gateway.ChatStreamEndpointTests.ThrowAfterYield[T](Exception ex, CancellationToken ct)+System.Threading.Tasks.Sources.IValueTaskSource&lt;System.Boolean&gt;.GetResult()&#xD;
         at OpenClawNet.Gateway.Endpoints.ChatStreamEndpoints.StreamViaOrchestratorAsync(AgentRequest agentRequest, IAgentOrchestrator orchestrator, Guid sessionId, HttpContext httpContext, ILogger logger, CancellationToken cancellationToken) in C:\src\openclawnet-plan\src\OpenClawNet.Gateway\Endpoints\ChatStreamEndpoints.cs:line 134&#xD;
         at OpenClawNet.Gateway.Endpoints.ChatStreamEndpoints.StreamViaOrchestratorAsync(AgentRequest agentRequest, IAgentOrchestrator orchestrator, Guid sessionId, HttpContext httpContext, ILogger logger, CancellationToken cancellationToken) in C:\src\openclawnet-plan\src\OpenClawNet.Gateway\Endpoints\ChatStreamEndpoints.cs:line 134&#xD;
[xUnit.net 00:00:01.77]       Windows uses DPAPI; non-Windows fallback only.&#xD;
Test 'OpenClawNet.UnitTests.Mcp.DpapiSecretStoreTests.Protect_PassesThrough_OnNonWindows' was skipped in the test run.&#xD;
info: Microsoft.Hosting.Lifetime[0]&#xD;
      Application is shutting down...&#xD;
info: Microsoft.Hosting.Lifetime[14]&#xD;
      Now listening on: http://localhost:15998&#xD;
info: Microsoft.Hosting.Lifetime[0]&#xD;
      Application started. Press Ctrl+C to shut down.&#xD;
info: Microsoft.Hosting.Lifetime[0]&#xD;
      Hosting environment: Production&#xD;
info: Microsoft.Hosting.Lifetime[0]&#xD;
      Content root path: C:\src\openclawnet-plan\tests\OpenClawNet.UnitTests\bin\Debug\net10.0&#xD;
info: Microsoft.Hosting.Lifetime[0]&#xD;
      Application is shutting down...&#xD;
info: Microsoft.Hosting.Lifetime[14]&#xD;
      Now listening on: http://localhost:15991&#xD;
info: Microsoft.Hosting.Lifetime[0]&#xD;
      Application started. Press Ctrl+C to shut down.&#xD;
info: Microsoft.Hosting.Lifetime[0]&#xD;
      Hosting environment: Production&#xD;
info: Microsoft.Hosting.Lifetime[0]&#xD;
      Content root path: C:\src\openclawnet-plan\tests\OpenClawNet.UnitTests\bin\Debug\net10.0&#xD;
info: OpenClawNet.Gateway.Services.JobExecutor[0]&#xD;
      Using RuntimeModelSettings (Provider: ollama, Model: llama3.2:3b)&#xD;
info: OpenClawNet.Gateway.Services.JobExecutor[0]&#xD;
      Executing job afd3083b-6624-4fb6-90f2-db5181ce7dd6 (Profile: default, DryRun: False)&#xD;
info: OpenClawNet.Gateway.Services.JobExecutor[0]&#xD;
      Job afd3083b-6624-4fb6-90f2-db5181ce7dd6 executed successfully in 1.2963ms (Tokens: 15)&#xD;
info: Microsoft.Hosting.Lifetime[0]&#xD;
      Application is shutting down...&#xD;
info: Microsoft.Hosting.Lifetime[14]&#xD;
      Now listening on: http://localhost:15998&#xD;
info: Microsoft.Hosting.Lifetime[0]&#xD;
      Application started. Press Ctrl+C to shut down.&#xD;
info: Microsoft.Hosting.Lifetime[0]&#xD;
      Hosting environment: Production&#xD;
info: Microsoft.Hosting.Lifetime[0]&#xD;
      Content root path: C:\src\openclawnet-plan\tests\OpenClawNet.UnitTests\bin\Debug\net10.0&#xD;
info: Microsoft.Hosting.Lifetime[0]&#xD;
      Application is shutting down...&#xD;
info: Microsoft.Hosting.Lifetime[14]&#xD;
      Now listening on: http://localhost:15990&#xD;
info: Microsoft.Hosting.Lifetime[0]&#xD;
      Application started. Press Ctrl+C to shut down.&#xD;
info: Microsoft.Hosting.Lifetime[0]&#xD;
      Hosting environment: Production&#xD;
info: Microsoft.Hosting.Lifetime[0]&#xD;
      Content root path: C:\src\openclawnet-plan\tests\OpenClawNet.UnitTests\bin\Debug\net10.0&#xD;
info: Microsoft.Hosting.Lifetime[0]&#xD;
      Application is shutting down...&#xD;
info: Microsoft.Hosting.Lifetime[0]&#xD;
      Application is shutting down...&#xD;
info: Microsoft.Hosting.Lifetime[14]&#xD;
      Now listening on: http://localhost:15994&#xD;
info: Microsoft.Hosting.Lifetime[0]&#xD;
      Application started. Press Ctrl+C to shut down.&#xD;
info: Microsoft.Hosting.Lifetime[0]&#xD;
      Hosting environment: Production&#xD;
info: Microsoft.Hosting.Lifetime[0]&#xD;
      Content root path: C:\src\openclawnet-plan\tests\OpenClawNet.UnitTests\bin\Debug\net10.0&#xD;
info: Microsoft.Hosting.Lifetime[14]&#xD;
      Now listening on: http://localhost:15998&#xD;
info: Microsoft.Hosting.Lifetime[0]&#xD;
      Application started. Press Ctrl+C to shut down.&#xD;
info: Microsoft.Hosting.Lifetime[0]&#xD;
      Hosting environment: Production&#xD;
info: Microsoft.Hosting.Lifetime[0]&#xD;
      Content root path: C:\src\openclawnet-plan\tests\OpenClawNet.UnitTests\bin\Debug\net10.0&#xD;
info: Microsoft.Hosting.Lifetime[0]&#xD;
      Application is shutting down...&#xD;
info: Microsoft.Hosting.Lifetime[0]&#xD;
      Application is shutting down...&#xD;
info: Microsoft.Hosting.Lifetime[14]&#xD;
      Now listening on: http://localhost:15998&#xD;
info: Microsoft.Hosting.Lifetime[0]&#xD;
      Application started. Press Ctrl+C to shut down.&#xD;
info: Microsoft.Hosting.Lifetime[0]&#xD;
      Hosting environment: Production&#xD;
info: Microsoft.Hosting.Lifetime[0]&#xD;
      Content root path: C:\src\openclawnet-plan\tests\OpenClawNet.UnitTests\bin\Debug\net10.0&#xD;
info: Microsoft.Hosting.Lifetime[14]&#xD;
      Now listening on: http://localhost:15993&#xD;
info: Microsoft.Hosting.Lifetime[0]&#xD;
      Application started. Press Ctrl+C to shut down.&#xD;
info: Microsoft.Hosting.Lifetime[0]&#xD;
      Hosting environment: Production&#xD;
info: Microsoft.Hosting.Lifetime[0]&#xD;
      Content root path: C:\src\openclawnet-plan\tests\OpenClawNet.UnitTests\bin\Debug\net10.0&#xD;
info: Microsoft.Hosting.Lifetime[0]&#xD;
      Application is shutting down...&#xD;
info: Microsoft.Hosting.Lifetime[0]&#xD;
      Application is shutting down...&#xD;
info: Microsoft.Hosting.Lifetime[14]&#xD;
      Now listening on: http://localhost:15994&#xD;
info: Microsoft.Hosting.Lifetime[0]&#xD;
      Application started. Press Ctrl+C to shut down.&#xD;
info: Microsoft.Hosting.Lifetime[0]&#xD;
      Hosting environment: Production&#xD;
info: Microsoft.Hosting.Lifetime[0]&#xD;
      Content root path: C:\src\openclawnet-plan\tests\OpenClawNet.UnitTests\bin\Debug\net10.0&#xD;
info: Microsoft.Hosting.Lifetime[14]&#xD;
      Now listening on: http://localhost:15998&#xD;
info: Microsoft.Hosting.Lifetime[0]&#xD;
      Application started. Press Ctrl+C to shut down.&#xD;
info: Microsoft.Hosting.Lifetime[0]&#xD;
      Hosting environment: Production&#xD;
info: Microsoft.Hosting.Lifetime[0]&#xD;
      Content root path: C:\src\openclawnet-plan\tests\OpenClawNet.UnitTests\bin\Debug\net10.0&#xD;
info: Microsoft.Hosting.Lifetime[0]&#xD;
      Application is shutting down...&#xD;
info: Microsoft.Hosting.Lifetime[14]&#xD;
      Now listening on: http://localhost:15993&#xD;
info: Microsoft.Hosting.Lifetime[0]&#xD;
      Application started. Press Ctrl+C to shut down.&#xD;
info: Microsoft.Hosting.Lifetime[0]&#xD;
      Hosting environment: Production&#xD;
info: Microsoft.Hosting.Lifetime[0]&#xD;
      Content root path: C:\src\openclawnet-plan\tests\OpenClawNet.UnitTests\bin\Debug\net10.0&#xD;
info: OpenClawNet.Gateway.Services.JobExecutor[0]&#xD;
      Using RuntimeModelSettings (Provider: ollama, Model: llama3.2:3b)&#xD;
info: OpenClawNet.Gateway.Services.JobExecutor[0]&#xD;
      Executing job 7f5c91e5-8881-41a5-8d93-83d8eb2c964b (Profile: default, DryRun: True)&#xD;
info: OpenClawNet.Gateway.Services.JobExecutor[0]&#xD;
      Job 7f5c91e5-8881-41a5-8d93-83d8eb2c964b executed successfully in 0.1456ms (Tokens: 15)&#xD;
info: Microsoft.Hosting.Lifetime[0]&#xD;
      Application is shutting down...&#xD;
info: Microsoft.Hosting.Lifetime[14]&#xD;
      Now listening on: http://localhost:15998&#xD;
info: Microsoft.Hosting.Lifetime[0]&#xD;
      Application started. Press Ctrl+C to shut down.&#xD;
info: Microsoft.Hosting.Lifetime[0]&#xD;
      Hosting environment: Production&#xD;
info: Microsoft.Hosting.Lifetime[0]&#xD;
      Content root path: C:\src\openclawnet-plan\tests\OpenClawNet.UnitTests\bin\Debug\net10.0&#xD;
info: Microsoft.Hosting.Lifetime[0]&#xD;
      Application is shutting down...&#xD;
info: Microsoft.Hosting.Lifetime[14]&#xD;
      Now listening on: http://localhost:15990&#xD;
info: Microsoft.Hosting.Lifetime[0]&#xD;
      Application started. Press Ctrl+C to shut down.&#xD;
info: Microsoft.Hosting.Lifetime[0]&#xD;
      Hosting environment: Production&#xD;
info: Microsoft.Hosting.Lifetime[0]&#xD;
      Content root path: C:\src\openclawnet-plan\tests\OpenClawNet.UnitTests\bin\Debug\net10.0&#xD;
info: OpenClawNet.Gateway.Services.JobExecutor[0]&#xD;
      Using RuntimeModelSettings (Provider: ollama, Model: llama3.2:3b)&#xD;
info: OpenClawNet.Gateway.Services.JobExecutor[0]&#xD;
      Executing job b84d5fbe-ec82-4329-9f58-284ffe34318d (Profile: default, DryRun: False)&#xD;
info: OpenClawNet.Gateway.Services.JobExecutor[0]&#xD;
      Job b84d5fbe-ec82-4329-9f58-284ffe34318d executed successfully in 0.7514ms (Tokens: 15)&#xD;
info: OpenClawNet.Gateway.Services.JobExecutor[0]&#xD;
      Using RuntimeModelSettings (Provider: ollama, Model: llama3.2:3b)&#xD;
info: OpenClawNet.Gateway.Services.JobExecutor[0]&#xD;
      Executing job b84d5fbe-ec82-4329-9f58-284ffe34318d (Profile: default, DryRun: False)&#xD;
info: OpenClawNet.Gateway.Services.JobExecutor[0]&#xD;
      Job b84d5fbe-ec82-4329-9f58-284ffe34318d executed successfully in 0.8654ms (Tokens: 15)&#xD;
info: OpenClawNet.Gateway.Services.JobExecutor[0]&#xD;
      Using RuntimeModelSettings (Provider: ollama, Model: llama3.2:3b)&#xD;
info: OpenClawNet.Gateway.Services.JobExecutor[0]&#xD;
      Executing job b84d5fbe-ec82-4329-9f58-284ffe34318d (Profile: default, DryRun: False)&#xD;
info: OpenClawNet.Gateway.Services.JobExecutor[0]&#xD;
      Job b84d5fbe-ec82-4329-9f58-284ffe34318d executed successfully in 0.4587ms (Tokens: 15)&#xD;
info: Microsoft.Hosting.Lifetime[0]&#xD;
      Application is shutting down...&#xD;
info: Microsoft.Hosting.Lifetime[14]&#xD;
      Now listening on: http://localhost:15998&#xD;
info: Microsoft.Hosting.Lifetime[0]&#xD;
      Application started. Press Ctrl+C to shut down.&#xD;
info: Microsoft.Hosting.Lifetime[0]&#xD;
      Hosting environment: Production&#xD;
info: Microsoft.Hosting.Lifetime[0]&#xD;
      Content root path: C:\src\openclawnet-plan\tests\OpenClawNet.UnitTests\bin\Debug\net10.0&#xD;
info: Microsoft.Hosting.Lifetime[0]&#xD;
      Application is shutting down...&#xD;
info: OpenClawNet.Gateway.Services.JobExecutor[0]&#xD;
      Using RuntimeModelSettings (Provider: ollama, Model: llama3.2:3b)&#xD;
info: OpenClawNet.Gateway.Services.JobExecutor[0]&#xD;
      Executing job 573507e8-62e4-446f-90fa-21750153b064 (Profile: default, DryRun: False)&#xD;
info: OpenClawNet.Gateway.Services.JobExecutor[0]&#xD;
      Job 573507e8-62e4-446f-90fa-21750153b064 executed successfully in 0.6421ms (Tokens: 15)&#xD;
info: Microsoft.Hosting.Lifetime[0]&#xD;
      Application is shutting down...&#xD;
[xUnit.net 00:00:07.47]   Finished:    OpenClawNet.UnitTests&#xD;
</StdOut>
    </Output>
    <RunInfos>
      <RunInfo computerName="CPC-bruno-U7R9O" outcome="Warning" timestamp="2026-04-23T07:06:13.4474631-04:00">
        <Text>[xUnit.net 00:00:01.77]     OpenClawNet.UnitTests.Mcp.DpapiSecretStoreTests.Protect_PassesThrough_OnNonWindows [SKIP]</Text>
      </RunInfo>
    </RunInfos>
  </ResultSummary>
</TestRun>